['48', '17', '107', '341', '345', '73', '30', '31', '296', '281', '228', '116', '284', '22', '183', '76', '137', '292', '188', '224', '84', '314', '244', '356', '254', '252', '354', '104', '98', '332', '72', '63', '113', '96', '256', '139', '33', '331', '355', '91', '272', '197', '21', '259', '187', '87', '223', '264', '209', '170', '125', '317', '330', '121', '340']
['179', '32', '207', '105', '351', '177', '173', '11', '226', '142', '151', '297', '71', '175', '320', '302', '43', '14', '349', '283', '342', '155', '118', '67', '60', '44', '236', '346', '318', '280', '359', '41', '333', '127', '146', '321', '288', '329', '305', '90', '312', '61', '101', '241', '250', '257', '169', '232', '353', '126', '316', '206', '13', '213', '82']
['65', '258', '263', '180', '19', '360', '255', '128']
['294', '304', '15', '8', '193', '301', '99', '7', '70', '189', '194', '326', '109', '131', '141', '215', '160', '237', '149', '247', '199', '106', '134', '57', '120', '86', '249', '138', '339', '58', '74', '181', '269', '119', '53', '231', '308', '300', '315', '219', '52', '89', '28', '103', '75', '290', '268', '94', '265', '234', '328', '229', '156', '176', '42']
['248', '235', '92', '80', '10', '216', '352', '240', '124', '286', '2', '3', '166', '282', '289', '239', '277', '95', '348', '162', '358']
['323']
['59', '191', '337', '311', '148', '200', '34', '273', '161', '117', '23', '278', '344', '201', '68', '274', '192', '295', '319', '251', '203', '350', '243', '46', '211', '270', '238', '50', '167', '152', '327', '24', '299', '271', '221', '309', '303', '310', '136', '275', '164', '38', '357', '208', '112', '123', '25', '140', '5', '36', '334', '361', '195', '102', '62']
['307']
['143', '64', '279', '51', '306', '55', '178', '313', '66', '145', '298', '171', '1', '174', '210', '324', '343', '182', '54', '27', '150', '110', '12', '253', '186', '285', '325', '214', '40', '198', '168', '220', '293', '35', '261', '132', '81', '335', '4', '225', '336', '144', '0', '276', '212', '154', '97', '184', '227', '114', '230', '85', '222', '93', '122']
['338']
['347']
['196']
['69', '16', '159', '45', '233']
['147', '218', '83', '260', '79', '163', '157', '100', '246', '88', '158', '9', '135', '108', '130', '39', '204']
['129']
['262', '267']
['287']
['245']
['20', '291', '47', '190', '153', '202', '362', '111', '242', '78', '26', '217', '185', '165', '172', '18', '266', '49', '322', '37', '205', '29', '6']
['363']
['56']
['115']
['133']
['77']
