['441', '253', '434', '378', '58', '440', '433', '12', '51', '209', '238', '265', '298', '396', '347', '351', '147', '358', '131', '41', '497', '0', '495', '35', '142', '14', '54', '422', '113']
['344', '498', '8', '234', '186', '464', '336', '339', '370', '79', '154', '217', '414', '438', '280', '436', '423', '491', '123', '319', '468', '288', '5', '231', '427', '106']
['137', '372', '211', '387', '478', '117', '43', '394', '148', '182', '425', '61', '92', '89', '230', '240', '57', '486', '30', '63', '451', '406', '443', '432', '156', '300', '125', '390', '407', '126', '279', '225', '255', '302', '327']
['128', '306', '418', '48', '270', '134', '469', '400', '36', '292', '98', '84', '324', '198', '171', '146', '272', '91', '424', '393', '243', '318', '256']
['262']
['465', '71', '250', '1', '291', '473', '398', '7', '274', '343', '285', '470', '282', '307', '17', '252', '331', '309', '99', '482', '416', '227', '276', '376', '391', '77', '44', '275', '373', '124', '419', '355', '329', '429', '289', '82', '103', '236', '143', '224', '96', '11', '189', '151', '174', '381', '403', '379', '220', '258', '239', '395', '158', '261', '278', '345', '208']
['321', '185', '304', '205', '402', '246', '159', '175', '108', '412', '299', '67', '448', '463', '303', '78', '187', '310', '118']
['490', '38', '431', '229', '49', '132', '4', '152', '55', '70', '13', '352', '301', '173', '287', '257', '330', '34', '267']
['221', '56', '3', '226', '322', '218', '200', '201', '268', '95', '354', '145', '102', '404', '62', '296', '368', '471', '474']
['313']
['133', '45', '105', '383', '180', '149', '69', '382', '80', '342', '20', '356', '136', '194', '237', '377', '97', '104']
['169', '33', '308', '363', '297', '294', '37', '183', '375', '170', '316', '428', '75', '50', '26', '203', '101']
['457', '420', '121', '153', '86', '195', '447', '197', '450', '341', '385', '110', '66', '295', '323', '411']
['59', '338', '90', '480', '248', '374', '359', '421', '199', '458', '72', '32', '430', '6']
['479', '235', '499', '188', '242', '29', '19', '388', '348', '325', '40', '122', '311', '214', '167']
['135', '94', '22', '366', '484', '305', '335', '219', '452', '405', '233', '361', '47', '249']
['277']
['141', '53', '73', '65', '487', '127', '85', '454', '81', '138', '181', '328', '435', '483']
['281', '21', '449', '263', '52', '115', '399', '353', '2', '461', '477', '164', '459', '365']
['190', '371', '397', '216', '76', '446', '93', '222', '228', '415', '223', '337', '290', '467']
['119']
['326', '15', '320', '485', '172', '315', '439', '31', '492', '215', '111', '179', '386']
['332', '161', '312', '24', '109', '488', '74', '260', '87', '192', '409', '362', '442']
['426', '176', '445', '462', '160', '264', '139', '212', '254', '163', '202', '271']
['293', '392', '140', '25', '408', '494', '456', '496', '39', '162', '401', '241', '417', '489', '346', '210', '168', '360', '46', '466', '16', '333', '88', '144', '493', '349', '213', '120', '476', '444']
['150', '178', '481', '369', '350', '204', '384', '42', '83', '9', '273', '27']
['389', '100', '10', '460', '472', '453', '266', '284', '23', '410', '475', '207']
['283', '177', '155', '166', '114', '413', '157', '334', '357', '286', '244']
['130', '251', '112', '107', '245', '340', '191', '367', '259', '165', '232']
['437', '60', '380', '64', '68', '196', '18', '364', '28', '184', '247']
['206', '193', '269', '455', '317', '116', '129', '314']
