['aac', 'aaq', 'aar', 'aau', 'aaz', 'abb', 'abe', 'abh', 'abi', 'abk', 'abl', 'afz', 'aig', 'aiq', 'aof', 'aok', 'aon', 'aow', 'aoy', 'ape', 'apx', 'apy', 'aqd', 'aqf', 'aqg', 'aqi', 'aqj', 'acq', 'adj', 'aev', 'aga', 'agj', 'ahc', 'ahj', 'ahk', 'aom', 'aaw', 'abq']
['asa', 'abo', 'abp', 'abw', 'aca', 'acc', 'ace', 'acf', 'acg', 'ach', 'acj', 'ack', 'acl', 'acm', 'aco', 'acp', 'acr', 'act', 'acu', 'acv', 'acw', 'acx', 'afa', 'afc', 'afh', 'afi', 'afj', 'afk', 'acd', 'ade', 'adg', 'afo', 'afq', 'afw', 'agb', 'abt', 'acy', 'agc']
['adt', 'ada', 'adb', 'adc', 'adh', 'adi', 'adk', 'adn', 'ado', 'adq', 'adv', 'adz', 'aec', 'aee', 'aef', 'aeh', 'aej', 'ael', 'aem', 'aeo', 'adr', 'ads', 'aeq', 'aet', 'aeu', 'adl', 'adm', 'aeb', 'aed', 'aek', 'aen', 'aey', 'afd', 'aff', 'afl', 'acz', 'aei', 'aep']
['aew', 'afe', 'aft', 'afu', 'afx', 'agd', 'age', 'abr', 'agu', 'agv', 'ahe', 'aij', 'aim', 'aip', 'ais', 'aiw', 'ajf', 'ajl', 'aju', 'ajv', 'aez', 'afg', 'afn', 'afs', 'agg', 'agh', 'agk', 'agz', 'ajt', 'akg', 'akj', 'aks', 'akt', 'akx', 'ale', 'ahd', 'ajj', 'ajr']
['agl', 'agm', 'agn', 'agp', 'agq', 'agr', 'ags', 'agw', 'agy', 'aha', 'ahb', 'ahh', 'ahp', 'ahq', 'ahr', 'ahs', 'aht', 'ahu', 'ahv', 'ahn', 'ahx', 'ahy', 'ahz', 'aia', 'aic', 'aie', 'aif', 'aih', 'agx', 'aiv', 'ajb', 'ajn', 'ajp', 'ain', 'akb', 'akc', 'akm', 'akv']
['aid', 'aii', 'aik', 'ail', 'air', 'alr', 'ame', 'apq', 'aps', 'aqe', 'aqm', 'arx', 'asf', 'asi', 'ast', 'abj', 'abn', 'abs', 'abv', 'abx', 'add', 'adp', 'adu', 'adw', 'adx', 'ady', 'aea', 'ajc', 'aji', 'ajs', 'apt', 'aqh', 'aby', 'abz', 'aja', 'akk', 'akw', 'apu']
['apk', 'akd', 'ake', 'akf', 'ako', 'akp', 'akq', 'akr', 'aku', 'aky', 'ala', 'akh', 'akl', 'alb', 'alj', 'all', 'amm', 'and', 'ank', 'anu', 'aoj', 'aor', 'aox', 'aoz', 'apa', 'apc', 'apd', 'apg', 'aph', 'apj', 'apl', 'app', 'ald', 'alf', 'amb', 'apr', 'akn', 'apm']
['ali', 'alk', 'alm', 'alo', 'als', 'alw', 'alx', 'alz', 'ama', 'amd', 'amg', 'amh', 'ami', 'amj', 'amk', 'aml', 'amn', 'amp', 'aer', 'amr', 'amt', 'amw', 'amx', 'amy', 'amz', 'ana', 'anb', 'alh', 'alq', 'aly', 'anm', 'ano', 'amf', 'aov', 'arf', 'arj', 'ark', 'arl']
['afy', 'amq', 'ams', 'amu', 'amv', 'anc', 'ane', 'anf', 'ang', 'anh', 'ani', 'anj', 'anl', 'ann', 'anp', 'anq', 'anr', 'ans', 'ant', 'anv', 'anw', 'anx', 'any', 'aoa', 'aob', 'aoc', 'aoe', 'aoi', 'aol', 'aoq', 'aos', 'aot', 'aou', 'aod', 'aog', 'apf', 'api', 'apn']
['ahw']
['aqn', 'apv', 'apz', 'aqa', 'aqk', 'aql', 'aqp', 'aqq', 'aqs', 'aqu', 'aqv', 'aqw', 'aqx', 'aqy', 'aqz', 'ara', 'are', 'aqo', 'arm', 'aro', 'aqc', 'aqt', 'arc', 'arg', 'ase', 'asz', 'atf', 'aaa', 'aab', 'aaf', 'aai', 'aak', 'ard', 'arh', 'arp', 'art', 'arw', 'asj']
['arn', 'arq', 'aru', 'ary', 'arz', 'asc', 'asg', 'ash', 'asl', 'asn', 'aso', 'asp', 'asq', 'asr', 'ass', 'asw', 'asx', 'asy', 'arr', 'ars', 'ask', 'asm', 'aam', 'aao', 'aat', 'aav', 'aax', 'aay', 'aba', 'abc', 'abd', 'ata', 'atc', 'aad', 'alc', 'asd', 'aas', 'abf']
['amc', 'atd', 'ate', 'aah', 'aal', 'aan', 'abu', 'acb', 'aci', 'agf', 'ago', 'ahg', 'ahl', 'ahm', 'aib', 'aio', 'aiu', 'aix', 'aiy', 'aje', 'ajh', 'ajk', 'ajo', 'ajw', 'ajx', 'afp', 'ajg', 'aae', 'aag', 'aaj', 'aap', 'ait', 'ajm', 'alg', 'aln', 'alp', 'alt', 'alu']
['asb']
['ajz']
['aex']
['arv']
['alv']
['acn']
['ajy']
['akz']
['aka']
['arb']
['atb']
['afm', 'aoo', 'acs', 'adf', 'aiz', 'aki', 'aop']
['aqr']
['apw']
['ari']
['abm']
['aho']
['abg']
['asv']
['afr']
['agi']
['agt']
['aeg']
['anz']
['afb']
['asu']
['amo']
['apb']
['aes']
['ahf']
['ahi']
['apo']
['aoh']
['ajq']
['ajd']
['aqb']
['afv']
