['138', '7', '41', '86', '96', '111', '157', '159', '173', '217']
['68', '162', '212', '234', '255', '67', '92', '127']
['79', '4', '163', '222', '223', '231', '244', '254', '140', '207']
['42', '91', '203', '228', '50', '66', '97', '247', '248', '259']
['15', '152', '161', '164', '196', '204', '213', '219', '226', '75']
['44', '39', '65', '49', '115', '118', '174', '193', '218', '93']
['154', '189', '195', '94', '170']
['112', '2', '38', '23', '90', '125', '167', '191', '198', '216']
['209', '48']
['235']
['224']
['257', '229', '233', '26', '242', '1']
['251', '252']
['262', '269', '187', '265', '83', '146', '20', '43', '69']
['263', '264', '59', '60', '62', '250']
['24', '122', '147', '238', '95', '197']
['73', '29', '61', '71', '129', '72', '210', '8']
['144', '246', '268', '6', '16', '31', '120', '190', '230', '186']
['175', '132', '165', '202', '205', '206', '214', '84']
['199', '51', '113', '150', '249', '57', '106']
['11', '101', '47']
['0', '179', '241']
['194', '258', '135']
['77', '28', '45', '98', '123', '40', '46', '80', '130', '168']
['78', '10', '17', '256']
['260', '128']
['107', '103', '119', '126', '110', '227', '109', '201', '169']
['139']
['54']
['160', '185', '245', '200', '13', '232']
['176']
['178', '9', '236']
['183', '3']
['5', '88', '151', '143', '145', '211']
['58']
['63']
['121']
['149']
['108']
['76', '85', '89']
['116']
['171', '21', '52', '225']
['102', '105']
['261']
['239', '70', '124', '137', '141', '142', '114', '243', '267', '74']
['240', '33', '34', '237', '208', '221']
['155']
['253']
['266']
['81', '87']
['14', '104']
['18']
['12']
['22']
['188']
['32']
['35', '25']
['64']
['117']
['184']
['53', '134', '30', '82', '19']
['55', '56']
['220']
['37']
['99']
['100']
['131']
['133']
['136']
['27']
['156']
['148']
['153', '215']
['158']
['166']
['172', '36']
['177']
['180']
['181']
['182']
['192']
