['100', '104', '105', '110', '117', '128', '69', '149', '165', '173', '207', '249', '356', '70', '77', '109', '139', '282', '314', '332']
['42', '133', '136', '137', '141', '142', '145', '146', '151', '154', '197', '199', '228', '194', '261', '10', '17', '24', '56', '170']
['74', '51', '55', '62', '88', '162', '278', '295', '306', '357', '372', '75', '85', '175', '219', '171', '3', '16', '147', '222']
['86', '12', '32', '34', '49', '44', '114', '193', '208', '226', '243', '251', '253', '263', '326', '371', '198', '323', '397', '317']
['355', '362', '364', '369', '375', '377', '379', '84', '383', '273', '191', '367', '177']
['134', '312', '315', '331', '346', '350', '351', '354', '358', '363', '41', '57', '79', '187', '216', '233', '38', '63', '329', '352']
['166', '92', '11']
['172', '272', '389']
['394', '45', '196', '269', '277', '296', '339', '384', '140', '188', '202', '297', '46', '381']
['20', '54', '93', '244', '283', '294', '325', '330', '43', '89', '103', '144', '229', '15', '161', '183', '190']
['201', '206', '353', '359', '39', '235', '231', '286']
['215', '385', '386', '387', '393', '398', '13', '19', '52', '58', '67', '94', '98', '320', '25', '129', '135', '102']
['348']
['164']
['184']
['4', '217', '221', '230', '232', '234', '240', '185', '210', '276', '288', '290', '298', '302', '50', '143', '340', '169', '238', '368']
['370']
['78']
['83']
['264']
['28']
['305']
['33']
['101']
['96']
['178']
['287', '319']
['213']
['245']
['327']
['91']
['280']
['382']
['26']
['30']
['0']
['120']
['220']
['195']
['227']
['2']
['113']
['254']
['304']
['324']
['333']
['341']
['366']
['373']
['205']
['130']
['29']
['87', '99', '248', '260', '299', '301', '307', '285', '360', '106', '122', '211', '225', '224', '266', '396', '82']
['116']
['126']
['158']
['182']
['214']
['246']
['271']
['274']
['279']
['284']
['218']
['66']
['336']
['338']
['349']
['390']
['7']
['59']
['73']
['81']
['95']
['107']
['121']
['152']
['155']
['156']
['157']
['174']
['189']
['209']
['241']
['256']
['258']
['281']
['293']
['300']
['303']
['335']
['376']
['388']
['392']
['6']
['9']
['27']
['36']
['37']
['65']
['108']
['97']
['124']
['131']
['138']
['150']
['153']
['163']
['181']
['119']
['236']
['239']
['265']
['311']
['328']
['342']
['344']
['347']
['361']
['399']
['5']
['18']
['48']
['334']
['60']
['64']
['72']
['76']
['343']
['80']
['127']
['132']
['176']
['179']
['200']
['204']
['212']
['237']
['242']
['252']
['257']
['259']
['262']
['267']
['268']
['289']
['291']
['35']
['309']
['310']
['321']
['345']
['365']
['374']
['380']
['395']
['308']
['8']
['21']
['23']
['31']
['40']
['47']
['61']
['71']
['90']
['111']
['112']
['125']
['337']
['148']
['159']
['160']
['180']
['186']
['192']
['203']
['223']
['247']
['250']
['255']
['270']
['275']
['313']
['316']
['318']
['322']
['378']
['391']
['1']
['14']
['22']
['53']
['292']
['68']
['115']
['118']
['123']
['167']
['168']
