['100', '1', '2', '3', '4', '5', '6', '7', '8', '9', '10', '11', '12', '15', '16', '17', '18', '19', '127', '13']
['23', '24', '25', '26', '27', '28', '29', '30', '31', '32', '33', '34', '35', '36', '37', '38', '47', '48', '49', '76']
['39', '40', '41', '42', '43', '44', '45', '46', '51', '52', '53', '54', '55', '56', '57', '50', '92', '93', '91', '14']
['58', '59', '60', '61', '62', '63', '64', '65', '66', '67', '68', '69', '70', '71', '72', '73', '74', '75', '20', '85']
['77', '78', '79', '80', '81', '82', '83', '84', '86', '87', '88', '89', '90', '94', '95', '96', '97', '98', '99', '21']
['104', '119', '120', '121', '122', '123', '125', '126', '128', '129', '130', '131', '101', '102', '103', '108', '188', '189', '132', '151']
['105', '134', '135', '136', '137', '138', '139', '140', '141', '142', '143', '144', '145', '146', '147', '148', '149', '150', '152', '187']
['106', '153', '154', '155', '156', '157', '158', '159', '160', '161', '162', '163', '164', '165', '166', '167', '168', '169', '170', '186']
['107', '172', '173', '174', '175', '176', '177', '178', '179', '180', '181', '182', '183', '184', '185', '190', '191', '192', '194', '195']
['203', '204', '205', '206', '207', '209', '210', '236', '273', '274', '275', '276', '277', '278', '279', '208', '217', '222', '272', '280']
['211', '212', '213', '214', '215', '216', '218', '219', '220', '221', '223', '224', '225', '226', '227', '228', '229', '200', '250', '251']
['230', '231', '232', '233', '234', '235', '237', '238', '239', '240', '241', '242', '243', '244', '245', '246', '247', '248', '201', '249']
['252', '253', '254', '255', '257', '258', '259', '260', '261', '262', '263', '264', '265', '266', '267', '268', '269', '270', '271', '202']
['281', '282', '283', '284']
['113', '287', '288', '289', '110', '111', '112', '115', '109', '116', '117', '118', '124', '171', '196', '197', '198', '199', '285', '286']
['300']
['256', '291', '290']
['292', '293', '294', '295', '296', '297', '298', '299', '193', '133']
['22']
['114']
