['334', '95', '145', '371', '236', '456', '90', '131', '63', '102', '459', '218', '28', '476', '125']
['296', '265', '223', '181']
['342', '372', '386', '44', '80', '251', '12', '278', '428', '20', '212', '322', '138', '139', '157', '244', '325', '255', '472', '103']
['377', '7', '178', '363', '185', '158', '211', '441', '42', '246', '433', '188', '415', '430', '177', '111', '50']
['477', '302', '1', '290', '418', '191', '48', '280', '469', '367', '97']
['349', '383', '115', '164', '321', '464', '207', '105', '369']
['365', '74', '303', '183']
['87']
['249']
['94', '364', '275', '99', '18', '33', '449', '151', '106', '100', '37', '235']
['314']
['167', '197']
['426', '357']
['65', '73', '163']
['231', '186', '86', '155', '293', '336', '52', '98', '438']
['173', '455', '221', '264', '205', '326', '78']
['31']
['64', '67', '34', '2', '252', '213', '499', '444']
['452']
['450', '22']
['200', '311', '424', '72', '104', '359', '381', '451', '135', '319', '208', '204', '294', '76', '468', '226']
['242', '201', '355', '388', '152', '490', '260']
['380', '471', '247', '332', '266', '309', '147', '11', '483', '136']
['423', '193', '379', '407', '420', '454', '199', '285', '320', '394', '140', '331']
['190', '66', '289', '29', '112', '287', '16', '118']
['3']
['56', '360', '373', '41', '301', '348', '390', '171', '362', '89', '39']
['154', '83']
['347', '134', '414', '254', '68', '317', '239', '361', '202', '276', '333', '143', '393']
['310']
['57', '165', '397', '384']
['436', '374', '439', '392', '419', '487', '442', '467', '465', '457', '286', '10', '485']
['346', '93', '38', '71', '230', '279']
['460', '448', '82', '493']
['153', '274', '343', '259', '126', '91', '196']
['4', '307', '21', '461', '491', '220', '142', '324', '422', '258', '313', '356', '60', '405', '209', '432', '172', '85', '338', '161']
['13', '23', '9', '488']
['375']
['345']
['284']
['262', '243', '146', '32']
['101']
['411']
['315']
['194', '404', '282', '159', '49', '351']
['195', '409', '180']
['283', '268', '257', '473', '198']
['219', '481', '470', '402', '215', '401', '25']
['5', '489', '447', '129', '497']
['391', '273', '26', '245', '370', '400', '462', '288', '15', '43', '120', '413', '81', '440', '113', '389', '256']
['61']
['335']
['69', '70', '121', '184', '412', '500', '495', '429', '116', '144', '47', '298', '295']
['435', '425']
['124', '156', '308', '480', '248']
['79', '108', '35', '77', '51', '27', '222', '160', '88', '227', '340']
['46']
['253', '17']
['475']
['417', '368', '96', '250', '272']
['233', '410', '58', '494', '358', '24', '385', '168', '224', '305', '434', '14', '328', '170', '344', '458']
['53']
['354', '36']
['189', '299', '54', '149', '337', '123', '323', '352']
['396']
['366', '59']
['192']
['137']
['92']
['312']
['203']
['225', '228', '496', '30']
['291']
['339', '267']
['45']
['169']
['416']
['232', '114', '297']
['117']
['141']
['182', '318', '406']
['162', '463', '237', '107', '316', '306']
['217', '341', '133', '210', '399', '127', '427']
['148', '292', '122', '498', '263', '387', '376']
['216']
['479', '453', '130', '214', '421', '329', '330', '234', '466', '229', '175', '443', '382', '241', '277', '378', '119']
['206']
['179', '403']
['6', '304']
['431']
['492', '110', '128', '62']
['353', '486', '84', '437']
['176']
['40']
['132']
['269', '187', '150']
['300']
['350']
['271', '261', '408', '109', '478', '445', '395', '446', '270', '174', '240', '398', '474', '281', '75', '484', '19', '8']
['482', '55', '166', '238', '327']
