['Xim', 'JyM', 'Fmb', 'tK7', '8uu', '3kn', '5qS', 'lsG', '6Hl', 'Afe', 'n99', 'Hxo']
['ISX', 'oSh', 'QEF', 'MQT', 'qPq', 'IJ1', 'KGR', '8VG', 'PPi', 'aTI', '5Li', 'txp']
['Hyj', 'blA', 'etm', 'Ihb', 'XHa', '17Q', 'xpw', 'gkI', 'SFn', 'U0Z', 'GpL', '1gc']
['rz4', '8j5', 'USE', 'zgJ', 'NyP', 'ttO', 'hYw', 'XMr', 'W8n', 'KS2', 'mLF', 'ZQL']
['LTB', 'TUB', 'CU9', 'Hi0', '19T', '1uW', 'XlR', 'JcP', 'zfD', 'EJD', 'iS6', 'eGG']
['pf5', 'VPb', 'GUX', 'zfK', '0gI', 'hHB', '3QX', '1aX', 'P8b', 'kYz', 'DoC', 'VoJ']
['Fws', 'SMj', 'PJa', 'gVV', 'SV9', 'Ql9', 'Gu6', 'EJa', '4fp', 'x8V', 'X5a', 'btz']
['CwC', 'hdp', 'YBr', '9F9', 'tpP', 'uGP', 'oZQ', 'jGk', 'D40', 'cDc', 'AJT', 'a55']
['FzE', '70K', 'slQ', 'Jla', 'dNX', 'x86', 'U0P', 'NXP', 'nf5', 'tKI', 'BPL', 'YUZ']
['u1N', 'wwD', 'I2i', 'X5J', 's1n', 'ULj', 'mFO', 'hiF', 'Tn8', 'Eou', 'ZVF', '00m']
['iiE', 'YMC', 'JYa', 'f9z', '1QY', 'vJC', 'nc0', 'xqY', '4nb', 'gEp', 'xLA', 'c3v']
['euj', 'GRw', 'yAp', 'vca', 'u9Q', 'qkE', 'jFu', 'NiX', 'E2A', 'PQT', '2vJ', 'J8r']
['mUL', 'vyM', 'sfk', 'UPL', 'QDa', 'a4K', 'tEu', 'wgA', 'NGB', 'Z7b', 'dSZ', 'Qa3']
['s6M', 'xxJ', 'pTi', 'AHs', 'xx7', '5jv', 'bDO', 'h6l', 'PlJ', 'm5j', 'WB2', 'b7z']
['JLF', 'CYA', 'WLk', 'rMd', 'rGT', 'bLd', 'j3s', 'IZQ', 'aLB', 'UmG', 'gWT', 'Bfu']
['Wmv', 'lKO', '1RB', 'B99', 'L1u', 'IU6', 'MrD', 'fFE', '8uz', 'iW8', 'Pas', 'b9f']
['wGp', '6na', 'BDE', 'HWv', 'nRH', 'YNK', 'psG', '96X', 'mRG', '81k', 'ptf', 'W4L']
['FkC', 'dlb', 'Y2z', 'ziA', '6Ip', '5n5', 'e8d', 'HkK', 'nQv', 'Zc5', 'bAf', 'EoI']
['uii', 'Ot9', 'qLD', 'kte', 'aZv', 'PqY', 'uVg', '1xS', 'Qtt', 'ZFU', 'dLc', 'X9s']
['upV', '69w', 'rXN', 'qDy', 'VCH', '28R', 'Qyh', 'H9O', 'tFU', 'Kn8', 'rgC', 'iGU']
['sKX', '4KN', '0RD', 'JfN', 'gEU', '0Qs', 'bA6', '9ug', 'ZY3', 'd60', 'tm4', 'i9C']
['ZxX', 'cmd', 'klv', 'wqW', 'nqI', 'b99', 'PiG', 'uH4', 'AK4', 'dvU', 'oUs', 'NqO']
['kZ0', 'Twl', 'JVP', 'FbA', 'e6S', '6sH', 'UDc', '4gy', 'uQL', 'N08', 'H68', 'qmj']
['gE4', 'rmu', 'VZ7', 'gfv', 'OCL', 'v6U', 'cEk', 'I2S', '0oy', 'fKV', 'e8H', 'i4H']
['oPH', 's3z', 'zEh', 'PoH', 'oak', 'hQH', 'Jgp', 'U4K', '4p5', 'ux2', '27J', 'YEe']
['Hbr', 'hct', 'O2z', 'jEj', 'iFt', 'nQj', 'Mvm', 'mLL', 'emD', 'Swe', 'mGb', 'z1H']
['fQ3', 'rC8', 'czy', '5zB', 'AcJ', 'oSw', 'stN', 'SmS', 'VAV', 'kT2', 'BV4', '9NA']
['xRH', 'WLo', 'Itn', 'mcI', '6pB', 'nkl', 'g08', 'ZNv', 'KRy', 'LiP', 'yLV', '0ID']
['Qti', '4LY', 'ewc']
['HvR', 'Ns3', 'cFa', 'D5B', 'h3r', 'F9o', 'WXJ', 'KZy', 'tfQ', 'FEQ', '2mv', 'AKr']
['5i6']
['VVW']
['Ke0']
['uZt', 'iba', 'zTH', 'W2Z', 'mIe', 'jWX', '5U2', 'G2k', 'SiL', 'rYU', 'Epk', 'JWV']
['iTo', '4Nd', 'MNb', 'YFC', 'gTC', 'fFJ', 'kiK', 'QhQ', 'xz4', '6ro', '2UA', '8nm']
