['Charlot', 'Angie', 'Cele', 'Bertine', 'Catharine', 'Andree', 'Bellanca', 'Adelheid', 'Caril']
['Cesya', 'Aubine', 'Addi', 'Celie', 'Andi', 'Alvira', 'Bobinette', 'Carena', 'Carlye', 'Alayne']
['Carmel', 'April', 'Ailene', 'Bert', 'Alyda', 'Catie', 'Charity', 'Bonnee', 'Caryl', 'Annabela']
['David', 'Chiquia', 'Babs', 'Berri', 'Bobbie', 'Alikee', 'Carri', 'Charleen', 'Alysa', 'Anabal']
['Christal', 'Blythe', 'Bernete', 'Aaren', 'Amargo', 'Alissa', 'Calida', 'Allegra', 'Christel', 'Brandi']
['Cherise', 'Casandra', 'Alverta', 'Chanda', 'Carmine', 'Anni', 'Barbabra', 'Caralie', 'Carlee', 'Caro']
['Catherine', 'Aeriel', 'Auroora', 'Betty', 'Annelise', 'Celestine', 'Angela', 'Candra', 'Beatrice', 'Ashlie']
['Camella', 'Charin', 'Carolyn', 'Catlee', 'Allix', 'Cacilia', 'Celestyn', 'Bliss', 'Carina', 'Anet']
['Antoinette', 'Bill', 'Betti', 'Annamaria', 'Agace', 'Carolina', 'Astrix', 'Annadiane', 'Abra', 'Christye']
['Christan', 'Adoree', 'Berni', 'Austina', 'Anthiathia', 'Bobette', 'Cherye', 'Brier', 'Anallese', 'Bryna']
['Angel', 'Brittaney', 'Caroljean', 'Cathrine', 'Billy', 'Ashlen', 'Avis', 'Aurelea', 'Barbaraanne', 'Calla']
['Bernardine', 'Arlene', 'Aubrette', 'Anjela', 'Cherilyn', 'Alicea', 'Bridgette', 'Benita', 'Carole', 'Ara']
['Charyl', 'Ambur', 'Alejandra', 'Blanche', 'Billie', 'Charmion', 'Alys', 'Blancha', 'Amabel', 'Ada']
['Annabelle', 'Cal', 'Penny', 'Babbie', 'Ali', 'Alexandrina', 'Cammi', 'Anabelle', 'Anatola', 'Annabel']
['Amanda', 'Alie', 'Callida', 'Carlyn', 'Bess', 'Cariotta', 'Amy', 'Athena', 'Catlaina', 'Anastassia']
['Babbette', 'Beverie', 'Angil', 'Cammy', 'Caren', 'Berta', 'Bernadine', 'Bamby', 'Binni', 'Bunni']
['Allissa', 'Aurore', 'Bibbie', 'Andrea', 'Bobbee', 'Alix', 'Cami', 'Brandy', 'Cheslie', 'Christabella']
['Cassy', 'Andriana', 'Carrissa', 'Ardene', 'Bobby', 'Annora', 'Bobbye', 'Ashli', 'Alice', 'Chiarra']
['Ardra', 'Brigid', 'Berty', 'Belva', 'Bernardina', 'Belita', 'Ariela', 'Barbey', 'Almeda', 'Ardella']
['Bettine', 'Aimil', 'Benetta', 'Angelina', 'Blinnie', 'Alisun', 'Anica', 'Alanah', 'Ardeen', 'Cherrita']
['Bessy', 'Aveline', 'Chelsy', 'Anne', 'Caron', 'Abby', 'Carmelita', 'Adorne', 'Caryn', 'Brandie']
['Camel', 'Audy', 'Cassondra', 'Athene', 'Chelsey', 'Barbra', 'Babette', 'Casie', 'Catriona', 'Brandea']
['Agatha', 'Bride', 'Alexi', 'Babita', 'Alexia', 'Betteann', 'Arliene', 'Anastasia', 'Billi', 'Carlynn']
['Brandise', 'Cody', 'Adelice', 'Augusta', 'Agnola', 'Aile', 'Aliza', 'Arlie', 'Bethany', 'Bunny']
['Brigida', 'Calli', 'Aili', 'Berna', 'Babara', 'Bren', 'Arlina', 'Candis', 'Christyna', 'Asia']
['Analiese']
