['127']
['201']
['210']
['135']
['22', '1', '6', '11', '20', '21', '27', '29', '31', '36', '38', '39', '41', '43', '44', '47', '48', '49', '51', '52', '55', '57', '59', '60', '61', '63', '64', '67', '68', '69', '70', '72', '75', '78', '79', '81', '82', '83', '85', '86', '87', '88', '90', '74', '76', '91', '93', '35', '58', '94']
['95', '99', '100', '102', '109', '110', '113', '115', '116', '121', '124', '125', '126', '128', '130', '132', '137', '138', '140', '141', '143', '144', '145', '146', '147', '152', '153', '155', '156', '158', '159', '161', '162', '163', '164', '168', '97', '96', '98', '136', '154', '73', '123', '134', '54', '142']
['80']
['169', '171', '173', '174', '176', '177', '180', '181', '182', '183', '184', '185', '187', '189', '191', '192', '193', '195', '197', '198', '200', '203', '207', '208', '211', '214', '216', '217', '218', '219', '222', '224', '225', '226', '232', '234', '235', '236', '237', '239', '243', '151', '196', '212', '213', '190', '230', '238', '244', '246']
['101']
['131']
['179']
['186']
['204']
['209']
['8']
['16']
['114']
['28']
['220']
['37']
['40']
['56']
['65']
['106']
['170']
['45']
['105']
['107']
['118']
['122']
['129']
['172']
['188']
['194']
['199']
['104']
['215']
['227']
['228']
['112']
['4']
['250']
['175']
['18']
['19']
['25']
['26']
['34']
['42']
['46']
['50']
['53']
['223']
['165']
['66']
['71']
['77']
['84']
['92']
['148']
['32']
['103']
['108']
['111']
['117']
['119']
['120']
['205']
['133']
['89']
['139']
['149']
['150']
['249']
['157']
['166']
['167']
['202']
['206']
['62']
['221']
['229']
['247', '248']
['231']
['233']
['240']
['241']
['242']
['245']
['160']
['0']
['14']
['3']
['178']
['9', '2', '10', '17', '7', '15', '13', '33']
['12']
['5']
['23']
['24']
['30']
