['2', '0', '1', '9', '17', '24', '28', '29', '30', '31', '32', '34', '33', '35', '37', '38', '39', '40', '42', '41', '43', '44', '45', '49', '48', '50', '51', '52', '53', '54', '55', '56', '58', '10', '18', '25', '59', '36', '57']
['60', '61', '62', '64', '63', '65', '66', '67', '68', '69', '70', '72', '71', '73', '74', '75', '79', '78', '81', '82', '83', '84', '85', '88', '93', '95', '96', '455', '454', '477', '80', '86', '89', '46', '47', '87', '94']
['5', '6', '7', '8', '422', '458', '421', '378', '379']
['100', '99', '102', '103', '104', '105', '107', '108', '109', '110', '111', '112', '113', '115', '114', '116', '117', '118', '119', '121', '120', '122', '123', '124', '129', '128', '130', '131', '132', '134', '125', '148', '149', '387', '388', '106', '133', '101', '147', '146']
['138', '140', '141', '143', '142', '144', '145', '151', '150', '152', '153', '154', '155', '156', '157', '162', '163', '164', '166', '165', '167', '168', '170', '172', '171', '173', '174', '175', '176', '137', '177', '462', '461', '169', '139']
['160', '159', '161', '97', '98', '158']
['179', '178', '181', '182', '185', '186', '188', '187', '189', '190', '191', '192', '193', '195', '194', '196', '197', '198', '199', '202', '201', '203', '204', '205', '206', '207', '208', '211', '210', '212', '213', '214', '215', '216', '340', '341', '184', '183', '200', '209']
['218', '217', '219', '220', '221', '222', '223', '225', '224', '226', '227', '229', '230', '231', '233', '232', '234', '235', '236', '237', '240', '241', '243', '244', '248', '249', '250', '251', '253', '252', '228', '242', '247']
['256', '257', '259', '258', '260', '261', '262', '263', '264', '265', '270', '271', '272', '274', '273', '275', '276', '277', '278', '279', '280', '282', '283', '284', '285', '286', '287', '289', '288', '290', '291', '292', '293', '294', '295', '281', '269']
['13', '12', '14', '15', '16', '355', '356', '11', '358', '357', '415', '414']
['297', '296', '300', '301', '302', '303', '305', '304', '307', '309', '312', '311', '313', '314', '315', '316', '318', '319', '321', '320', '322', '323', '328', '327', '329', '330', '332', '333', '308', '298', '299', '310', '324', '331', '334', '306', '317']
['336', '335', '337', '339', '343', '342', '344', '346', '347', '353', '354', '359', '360', '361', '363', '365', '364', '366', '367', '368', '369', '370', '371', '373', '372', '126', '127', '338', '362', '239', '238', '268', '267', '266', '345']
['374', '375', '376', '377', '384', '385', '386', '390', '389', '391', '392', '393', '394', '397', '396', '398', '399', '401', '402', '403', '405', '404', '406', '407', '408', '409', '410', '4', '400', '3', '395', '411']
['19', '412', '20', '21', '22', '23', '76', '77', '413', '180']
['416', '417', '418', '420', '419', '423', '424', '425', '427', '426', '428', '429', '430', '431', '434', '435', '436', '438', '439', '441', '440', '442', '443', '444', '445', '446', '448', '447', '449', '450', '451', '452', '437', '453', '432', '433']
['383', '382']
['456', '457', '459', '460', '463', '464', '465', '466', '467', '469', '468', '471', '472', '473', '475', '474', '476', '478', '479', '480', '481', '483', '484', '485', '486', '487', '488', '490', '489', '491', '492', '493', '470', '482']
['494', '495', '499', '254', '255', '496']
['90', '91', '92', '136', '135', '246', '245', '325', '326', '348', '349']
['27', '352', '26', '351', '350', '381', '380', '498', '497']
