['0', '2', '6', '7']
['5', '12', '13']
['14', '20', '21']
['19', '23', '26', '27']
['29', '28', '30', '34', '35']
['33', '37', '40', '41']
['42', '48', '49']
['47', '55']
['56', '58', '62', '63']
['61', '65', '68', '69']
['70', '72', '76', '77']
['78', '79', '82', '83', '80']
['85', '86', '90', '91', '87']
['89', '93', '96', '97']
['98', '104', '105']
['103', '107', '110', '111']
['112', '114', '118', '119', '368']
['117', '124', '125', '195']
['128', '133', '355']
['131', '135', '138', '139']
['140', '142', '146', '147']
['145', '149', '152']
['154', '156', '160', '161']
['159', '163', '166', '167']
['168', '174', '175']
['173', '177', '180', '181']
['182', '184', '188', '189']
['190', '187', '194', '192']
['196', '198', '202', '203']
['201', '205', '208', '209']
['211', '210', '214', '216', '213']
['218', '219', '220', '222']
['225', '226', '227', '229']
['232', '221', '233', '234', '236']
['239', '223', '240', '241', '243']
['246', '224', '247', '248', '250']
['228', '254', '255', '257', '253']
['260', '230', '261', '262', '264']
['267', '231', '268', '269', '271']
['235', '278']
['281', '282', '283', '285']
['288', '238', '289', '290', '292']
['295', '242', '296', '297', '299']
['302', '244', '303', '304', '306']
['309', '245', '310', '311', '313']
['249', '320']
['251', '327', '51']
['330', '252', '331', '332', '334']
['256', '341']
['258', '164']
['351', '259', '352', '353']
['358', '263', '359', '360', '362']
['365', '265', '366', '367', '369']
['372', '266', '373', '376', '375']
['270', '381', '383', '382', '379']
['386', '387', '388', '390']
['273', '397']
['400', '277', '401', '404', '402']
['407', '279', '409', '411', '410']
['414', '280', '415', '416', '418']
['421', '284', '422', '425', '424']
['286', '348']
['4', '287', '3', '1', '122']
['291', '126']
['11', '293', '10', '8', '84']
['294']
['18', '298', '17', '15']
['300']
['25', '301', '24', '22']
['305', '38']
['32', '307', '31', '323', '324']
['308', '374']
['39', '312', '363', '36', '101']
['314']
['315', '45', '43', '170', '44']
['319', '318', '316']
['53', '321', '52', '50']
['322']
['60', '59', '57']
['328', '75']
['67', '329', '66', '64']
['333']
['74', '335', '73', '71', '237']
['336', '340']
['81', '339', '337', '338']
['342', '54']
['88', '343']
['347', '346', '344']
['95', '349', '94', '92']
['350', '212']
['102', '354', '99', '100', '132']
['356', '345']
['109', '108', '106', '46']
['361', '357']
['116', '115', '113']
['364', '191']
['123', '120', '121']
['370']
['130', '371', '129', '127']
['136', '137', '134']
['16']
['378']
['144', '143', '141']
['384', '423', '215', '317', '380']
['151', '385', '150', '394', '148']
['389']
['158', '391', '157', '377', '155']
['392', '274', '275', '276', '408']
['165', '396', '395', '162', '393']
['398']
['172', '399', '171', '169']
['403', '272']
['179', '405', '178', '176']
['406']
['186', '185', '217', '183']
['412', '153']
['193', '413']
['417']
['200', '419', '199', '197']
['420', '9']
['207', '206', '204', '326', '325']
['426']
