['399', '1', '9', '10', '13', '14', '17', '18', '23', '24', '26', '28', '30', '38', '39', '40', '41', '43', '44', '45', '47', '48', '49', '52', '53', '55', '56', '57', '59', '60', '61', '62', '64', '65', '66', '67', '68', '71', '72', '73', '74', '75', '76', '77', '78', '79', '80', '81', '82', '83', '84', '85', '86', '87', '88', '89', '90', '92', '93', '94', '95', '96', '97', '98', '161', '162', '163', '164', '165', '166', '168', '169', '170', '171', '172', '173', '174', '175', '176', '177', '178', '190', '191', '192', '193', '194', '195', '196', '197', '198', '199', '208', '209', '210', '211', '213', '215', '217', '218', '228', '229', '230', '231', '233', '236', '237', '240', '241', '242', '243', '245', '246', '247', '248', '249', '250', '251', '253', '254', '255', '257', '258', '320', '321', '322', '324', '325', '327', '328', '329', '330', '331', '332', '333', '335', '337', '338', '344', '345', '346', '348', '349', '350', '352', '353', '354', '355', '356', '357', '358', '359', '362', '363', '364', '365', '366', '367', '368', '369', '371', '372', '373', '374', '375', '376', '377', '378', '379', '380', '382', '383', '384', '386', '387', '388', '390', '391', '392', '394', '395', '396', '398', '400', '410', '411', '412', '413', '416', '417', '418', '419', '0', '11', '12', '15', '16', '19', '21', '22', '25', '31', '33', '37', '70', '100', '101', '102', '103', '104', '106', '107', '108', '110', '111', '112', '113', '114', '115', '116', '117', '118', '120', '121', '123', '124', '126', '127', '128', '129', '130', '131', '132', '133', '134', '135', '136', '137', '138', '140', '141', '142', '143', '144', '146', '147', '149', '150', '151', '152', '153', '154', '155', '156', '157', '158', '160', '180', '181', '182', '183', '184', '185', '186', '200', '201', '202', '203', '204', '206', '220', '221', '222', '223', '225', '226', '260', '261', '262', '263', '264', '265', '266', '267', '268', '269', '270', '271', '273', '274', '275', '276', '277', '278', '280', '281', '282', '283', '284', '285', '286', '287', '288', '289', '290', '291', '292', '293', '294', '295', '297', '298', '301', '302', '303', '305', '306', '307', '308', '309', '310', '311', '312', '313', '314', '315', '316', '317', '318', '339', '340', '341', '342', '381', '389', '2', '3', '27', '34', '36', '51', '54', '58', '63', '99', '119', '139', '159', '167', '214', '219', '227', '234', '259', '299', '319', '323', '326', '336', '347', '385', '401', '4', '5', '6', '7', '29', '35', '109', '122', '187', '205', '216', '370', '32', '145', '188', '212', '224', '232', '239', '252', '256', '304', '360']
['343', '393', '179', '397']
['351']
['279']
['405', '404']
['238']
['407', '406']
['8', '361']
['207']
['244']
['235', '415', '414']
['20']
['148']
['300']
['105', '125']
['334']
['42']
['46', '296', '272']
['50']
['69', '91']
['402', '403']
['409', '408', '189']
