['s324', 's391', 's142', 's11', 's165', 's466', 's215', 's410', 's289', 's185']
['s60', 's257', 's104', 's337', 's310', 's351', 's259', 's144', 's63', 's88']
['s172', 's380', 's190', 's368', 's460', 's483']
['s272', 's150', 's239', 's99', 's121', 's205', 's68', 's86', 's186', 's204']
['s350', 's469', 's44', 's493', 's206', 's189', 's463', 's256', 's250', 's475']
['s499', 's389', 's94', 's453', 's169', 's490', 's8', 's341', 's428', 's119']
['s12', 's386', 's84', 's397', 's358', 's6', 's87', 's196', 's283', 's0']
['s333', 's385', 's306', 's58', 's177', 's203', 's181', 's325', 's111', 's277']
['s178', 's134', 's107', 's46', 's140', 's273', 's445', 's90', 's359', 's242']
['s208', 's133', 's139', 's59', 's404', 's3', 's297', 's295', 's450', 's148']
['s37', 's270', 's32', 's157', 's438', 's24', 's83', 's34', 's145', 's222']
['s452', 's89', 's40', 's153', 's78', 's426', 's164', 's392', 's92', 's127']
['s128', 's338', 's473', 's120', 's193', 's303', 's382', 's161', 's367', 's61']
['s408', 's282', 's317', 's265', 's419', 's365', 's131', 's375', 's129', 's252']
['s497', 's467', 's151', 's168', 's211', 's376', 's114', 's72', 's480', 's437']
['s138', 's407', 's100', 's154', 's62', 's403', 's402', 's162', 's258', 's77']
['s441', 's173', 's261', 's369', 's398', 's167', 's370', 's36', 's339', 's360']
['s106', 's158', 's440', 's430', 's73', 's126', 's495', 's132', 's20']
['s244', 's251', 's342', 's66', 's406', 's284', 's54', 's293', 's328', 's226']
['s260', 's448', 's416', 's287', 's278', 's175', 's155', 's75', 's363', 's9']
['s74', 's364', 's220', 's240', 's101', 's444', 's67', 's170', 's262', 's405']
['s346', 's431', 's188', 's425', 's468', 's223', 's228', 's105', 's311', 's316']
['s109', 's394', 's300', 's336', 's235', 's125', 's2', 's474']
['s246', 's4', 's1', 's334', 's281', 's349', 's302', 's47']
['s49', 's455', 's19', 's237', 's449', 's116', 's30', 's279', 's266', 's14']
['s377', 's216', 's446', 's321', 's322', 's234', 's41', 's271', 's439', 's315']
['s464', 's147', 's85', 's320', 's29', 's183', 's427', 's353', 's371', 's388']
['s81', 's354', 's198', 's80', 's212', 's95', 's340', 's292', 's387', 's159']
['s286', 's492', 's347', 's418', 's96', 's43', 's447', 's374', 's236', 's309']
['s285', 's331', 's335', 's26', 's35', 's344', 's314', 's472', 's103', 's76']
['s319', 's304', 's174', 's118', 's31', 's230', 's264', 's459', 's263', 's195']
['s412', 's434', 's241', 's400', 's357', 's372', 's456', 's465', 's435']
['s424', 's409', 's141', 's152', 's291', 's470', 's451', 's16', 's182']
['s238', 's135', 's202', 's91', 's420', 's255', 's415', 's485', 's484', 's197']
['s298', 's218', 's64', 's356', 's268', 's348', 's487', 's395', 's184', 's274']
['s401', 's498', 's166', 's7', 's422', 's390', 's308', 's327', 's98']
['s199', 's312', 's332', 's201', 's39', 's393', 's313', 's296', 's383', 's93']
['s249', 's70', 's221', 's50', 's384', 's227', 's429', 's48', 's280', 's461']
['s411', 's343', 's229', 's307', 's486', 's414', 's65']
['s209', 's305', 's213', 's243', 's117', 's288', 's124', 's462', 's110', 's163']
['s130', 's123', 's233', 's51', 's362', 's143', 's217', 's345']
['s149', 's247', 's481', 's423', 's443', 's23', 's179', 's79', 's269', 's71']
['s379', 's187', 's200', 's160', 's224', 's156', 's82', 's471']
['s373', 's176', 's10', 's399', 's219', 's214', 's352', 's381', 's45', 's413']
['s57', 's207', 's115', 's21', 's13', 's494', 's38', 's267', 's69']
['s276', 's18', 's442', 's476', 's491', 's417', 's194', 's22', 's477', 's294']
['s191', 's355', 's15', 's180', 's318', 's5', 's496', 's478', 's329', 's210']
['s52', 's232', 's479', 's421', 's436', 's432', 's275', 's225', 's433', 's53']
['s323', 's254', 's488', 's454', 's290', 's192', 's301', 's326', 's489', 's122']
['s245', 's112', 's458', 's330', 's28', 's102', 's113', 's136', 's108', 's25']
['s56', 's231', 's42', 's253', 's361', 's137', 's396', 's55', 's27', 's299']
['s248', 's366', 's97', 's17', 's482', 's378', 's171', 's33', 's146', 's457']
