['462', '465', '467', '456', '457', '458', '459', '460', '450', '452', '453', '455', '444', '445', '447', '449', '390', '461', '454', '446', '433', '353', '328', '268', '464', '448', '374', '376', '317']
['282', '283', '284', '285', '286', '287', '277', '280', '270', '271', '273', '274', '275', '264', '265', '267', '269', '266', '11116', '160', '157', '272', '139']
['434', '436', '437', '11125', '11126', '427', '428', '429', '430', '420', '421', '422', '423', '424', '425', '414', '415', '416', '417', '418', '408', '409', '410', '411', '412', '413', '431', '11124', '432', '426']
['372', '77', '78', '79', '80', '81', '83', '70', '74', '75', '76', '63', '64', '65', '67', '69', '1114', '375', '6', '82', '72', '73', '66', '370', '71']
['0', '402', '404', '407', '396', '397', '398', '399', '400', '401', '11123', '391', '392', '393', '394', '395', '384', '385', '386', '388', '379', '380', '382', '387', '378', '11122', '281', '406', '389', '403']
['373', '377', '367', '368', '369', '371', '360', '361', '362', '363', '364', '365', '11121', '354', '355', '356', '357', '359', '348', '349', '350', '351', '5', '352', '345', '344', '11120', '366', '316', '289']
['343', '346', '347', '338', '330', '331', '333', '334', '335', '325', '326', '329', '318', '319', '332', '320', '322', '188', '337', '183', '336', '340', '11119', '321', '323', '342', '341']
['60', '62', '49', '50', '51', '52', '53', '54', '55', '42', '43', '44', '45', '47', '48', '1113', '35', '36', '39', '40', '41', '307', '37', '10', '11', '38', '8', '11111', '58', '61']
['312', '313', '314', '315', '306', '308', '309', '310', '311', '300', '301', '303', '304', '305', '294', '295', '296', '297', '298', '299', '288', '290', '293', '118', '111', '292', '2', '11117', '11127', '11118']
['59', '443', '99', '1115', '57', '438', '439', '440', '441', '442', '383', '94', '96']
['31', '32', '33', '34', '21', '22', '24', '25', '26', '27', '14', '15', '16', '19', '20', '9', '12', '13', '1111', '1112', '278', '18', '11129', '276', '28', '29', '435', '7', '30', '23']
['68']
['260', '261', '85', '84', '56']
['242']
['224', '226', '227', '228', '230', '217', '218', '219', '220', '222', '223', '211', '212', '213', '214', '215', '216', '204', '205', '206', '208', '3', '229', '210', '405', '225', '221', '197', '199', '200']
['381']
['207', '209', '196', '198', '201', '202', '190', '191', '192', '193', '194', '184', '185', '186', '187', '175', '178', '179', '180', '181', '203', '176', '327', '189', '177', '324', '172', '195']
['258', '262', '263', '253', '254', '255', '257', '11115', '245', '246', '247', '248', '249', '250', '251', '238', '239', '240', '241', '243', '231', '232', '233', '244', '234', '236', '235', '237', '11112', '259']
['182', '168', '169', '170', '173', '174', '1119', '11110', '162', '163', '165', '166', '167', '154', '155', '158', '159', '147', '150', '152', '153', '164', '148', '149', '151', '339', '252', '256', '171', '156']
['11114', '4', '1', '302', '279', '161', '463', '466', '291', '17']
['141', '143', '144', '145', '146', '133', '134', '135', '137', '138', '126', '127', '128', '129', '130', '131', '132', '1117', '119', '121', '122', '123', '124', '125', '112', '358', '120', '140', '142', '136']
['87', '419', '86', '89', '90', '451', '88', '11128', '1118']
['114', '115', '116', '117', '105', '106', '107', '108', '109', '110', '98', '100', '101', '102', '103', '91', '92', '93', '95', '97', '1116', '113', '104', '46', '11113']
