['000', '002', '003', '004', '005', '006', '007', '008', '009', '010', '011', '012', '013', '014', '015', '016', '017', '018', '019', '020', '021', '022', '023', '027', '028']
['029', '030', '031', '032', '033', '034', '035', '036', '037', '038', '039', '040', '041', '042', '043', '044', '045', '046', '047', '048', '049', '025', '026', '126']
['287', '288', '289', '290', '291', '292', '293', '294', '295', '296', '297', '298', '299', '303', '304', '305', '306', '307', '308', '309', '260', '251', '252', '275', '316']
['310', '311', '312', '313', '314', '315', '317', '318', '319', '320', '321', '322', '323', '324', '329', '330', '331', '332', '333', '300', '301', '302']
['050', '054', '055', '056', '057', '058', '060', '061', '062', '063', '064', '065', '066', '067', '068', '070', '071', '072', '073', '074', '077', '078', '079', '091', '093']
['334', '335', '336', '337', '338', '339', '340', '341', '342', '343', '344', '345', '346', '347', '348', '349', '353', '354', '356', '357', '325', '355', '326', '327', '328']
['075', '080', '081', '082', '083', '084', '085', '086', '087', '088', '089', '090', '092', '094', '095', '096', '097', '098', '099', '102', '103', '104', '105', '101', '076']
['358', '359', '360', '361', '362', '363', '364', '365', '366', '367', '368', '369', '370', '371', '372', '373', '374', '376', '377', '378', '379', '380', '350', '351', '352']
['100', '106', '107', '108', '109', '110', '111', '112', '113', '114', '115', '116', '117', '118', '119', '120', '121', '122', '123', '124', '127', '128', '129', '130', '131']
['382', '383', '384', '385', '386', '387', '388', '389', '390', '393', '394', '395', '396', '397', '398', '399', '402', '403', '404', '405', '001', '024', '375', '415', '419']
['125', '132', '133', '135', '136', '137', '138', '139', '140', '141', '143', '144', '145', '146', '148', '149', '152', '153', '154', '155', '156', '157', '165', '142', '159']
['406', '407', '408', '409', '410', '411', '412', '413', '414', '416', '417', '418', '420', '421', '422', '423', '424', '437', '449', '400', '401']
['150', '158', '160', '161', '162', '163', '164', '166', '167', '168', '169', '170', '171', '172', '173', '174', '177', '178', '179', '180', '181', '182', '183', '192', '151']
['430', '431', '433', '434', '435', '436', '438', '439', '440', '441', '442', '443', '444', '445', '446', '447', '448', '425', '426', '427', '428', '429', '432']
['175', '184', '185', '186', '187', '188', '189', '190', '191', '194', '196', '197', '198', '199', '203', '204', '205', '206', '207', '208', '209', '176', '213', '217']
['454', '455', '456', '457', '458', '459', '460', '461', '462', '463', '465', '466', '467', '468', '469', '470', '471', '472', '473', '474', '193', '195', '450', '451', '452']
['200', '210', '211', '212', '214', '215', '216', '218', '219', '220', '221', '222', '223', '227', '228', '229', '230', '231', '232', '233', '234', '235', '224', '201', '202']
['478', '479', '480', '481', '482', '483', '484', '486', '487', '488', '489', '490', '491', '492', '494', '495', '496', '497', '498', '499', '475', '476', '477', '226', '051']
['225', '236', '237', '238', '239', '240', '241', '242', '243', '244', '245', '246', '247', '248', '249', '253', '254', '255', '256', '257', '258', '259', '261', '485', '493']
['464', '453']
['250', '262', '263', '264', '265', '266', '267', '268', '269', '270', '271', '272', '273', '274', '276', '277', '278', '279', '280', '281', '282', '283', '284', '285', '286']
['059', '381', '392', '134', '147', '391', '069', '052', '053']
