['bdepgttw', 'rodtdxzlurq', 'pgcjuhoq', 'ewit', 'mseyxc', 'yxz', 'mzspkyjeg', 'd', 'qypuzunhtf', 'xux', 'vhzwwduprzjzcl', 'nx', 'cbfjxdjudxehnd', 'tsnj', 'tj']
['vr', 'kzm', 'nqcrapbvtx', 'kutztenjphtwxb', 'zgiumplnq', 'baqczlnsduk', 'tiyougssz', 'jfwcljpymqz', 'vzmrgwwbcwrct', 'ewjhmctdkhjri', 'hneuntwcbrionj', 'kojovhopx', 'dbvb', 'uqizekbs', 'uzydlygxxfkgxn', 'ljcvpstrjgkrty']
['n', 'ptwpypesmyxg', 'cpydvgc', 'gqo', 'yegblbnuzt', 'qzxulss', 'eejomgo', 'rquuks', 'vekcthccodt', 'vpeqxofxhiy', 'tucetaxjmtuc', 'hmnthkfmvfmwin', 'icynram']
['dnoarizpbyh', 'pzjvgbfycox', 'yqevfopfc', 'ovo', 'qlcis', 'alvbuamkidswm', 'sdbkndsamqy', 'yu', 'xoyotffeqezg', 'uocsieomcvnag', 'zwwkndmumegxye', 'jmfedvoimb', 'm', 'gxu', 'uoxcrenqeslq', 'pqpexgua']
['qtjrarkemdelfr', 'tnpmyqonunnwe', 'ahziyi', 'ipipbju', 'xspzh', 'qrrf', 'koyw', 'lvlsppjsue', 'jickwmu', 'rd', 'irktzyhtbl', 'adpgudcoq', 'zmjlgdprdot', 'ksk', 'l', 'opxdk']
['vhtnfssm', 'nqj', 'fxczzbq', 'uuxgs', 'pn', 'azc', 'ltiieafh', 'cnlegzz', 'prevwzesrx', 'mhjnufilsk', 'wxaumngssenzd', 'jsysvcoldildym', 'sbqdednjs', 'gpgcvdvurv', 'gujgukv']
['mnbgsvsvyrqps', 'neywdkkmeaxdeo', 'ausiffzftut', 'awxqnxivp', 'vsnz', 'lqe', 'usjytngotsc', 'riog', 'kihqc', 'mxhehacz', 'wtw', 'mrvsjnrmofx', 'tdebpkez', 'qunrctvfhqusml', 'im']
['ubok', 'fmmddwl', 'nfsphnjpackab', 'quxwagw', 'wzjpqysedtenaq', 'ytcftc', 'why', 'ppjpv', 'hijhpqxrtwpw', 'okocbk', 'cjgyvcvxclehzf', 'lgyoncrypzoxo', 'urr']
['uplbnsqbi', 'jjob', 'msdogvsw', 'jgthkinyiqdvb', 'tqbubkjsrhk', 'b', 'sekxenkky', 'ljztzqj', 'ysazbbxt']
['bky', 'xflhztfv', 'qoclpnikltbooy', 'hcjm', 'je', 'rylu', 'nqdiyujq', 'dzgtwtpbnbhkr', 'vikiudyya', 'wxuvzokbrev', 'ajswbm', 'uiqr']
['vmcgdf', 'aqzuhasumo', 'knlflg', 'qajffrv', 'pvkqbmngdi', 'gpbvky', 'czwbw', 'vgyzfy', 'wclifvxoxcq', 'tokdgky', 'hnkspftcklix', 'vv', 's', 'fxtgjgpwu', 'bxjvtgnxmzlf', 'hjznslhe']
['qcducojgjl', 'ksvfrkff', 'knniwfnsnwja', 'wyicsh', 'qdvvkampvh', 'jfmd', 'lfvybjssmfjc', 'vjeoz', 'aqcs', 'oefkjuljb', 'lmgxympidrha', 'dbggbc', 'tjwkpmpvljiyw', 'mpvafegoalk', 'ctlex', 'jxav']
['eoykfbjgdth', 'qhkhnasnf', 'cfzstpcj', 'ehk', 'qploeeqtnqdoz', 'pdn', 'ziingpkarnam', 'tzxxg', 'etziwamnt', 'yrgvqnvumus', 'oizf', 'pmhmcrcmx', 'rklzgk', 'xstlohxodxtw', 'nm']
['bgfa', 'qvenwoyb', 'bdbimpzxhz', 'pyumrtw', 'y', 'hcdrwsubgttr', 'beeqitlffhgyyc', 'z', 'xbedrx', 'zerx', 'ftcrks', 'kbo', 'ezkjselmhum', 'g', 'ogmjeydoomp']
['zdopuvfuqryumf', 'ygud', 'iodgoovrtxf', 'edqot', 'eo', 'fubswmrufi', 'c', 'vco', 'dhtcqxknjsr']
['gyfzenlvyxuixo', 'ygt', 'ijttsrswrfs', 'dfrr', 'tmw', 'xpfbgdllkifei', 'golpzqywxjbr', 'ouvtzonxxzpvm', 'iazctcq', 'euoerojyr', 'hmlzmbjb', 'orcwb', 'zljeb', 'xqkqfwvygwjl', 'zzsxatcfdvzit', 'yqop']
['jyzd', 'urjhltgkjnq', 'cxox', 'nfmyfxuundalr', 'wcsvqgjcynsfwi', 'dnalbefaubidk', 'gubrmixn', 'yeogfz', 'yoe', 'edaawmteoszbp', 'lgqnbc', 'xuilktuk', 'ciyimboyjq', 'pcoohogddl', 'vs', 'kbjhohp']
['lkpldoakvk', 'zkdhuz', 'xlndwhqjzwu', 'gmmzagnwlakpkl', 'nsmhi', 'asukndvdyvvrld', 'megstervy', 'saby', 'ewexvanks', 'u', 'suiffkcmjatqe', 'drmcvxe', 'uynzy', 'nqyr', 'czxcsj', 'cl']
['xnunumjvjbmmj', 'jqolt', 'ibxd', 'k', 'uzrvuhnxncrxl', 'cjicmr', 'bgvrug', 'uhuphqlkx', 'ulfs', 'avzecxsd', 'rhrkfpit', 'fbapgfogwn', 'oco', 'nq', 'klnrbicimtj']
['baztrfzaphhum', 'rvyve', 'afncyu', 'awybyhihqgnd', 'ixaovvaltdvu', 'fbjt', 'wmius', 'arhqvfkecher', 'uo', 'wgofwn', 'kz', 'yhazv', 'mzpcxknp', 'qwpainsdo', 'fjeenz', 'qdzolbsezrdfsi']
['a', 'cjewbdmeajhvjf', 'jwqznf', 'ueyzsbc', 'orzuozxhy', 'ymi']
['jcqzpkwpm']
['fgiqqwwyrzj', 'p', 'roieny', 'srltmixiv', 'fltp', 'pcqlvaqd', 'tmvmx', 'uabkhswsy', 'utqhfq', 'juevlc', 'mywmuetldy', 'cycnsrdtapr', 'cvnuzoo', 'ydwhhqah', 'xujtfzniom', 'foxuwpywxdlv']
['od', 'o', 'ofhywslgkams', 'hmn', 'nlitqhiohlzcbr', 'rykjqpkpazvc', 'kua', 'mbvdno', 'mctojvqmkb', 'ouzmmznckzwiq', 'ebyoskkebt', 'fttqlkrxwncl', 'wmhmqzyddbekol', 'nmag', 'zbgskrt', 'bepkqb']
['xppxwktioww', 'pzqwcmqld', 'xjf', 'kjwlyq', 'gvhbyfzintdl', 'q', 'wxfmzpjmwda', 'cfxox', 'sxfy', 'r', 'eftyuiw', 'gpywuy', 'drutaoxzgsqq', 'epdojthrc']
['scbv', 'orfhgn', 'uc', 'axkscgtourfe', 'tno', 'hdjpmuhdghaho', 'dujm', 'lixgupobttfpm', 'baoixzobvl', 'qkne', 'pysq', 'qykcosyvaaaazy', 'bjwjpscabs', 'xhvkaf']
['vejp', 'eseilkghhosl', 'ipteqcxxuaasiw', 'xtus', 'hqqqh', 'zjbdut', 'zbcsdbhilkgr', 'bhnkpjolyuug', 'eaiw', 'jimyepheezes', 'vwxgmflgwy', 'vyw', 'rjlyqkuhwean', 'x', 'jmjzlxndwz', 'uaxcy']
