['460', '459', '458', '457', '456', '455', '454', '453', '451', '449', '447', '446', '445', '444', '443', '442', '441', '439', '438', '437', '436', '435', '434', '433', '432', '430', '429', '427', '426', '425', '422', '421', '420', '431', '423', '360', '461', '440', '428', '291', '452', '214', '161']
['373', '372', '371', '370', '369', '368', '367', '366', '365', '363', '362', '359', '358', '357', '356', '355', '354', '353', '352', '351', '350', '349', '348', '346', '344', '343', '341', '340', '339', '338', '337', '336', '345', '335', '334', '333', '332', '331', '364', '347', '330', '414', '383']
['329', '327', '325', '324', '322', '321', '320', '319', '318', '316', '314', '313', '312', '311', '310', '309', '308', '302', '301', '300', '299', '298', '296', '295', '294', '293', '292', '290', '289', '288', '286', '305', '304', '303', '328', '323', '307', '297', '287', '218', '424', '361', '306']
['241', '240', '239', '237', '236', '234', '233', '231', '229', '227', '226', '225', '224', '223', '221', '220', '219', '217', '215', '212', '211', '210', '209', '208', '207', '206', '205', '204', '203', '202', '201', '199', '198', '222', '86', '84', '238', '200', '71', '235', '232', '230', '228']
['82', '81', '80', '79', '78', '77', '76', '75', '74', '73', '72', '69', '68', '67', '65', '64', '62', '61', '60', '59', '58', '57', '56', '55', '54', '53', '52', '51', '50', '49', '48', '47', '46', '45', '44', '70', '30', '410', '87', '66', '390', '379']
['39', '38', '35', '34', '31', '29', '28', '27', '25', '24', '23', '22', '21', '19', '18', '17', '16', '15', '14', '13', '12', '11', '10', '9', '8', '7', '6', '5', '3', '2', '1', '0', '42', '36', '33', '20', '4', '448', '26', '450', '419', '106', '40']
['196']
['266']
['162']
['37']
['197', '195', '192', '191', '189', '188', '185', '184', '183', '182', '181', '180', '178', '177', '176', '175', '174', '173', '172', '171', '170', '169', '168', '156', '85', '376', '194', '190', '179', '164', '159', '158', '157', '155', '154', '83', '193', '186', '167', '187', '166', '165', '163']
['213']
['416', '415', '413', '412', '411', '409', '408', '407', '406', '405', '404', '403', '402', '401', '400', '399', '398', '397', '396', '395', '394', '392', '391', '389', '388', '386', '385', '384', '382', '381', '380', '378', '377', '375', '374', '326', '315', '393', '387', '43', '417', '129', '63']
['284', '283', '281', '280', '277', '276', '275', '274', '273', '272', '271', '270', '269', '268', '267', '262', '261', '259', '258', '257', '256', '255', '254', '253', '252', '251', '250', '249', '248', '245', '244', '243', '242', '285', '263', '342', '282', '279', '265', '264', '246', '119', '260']
['41']
['125', '123', '122', '121', '120', '118', '117', '116', '115', '114', '113', '112', '111', '109', '108', '107', '105', '104', '103', '102', '100', '99', '98', '96', '95', '94', '93', '92', '91', '90', '89', '131', '130', '128', '127', '126', '124', '110', '101', '97', '278', '216', '160']
['88']
['153', '152', '151', '150', '149', '148', '146', '145', '144', '143', '142', '141', '140', '139', '138', '137', '136', '133', '132', '317', '147', '134']
['135']
['483', '480', '479', '478', '471', '470', '468', '466', '462', '418', '482', '481', '477', '475', '473', '469', '467', '465', '464', '463', '474', '472', '476']
['32']
['247']
