['149']
['433']
['44', '77', '483', '489', '5', '56', '255', '372', '450', '323', '333', '57', '142', '324', '332', '193', '306', '379', '421', '172', '209', '216', '305', '398', '9', '95', '347', '454', '18', '186', '269', '302', '80', '161', '170', '53', '64', '253', '394', '485', '35', '137', '462', '2', '197', '415', '82', '117', '299', '474', '495', '152', '195', '198', '268', '393', '447', '96', '129', '188', '215', '271', '327', '491', '223', '232', '103', '348', '445', '52', '78', '100', '200', '468', '41', '88', '319', '378', '159', '328', '341', '397', '3', '47', '81', '277', '136', '453', '51', '107', '204', '220', '30', '395', '424', '441', '225', '231', '113', '123', '180', '212', '417', '127', '411', '155', '156', '452', '470', '67', '295', '382', '390', '175', '217', '361', '422', '84', '145', '284', '449', '187', '218', '273', '320', '425', '214', '236', '301', '325', '73', '99', '300', '337', '405', '157', '291', '358', '58', '118', '436', '116', '134', '261', '363', '464', '21', '60', '125', '168', '205', '246', '434', '11', '115', '330', '457', '356', '402', '451', '484', '272', '294', '343', '391', '473', '7', '183', '226', '227', '310', '386', '406', '147', '219', '304', '307', '46', '171', '6', '34', '39', '262', '267', '414', '479', '22', '275', '373', '389', '429', '54', '412', '36', '191', '311', '419', '460', '351', '384', '26', '293', '32', '63', '98', '192', '367', '181', '206', '281', '375', '486', '179', '318', '458', '141', '248', '270', '12', '33', '290', '366', '492', '266', '298', '442', '59', '165', '249', '336', '10', '31', '285', '106', '131', '140', '303', '478', '480', '8', '61', '124', '203', '244', '308', '315', '158', '444', '90', '102', '148', '202', '229', '241', '381', '396', '399', '401', '94', '128', '238', '446', '497', '185', '265', '286', '184', '207', '326', '349', '420', '109', '176', '182', '297', '357', '14', '83', '431', '37', '243', '250', '426', '465', '287', '438', '0', '146', '228', '463', '42', '208', '493', '245', '352', '430', '24', '166', '190', '260', '316', '329', '448', '481', '364', '461', '108', '150', '154', '296', '360', '199', '340', '196', '371', '153', '413', '403', '55', '132', '258', '76', '19', '119', '139', '252', '469', '313', '274', '423', '346', '410', '314', '110', '15', '487', '138', '86', '288', '221', '334', '354', '409', '1', '167', '342', '278', '282', '121', '163', '471', '20', '164', '75', '312', '383', '120', '380', '133', '201', '355', '331', '194', '455']
['345', '289', '437']
['499']
['174', '112', '259', '369']
['210']
['4', '104', '472']
['264']
['234', '230', '27', '93']
['79']
['85']
['122', '418', '494', '339']
['374']
['74']
['213', '48']
['376']
['144']
['439']
['25']
['400', '317', '105', '151', '350', '353', '482']
['456']
['68']
['247']
['443', '66', '114', '344', '365', '416']
['89']
['467', '126', '280', '72', '276', '377']
['16']
['385']
['38']
['162']
['45']
['242']
['477']
['87']
['459']
['224']
['28']
['235']
['70']
['211']
['251']
['435']
['49', '476', '498']
['338']
['388']
['65', '432']
['23']
['91']
['322']
['362']
['130']
['359']
['496']
['169']
['239']
['173']
['178']
['92']
['440']
['233']
['254']
['335']
['368']
['240']
['404']
['321']
['143']
['370']
['50']
['257']
['189']
['256']
['387']
['17']
['62']
['309']
['111']
['71']
['466']
['490']
['283']
['475']
['135']
['29']
['40']
['69']
['13']
['488']
['101']
['428', '292']
['427', '279']
['97', '177']
['237']
['160']
['222']
['263']
['407', '408']
['392', '43']
