['439', '1', '3', '4', '5', '6', '7', '9', '10', '11', '12', '17', '18', '20', '21', '22', '23', '24', '25', '27', '28', '35', '36', '37', '38', '44', '26', '45', '13', '52']
['428', '29', '30', '31', '32', '34', '39', '41', '43', '46', '47', '48', '51', '53', '54', '55', '56', '57', '89', '91', '92', '94', '123', '49', '86', '124', '40', '84', '138', '166']
['59', '60', '61', '62', '63', '64', '65', '66', '68', '70', '71', '72', '73', '74', '75', '76', '78', '79', '80', '81', '82', '83', '85', '87', '462', '111', '118', '130', '96', '109']
['125', '126', '127', '129', '131', '132', '133', '134', '136', '139', '140', '141', '142', '151', '152', '164', '171', '174', '182', '203', '454', '122', '205', '249', '327', '159', '176', '192', '237', '381']
['384', '321', '323', '324', '325', '326', '329', '332', '333', '334', '335', '336', '337', '338', '339', '340', '341', '342', '343', '344', '345', '346', '350', '386', '445', '451', '359', '413', '432', '449']
['293', '294', '295', '296', '297', '298', '299', '300', '301', '302', '303', '304', '305', '306', '307', '308', '309', '310', '311', '312', '313', '314', '315', '316', '317', '318', '319', '320', '322', '446']
['437', '90', '93', '97', '98', '99', '100', '101', '102', '103', '104', '105', '107', '108', '110', '112', '113', '114', '115', '116', '117', '119', '121', '145', '120', '147', '208', '328', '106', '224']
['146', '148', '149', '150', '153', '154', '155', '156', '157', '162', '163', '165', '167', '168', '169', '172', '173', '143', '261', '270', '271', '465', '241', '259', '266', '330', '347', '418', '161', '260']
['175', '177', '178', '179', '180', '183', '184', '185', '186', '187', '188', '189', '190', '193', '194', '195', '196', '197', '198', '199', '200', '201', '202', '206', '204', '257', '258', '463', '191', '380']
['352', '353', '355', '356', '357', '358', '360', '361', '362', '363', '364', '365', '366', '367', '368', '369', '370', '371', '372', '373', '374', '375', '376', '349', '387', '404', '408', '411', '412', '421']
['440', '207', '209', '210', '211', '212', '213', '214', '215', '216', '217', '218', '219', '220', '221', '222', '223', '225', '226', '227', '228', '229', '231', '235', '236', '238', '239', '230', '234', '245']
['417', '377', '378', '379', '382', '383', '385', '388', '389', '390', '391', '392', '393', '394', '395', '398', '399', '401', '402', '405', '410', '414', '416', '419', '420', '396', '403', '422', '397', '407']
['409', '424', '425', '426', '427', '429', '433', '434', '436', '438', '441', '442', '443', '447', '450', '453', '455', '456', '458', '430', '444', '466', '467', '470', '471', '431', '435', '452', '457', '472']
['232', '233', '242', '246', '247', '250', '251', '252', '253', '254', '255', '256', '291', '461', '464', '474', '475', '480', '482', '484', '485', '240', '244', '278', '468', '469', '483', '486', '490', '400']
['473', '58', '128']
['0', '14', '15', '50', '135', '476', '477', '478', '479', '487', '488', '497', '2', '69', '77', '137', '144', '170', '248', '481', '493', '495', '498', '67', '88', '95', '158', '415', '423', '448']
['181', '33']
['243', '491']
['19', '496', '16', '287']
['492']
['499', '489']
['406', '8', '42', '160']
['262', '263', '264', '265', '267', '268', '269', '272', '273', '274', '275', '276', '277', '279', '280', '281', '282', '283', '284', '285', '286', '288', '289', '290', '292', '331', '351', '459', '354', '348']
['460']
['494']
