['226', '221', '176', '171', '178', '230', '222', '172']
['9', '6', '386', '1', '14', '8', '18', '7', '17', '15', '13', '19', '12', '4', '397', '5', '11', '10', '2', '16']
['81', '91', '45', '90', '203', '42', '86', '93', '84', '204', '218', '87', '216', '83', '85', '97', '77', '89', '217']
['200', '195', '22', '30', '39', '190', '25', '186', '21', '191', '23', '194', '184', '38', '193', '187', '40', '31', '181', '192']
['355', '349', '293', '284', '356', '357', '348', '352', '358', '281', '345', '342', '343', '353', '360', '296', '337', '325', '351', '346']
['317', '304', '312', '139', '150', '301', '319', '146', '142', '302', '143', '313', '320', '138', '318', '141', '145', '315', '305', '308']
['92', '206', '214', '210', '266', '260', '265', '212', '215', '276', '94', '271', '209', '208', '220', '279', '207', '250', '272', '277']
['306', '307', '52', '48', '51', '60', '54', '311', '126', '309', '310', '131', '59', '303', '63']
['367', '374', '378', '362', '382', '361', '377']
['101', '100', '102', '98', '82', '107', '275', '111', '104', '119', '112', '99', '95', '88', '117', '96', '106', '273']
['280', '164', '274', '261', '202', '180', '213', '270', '175', '268', '179', '211', '205', '182', '219', '173', '169', '201', '262', '170']
['331', '327', '336', '333', '330', '338', '322', '326', '334', '340', '321', '339', '323', '324', '328', '332', '335', '316', '329', '314']
['375', '371', '363', '267', '369', '366', '269', '368', '380', '188', '376', '264', '372', '370', '364', '365', '373', '379', '278']
['359', '228', '223', '196', '341', '238', '344', '197', '225', '189', '224', '350', '347', '198', '183', '354', '185', '199']
['61', '76', '66', '69', '70', '72', '71', '68', '78', '65', '67', '79', '62', '73', '75', '64', '80', '74', '57', '56']
['116', '108', '255', '252', '246', '105', '245', '121', '113', '257', '247', '254', '248', '110', '249', '253', '242', '118', '122', '115']
['159', '148', '163', '161', '156', '144', '149', '168', '154', '167', '158', '157', '177', '152', '165', '147', '162', '166', '174']
['292', '286', '283', '290', '299', '285', '294', '289', '160', '155', '153', '282', '151', '298', '297', '300', '288', '295', '291', '287']
['258', '49', '53', '43', '41', '243', '46', '44', '256', '259', '244', '33', '50', '47', '251', '58', '241', '263', '55', '29']
['124', '127', '135', '103', '137', '125', '120', '109', '140', '132', '114', '129', '133', '134', '136', '128', '123', '130']
['239', '240', '236', '234', '35', '237', '27', '232', '28', '227', '32', '26', '34', '36', '231', '229', '37', '233', '235', '24']
['385', '388', '389', '390', '387', '384', '383', '399', '400', '393', '394', '392', '396', '398', '381', '395', '3', '20', '391']
