['88', '106', '260', '302', '407', '105', '109', '111']
['310']
['5', '89', '173', '180', '187', '194', '201', '215', '229', '236', '243', '257', '264', '271', '278', '285', '292', '299', '306', '313', '327', '334', '341', '355', '362', '369', '376', '383', '390', '397', '411', '425', '439', '446', '453', '460', '467', '474', '481', '488', '495', '12', '19', '26', '33', '40', '47', '54', '61', '208', '250', '289', '96', '110', '145', '152', '222', '320', '348', '418', '404', '432']
['0', '2', '4', '18', '32', '39', '46', '60', '76', '83', '6']
['333']
['14', '16', '17', '20']
['21', '417', '23', '24', '27', '140', '141', '144', '146']
['28', '30', '31', '34']
['35', '37', '38', '41']
['42', '44', '45', '48']
['49', '51', '55', '53']
['56', '3', '58', '59', '62', '66', '73', '80', '94', '101', '108', '115', '129', '143', '150', '157', '164', '171', '178', '185', '192', '199', '206', '213', '220', '227', '234', '241', '248', '255', '262', '269', '276', '283', '290', '297', '304', '311', '318', '325', '339', '346', '353', '360', '367', '374', '381', '388', '395', '402', '409', '423', '430', '437', '444', '451', '458', '465', '472', '479', '486', '493', '10', '52', '122', '492', '136']
['63', '65', '67', '68']
['70', '72', '74', '75']
['77', '79', '81', '82']
['84', '87', '90', '104', '118', '125', '132', '160', '86']
['93']
['98', '100', '102', '103']
['107']
['112', '114', '116', '117']
['119', '123', '124', '121']
['126', '128', '130', '131']
['133', '135', '137', '138']
['25', '142']
['147', '149', '151', '153', '273', '275', '277']
['154', '156', '158', '159', '7', '9', '11', '13']
['161', '163', '165', '166']
['168', '170', '172', '174']
['175', '177', '179', '181']
['188']
['189', '191', '193', '195', '338', '394']
['202']
['203', '205', '207', '209']
['210', '212', '214', '216']
['217', '219', '221', '223']
['224', '226', '228', '230', '139']
['231', '233', '235', '237', '91', '92', '95', '97']
['238', '240', '242', '244']
['245', '249', '251', '246']
['252', '254', '256', '258']
['247', '427', '429', '431']
['266', '268', '270', '272']
['279']
['308', '312', '309']
['287', '291', '293', '288']
['294', '296', '298', '300']
['307']
['314']
['315', '317', '319', '321']
['322', '324', '326', '328', '69']
['329', '332', '335', '331']
['336', '340', '342', '337']
['343', '345', '347', '349']
['350', '352', '354', '356']
['357', '359', '363', '361']
['364', '366', '368', '370']
['371', '373', '375', '377']
['378', '380', '382', '384']
['385', '387', '389', '391']
['392', '396', '398', '393']
['399', '401', '403', '405']
['406', '408', '412', '259', '261', '263', '265', '301', '303', '305', '1', '8', '15', '22', '29', '36', '43', '50', '57', '64', '71', '78', '85', '99', '113', '120', '127', '134', '148', '155', '162', '169', '176', '183', '190', '197', '204', '211', '218', '225', '232', '239', '253', '267', '274', '281', '295', '316', '323', '330', '344', '351', '358', '365', '372', '379', '386', '400', '410', '414', '421', '428', '435', '442', '449', '456', '463', '470', '477']
['413', '416', '419', '485', '415']
['420', '422', '426', '424']
['433']
['434', '436', '438', '440']
['441', '443', '445', '447', '196', '200', '198']
['448', '167', '450', '452', '454']
['455', '457', '461', '459']
['462', '464', '466', '468']
['469', '471', '473', '475']
['476', '478', '480', '482', '280', '282', '284', '286']
['483', '484', '487', '489', '182', '184', '186']
['490', '491', '494', '496']
