['120', '129', '137', '112', '144', '165', '317', '43', '76', '282']
['107', '72', '73', '91', '90', '133', '143', '140', '254', '256']
['141', '182', '299', '47', '121', '174', '352', '167']
['210', '219', '192', '244', '263', '278', '280', '285', '287', '321']
['236', '86', '99', '166', '189', '202', '119', '128', '266', '351']
['5', '8', '10', '13', '16', '29', '185', '151', '160', '168']
['328', '234', '245', '252', '269', '283', '248', '318', '335', '339']
['142', '66', '67', '205', '315', '324', '334', '345', '375', '340']
['108', '111', '224', '229', '239', '262', '286', '337', '40', '181']
['232', '196', '212', '228', '297', '347', '381', '390', '247', '25']
['348', '157', '170', '178', '258', '272', '279', '125', '149', '216']
['231', '246', '296', '346', '391', '14', '46', '56', '106', '360']
['156', '220', '227', '241', '309', '53', '191', '33', '54', '96']
['130', '295', '396', '62', '123', '186', '255', '294', '365', '370']
['145', '2', '39', '70', '84', '110', '114', '261', '293', '302']
['177']
['268', '320', '327', '392', '6', '343', '372', '41', '64', '97']
['313', '94', '124', '131', '148', '164', '217', '126', '235', '277']
['257', '260', '37', '240', '251', '288', '336', '368', '369', '344']
['284', '322', '82', '271']
['195', '338', '382', '393', '32', '58', '79', '105', '169', '208']
['265', '304', '305', '306', '307', '325', '394', '36', '61', '80']
['330']
['20', '50', '77', '89', '101', '117', '135', '213', '214', '384']
['222']
['103', '92', '95', '104', '127', '300', '319', '331', '399', '183']
['253']
['78', '83', '102', '109', '139', '147', '158', '250', '11', '289']
['353', '354', '361', '367']
['154', '48', '55', '60', '63', '81', '118', '242', '30', '161']
['249']
['238', '28', '59', '221', '276', '358', '373', '175', '226', '264']
['308', '194', '197', '199', '237', '267', '341', '395', '122', '349']
['374']
['291']
['377', '42', '52', '134', '218', '281', '310', '163', '350']
['4']
['7', '0', '12', '23', '75', '155', '171', '172', '204', '207']
['298', '314']
['21', '74', '152', '301', '332', '378', '3', '35', '153', '162']
['115']
['132']
['146']
['274', '356', '193']
['176']
['386']
['290', '88', '243', '323', '379']
['9']
['333', '71', '342', '363']
['38', '138']
['303']
['326']
['230', '273']
['18']
['31']
['316']
['45']
['49']
['57']
['87']
['93']
['387']
['397']
['173', '22', '24', '26', '44', '383', '389', '259', '100', '15']
['180']
['187']
['188']
['201']
['203']
['211', '51', '69', '116', '159', '312', '371', '385', '388', '362']
['223']
['19']
['275']
['292']
['311']
['329']
['364', '398', '98', '150', '209']
['179']
['355']
['376']
['17']
['113']
['215']
['65']
['68']
['85']
['136']
['184']
['206']
['270']
['225']
['190']
['366']
['357']
['359']
['1', '198', '233']
['27']
['34']
['380']
['200']
