['72', '14', '15', '24', '29', '40', '54', '23', '58', '71', '105', '173', '252', '280', '70', '86', '301', '114', '145', '311']
['83', '51', '59', '61', '87', '88', '92', '94', '98', '116', '131', '90', '170', '236', '312', '375', '479', '79', '197', '200']
['286', '156', '184', '185', '193', '174', '199', '216', '220', '234', '247', '257', '267', '221', '290', '302', '328', '387', '347', '428']
['91', '95', '104', '106', '117', '118', '119', '101', '113', '140', '142', '152', '157', '172', '192', '133', '151', '208', '246', '371']
['242', '243', '248', '250', '222', '239', '265', '268', '291', '292', '297', '308', '315', '321', '32', '337', '339', '345', '379', '425']
['75', '77', '85', '33', '36', '148', '158', '166', '190', '203', '213', '360', '396', '404', '405', '441', '21', '53', '123', '355']
['217', '260', '266', '271', '274', '275', '279', '314', '336', '362', '369', '374', '388', '408', '417', '373', '432', '457', '456']
['319', '96', '99', '107', '111', '93', '154', '171', '179', '212', '232', '278', '283', '294', '300', '365', '455', '485', '293', '25']
['403', '211', '214', '215', '255', '269', '273', '295', '304', '338', '206', '415', '421', '431', '258', '341', '402', '35', '89', '138']
['350', '352', '377', '382', '306', '366', '406', '419', '435', '463', '468', '407', '0', '57', '60', '259', '323']
['226', '231', '237', '240', '230', '249', '272', '296', '318', '329', '384', '495', '494', '1', '149', '189', '202', '233', '62', '125']
['458', '66']
['44', '20', '37', '82', '97', '121', '126', '168', '175', '180', '210', '219', '411', '144', '298', '320', '330']
['120', '284', '287', '288', '324', '343', '356', '385', '391', '399', '437', '447', '482', '487', '52', '169', '204', '492', '493']
['124', '10', '65', '69', '109', '127', '164', '182', '187', '251', '281', '303', '43', '135', '176', '263', '327', '459', '469', '150']
['132', '282', '305', '307', '309', '289', '313', '340', '439', '460', '473', '11', '78', '100', '143', '167', '228', '245', '244', '433']
['196', '26', '30', '39', '41', '46', '47', '48', '56', '84', '112', '130', '153', '165', '195', '253', '270', '129', '183']
['235', '333', '334', '444', '467', '480', '483', '490', '498', '64', '178', '227', '299', '322', '358', '34', '394', '434', '450']
['22']
['261', '45', '68', '115', '446', '472', '13', '31', '17', '19', '134', '139', '161', '277']
['409', '430', '436', '440', '442', '443', '413', '422', '484', '488', '76', '191', '201', '209', '186']
['451', '452', '462', '466', '470', '141', '310', '6', '223', '364', '389', '159']
['465', '238', '427', '80']
['354', '359', '361', '363', '367', '372', '426', '481', '8', '67', '454', '188', '224']
['429']
['128', '478', '489', '491', '448', '3', '81', '276', '349', '392', '412', '420', '449', '496', '381']
['497']
['198']
['410']
['155', '160', '162', '163', '177', '229', '241', '316', '342', '353', '418', '110', '147', '218', '27', '438', '16']
['357']
['380', '344', '390', '395', '397', '398', '400', '416', '424', '9', '28', '50', '7', '325', '383', '423', '102', '256', '346', '461']
['445', '474', '475', '476', '477', '499', '5', '18', '38', '74', '108', '122', '471', '486', '2', '137', '285', '414', '55', '393']
['464', '136', '326', '332', '348', '378', '254']
['262', '103']
['264', '386', '12']
['331']
['376']
['73']
['205']
['225']
['368']
['317']
['49']
['63', '194', '351']
['4']
['181', '42', '146', '207', '453']
['370']
['401']
['335']
