['1', '7', '18', '19', '21', '23', '25', '41', '48', '63', '66', '86', '87', '92', '97', '35', '47', '110', '152', '177', '205', '127', '264', '70', '271']
['278', '58', '64', '65', '72', '77', '82', '138', '144', '146', '208', '8', '14', '157', '11']
['52', '129', '136', '142', '149', '168', '214', '237', '132', '137', '182', '190', '203', '263', '274', '151', '94']
['187', '104', '116', '117', '130', '162', '125', '140', '148', '175', '180', '186', '193', '169', '231', '59', '99']
['275', '185', '188', '197', '206', '266', '294', '9', '30', '155', '262', '284', '90', '235', '240', '270', '50', '233']
['106', '108', '173', '176', '56', '158', '161', '210', '218', '241', '252', '269', '283', '295', '121', '145', '160', '300', '33', '91', '107', '111', '167', '291']
['179', '209', '217', '221', '222', '229', '189', '199', '232', '256', '267', '16', '45', '53', '81', '134', '251', '261', '265', '268', '277', '115', '150', '212']
['22', '51', '60', '109', '139', '172', '215', '223', '236', '248', '254', '85', '95', '123', '153', '159', '165', '276', '279', '105', '220', '273', '299']
['54', '55', '74', '88', '96', '98', '62', '118', '126', '128', '178', '181', '204', '207', '227', '245', '257', '78', '292', '28', '38', '183', '255', '57', '156']
['244', '239', '272', '282', '246', '24', '79', '196']
['290', '71', '80', '122', '195', '202', '280', '192', '228']
['76', '234', '12', '17', '184', '250', '5', '143', '191']
['100', '285', '40', '119', '171', '174', '198', '201', '219', '249', '253', '260', '281', '15', '37', '67', '102', '213', '147']
['242', '258', '259', '154', '20', '163']
['287', '2', '36', '73', '247']
['224', '288', '293', '296', '297', '298', '10', '39', '61', '68', '89', '93', '113', '133', '135', '170', '216', '225', '226', '46']
['286', '3', '6', '13', '31', '32', '34', '43', '44', '49', '26', '27', '69', '84', '101', '103', '112', '114', '120', '124', '164', '166', '194', '238', '243']
['289', '4', '29', '42', '131', '200']
['83', '211']
['75', '230', '141']
