['153', '29', '4', '12', '218']
['36']
['108', '69', '94', '97', '242']
['39']
['40']
['43']
['46', '232']
['48', '54']
['65', '224']
['66']
['77']
['173', '246', '16']
['102']
['181', '129', '2']
['126']
['131']
['136', '190']
['159']
['37', '160', '237']
['167']
['172']
['175']
['92', '241', '74']
['191']
['193']
['104', '243', '248', '165']
['107', '149']
['111']
['115']
['147', '180', '240']
['49', '155']
['216']
['222']
['7']
['9']
['10', '42']
['17']
['20', '51']
['27']
['41', '59', '14', '73']
['57']
['70']
['219']
['85']
['87']
['89', '198', '199']
['90']
['105', '239']
['113']
['122', '164']
['124']
['128']
['130']
['134']
['137', '217']
['139', '53']
['142']
['150']
['162']
['166']
['158']
['183']
['187']
['189']
['203']
['206', '212']
['223']
['225']
['234']
['244']
['247']
['0']
['143']
['5']
['11']
['18']
['19']
['21']
['23']
['24']
['31']
['44', '220']
['45']
['47']
['50']
['55', '207']
['52', '226']
['38']
['81']
['229']
['58']
['61']
['62']
['63']
['64']
['67']
['75']
['76']
['78']
['79']
['80']
['83']
['88']
['93']
['98', '168']
['100']
['106']
['110']
['116']
['125']
['132']
['133']
['135']
['140']
['141']
['215']
['144']
['146']
['148']
['151']
['152']
['161']
['163', '202']
['84', '213']
['170']
['174']
['178']
['179', '157']
['182', '204']
['184']
['185']
['188']
['194']
['195']
['196']
['200']
['201']
['205']
['208']
['209']
['210']
['211', '228']
['214']
['221']
['230']
['233']
['235']
['238']
['171']
['249']
['1']
['3']
['6']
['8']
['13']
['15']
['227']
['25']
['26']
['28']
['30']
['32']
['33']
['34']
['35']
['56']
['60']
['68']
['71']
['72']
['82']
['86']
['91']
['95']
['96']
['99']
['101']
['103']
['109']
['112']
['114']
['117']
['118']
['119']
['120']
['121']
['127']
['138']
['145']
['154']
['156']
['123']
['231']
['245']
['169']
['176']
['177']
['186', '22']
['192']
['197', '236']
