['6', '191', '241', '309']
['62', '64', '7', '79', '98', '105', '111', '146', '201', '219', '233', '282', '311', '148']
['2', '144', '145', '156', '174', '203', '210', '222', '223', '229', '256', '166', '193', '195', '180', '181', '281', '197']
['3', '178', '188', '189', '192', '239', '245', '16', '30', '59', '76', '212', '110', '175']
['199', '200', '204', '207', '218', '232', '238', '248', '300', '306', '0', '17', '60', '73', '74', '77', '84', '287']
['217', '225', '237', '249', '250', '22', '24', '27', '44', '92', '96', '121', '177']
['265', '267', '270', '275', '310', '48', '52', '57', '19', '179', '228', '235', '258', '259', '215']
['280', '290', '291', '292', '305', '49', '58', '97', '112', '130', '149', '155', '158', '271', '5', '65']
['9', '296', '298', '25', '38', '42', '53', '75', '109', '126', '151', '198', '242', '277']
['136', '137', '141', '157', '170', '176', '196', '213', '230', '273', '294', '301', '4', '12', '32', '35', '72', '312']
['163', '172', '226', '231', '262', '283', '288', '295', '303', '8', '26', '33', '61', '285', '255']
['313', '41', '54', '55', '69', '80', '89', '90', '101', '102', '104', '118', '120', '10', '124', '125', '131', '67']
['13', '50', '68', '70', '114', '140', '206', '214', '240', '247', '252', '254', '272', '278', '289', '20', '43', '276']
['236', '243', '15', '260', '264', '108', '113', '154', '165', '169', '187', '205', '37']
['122', '123', '127', '128', '164', '173', '63', '202', '209', '216', '266', '269', '274', '279', '31', '119']
['14', '99', '117', '135', '171', '234', '246', '286', '299', '304', '308', '293', '28', '95', '82', '227']
['83', '87', '88', '103', '106', '129', '133', '134', '142', '160', '161', '162', '34', '182', '184', '194', '208', '261']
['18', '91', '94', '100', '107', '115', '116', '138', '139', '150', '153', '167', '168', '183', '211', '220', '221', '224']
['1', '36', '46', '132', '152', '159', '190', '263', '268', '11', '147', '185', '297']
['143']
['21', '56', '253', '302', '186']
['40']
['23', '244', '251', '257', '284', '307', '29', '45', '47', '51', '66', '71', '78', '81', '39', '85', '86', '93']
