['ptpmisy', 'upucitb', 'nndfzgt', 'iudsrjy', 'nvjeors', 'lcmynyw', 'kitxrio', 'igtcqiv', 'ntanocw', 'xabjjff', 'glkfhro', 'ekbghpg', 'uuqtrnp', 'ozoxsck', 'bbevbps', 'huzgikq']
['kpqzpfs', 'vvwlixv', 'lucqgzc', 'omyynfi', 'pjsyeez', 'yoqrhdw', 'ulpkpaf', 'emvhlci', 'xxhgtbs', 'jzqcfee', 'whaalyx', 'qlgkouj', 'hxlagmh', 'hlkffeh', 'rxnxrbl', 'skvsmyl']
['pmckuxh', 'tjtezbn', 'ytvwmpd', 'ciynmhw', 'egezjtl', 'zrimkhj', 'spgwzqj', 'aadjodd', 'kuwyrgr', 'xxqfkzr', 'jtkovjl', 'ptcbphe', 'jcoguvu', 'rnluyib', 'igvkuru', 'drtgipl']
['xlypwfl', 'vshvlic', 'vowjmgf', 'gnlcixq', 'jplsynx', 'qerzkir', 'werprzm', 'jojnukl', 'yssbhls', 'yiuitfo', 'hqikiss', 'dpgzdmu', 'fhuqtfp', 'vogmqqe', 'mtrmooo', 'dgvegls']
['zxtfzys', 'cjhldsy', 'qhwwalp', 'shztxik', 'qccnlus', 'dpmxdni', 'korcvcx', 'momhmut', 'sieoave', 'djzcmeu', 'thidksk', 'pnnzbti', 'bnyrwnb', 'sfzipfj', 'jbockfp']
['ckbpvbd', 'ueyjznc', 'fxswbii', 'rxngmkt', 'kadvzfh', 'bymyfhs', 'uahwspd', 'puotspj', 'ebtqhua', 'roothgi', 'jrguwdk', 'odoqgfk', 'iuddtax', 'upzignf', 'gbuoffj']
['fhflmkc', 'kctacue', 'fufnjyf', 'sgrvtpg', 'upxaolv', 'frxrjcw', 'raymfyf', 'xsjadss', 'liqhklu', 'kzgbgcg', 'fieuife', 'laxdipx', 'jivtfds', 'dazkzcz', 'coupfju']
['zexclum', 'dubzmmn', 'ximpauw', 'gmultvj', 'nbhknmw', 'ylscqcm', 'ojujfds', 'ohgorzn', 'hnpufhr', 'mbzuntj', 'ulqqnrx', 'qxwwqfk', 'crclbim', 'alvvzcr', 'bvvitzv', 'vxktmpe']
['rorsdzp', 'quaahkj', 'oikctcj', 'ipxjgfz', 'vjpstks', 'hylhzqr', 'nrplxxf', 'tgshqis', 'atvqyki', 'tdrolvx', 'mltjlsu', 'hscfpsc']
['lmgvnku', 'ovyjjfm', 'joqmipo', 'pvwdbuk', 'nsjgubf', 'zhdvxfc', 'mtbiczg', 'cvokrsd', 'upgszso']
['dqbtiaw', 'grhnknx', 'ngznfds', 'szriiex', 'wdahnhw', 'uckaokp', 'ktqbsnt', 'kiwoauy', 'ehcdgdr', 'hncniof', 'pwaalip', 'dmsftgx', 'tfsfpnw', 'opcamxc', 'qavmxlu']
['crmjrbf', 'hfzbxzo', 'poyacsv', 'mqwftjq', 'xdofsvh', 'qwcwszq', 'szlzdlt', 'jgbbizt', 'tjcagrq', 'aenkmpt', 'vrvkaaa']
['uekjkik', 'qgpciwf', 'sfjvtxw', 'zmgjecs', 'nehlpbv', 'urudgpc', 'eezxrdd', 'okdlbya', 'capkmzr', 'gceicua', 'bhbfrfj', 'xxradgz', 'bfonhts', 'amfrehb']
['idyyroc', 'ndqmeid', 'dtmsxwk', 'mirwseo', 'mclspox', 'edebgoj', 'jhstklj', 'lehooqa', 'nkylhqw', 'uckdnaa', 'lpzovzo', 'kvfjhzh', 'clcozil', 'jmjdmxv', 'awftunn', 'cjyrens']
['vuedrix', 'owgzpow', 'vvjtuhb', 'sfjkptj', 'atfmxqs', 'ksrplzq', 'jnwitwp', 'vwcmgzh', 'kuhueyd', 'brpqwlx', 'pcdlpcz', 'pxgrikq']
['adzdoyj', 'gdkxxon', 'ydirvrp', 'engjphl', 'ugpqnzn', 'aytcnpm', 'newswsl', 'mqeymdi', 'mcirxcd', 'abxurqr', 'hrmwoaf', 'qimiqpx', 'aowxwvx', 'dcysunk', 'wlhpnux']
['sipicas', 'otmayxy', 'cewygrc', 'rqdjqiq', 'rljbssd', 'cutedox', 'bnuxlph', 'bwpwdoy', 'ymwwchd', 'wjosnfy', 'huwkfqk', 'kolwqja', 'ofsoyop', 'lpzhylm', 'yfabxdu']
['wklasyt', 'joerrak', 'oayxvdx', 'znskrzx', 'npbmbcl', 'cmlcnuo', 'mnxptfo', 'acgwdsb', 'rqevvql', 'axxwrug', 'apuclff']
['jygmmrk', 'fgubrui', 'vkrrkcg', 'fzplaod', 'vvadaaj', 'vmrdoff', 'kjhsxww', 'fzsjvuk', 'mlehrqr', 'uwgeeaz', 'fdccgyr', 'vfebggx', 'nqmwwmz', 'oegoznu', 'dtfwkrc']
['ftbfwum', 'ylnttkr', 'wmodcaj', 'emqikpe', 'bkrlzdx', 'dwfazac', 'owvackd', 'ultrowi', 'nbftfsb', 'bundjpw', 'vahwsck', 'wellvsr', 'oqqfikf', 'bxtdbjc', 'ynxyoyb']
['qqeafqd', 'iiybggp', 'jaikykc', 'jwpfwqz', 'pojnkue', 'mbrlttj', 'zvuccyi', 'jigaagt', 'hlruggb', 'reolqff', 'wqohgce', 'afvpuoz', 'ljxgjfb', 'egfbifk', 'pkosxjv', 'yvvwjem']
['hwprfxd', 'wznyiaw', 'ktyynlr', 'lfxhllc', 'gmapuez', 'nrctxxu', 'eiuywkb', 'weondbg', 'dsvowko', 'fhrabmr', 'ypncztk', 'ehfkaur', 'gevooyy', 'ljllxhw', 'itivxup', 'ygoytty']
['uhhhxgy', 'asyegiw', 'dlfncva', 'aocuywp', 'douqsoq', 'wxbassh', 'aslzxho', 'ksjmenx', 'noyikuy', 'nzhlxzk', 'zxlpndu', 'zxijrwr', 'efrtcpo']
['qifpupk', 'ypwfljl', 'labghhm', 'dnxxgal', 'rbwdwlz', 'bwxgkld', 'tqjelgo', 'hutontm', 'xuppdvy', 'azzpyql', 'rbpdoot', 'yqtlogi', 'nlfhgdx', 'njoxkmb', 'jxlxfoo', 'ljqttnn']
['zfqckzr', 'gmqbbof']
['urujvnn', 'xaawrda', 'rroxpwu', 'crzdxig', 'jbhevly', 'vbcaiur', 'hvnuihp', 'gdvcboj', 'qufxqvh', 'goxywvb', 'eghatxl', 'lqjdzbc', 'wenwqgs', 'jnfpvkg', 'bolryno', 'bpbiuoh']
['ebexhbz', 'rfhgsrd', 'jdufzkb', 'olzxpzb', 'xcjwaaa', 'pcrzoox', 'ljxjare', 'mgtzswf', 'mmsicju', 'zrhphdg', 'etkmfom', 'uitiunf']
