['16', '17', '18', '20', '22', '24', '25', '29', '30', '31', '35', '40', '42', '45', '47', '50', '55', '57', '58', '59', '61', '63', '64', '65', '70', '71', '73', '74', '75', '78', '83', '85', '86', '89', '93', '95', '97', '100', '101', '104', '106', '107', '108', '113', '114', '116', '120', '122', '126', '127', '128', '129', '135', '136', '137', '140', '141', '142', '143', '144', '146', '149', '153', '155', '156', '158', '160', '164', '166', '167', '169', '1', '41', '60', '66', '68', '92', '125', '131', '162', '170', '176', '178', '184', '188', '190', '207', '209', '211', '246', '249', '251', '254', '267', '276', '282', '294', '303', '313', '318', '346', '347', '451', '49', '56', '80', '81', '84', '88', '91', '99', '138', '194', '222', '269', '272', '277', '285', '319', '335', '352', '356', '397', '438', '448', '456', '469', '5', '6', '7', '34', '111', '112', '163', '216', '283', '417', '449', '33', '77', '124', '212', '243', '391', '444']
['168', '172', '175', '177', '180', '187', '192', '298', '415', '52', '90', '257', '341', '159', '189', '193', '200', '273', '286', '171']
['214']
['79']
['464']
['433', '12', '14', '179', '183', '185', '191', '195', '197', '198', '202', '213', '215', '217', '218', '219', '220', '221', '224', '226', '227', '228', '229', '230', '232', '234', '237', '239', '240', '241', '247', '248', '250', '252', '253', '262', '263', '265', '266', '270', '274', '275', '278', '279', '280', '281', '284', '295', '297', '299', '300', '301', '305', '307', '308', '309', '310', '311', '312', '314', '315', '316', '321', '323', '324', '325', '21', '210', '289', '328', '330', '331', '334', '348', '350', '351', '363', '365', '366', '379', '382', '393', '402', '403', '423', '426', '452', '492', '494', '499', '0', '2', '15', '23', '44', '46', '48', '51', '76', '94', '109', '115', '123', '130', '133', '139', '151', '154', '161', '173', '205', '223', '231', '233', '268', '288', '329', '344', '354', '355', '378', '381', '441', '461', '4', '39', '69', '72', '119', '145', '201', '290', '296', '390', '398', '431', '450', '454', '455', '43', '182', '204', '206', '225', '287', '395', '400']
['11', '474', '476', '477', '478', '480', '481', '482', '483', '484', '485', '486', '487', '488', '490', '491', '493', '495', '496', '497', '498', '9', '54', '105', '110', '117', '118', '132', '152', '165', '174', '181', '238', '336', '358', '360', '367', '370', '408', '473', '3', '28', '134', '236', '242', '244', '271', '291', '320', '326', '345', '411', '434', '437', '475', '479', '489', '32', '67', '103', '157', '256', '306', '369', '428', '26']
['87']
['385']
['235']
['62']
['343']
['203']
['447']
['8', '327', '332', '333', '337', '338', '339', '340', '342', '349', '353', '359', '361', '364', '368', '372', '373', '374', '375', '380', '383', '384', '386', '387', '388', '389', '392', '394', '396', '401', '404', '405', '407', '410', '412', '413', '414', '416', '418', '419', '420', '421', '422', '424', '425', '427', '430', '432', '435', '436', '439', '440', '442', '443', '445', '453', '458', '459', '462', '463', '465', '466', '467', '468', '470', '471', '472', '317', '357', '10', '13', '36', '38', '82', '96', '102', '148', '150', '245', '258', '260', '261', '264', '302', '304', '362', '399', '429', '446', '457', '27', '199', '255', '371', '460', '19', '37', '53', '208', '259', '293', '376', '409']
['377']
['186']
['98']
['121', '147', '292']
['322']
['196']
['406']
