['2', '0', '1', '4', '5', '6']
['3', '266', '271', '276', '281', '286', '291', '296', '301', '306', '218', '230', '265', '275']
['24', '267', '272', '277', '282', '287', '292', '302', '39', '114', '130', '203', '280', '285', '300']
['25', '268', '273', '278', '283', '288', '293', '298', '303', '105', '290', '295', '305']
['26', '269', '274', '279', '289', '294', '299', '304', '59', '185', '238', '270']
['7', '27', '28', '29', '30', '31', '32', '33', '34', '35', '36', '37', '38', '40', '103']
['8', '41', '42', '43', '44', '45', '46', '47', '48', '49', '50', '51', '52', '53', '54']
['9', '55', '56', '57', '58', '60', '61', '62', '63', '64', '65', '66', '67', '68', '245']
['10', '69', '70', '71', '72', '73', '75', '76', '77', '78', '79', '80', '81', '82']
['11', '83', '84', '85', '86', '87', '88', '89', '90', '91', '93', '94', '95', '96', '108']
['12', '97', '98', '99', '100', '101', '102', '104', '106', '107', '109', '110', '162', '197', '228']
['13', '111', '112', '113', '115', '116', '117', '118', '119', '120', '121', '122', '123', '124', '284']
['14', '125', '126', '127', '128', '129', '131', '132', '133', '134', '135', '136', '137', '138', '297']
['15', '139', '140', '141', '142', '143', '144', '145', '146', '147', '148', '149', '150', '151', '152']
['16', '153', '154', '155', '156', '157', '158', '159', '160', '161', '163', '164', '165', '166']
['17', '168', '169', '170', '171', '172', '173', '174', '175', '176', '177', '178', '179', '180']
['18', '181', '182', '183', '184', '186', '187', '188', '189', '190', '191', '192', '193', '74']
['19', '195', '196', '198', '199', '200', '201', '202', '204', '205', '206', '207', '208', '167']
['20', '209', '210', '211', '212', '213', '214', '215', '216', '217', '219', '220', '221', '222', '92']
['21', '223', '224', '225', '226', '227', '229', '231', '232', '233', '234', '235', '236', '194', '240']
['22', '237', '239', '241', '242', '243', '244', '246', '247', '248', '249', '250']
['23', '251', '252', '253', '254', '255', '256', '257', '258', '259', '260', '261', '262', '263', '264']
