['9', '10', '12', '13', '14', '8', '15']
['16', '25', '33', '40', '48', '56']
['64', '73', '81', '104']
['19', '17', '18', '20', '21', '22', '113']
['23', '128', '136']
['27', '24', '26', '28', '29', '30', '184']
['193', '241']
['35', '32', '34', '36', '37', '38', '31']
['176', '177', '178', '179', '281', '289']
['43', '41', '42', '45', '46', '304', '39']
['368', '377', '384']
['51', '49', '50', '52', '53', '54', '47']
['55']
['59', '58', '60', '61', '57', '62']
['63']
['67', '65', '66', '68', '69', '70', '71']
['6', '5', '4', '7', '11']
['75', '72', '74', '76', '77', '78', '79']
['163', '161', '162', '160']
['83', '80', '82', '85', '86', '84']
['87']
['91', '89', '90', '92', '94', '88', '95']
['342']
['97', '98', '100', '101', '102', '96', '103']
['99']
['107', '105', '106', '108', '109', '110']
['111']
['115', '112', '114', '116', '117', '118', '119']
['322', '321', '320', '323']
['123', '120', '122', '124', '125', '126', '127']
['157']
['131', '129', '130', '133', '134', '132']
['135']
['139', '137', '138', '140', '141', '142', '143']
['394']
['147', '144', '145', '149', '150', '148', '151']
['204', '205', '206']
['153', '154', '156', '158', '152']
['159']
['164', '165', '166', '167', '329', '330', '328']
['352']
['168', '170', '172', '173', '174', '169', '175']
['171']
['180', '181', '182', '183']
['260']
['187', '185', '186', '188', '189', '190', '191']
['121', '210', '208', '209', '211']
['195', '192', '194', '196', '197', '198']
['199']
['203', '200', '202', '201']
['207']
['212', '213', '214']
['215']
['219', '216', '218', '220', '221', '222']
['223']
['227', '225', '228', '224']
['231', '229', '230']
['235', '232', '233', '234', '236', '238', '237']
['239']
['243', '240', '242', '244', '245', '246']
['247']
['251', '248', '249', '250', '252', '253', '254']
['255']
['259', '256', '257', '258', '261', '262']
['263']
['267', '265', '266', '268', '269', '270']
['271']
['275', '273', '274', '272']
['93']
['283', '280', '282', '284', '285', '286']
['287']
['291', '288', '290', '292', '293', '294']
['295']
['299', '296', '297', '301', '302', '298', '300']
['303']
['307', '305', '306', '308', '309', '310', '311']
['264']
['315', '312', '314', '316', '317', '313', '318']
['319']
['324', '325', '326', '327']
['331']
['332', '333', '334']
['335']
['339', '336', '338', '340', '341', '343', '337']
['226']
['347', '344', '346', '348', '349', '351', '345']
['155']
['355', '354', '356', '357', '358', '353']
['359']
['363', '360', '361', '362', '364', '366', '365']
['367']
['371', '369', '370', '372', '373', '374', '375']
['146']
['379', '376', '378', '380', '381', '382', '383']
['278', '279', '217', '276', '277']
['387', '385', '386', '388', '389', '390', '391']
['350']
['395', '392', '393', '396', '397', '398', '399']
['3', '0', '1', '2']
['44']
