['0', '66', '69', '73', '88', '89', '91', '12', '54', '85', '101', '112', '115', '117', '121', '145', '261', '263', '161', '192', '221', '224', '247', '256', '378', '472', '90', '183', '424', '439']
['98', '128', '130', '132', '133', '135', '136', '148', '107', '109', '152', '154', '171', '186', '8', '174', '235', '236', '149', '257', '266', '267', '251', '260', '268', '467']
['238', '5', '34', '40', '44', '46', '55', '58', '60', '61', '64', '56', '79', '82', '86', '100', '120', '122', '141', '185', '93', '211', '215', '259', '284', '298', '325', '151', '172', '292']
['193', '194', '195', '198', '199', '201', '208', '209', '42', '197', '210', '218', '226', '237', '227', '303', '375', '381', '407', '188', '206', '255', '313', '366', '225', '322', '426', '434', '485']
['155', '157', '163', '166', '168', '170', '176', '177', '178', '180', '248', '271', '279', '327', '345', '351', '356', '187', '191', '357', '359', '392', '432', '48', '99', '336', '401', '468']
['394', '250', '254', '262', '264', '265', '273', '276', '214', '296', '323', '334', '354', '358', '360', '361', '363', '277', '389', '390', '391', '417', '436', '449', '414', '437', '457', '491', '253', '395']
['219', '3', '7', '10', '11', '14', '15', '16', '18', '19', '22', '23', '25', '26', '27', '28', '31', '32', '37', '38', '39', '49', '78', '92', '113', '129', '138', '35', '167', '217']
['280', '281', '282', '283', '285', '286', '287', '289', '291', '294', '295', '297', '300', '301', '302', '305', '326', '341', '347', '348', '362', '364', '275', '293', '310', '240', '278', '368', '382', '397']
['371', '2', '95', '104', '105', '106', '110', '114', '119', '139', '140', '143', '146', '153', '159', '169', '190', '207', '229', '231', '243', '258', '272', '288', '304', '116', '173', '329', '459', '125']
['212', '306', '307', '309', '311', '312', '316', '317', '318', '320', '321', '324', '328', '330', '332', '342', '343', '346', '379', '385', '350', '372', '398', '448', '464', '479', '487', '492', '137', '144']
['338', '365', '367', '369', '374', '376', '377', '380', '383', '384', '386', '387', '249', '415', '422', '453', '454', '465', '33', '53', '68', '97', '126', '184', '400', '438', '489', '29', '164', '246']
['216', '412', '416', '418', '419', '420', '425', '427', '430', '433', '435', '441', '440', '445', '450', '452', '458', '466', '469', '43', '51', '52', '96', '160', '162', '165', '203', '205', '431']
['402', '410', '411', '443', '455', '456', '462', '463', '471', '473', '474', '413', '482', '495', '13', '17', '20', '63', '476', '41', '67', '269', '461', '494', '111', '123', '179', '182', '196']
['396', '403', '408', '409', '447', '475', '477', '478', '483', '484', '488', '24', '75', '76', '118', '175', '181', '486', '497', '81', '108', '158', '189', '200', '344', '65', '83', '202', '228']
['333', '335', '352', '355', '429', '94', '156', '204', '230', '319', '134']
['84', '213', '220', '222', '223', '233', '241', '242', '244', '245', '239', '252', '270', '290', '314', '337', '370', '393', '451', '480', '47', '70', '103', '299', '339', '373', '388', '490']
['404', '131', '234', '274', '315', '340', '349', '421', '428', '470', '71', '72', '444']
['87', '405', '406', '496', '498', '499', '4', '9', '21', '36', '50', '57', '59', '62', '74', '77', '80', '102', '124', '127', '1', '45', '150', '423', '460', '6', '30', '142', '493', '147']
['399', '353']
['481', '232', '308', '331', '442', '446']
