['345', '71', '88', '95', '74', '132', '195', '229', '277', '327', '397', '405', '4', '92', '182', '207', '69', '179']
['121', '43', '44', '51', '55', '57', '59', '60', '63', '119', '124', '152', '155', '170', '200', '90', '145', '180', '255', '168']
['163', '109', '113', '116', '118', '125', '129', '204', '231', '263', '344', '353', '266', '468', '492', '474']
['248', '64', '67', '68', '75', '78', '79', '85', '86', '89', '98', '111', '166', '194', '203', '232', '151', '240', '6']
['271', '144', '191', '192', '193', '196', '202', '206', '221', '222', '303', '323', '369', '449', '384', '410', '162', '239', '401']
['352', '7', '9', '11', '12', '14', '17', '23', '26', '29', '72', '167', '295', '342', '106']
['362', '40', '102', '103', '104', '107', '135', '142', '112', '127', '184', '197', '198', '216', '251', '294', '367', '49', '83', '226']
['31', '161', '164', '169', '173', '175', '181', '190', '233', '241', '328', '332']
['115', '299', '319', '324', '325', '326', '335', '228', '340', '355', '356', '359', '371', '404', '458', '479', '490', '2', '131', '172']
['242', '425', '435', '461', '81', '105', '130', '183', '289', '337', '357', '380', '446', '467', '475', '491', '36', '300', '50', '139']
['153', '154', '160', '185', '186', '187', '214', '236', '243', '244', '374', '393', '394', '444', '450', '322', '407', '70', '110', '472']
['143', '223', '225', '230', '234', '237', '238', '276', '333', '346', '350', '464', '32', '61', '347', '19', '208', '224', '382', '99']
['176', '0', '5', '30', '33', '35', '37', '46', '47', '65', '96', '146', '150', '201', '205', '292', '417', '454']
['365', '373', '376', '257', '436', '456', '489', '101', '199', '259']
['296', '426', '477', '478', '481', '483', '484', '280', '377', '438', '62', '354', '24', '66']
['361', '245', '358', '395', '396', '400', '402', '403', '409', '411', '413', '488', '18', '41', '91', '100', '157', '487', '269', '313']
['364', '246', '427', '437', '496', '108', '114', '133', '134', '235', '267', '408', '451', '452', '460', '482', '495', '38', '171', '178']
['366', '247', '360', '428', '497', '25', '56', '76', '141', '158', '212', '252', '316', '378', '433', '3', '306', '311', '499', '298']
['375', '249', '363', '388', '398', '399', '414', '418', '93', '97', '165', '140']
['383', '385', '429', '455', '498', '28', '45', '159', '177', '331', '372', '22', '120', '126', '128', '389', '485', '123', '440']
['459', '275', '278', '279', '281', '282', '284', '285', '287', '305', '320', '370', '416', '419', '443', '480', '339', '73', '117', '288']
['462', '386', '439', '442', '445', '447', '290', '470', '54', '432']
['253', '260', '264', '265', '268', '270', '272', '273', '274', '297', '283', '304', '330', '390', '391', '486']
['254', '387', '431', '42', '138', '286', '412', '1', '136']
['493', '147', '188', '209', '210', '211', '215', '217', '219', '220', '149', '250', '301', '329', '381', '15', '16', '213']
['8', '422', '457', '137', '148', '218', '227', '261', '293', '406', '430', '448', '20', '84', '87', '53', '476', '307']
['10', '256', '315', '336', '338', '343', '348', '351', '27', '34', '77', '174', '341']
['13', '423', '463', '465', '466', '469', '471', '494', '189', '473', '82']
['21', '258', '424', '434', '39', '52', '58', '80', '291', '312', '321', '349', '392', '415', '441', '94', '262', '122', '156']
['302', '308', '309', '310', '314', '317', '318', '334', '368', '379', '421', '453', '48', '420']
