['ptpmisy', 'igtcqiv', 'iudsrjy', 'upucitb', 'nvjeors', 'yvvwjem', 'iiybggp', 'uuqtrnp', 'kitxrio', 'atvqyki', 'gmqbbof']
['bhbfrfj', 'zhdvxfc', 'xxradgz', 'oegoznu', 'ulpkpaf', 'jzqcfee', 'hxlagmh', 'hlkffeh', 'whaalyx', 'fdccgyr', 'qlgkouj', 'mtbiczg', 'aocuywp', 'skvsmyl']
['ebexhbz', 'egezjtl', 'zrimkhj', 'olzxpzb', 'mclspox', 'pcrzoox', 'ljxjare', 'clcozil', 'aowxwvx', 'bwpwdoy', 'huwkfqk', 'etkmfom', 'yfabxdu', 'dpgzdmu', 'axxwrug', 'rqevvql']
['xlypwfl', 'vshvlic', 'gnlcixq', 'mmsicju', 'werprzm', 'kjhsxww', 'mtrmooo', 'vowjmgf', 'zrhphdg', 'yiuitfo', 'jdufzkb', 'xcjwaaa', 'momhmut', 'vogmqqe', 'mgtzswf', 'rfhgsrd']
['acgwdsb', 'ebtqhua', 'zxtfzys', 'qccnlus', 'cjhldsy', 'qhwwalp', 'roothgi', 'odoqgfk', 'adzdoyj', 'bnyrwnb', 'nndfzgt', 'pnnzbti', 'sfzipfj', 'aytcnpm', 'upzignf', 'ydirvrp']
['bnuxlph', 'ckbpvbd', 'ueyjznc', 'jtkovjl', 'lucqgzc', 'rxngmkt', 'kadvzfh', 'jcoguvu', 'emvhlci', 'rnluyib', 'igvkuru', 'fhrabmr', 'rxnxrbl', 'cewygrc', 'pmckuxh', 'mcirxcd']
['fhflmkc', 'kctacue', 'fufnjyf', 'upxaolv', 'raymfyf', 'xsjadss', 'liqhklu', 'jivtfds', 'dazkzcz', 'laxdipx', 'frxrjcw', 'coupfju', 'fieuife', 'xxhgtbs']
['zexclum', 'dubzmmn', 'ximpauw', 'gmultvj', 'bymyfhs', 'ylscqcm', 'uahwspd', 'ojujfds', 'puotspj', 'hnpufhr', 'huzgikq', 'fxswbii', 'alvvzcr', 'crzdxig', 'apuclff', 'gbuoffj']
['rorsdzp', 'quaahkj', 'tjcagrq', 'oikctcj', 'dmsftgx', 'vrvkaaa', 'vahwsck', 'jhstklj', 'hylhzqr', 'wellvsr', 'ipxjgfz', 'oqqfikf', 'szlzdlt', 'ynxyoyb', 'kzgbgcg', 'hfzbxzo']
['bvvitzv', 'joerrak', 'znskrzx', 'npbmbcl', 'wklasyt', 'oayxvdx']
['grhnknx', 'ngznfds', 'wdahnhw', 'mqeymdi', 'uckaokp', 'ktqbsnt', 'kiwoauy', 'aenkmpt', 'pwaalip', 'opcamxc', 'qavmxlu', 'dqbtiaw', 'hncniof', 'qimiqpx', 'poyacsv', 'dcysunk']
['crmjrbf', 'bolryno', 'lqjdzbc', 'mqwftjq', 'vbcaiur', 'xdofsvh', 'labghhm', 'bpbiuoh', 'rroxpwu', 'gdvcboj', 'qufxqvh', 'urudgpc', 'eezxrdd', 'jbhevly']
['vmrdoff', 'uwgeeaz', 'sfjvtxw', 'nehlpbv', 'okdlbya', 'gceicua', 'nlfhgdx', 'bwxgkld', 'dtfwkrc', 'rbpdoot', 'ehcdgdr', 'jxlxfoo']
['wenwqgs', 'lpzovzo', 'ndqmeid', 'dtmsxwk', 'vwcmgzh', 'cjyrens', 'aadjodd', 'lehooqa']
['dgvegls', 'vuedrix', 'hqikiss', 'kvfjhzh', 'owgzpow', 'pcdlpcz', 'jojnukl', 'ksrplzq', 'pxgrikq', 'ovyjjfm', 'jnwitwp', 'kuhueyd', 'brpqwlx', 'yssbhls', 'qerzkir', 'fhuqtfp']
['wjosnfy', 'dpmxdni', 'ymwwchd', 'wlhpnux', 'kolwqja', 'abxurqr', 'lpzhylm', 'gdkxxon', 'newswsl', 'engjphl', 'ugpqnzn', 'kuwyrgr', 'drtgipl', 'szriiex', 'tjtezbn', 'spgwzqj']
['sipicas', 'otmayxy', 'nrplxxf', 'tgshqis', 'hscfpsc', 'ofsoyop', 'sgrvtpg', 'mltjlsu', 'vjpstks']
['djzcmeu', 'thidksk', 'upgszso', 'rqdjqiq', 'sieoave', 'rljbssd', 'sfjkptj', 'cutedox', 'joqmipo', 'nkylhqw', 'lmgvnku', 'korcvcx', 'mnxptfo', 'jbockfp', 'pvwdbuk', 'cvokrsd']
['jygmmrk', 'fgubrui', 'fzplaod', 'vkrrkcg', 'vvadaaj', 'uitiunf', 'bbevbps', 'fzsjvuk', 'qxwwqfk', 'mlehrqr', 'vfebggx', 'crclbim', 'nqmwwmz']
['ftbfwum', 'ylnttkr', 'shztxik', 'atfmxqs', 'wmodcaj', 'jgbbizt', 'emqikpe', 'bkrlzdx', 'jplsynx', 'dwfazac', 'owvackd', 'bxtdbjc', 'ultrowi', 'nbftfsb', 'bundjpw', 'eghatxl']
['qqeafqd', 'jaikykc', 'jwpfwqz', 'pojnkue', 'ekbghpg', 'mbrlttj', 'ozoxsck', 'jigaagt', 'hlruggb', 'reolqff', 'wqohgce', 'zfqckzr', 'afvpuoz', 'ljxgjfb', 'egfbifk', 'pkosxjv']
['qwcwszq', 'hwprfxd', 'jnfpvkg', 'nrctxxu', 'noyikuy', 'xxqfkzr', 'ytvwmpd', 'asyegiw', 'dlfncva', 'aslzxho', 'ptcbphe', 'tqjelgo', 'douqsoq', 'ksjmenx', 'zxlpndu', 'uhhhxgy']
['tfsfpnw', 'yqtlogi', 'bfonhts', 'amfrehb', 'cmlcnuo', 'qgpciwf', 'zmgjecs', 'qifpupk', 'capkmzr', 'ypwfljl', 'uekjkik', 'njoxkmb']
['dnxxgal', 'xabjjff', 'tdrolvx', 'hutontm', 'xuppdvy', 'ntanocw', 'mbzuntj', 'efrtcpo', 'lcmynyw', 'glkfhro', 'ohgorzn', 'nbhknmw', 'urujvnn', 'xaawrda', 'vxktmpe', 'ulqqnrx']
['mirwseo', 'edebgoj', 'uckdnaa', 'jmjdmxv', 'awftunn', 'idyyroc', 'kpqzpfs', 'vvwlixv', 'omyynfi', 'pjsyeez', 'yoqrhdw']
['azzpyql', 'wxbassh', 'hrmwoaf', 'nzhlxzk', 'ljqttnn', 'jrguwdk', 'vvjtuhb', 'hvnuihp', 'iuddtax', 'ciynmhw', 'rbwdwlz', 'zxijrwr', 'goxywvb']
['nsjgubf', 'wznyiaw', 'ktyynlr', 'lfxhllc', 'gmapuez', 'eiuywkb', 'weondbg', 'dsvowko', 'ypncztk', 'ehfkaur', 'gevooyy', 'ljllxhw', 'itivxup', 'ygoytty', 'zvuccyi']
