['0', '30', '41', '60', '71', '90', '120', '150', '180', '191', '210', '240', '251', '101', '105', '221', '11', '131', '161']
['1', '61', '65', '121', '125', '151', '181', '185', '211', '241', '245', '5', '91', '94', '95', '155', '215', '68', '271', '295']
['2', '92', '122', '182', '212', '242', '272', '32', '62']
['3', '183', '243', '273', '33', '63', '153', '213', '51', '93', '199']
['4', '154', '184', '244', '274', '34', '64', '78', '124', '152', '214']
['201', '275', '35']
['260']
['7', '37', '67', '97', '127', '157', '187', '217', '247', '204']
['8', '38', '98', '128', '158', '188', '218', '248', '278']
['9', '39', '69', '99', '129', '159', '189', '219', '249', '277', '66']
['10', '40', '100', '130', '160', '190', '220', '280', '70', '279']
['132', '252', '281', '282', '12', '42', '72', '192', '222', '162']
['283', '47']
['13', '43', '73', '103', '133', '163', '193', '253', '134', '223']
['14', '74', '104', '164', '194', '224', '254', '44', '31', '102', '284']
['15', '75', '135', '165', '195', '225', '255', '285', '45']
['16', '36', '76', '106', '126', '136', '156', '166', '186', '196', '216', '226', '246', '256', '276', '6', '46', '96']
['17', '77', '107', '137', '167', '197', '227', '257', '287']
['18', '48', '89', '108', '119', '138', '168', '198', '209', '228', '239', '258', '269', '299', '29', '59', '288', '149']
['19', '49', '109', '139', '169', '229', '259', '292', '289', '79']
['20', '80', '110', '140', '170', '200', '230', '290', '50']
['21', '112', '141', '123', '261', '262', '291', '22', '171', '231', '250', '81', '111', '172', '202', '232', '52', '82', '142']
['203']
['23', '53', '83', '113', '143', '173', '233', '263', '293']
['24', '54', '114', '144', '174', '234', '264', '294', '84']
['25', '297', '298', '55', '85', '115', '145', '175', '205', '235', '265']
['146', '206', '236', '296', '56', '116', '266', '176', '26']
['27', '87', '117', '147', '177', '207', '237', '267', '57', '86']
['28', '148', '178', '208', '238', '268', '58', '88', '118']
['270', '179', '286']
