['MPYJWG', 'W', 'EU', 'ZULMQ', 'M', 'D', 'WZ', 'HO', 'MOOKF', 'COYVMU', 'L', 'EMP', 'ZVWR', 'AZN', 'SGY', 'QNN', 'ZIIN', 'KW', 'ETBLO', 'PQ']
['TGKUE', 'MYSMZ', 'NS', 'SHT', 'BHT', 'ERR', 'EHXPLS', 'CCIYM']
['BAVHR', 'VHUHI', 'N', 'GDGZN', 'TSSNJ', 'LZLFY', 'CTRFIJ', 'WK', 'JP', 'ACYQN', 'JBJS', 'QREJV', 'Y', 'WFWU', 'XLVUF']
['QGUYKQ', 'X', 'T', 'C', 'ZHCQG', 'MM', 'NGUN', 'ICLIT', 'HJW', 'BNC', 'MV', 'GDFI', 'SY', 'J', 'AL', 'EVDQNK', 'WAXWZU', 'TUB']
['LNMCTV', 'GCSAZH', 'YEBV', 'HOQPX', 'WVHKC', 'VWK', 'WWF', 'FSZNT', 'QE', 'UXXBYF', 'UEKXJH', 'EYVVY', 'AH', 'HGT', 'TGDTND', 'NDMQJ', 'IYCHS', 'BX', 'VOLULU', 'UVUBDR']
['ZDYFZU', 'RQRWJT', 'HH', 'OVM', 'OYDEJ', 'ARYSPZ', 'IGSXN', 'PE', 'KBV', 'FVMBV', 'NJAA', 'FGPZAA', 'V', 'PBRPX', 'MISGHL', 'EWAZF', 'TAN', 'JN', 'OIA', 'RWHILI']
['A', 'LZQ', 'AFH', 'IE', 'MRT', 'B', 'DJC', 'DCBWSF', 'GFNZL', 'OFIPP', 'NP', 'PHS', 'FLLJ', 'KFYTH', 'QYC', 'MICOE', 'VYBQIM', 'CNYXMO', 'EVTLXI', 'BFZ']
['WTGA', 'UBWSTW', 'WELF', 'JCEYOL', 'DFGWZZ', 'HMURVX', 'KCQRDN', 'UI', 'CAED', 'IMB', 'YOGJ', 'KLQR', 'UK', 'YXEJT', 'DQQ', 'XU', 'OTXCZH', 'H', 'FBW', 'JNJNE']
['GI', 'TXCK', 'OYJLB', 'G', 'CVSPP', 'IWP', 'I', 'NAIN', 'BBB', 'PRYXX', 'RKCPEP', 'MWKWWN', 'JL', 'NVLNXP', 'P', 'EP', 'NDF', 'UXBDM']
['OHZYQ', 'PIGBG', 'QBB', 'EYEWXP', 'MK', 'GBSI', 'SBM', 'TZTCA', 'DEXTSN', 'RUC', 'UBYG', 'AW', 'SRJZQ', 'NDLUNW', 'FJTW', 'LY', 'HDJL', 'BSAEQ', 'VL']
['TN', 'QDMX', 'ET', 'BHKK', 'RWO', 'LWIA', 'NZDAU', 'VYGES', 'ZW', 'YK', 'MXSFK', 'QKT', 'HLT', 'AB', 'JSMAHJ', 'XEAARR', 'YDDS', 'QNKIQE', 'JUXOIJ', 'MLDT']
['YFFNQ', 'BW', 'KFBC', 'QROYGT', 'AY', 'LW', 'DRLM', 'AR', 'SUPLJO', 'TTV', 'TQWWLG', 'FCB', 'SU', 'HHCPMB', 'JCM', 'SEWIVO', 'LJSX', 'HTA', 'TJU', 'OL']
['UIUBC', 'BGB', 'CFG', 'LQ', 'EM', 'FPPMUW', 'DJS', 'LTHESD', 'UU', 'ZQAULZ', 'CN', 'USZM', 'XS', 'ZTR', 'BQIFGG', 'KRXDGO', 'WCZSB', 'TOR', 'FXAQ', 'NDZ']
['ZVKC', 'EDAKUV', 'LHILT', 'AZGCQ', 'FAF', 'ZJUCNC', 'XFGUIZ', 'XINMR', 'TB', 'Z', 'ZAP', 'FP', 'O', 'CHR', 'NO', 'OC', 'THMU', 'OQV', 'RZU']
['GUOYX', 'XVU', 'DVVKX', 'S', 'ZYFXQ', 'HSHY', 'NTMT', 'ZTK', 'AEV', 'TXNP', 'TYQL', 'E', 'TCBKQ', 'NBJL', 'MYN', 'NMU', 'ZHDBW', 'ETSAG', 'WBPB', 'U']
['POL', 'IU', 'KMU', 'BJ', 'YO']
['CRAQYE']
['AQDX', 'MY', 'HPXSSF', 'KAZEK', 'QIZWG', 'ANW', 'OEJ', 'ODIF', 'KKFPQ', 'DBGM', 'EJOR', 'VCFLXV', 'FAL', 'FWRV', 'ORJB', 'SK', 'DLJMZC', 'WPRTBZ', 'XT']
['BPZAJ', 'YQ', 'KPXJFJ', 'PJG', 'HDJIQ', 'RM', 'AJDT', 'KJHR', 'TRXUD', 'CMB', 'MMUK', 'JJ', 'YII', 'UJ', 'JMYQEA', 'XLWRB', 'QREJG']
['UHTMG']
