['270', '0', '2', '3', '5', '18', '21', '23', '26', '27', '29', '30', '36', '38', '41', '42', '66', '84', '122', '127', '140', '152', '185', '190', '13', '75', '104', '183', '235', '236', '280', '282', '291', '8', '14', '35', '61', '76', '102']
['271', '45', '49', '50', '51', '53', '54', '59', '62', '63', '64', '65', '67', '68', '70', '71', '73', '115', '143', '192', '205', '227', '287', '293', '1', '10', '57', '77', '85', '96', '113', '132', '133', '134', '160', '161', '168', '179', '218']
['272', '117', '118', '119', '120', '124', '125', '144', '145', '146', '147', '150', '184', '199', '202', '209', '228', '233', '253', '289', '4', '17', '47', '60', '78', '101', '106', '123', '138', '158', '166', '186', '206', '211', '269', '276', '292', '69', '248']
['81', '82', '83', '86', '87', '88', '89', '90', '91', '92', '93', '94', '95', '98', '99', '100', '103', '105', '108', '109', '111', '114', '240', '273', '11', '187', '210', '9']
['274', '207', '208', '212', '213', '214', '216', '217', '220', '222', '223', '224', '232', '245', '298', '79', '121', '130', '136', '151', '163', '237', '239', '264', '265', '43', '178', '234', '242', '25', '33', '107', '135', '221']
['275', '12', '19', '44', '116', '137', '195', '196', '200', '204', '278', '279', '283', '285', '286', '294', '295', '299', '6', '22', '24', '28', '31', '32', '34', '37', '39', '40', '46', '48', '52', '55', '56', '58', '139', '266', '281', '16', '219']
['241', '243', '244', '246', '247', '249', '250', '251', '252', '254', '255', '256', '257', '259', '260', '261', '262', '267', '268', '288', '258']
['277', '155', '191', '193', '7', '20', '80', '189', '197', '74', '142', '194', '72']
['226']
['128']
['112']
['153', '154', '156', '157', '159', '162', '165', '169', '170', '171', '172', '173', '174', '175', '176', '177', '167']
['110']
['126', '129', '131']
['284']
['164']
['180', '181', '188', '182']
['15']
['149']
['215']
['148']
['225', '230', '231', '229']
['141']
['198', '203', '201']
['263']
['238']
['296']
['297']
['97']
['290']
