['CQ', 'JF', 'BJ', 'EJ', 'NG', 'PJ', 'PL', 'LU', 'NC', 'SZ']
['QT', 'BO', 'NK', 'BX', 'DR', 'HZ', 'IV', 'HR', 'JV', 'HD']
['BH', 'EH', 'IR', 'HP', 'KU', 'PV', 'M', 'X', 'DZ', 'DN']
['HY', 'HC', 'QV', 'NU', 'MD', 'HI', 'DA', 'OD', 'KK', 'CN']
['OS', 'NT', 'ER', 'CP', 'LY', 'RR', 'Q', 'F', 'JK']
['FX', 'MQ', 'PG', 'A', 'OA', 'PN', 'RW', 'GW', 'MN', 'IB']
['BD', 'FO', 'HO', 'QO', 'EE', 'SA', 'BI', 'DF', 'GL', 'SB']
['GB', 'CD', 'PY', 'NV', 'LV', 'KX', 'CA', 'OB', 'SU', 'PR']
['II', 'OE', 'MV', 'BZ', 'MX', 'FM', 'KS', 'JI', 'FB']
['TA', 'JG', 'LD', 'NZ', 'SW', 'CV', 'GA', 'GM', 'JM', 'IE']
['KY', 'KR', 'MS', 'LJ', 'LB', 'QL', 'EK', 'BM', 'SX']
['BE', 'LN', 'DO', 'FY', 'SL', 'EG', 'EQ', 'L', 'U', 'MR']
['MG', 'SM', 'JD', 'QX', 'CE', 'QK', 'NF', 'JO', 'JP', 'Z']
['JQ', 'GE', 'QU', 'JE']
['MI']
['IO', 'IG', 'BC', 'NL', 'RA', 'IJ', 'RP', 'ED', 'CO', 'GY']
['CU', 'BU', 'OG', 'SE', 'MJ']
['O', 'LI', 'Y', 'EL', 'QA', 'EZ', 'PD', 'FC', 'RK', 'EX']
['LQ', 'GG', 'GD', 'HG', 'IK', 'OX', 'ID', 'IU', 'GH', 'CL']
['BR', 'I', 'RB', 'FG', 'DM', 'FV', 'SV', 'EN', 'SH', 'MM']
['OC']
['QQ', 'FP', 'DQ', 'IW', 'RY', 'CS', 'RX', 'DG', 'BA', 'PM']
['GI', 'CI', 'EF', 'JB', 'SP', 'MB', 'JC', 'FQ', 'OQ', 'HM']
['FT']
['GJ']
['MC']
['PP', 'J', 'IS', 'KF', 'HN', 'EW', 'IH', 'GN', 'SD', 'PQ']
['IF', 'BV', 'C', 'H', 'ML', 'OO', 'FH', 'QC', 'JA']
['RS', 'QD', 'QP', 'BP', 'RE', 'IM', 'JR', 'JU', 'OV', 'TB']
['IX', 'NQ', 'SY', 'HV', 'CK', 'PT', 'HF', 'QZ']
['JJ', 'BT', 'FD', 'NA', 'MP', 'IT', 'CY', 'QJ', 'K', 'GS']
['HT', 'LF', 'LL', 'CC', 'PU', 'CR', 'SK', 'LP', 'DB']
['RH', 'HJ', 'EV', 'HE', 'SN', 'NH', 'DT', 'MA', 'BB']
['FA', 'OH', 'OK', 'G', 'KH', 'OU', 'JT', 'FZ', 'KW', 'N']
['CJ', 'MT', 'DX']
['NP', 'RG', 'SO', 'NI']
['HH', 'DS', 'JW', 'FU', 'PS', 'MH', 'OL', 'NX', 'HL', 'FN']
['IQ', 'HX', 'RO', 'OZ', 'IY', 'OR', 'MU', 'KA', 'PB', 'W']
['EU', 'GU', 'OM', 'DP', 'PF', 'ES', 'MY', 'S']
['TF', 'NY', 'DD', 'GX', 'NO', 'FW', 'LA', 'ET', 'RC', 'IP']
['EP']
['BY']
['SF', 'IN', 'QM', 'IA', 'CW', 'GP', 'NM', 'QN', 'DH', 'GZ']
['CZ', 'GO', 'GC', 'T']
['HB']
['MF']
['RU']
['QH', 'KL']
['SQ', 'EA', 'CB', 'KV', 'PX', 'QF', 'QB', 'MZ', 'HA']
['RQ', 'OY', 'FE', 'LZ', 'SR', 'LW', 'LK', 'KQ', 'CT', 'DI']
['BS', 'RF', 'OJ', 'JL', 'EY', 'RJ', 'GK', 'JZ', 'SI']
['FS', 'NR', 'B', 'NE', 'MK', 'HK', 'NW']
['IL']
['RI', 'IC', 'GF', 'TC', 'P', 'LO', 'CM', 'RL', 'QR', 'QY']
['CF', 'CH', 'HS', 'OF', 'D', 'IZ', 'OP', 'E', 'EC', 'TE']
['LE', 'LM']
['DK']
['PK', 'ST', 'SC', 'KG', 'KC', 'PO']
['ND']
['KD']
['DL']
['QS']
['OI']
['KE']
['ON']
['PE']
['FK']
['JN']
['QW', 'NS', 'EB', 'NN', 'KN', 'SS', 'GR', 'V', 'DW', 'RT']
['HU']
['JS']
['FF']
['BW', 'HW', 'BG', 'LX', 'KB', 'KO', 'GT', 'CG', 'LT', 'OT']
['LR']
['MW']
['FL', 'KJ', 'DV', 'PH', 'GQ', 'DJ', 'PC', 'PA', 'OW', 'RD']
['DY']
['KP', 'BQ', 'NB', 'DE', 'TD', 'RV']
['LC']
['FI']
['PW']
['JH']
['DU']
['KZ']
['NJ']
['CX']
['EI']
['R']
['MO']
['BL', 'SJ', 'KI']
['GV']
['PZ']
['QI']
['LG', 'BF', 'EM', 'JX', 'KT', 'LS', 'RZ', 'FR', 'QE', 'FJ']
['DC', 'SG', 'LH', 'ME', 'EO', 'BN', 'PI', 'BK', 'QG']
['HQ']
['JY']
['KM']
['RN']
['RM']
