['Kristina', 'Dawn', 'Brittany', 'Latonya', 'Ladonna', 'Lorenzo', 'Melanie']
['Rory', 'Houston', 'Scotty', 'Hector', 'Pamela', 'Krista', 'Josephine']
['Kim', 'Larry', 'Tommy', 'Kelli', 'Irene', 'Norma', 'Tanya']
['Maybell', 'Hilton', 'Salvatore', 'Marta', 'Desiree', 'Johnny', 'Regina']
['Paul', 'Loretta', 'Walter', 'Kenneth', 'Clifford', 'Patsy', 'Cheri']
['Jonathan', 'Kathryne', 'Rocio', 'Henry', 'Ernest', 'Jayne', 'Joan']
['Bernard', 'Fredrick', 'Dolores', 'Cathleen', 'Carlos', 'Michelle', 'Steven']
['Argentina', 'Daniel', 'Matilda', 'Marion', 'Amanda', 'Pauline', 'Lillie']
['Mitchell', 'Cheryl', 'Alonzo', 'Dennis', 'Mario', 'Chris', 'Andre']
['Isabelle']
['Lakesha', 'Benjamin', 'Katrina', 'Lowell', 'Jewel', 'James', 'William']
['Randall', 'Damian', 'Maureen', 'Tonya', 'Claire', 'Mildred', 'Billie']
['Darryl', 'Jeffrey', 'Megan', 'Harriet', 'Nellie', 'Janet', 'Joyce']
['Gilbert', 'Ruthie', 'Edward', 'Alex', 'Shelly', 'Antonietta', 'Cara']
['Lidia', 'Kathryn', 'Stanley', 'Anita', 'Carl', 'Craig', 'Pearl']
['Ethel', 'Victor', 'David', 'Cesar', 'Albert', 'Joy', 'Dena']
['Jodi', 'Ella', 'Earl', 'Derrick', 'Stacy', 'Louise', 'Guadalupe']
['Tracy']
['Toni', 'Christine', 'Emily', 'Jane', 'Gladys', 'Lauren', 'Sarah']
['Kristen', 'Emilee', 'Jacqueline', 'Mireya', 'Lena', 'Ashley', 'Phyllis']
['Marybeth', 'Paula', 'Teresa', 'Susan', 'Louis', 'Frances', 'Shirley']
['Barbra', 'Antoinette', 'Julius', 'Vicente', 'Cedric', 'Jewell', 'Ronald']
['Leigh', 'Kurt', 'Patricia', 'Chelsea', 'Debra', 'Elvera', 'Kenny']
['Cyndy', 'Jessie', 'Mae', 'Harriett', 'Bernie', 'Alice', 'Marla']
['Timothy', 'Catherine', 'Debbie', 'Carole', 'Sandra', 'Jasmine', 'Grace']
['Roberto', 'Melony', 'Leola', 'Allen', 'Rachel', 'Ralph', 'Fred']
['Corinne', 'Carrie', 'Tim', 'Joel', 'Mavis', 'Barry', 'Eric']
['Merle', 'Alan', 'Devon', 'Lisa', 'Fletcher', 'Christian', 'Phillip']
['Maria', 'Samuel', 'Beatrice', 'Curtis', 'Helen', 'Sally', 'Russel']
['Rebecca', 'Janice', 'Beatriz', 'Weldon', 'Virgie', 'Colin', 'Johnnie']
['Sam', 'Hildegard', 'Rafael', 'Deborah', 'Brandon', 'Carol', 'Philip']
['Melvin', 'Tom', 'Mei', 'Gregory', 'Lela', 'Tommie', 'John']
['Sheila', 'Kelvin', 'Lucille', 'Jammie', 'Gerald', 'Elizabeth', 'Lorena']
['Joseph', 'Ericka', 'Frank', 'Gene', 'Fay', 'Cynthia', 'Darrin']
['Arline', 'Patrick', 'Mari', 'George', 'Beverly', 'Evan', 'Rhonda']
['Julia', 'Kathleen', 'Ricardo', 'Gloria', 'Arturo', 'Mona', 'Shane']
['Jonathon', 'Wilfredo', 'Cameron', 'Evelyn', 'Marie', 'Laurie', 'Brenda']
['Raymond']
['Ruth', 'Terry', 'Robert', 'Stephen', 'Rena', 'Wade', 'Lester']
['Hugo', 'Dewayne', 'Justine', 'Levi', 'Kelly', 'Donna', 'Alberta']
['Heather', 'Edwin', 'Justin', 'Patrice', 'Bessie', 'Sara', 'Olive']
['Hillary']
['Christopher', 'Barbara', 'Kristine', 'Matthew', 'Marcus', 'Johnathan', 'Joe']
['Zachary', 'Martin', 'Dan', 'Erma', 'Dottie', 'Renee', 'Maxine']
['Lottie', 'Victoria', 'Stephanie', 'Steve', 'Jim', 'Carroll', 'Lawrence']
['Carlton', 'Tomas', 'Lizzie', 'Gail', 'Felipe', 'Robin', 'Shawna']
['Kay', 'Byron', 'Joshua', 'Harold', 'Gale', 'Randy', 'Gordon']
['Keith', 'Monica', 'Gerard', 'Bernice', 'Carolyn', 'Eva', 'Carla']
['Kyle', 'Roy', 'Geraldine', 'Warren', 'Sheldon', 'Lexie', 'Lori']
['Angel', 'Gary', 'Noma', 'Leo', 'Karen', 'Erik', 'Danielle']
['Anna', 'Molly', 'Iris', 'Jeanette', 'Luis', 'Crystal']
['Eunice', 'Erica', 'Douglas', 'Todd', 'Jerry', 'Dorothy']
['Dwayne', 'Samantha', 'Daphne', 'Adrian', 'Arthur', 'Carina', 'Nicholas']
['Trenton', 'Roger', 'Eduardo', 'Bruce', 'Esta', 'Mary', 'Lucy']
['Nancy', 'Jeffery', 'Jean', 'Charles', 'Jeff', 'Frida', 'Richard']
['Casandra', 'Lorene', 'Vanessa', 'Andrea', 'Vera', 'Tammy', 'Delia']
['Oscar', 'Doris', 'Katie', 'Milton', 'Marge', 'Annie', 'Martha']
['Isaac']
['Deandre']
['Rod', 'Ivan', 'Bobby', 'Katherine', 'Anne', 'Blanche', 'Peter']
['Quentin', 'Chester', 'Brooks', 'Virginia', 'Jami', 'Kimberly', 'Peggy']
['Newton']
['Rueben']
['Carmen', 'Sheryl', 'Thomas', 'Manuel', 'Aron', 'Harry', 'Jason']
['Jessica']
['Sharon']
['Jennifer']
['Miriam']
['Wanda']
['Pat']
['Jeremy']
['Mark']
['Vickie']
['Antonio']
['Shaun']
['Vicky']
['Colleen']
['Clyde']
['Adam']
['Anthony']
['Brian', 'Esther', 'Myra', 'Heidi', 'Jerome', 'Linda', 'Doretha']
['Claudia']
['Rick']
['Cindy']
['Mamie']
['Tiara']
['Theresa']
['Lydia']
['Ted', 'Austin', 'Clara', 'Michael', 'Diane', 'Matt', 'Brett']
['Juan']
['Shawn']
['Reggie']
['Raquel']
['Tabatha']
['Aileen']
['Sulema']
['Cleo']
['Julie']
['Minnie']
['Ada']
['Bonita']
['Hazel']
['Josie']
['Charlotte']
['Maryann']
['Thelma']
['Shante']
['Porfirio']
['Abdul']
['Betty']
['Vance']
['Donald']
['Laura']
['Melissa']
['Lacey']
['Ray']
['Christiana']
['Lucia']
['Nathaniel']
['Margaret', 'Horace', 'Alvin', 'Bernadette', 'Emerson', 'Roberta', 'Wilbur']
['Judith']
['Marjorie']
['Esperanza']
['Octavia']
