['14', '15', '16', '17', '25', '12', '13', '29']
['39', '40', '41', '42', '51', '38', '54', '52', '53', '37']
['61', '55', '57', '58', '59', '60', '68', '104', '70', '56']
['100', '101', '102', '103', '105', '106', '107', '108', '109', '110']
['111', '113', '114', '115', '116', '118', '154', '217', '117']
['136', '131', '132', '133', '134', '135', '137', '138', '139', '140']
['141', '142', '143', '144', '145', '147', '148', '149', '146']
['193', '194', '195', '197', '198', '199', '201', '196', '203', '204']
['150', '151', '152', '153', '157', '158', '159', '160', '156', '155']
['243', '244', '245', '247', '248', '249', '246']
['18', '19', '21', '22', '23', '24']
['162', '163', '164', '165', '166', '167', '168', '161']
['181', '182', '183', '184', '187', '188', '190', '122', '186', '185']
['191']
['121', '119', '120', '123', '124', '125', '126', '127', '128', '129']
['192']
['171', '172', '173', '174', '175', '176', '177', '178', '170', '169']
['205', '206', '207', '208', '209', '200', '211', '202', '210', '218']
['221', '212', '213', '214', '215', '216', '219', '220', '222', '223']
['224', '225', '226', '227', '229', '230', '228']
['2', '0', '3', '5', '6', '7', '8', '9', '10', '11']
['231', '232', '233', '234', '235', '237', '238', '239', '240', '236']
['241', '65', '67']
['242']
['20']
['64']
['27', '26', '28', '30', '31', '32', '33', '34', '35', '36']
['189']
['1', '4']
['44', '43', '46', '47', '48', '49', '45']
['50']
['91']
['180']
['62', '66', '73', '74', '75', '76', '78', '71', '77', '79']
['63']
['69']
['112', '179']
['72']
['80', '81', '82', '83', '84', '85', '88', '89', '86', '87']
['90', '92', '93', '94', '95', '97', '99', '96', '98', '130']
