['0', '1', '2', '6', '17', '19', '20', '21', '28', '32', '34', '41', '43', '47', '79', '88', '105', '106', '109', '11', '14', '16', '24', '38', '50']
['192', '77', '78', '84', '90', '96', '112', '119', '122', '124', '126', '156', '161', '166', '168', '170', '179', '185', '91', '103', '108', '190', '195', '202', '228']
['107', '111', '114', '116', '121', '123', '127', '128', '178', '227', '233', '25', '58', '191', '30', '139', '149', '188', '206', '214']
['35', '51', '52', '55', '59', '61', '62', '68', '69', '70', '72', '74', '83', '92', '95', '97', '98', '75', '86', '100', '117', '135', '138', '141', '104']
['27', '29', '33', '36', '37', '39', '42', '44', '45', '46', '48', '56', '57', '60', '65', '67', '71', '80', '85', '87', '93', '102', '53', '54', '199']
['157', '162', '164', '165', '174', '186', '198', '208', '223', '232', '242', '18', '23', '26', '171', '173', '177', '181', '203', '219', '12', '22', '175']
['176']
['64']
['231', '182', '183', '187', '193', '196', '200', '204', '205', '220', '225', '234', '237', '197', '212', '217', '224', '236', '240', '4', '8', '10', '13']
['9', '180', '210', '211', '213', '215', '216', '221', '222', '226', '229', '194', '249', '31', '89', '101', '115', '118', '120', '125', '130', '136', '140', '235']
['238', '239', '243', '244', '246', '248', '3', '7', '15', '66', '76', '81', '245', '49', '94', '99', '110', '113', '137', '241', '247', '73', '82', '40', '144']
['209']
['201']
['218']
['5']
['184', '129', '131', '132', '133', '134', '143', '145', '146', '147', '148', '150', '151', '152', '153', '154', '155', '158', '159', '163', '142', '160', '172', '167', '169']
['207']
['63']
['189']
['230']
