['46', '47', '48', '49', '50', '51', '54', '55', '234', '1', '56', '57']
['58', '59', '60', '61', '62', '63', '65', '66', '120']
['232', '352', '353', '354', '355', '356', '357', '358', '384', '385', '386', '366']
['233', '360', '361', '362', '363', '364', '365', '367', '368', '369', '350', '370']
['4', '67', '68', '69', '70', '71', '72', '73', '74', '75', '76', '77']
['372', '373', '374', '375', '376', '377', '378', '379', '64', '246', '380', '387']
['235', '388', '389', '52', '381', '382', '359', '371', '383']
['78', '79', '80', '81', '83', '84', '85', '86', '87', '88', '138', '200']
['236', '390', '391', '392', '393', '394', '395', '396', '397', '398', '399', '351']
['89', '90', '91', '92', '93', '94', '95', '96', '97', '99', '169', '201']
['237', '403', '404', '405', '406', '407', '408', '409', '147', '430', '431', '432']
['238', '410', '411', '412', '413', '414', '415', '416', '417', '418', '419', '402']
['100', '101', '102', '103', '104', '105', '106', '107', '108', '109', '13']
['239', '420', '421', '422', '423', '424', '425', '426', '427', '428', '429', '400']
['240', '433', '435', '436', '437', '438', '439', '118', '53', '434']
['15', '111', '112', '113', '114', '116', '117', '119', '121', '45', '230', '110']
['241', '440', '441', '442', '443', '444', '445', '446', '447', '448', '449', '401']
['242', '456', '457', '458', '459', '151', '484', '492']
['122', '124', '125', '126', '127', '128', '129', '130', '131', '132', '19', '18']
['243', '460', '461', '462', '463', '464', '465', '466', '467', '468', '469', '123']
['133', '134', '135', '136', '137', '139', '140', '141', '82', '148', '174', '223']
['244', '470', '471', '472', '473', '474', '475', '476', '477', '478', '479', '455']
['245', '480', '481', '482', '483', '485', '486', '487', '488', '489', '453', '454']
['23', '144', '145', '146', '149', '150', '152', '153', '154', '142', '143']
['490', '491', '493', '494', '495', '496', '497', '498', '499', '451', '450', '452']
['25', '247', '2', '3', '5', '6', '7', '8', '9', '10', '11', '12']
['155', '156', '157', '159', '160', '161', '162', '163', '164', '165']
['27', '248', '14', '16', '17', '20', '21', '22', '24', '26', '28', '29']
['249', '231']
['166', '167', '168', '170', '171', '172', '173', '175', '176', '30', '31', '177']
['252', '253', '254', '255', '256', '257', '258', '259', '260', '296', '297', '261']
['178', '179', '180', '181', '182', '183', '184', '186', '187', '158']
['262', '263', '264', '265', '266', '268', '269', '270', '271', '250', '272', '273']
['274', '275', '276', '277', '278', '279', '281', '282', '98', '280', '288', '298']
['188', '189', '190', '191', '192', '193', '194', '195', '196', '197', '198', '35']
['283', '284', '285', '286', '287', '289', '290', '291', '293', '251', '294', '295']
['299', '292', '310', '267', '330', '335']
['199', '202', '203', '204', '205', '206', '207', '208', '209', '185', '39']
['305', '306', '309', '311', '312', '313', '314', '315', '349', '302', '308', '303']
['316', '317', '318', '319', '320', '321', '322', '323', '324', '325', '326', '300']
['210', '211', '212', '213', '214', '215', '216', '217', '218', '219', '220']
['327', '328', '329', '331', '332', '333', '334', '336', '337', '115', '304', '307']
['221', '222', '224', '225', '226', '227', '228', '229']
['338', '339', '340', '341', '342', '343', '344', '345', '346', '347', '348', '301']
['44', '32', '33', '34', '36', '37', '38', '40', '41', '42', '0', '43']
