['442', '80', '107', '114', '117', '120', '124', '126', '128', '130', '134', '84', '92', '110', '111', '112', '166', '176', '205', '82', '231', '283', '321', '136', '200', '332', '340', '361', '416', '482']
['75', '76', '85', '89', '93', '94', '97', '99', '101', '108', '109', '95', '159', '161', '168', '216', '223', '232', '244', '151', '169', '173', '247', '285', '301', '348', '352', '206', '280', '131']
['284', '152', '196', '199', '224', '225', '228', '234', '241', '243', '211', '281', '291', '294', '303', '320', '342', '345', '357', '399', '254', '427', '435', '474', '488', '132', '353', '356', '460']
['34', '153', '256', '447', '450', '454', '456', '462', '464', '467', '411', '458', '484', '489', '494', '4', '18', '31', '62', '135', '138', '180', '212', '230', '479', '3', '133', '129', '245']
['51', '154', '155', '156', '157', '164', '170', '171', '172', '174', '177', '179', '181', '182', '183', '185', '191', '207', '222', '226', '240', '248', '263', '279', '300', '312', '178', '313', '364', '20']
['186', '293', '298', '307', '308', '309', '310', '315', '316', '319', '328', '336', '338', '373', '382', '388', '422', '434', '436', '449', '451', '496', '5', '22', '102', '370', '54', '113', '118', '455']
['289', '409', '208', '235', '268', '273', '326', '461', '8', '100', '262', '344', '420', '11', '17', '28', '68', '392', '36', '198', '296', '335']
['453', '246', '290', '444', '1', '19', '59', '79', '90', '147', '148', '162', '165', '209', '214', '339', '398', '407', '463', '468', '37', '74', '141', '160', '257', '349', '219', '410', '486']
['497', '187', '190', '193', '194', '195', '213', '218', '258', '267', '274', '276', '317', '341', '351', '381', '385', '397', '403', '429', '431', '443', '242', '333', '346', '402', '445', '67', '229', '415']
['7', '25', '30', '60', '78', '115', '203', '239', '390', '396', '425', '466', '32', '57', '233', '12', '43', '58', '329', '355']
['21', '40', '42', '44', '45', '50', '53', '55', '56', '61', '63', '65', '88', '96', '122', '140', '145', '175', '83', '86', '189', '202', '237', '264', '323', '343', '73', '413']
['471', '475', '477', '478', '481', '483', '490', '491', '492', '493', '495', '304', '380', '441', '26', '52', '146', '158', '192', '197', '318', '331', '91']
['249', '259', '260', '265', '269', '270', '272', '275', '277', '278', '282', '286', '299', '306', '330', '375', '395', '401', '424', '439', '452', '470', '485', '15', '29', '116', '287']
['250', '379', '383', '384', '386', '387', '393', '394', '404', '201', '419', '448', '457', '476', '49', '363']
['33', '39', '72', '137', '139', '149', '150', '105', '106', '163', '167', '184', '188', '204', '210', '221', '35', '41', '302', '400', '405', '472', '127']
['238', '378', '412', '498', '87', '217', '314', '337', '368', '376', '391', '446', '23', '64', '70', '325', '360', '121', '487', '16']
['252', '406', '417', '426', '428', '433', '437', '438', '440', '251', '421', '459', '10', '38', '81', '103', '266', '9']
['271', '322', '324', '334', '408', '465', '473', '14', '377', '423', '66']
['292', '350', '354', '358', '359', '362', '365', '367', '369', '371', '372', '297', '311', '389', '430', '432', '469', '480', '0', '6', '24', '48', '69', '125', '2', '366', '374']
['305', '255', '414', '499', '13', '46', '77', '119', '123', '142', '143', '144', '220', '227', '236', '253', '261', '288', '327', '347', '418', '98', '104', '295', '27', '71', '215', '47']
