['4', '0', '1', '3', '6', '7', '16', '17', '18', '19', '20', '21', '22', '5', '2']
['50', '51', '52', '53', '58', '59', '60', '15', '61', '40', '41', '44', '45']
['255', '263', '264']
['65', '68', '69', '78', '79', '83', '84', '66', '67', '70', '72', '77', '63', '80']
['107', '123', '125', '128', '129', '130', '122', '99', '106', '120', '121', '126', '95', '98']
['29', '30', '31', '32', '33', '34', '37', '38', '35', '36', '46', '47', '14', '48', '39', '49']
['110', '111', '113', '114', '116', '117', '112', '102', '115', '118', '119', '101', '103', '105']
['137', '141', '142', '143', '144', '145', '146', '150', '151', '152', '132', '133', '149', '134', '136']
['153', '154', '155', '156', '157', '158', '159', '160', '161', '163', '164', '138', '172', '173', '174', '175']
['167', '168', '176', '178', '179', '180', '181', '182', '183', '166', '177', '165']
['169', '184', '185', '186', '187', '188', '189', '191', '192', '194', '147', '148', '135', '193', '201', '202']
['42', '43', '56', '57', '55', '54']
['198', '199', '203', '204', '205', '206', '208', '209', '210', '211', '213', '214', '196', '197', '195', '212']
['200', '215', '216', '217', '218', '219', '220', '221', '222', '223', '225', '226', '227', '234', '235']
['64', '207', '62']
['229', '230', '233', '237', '238', '240', '241', '242', '243', '244', '224', '245', '228', '232', '239']
['231', '247', '248', '249', '250', '251', '252', '253', '256', '257', '81', '246', '254', '71', '82']
['74', '88', '87', '89', '90', '75']
['261', '265', '266', '267', '268', '269', '270', '271', '272', '273', '274', '275', '259', '258', '260', '276']
['262', '277', '278', '279', '280', '281', '283', '285', '287', '282', '286', '294', '295', '296']
['104']
['73', '85', '86', '91', '92', '93', '94', '96', '100', '97', '108', '109', '124', '76']
['291', '292', '299', '300', '301', '302', '303', '304', '305', '306', '307', '290', '289', '298']
['293', '162', '170', '171', '308', '309']
['236']
['8', '9', '10']
['297']
['288']
['284']
['190']
['24', '25', '26', '12', '13', '27', '28', '131', '139', '140', '11', '23', '127']
