['5', '9', '22', '39', '130', '148', '150', '180', '183', '73']
['64', '71', '18', '96', '112', '422', '109', '138', '162']
['457', '17', '29', '58', '111', '325', '497', '258', '462']
['41', '44', '46', '36', '149', '224', '336', '340', '209', '490']
['60', '62', '76', '79', '155', '171', '411', '333', '400', '108']
['184', '134', '257', '270', '271', '324', '338']
['313', '84', '93', '105', '120', '187', '239', '259', '229', '281']
['47', '48', '49', '115', '135', '56', '265']
['100', '151', '161', '38', '213', '216']
['146', '172', '179', '181', '207', '89', '275', '355', '461']
['78', '131', '132', '185', '211', '238', '261', '300', '356', '413']
['133', '244', '276', '319', '332', '380', '173']
['165', '61', '83', '86', '97', '113', '124', '174', '339']
['87', '145', '158', '167', '188', '217', '226', '228', '235', '168']
['102', '144', '186', '197', '212', '233', '280', '312', '351', '352']
['201', '222', '139', '272', '303', '306', '404', '464', '11', '77']
['320', '321', '327', '328', '169', '323', '354', '472', '486', '35']
['170', '274', '293', '297', '304', '307', '396', '475', '362', '473']
['232', '255', '260', '246', '291', '331', '360', '388', '434', '485']
['341', '343', '353', '384', '405', '435', '446', '391', '367', '453']
['409', '273', '283', '294', '330', '243', '121']
['335', '402', '406', '471', '479', '2', '129', '160', '240', '290']
['500', '128', '163', '191']
['1', '231', '250', '253', '254', '266', '309', '311', '392', '337']
['6', '221', '230', '241', '247', '427', '23', '125', '140', '373']
['59', '101', '104', '288', '344', '467', '12', '26', '419', '54']
['142', '202', '214', '256', '334', '218']
['176', '268', '314', '287', '423', '432', '491', '40', '103']
['196', '387', '394', '451', '452', '106', '141', '493']
['248', '267', '302', '399', '420', '440', '489', '25', '53', '82']
['345', '219', '220', '242', '296', '389', '408', '441', '454', '460']
['415', '416', '418', '466', '123', '225', '381', '249']
['347', '357', '363', '364', '32', '90', '366', '436']
['439', '444', '447', '468', '470', '13', '15', '28', '425', '152']
['494', '114', '147', '122', '157', '269', '208', '305', '346', '448']
['3', '372', '374', '376', '395', '414', '476', '118', '194', '245']
['30', '348', '390', '33', '94', '153', '469', '55', '398', '189']
['66', '43', '52', '67', '263', '316', '438', '88', '63']
['65', '477', '478', '483', '204', '358', '429', '445', '110', '428']
['382', '488']
['308']
['484', '69', '99', '137', '210', '278', '190', '42', '205']
['301', '350', '379', '412', '298', '487', '206', '200']
['156', '19', '215', '227', '236', '289', '375', '481', '31', '116']
['177', '498', '7', '21', '80', '143', '164', '195', '20', '285']
['193', '14', '75', '91', '237', '359', '397', '403', '433', '437']
['480']
['317', '499', '68']
['284', '198', '223', '482', '365', '495', '315']
['34']
['455', '326', '92', '264', '407', '386', '286']
['368', '37', '70', '85', '119', '182', '383', '322', '127', '465']
['371', '27', '51', '45', '74', '154', '98', '178', '295', '282']
['203', '234', '310', '424', '450', '81', '50', '421']
['442', '95', '126', '166', '192', '199', '318', '426', '443', '417']
['262']
['4', '72', '378', '385', '252', '329', '456', '251']
['10', '107', '117', '136', '159', '175', '342', '361', '401', '449']
['16', '369', '370', '393', '410', '463', '8', '377', '299']
['492', '24']
['474']
['57', '458', '459', '277', '279', '292', '430', '431', '496', '349']
