['Haley', 'Livy', 'Kittie', 'Emelda', 'Kara', 'Doris', 'Dena', 'Dorine', 'Carri', 'Clarissa', 'Beatrice', 'Mair', 'Rhodia', 'Morena', 'Kathleen']
['Gavra', 'Orsa', 'Joelly', 'Alexandrina', 'Marcie', 'Stesha', 'Cheslie', 'Carroll', 'Moyna', 'Estella', 'Drusy', 'Gaby', 'Tiphanie', 'Inga', 'Paulina']
['Kathryn', 'Charmine', 'Erminia', 'Eve', 'Missy', 'Anabelle', 'Fania', 'Patty', 'Marlie', 'Helyn', 'Quintana', 'Veradis', 'Gale', 'Jesse', 'Vicky']
['Cristen', 'Camala', 'Kaitlynn', 'Monique', 'Gae', 'Jorrie', 'Caryn', 'Xylina', 'Chelsy', 'Anabel', 'Faythe', 'Paige', 'Cristabel', 'Mirna', 'Lorie']
['Katti', 'Rivkah', 'Sileas', 'Adriane', 'Harriet', 'Kiele', 'Jaynell', 'Agneta', 'Vanni', 'Hedwiga', 'Alia', 'Leda', 'Marijo', 'Idalina', 'Ranice']
['Claudie', 'Brigitte', 'Roslyn', 'Lesly', 'Winifred', 'Estele', 'Karie', 'Row', 'Austina', 'Charita', 'Yovonnda', 'Ruperta', 'Daphene', 'Shirl', 'Sandie']
['Rosamond', 'Noreen', 'Addi', 'Idelle', 'Frankie', 'Marlena', 'Ansley', 'Tani', 'Georgiana', 'Clemmie', 'Opal', 'Gerry', 'Babara', 'Joanna', 'Ramonda']
['Marcella', 'Diane', 'Tanitansy', 'Sadye', 'Rosana', 'Danni', 'Fernande', 'Nedda', 'Roxane', 'Ulrike', 'Athena', 'Hortense', 'Agnes', 'Kania', 'Tamara']
['Allie', 'Corinne', 'Doroteya', 'Willi', 'Avivah', 'Clemence', 'Kathy', 'Agnese', 'Carla', 'Tiffany', 'Sherrie', 'Andie', 'Shanie', 'Cherilynn', 'Amalee']
['Rowena', 'Meggi', 'Lira', 'Selinda', 'Birgitta', 'Sonni', 'Laverne', 'Erica', 'Elvera', 'Jacqui', 'Stormi', 'Netty', 'Terese', 'Anastassia', 'Risa']
['Dee', 'Colline', 'Jen', 'Kaitlin', 'Fawnia', 'Mechelle', 'Mei', 'Annice', 'Briny', 'Yolanda', 'Dita', 'Georgeanne', 'Jessamyn', 'Gabbie', 'Debora']
['Dotti', 'Rita', 'Reggi', 'Mariellen', 'Nicki', 'Nissie', 'Leanora', 'Josepha', 'Cristionna', 'Dominica', 'Madelena', 'Melinde', 'Lorain', 'Starlin', 'Cindie']
['Silva', 'Neile', 'Yetta', 'Vonni', 'Rosene', 'Eran', 'Bridgette', 'Rhody', 'Casi', 'Teddi', 'Nicoli', 'Oralee', 'Malva', 'Shoshana', 'Nanon']
['Nancie', 'Belle', 'Catha', 'Millisent', 'Myrtle', 'Fredericka', 'Andromache', 'Arlee', 'Tallie', 'Stephannie', 'Desiri', 'Krissy', 'Sile', 'Else', 'Maxie']
['Tim', 'Vinni', 'Sheila', 'Randie', 'Fran', 'Britney', 'Della', 'Bertie', 'Angelica', 'Stefa', 'Johanna', 'Natalya', 'Serena', 'Brook', 'Zulema']
['Kellie', 'Lulu', 'Bekki', 'Edith', 'Dyane', 'Kala', 'Marabel', 'Anabal', 'Noell', 'Kellsie', 'Demetria', 'Eolanda', 'Bonita', 'Corly', 'Bernice']
['Lotte', 'Eulalie', 'Tarra', 'Sada', 'Lorena', 'Peg', 'Flory', 'Sula', 'Marris', 'Agatha', 'Lynnet', 'Janice', 'Jolie', 'Brear', 'Brittan']
['Valli', 'Mufinella', 'Lyda', 'Zenia', 'Alyson', 'Britteny', 'Delly', 'Martina', 'Euphemia', 'Thia', 'Maddalena', 'Cathryn', 'Anette', 'Collete', 'Lisette']
['Mella', 'Latisha', 'Sofie', 'Tiffy', 'Lydie', 'Ingunna', 'Cassondra', 'Diahann', 'Lani', 'Gwennie', 'Korney', 'Aviva', 'Allene', 'Oliy', 'Adiana']
['Ronnica', 'Tamra', 'Matilde', 'Cassandra', 'Pammy', 'Melloney', 'Conchita', 'Julie', 'Marisa', 'Brunhilda', 'Gianina', 'Jemie', 'Yoshi', 'Antonietta', 'Nelie']
