['375', '15', '17', '19', '37', '39', '41', '49', '50', '55', '57', '59', '75', '35', '69', '95', '29', '47', '61', '77']
['379', '62', '63', '67', '70', '76', '79', '99', '119', '139', '159', '199', '219', '259', '72', '179', '279', '339', '359', '399']
['13', '14', '53', '54', '93', '33', '34', '73', '74', '113', '153', '154', '193', '194', '213', '214', '234', '94', '114', '133']
['142', '143', '145', '146', '147', '148', '149', '150', '151', '152', '157', '158', '6', '156', '7', '27', '141', '155']
['121', '122', '123', '125', '128', '129', '130', '131', '132', '134', '135', '136', '137', '138', '2', '282', '302', '22', '127', '322']
['101', '103', '104', '105', '107', '108', '109', '110', '111', '112', '115', '116', '117', '30', '43', '52', '90', '210']
['181', '182', '183', '185', '187', '188', '190', '196', '197', '198', '8', '10', '25', '45', '48', '65', '68', '189', '5', '195']
['397', '81', '82', '83', '85', '87', '88', '89', '91', '92', '97', '102', '42', '71']
['209', '221', '223', '225', '227', '230', '232', '233', '235', '9', '228', '229', '231', '236', '222', '237', '238', '239']
['247', '248', '249', '250', '251', '252', '254', '257', '264', '265', '242', '243', '244', '256', '241', '303', '3', '23', '245', '268']
['266', '267', '269', '270', '271', '272', '273', '274', '276', '277', '281', '283', '284', '261', '262', '275', '21', '263', '301', '304']
['161', '162', '163', '165', '167', '168', '170', '172', '174', '175', '176', '177', '178', '169', '173', '164', '171']
['285', '286', '287', '288', '289', '290', '291', '292', '293', '294', '295', '296', '297', '298', '299', '312']
['337', '305', '306', '307', '308', '309', '310', '311', '313', '314', '315', '316', '317', '318', '319', '321', '323', '324', '325', '327']
['343', '326', '328', '329', '330', '331', '332', '333', '334', '335', '336', '338', '342', '344', '345', '346', '347', '348', '352', '354']
['246', '258', '396', '398', '16', '253', '255', '18', '36', '38', '56', '58', '78', '96', '98', '378', '395', '118', '278']
['191', '192', '201', '202', '203', '205', '206', '207', '208', '211', '215', '216', '217', '11', '212', '218', '12', '31', '32', '51']
['357', '349', '350', '351', '353', '355', '356', '358', '362', '363', '365', '366', '367', '368', '369', '370', '371', '341', '361', '372']
['360', '0', '20', '28', '40', '60', '80', '100', '140', '160', '120', '180', '200', '220', '240', '260', '280', '300', '320', '340']
['373', '374', '376', '377', '380', '381', '383', '384', '385', '386', '387', '388', '390', '392', '393', '394', '1', '382', '389', '391']
['364', '4', '24', '26', '44', '46', '64', '66', '84', '106', '124', '126', '144', '166', '184', '186', '204', '86', '224', '226']
