['WW']
['b', 'aa', 'bb', 'aaa', 'bbb', 'bbbb', 'aaaaa', 'bbbbb', 'aaaaaa', 'bbbbbb', 'aaaaaaa', 'bbbbbbb', 'aaaaaaaa', 'bbbbbbbb', 'c', 'dd', 'ccc', 'ddd', 'cccc', 'dddd', 'ccccc', 'dddddd', 'ddddddd', 'cccccccc', 'dddddddd', 'e', 'eeee', 'fffff', 'eeeeee', 'ffffff', 'eeeeeee', 'fffffff', 'eeeeeeee', 'ffffffff', 'g', 'h', 'gg', 'hh', 'hhh', 'gggg', 'hhhh', 'ggggg', 'hhhhh', 'gggggg', 'hhhhhh', 'ggggggg', 'gggggggg', 'hhhhhhhh', 'xxxx', 'a', 'cc', 'ddddd', 'f', 'ff', 'eeeee', 'ggg', 'cccccc', 'd', 'ccccccc']
['yyyyyyy', 'zzzzzzz', 'yyyyyyyy', 'zzzzzzzz', 'A', 'AA', 'BB', 'AAA', 'BBB', 'AAAA', 'BBBB', 'AAAAA', 'BBBBB', 'AAAAAA', 'AAAAAAA', 'BBBBBBB', 'AAAAAAAA', 'BBBBBBBB', 'C', 'D', 'DD', 'CCC', 'DDD', 'CCCC', 'DDDD', 'CCCCCC', 'DDDDDD', 'CCCCCCC', 'DDDDDDD', 'CCCCCCCC', 'DDDDDDDD', 'F', 'EE', 'FF', 'EEE', 'FFF', 'FFFF', 'EEEEE', 'FFFFF', 'EEEEEE', 'FFFFFF', 'EEEEEEE', 'FFFFFFF', 'EEEEEEEE', 'FFFFFFFF', 'CCCCC', 'zzzzzz', 'CC', 'EEEE', 'O', 'uuuuuuuu', 'yy', 'zz', 'yyyyyy', 'DDDDD', 'zzzzz', 'B', 'BBBBBB', 'E']
['OOOO', 'OOO', 'PPP', 'PPPP', 'OOOOO', 'PPPPP', 'OOOOOO', 'PPPPPP', 'OOOOOOO', 'PPPPPPP', 'OOOOOOOO', 'R', 'QQ', 'RR', 'QQQ', 'QQQQ', 'RRRR', 'QQQQQ', 'RRRRR', 'QQQQQQ', 'RRRRRR', 'QQQQQQQ', 'QQQQQQQQ', 'S', 'TT', 'SSS', 'TTT', 'SSSSS', 'TTTTT', 'SSSSSS', 'TTTTTT', 'TTTTTTT', 'SSSSSSSS', 'TTTTTTTT', 'U', 'V', 'UU', 'VV', 'UUU', 'UUUUU', 'VVVVV', 'UUUUUU', 'VVVVVV', 'UUUUUUU', 'VVVVVVV', 'UUUUUUUU', 'VVVVVVVV', 'P', 'OO', 'PP', 'Q', 'RRR', 'T', 'SS', 'SSSS', 'VVV', 'UUUU', 'TTTT', 'VVVV']
['GGGGG', 'HHHHH', 'HHHHHH', 'GGGGGGG', 'GGGGGGGG', 'HHHHHHHH', 'J', 'JJ', 'III', 'JJJ', 'IIII', 'JJJJ', 'IIIII', 'JJJJJ', 'IIIIII', 'JJJJJJ', 'IIIIIII', 'JJJJJJJ', 'K', 'LLL', 'KKKK', 'LLLL', 'KKKKK', 'KKKKKK', 'LLLLLL', 'KKKKKKK', 'LLLLLLL', 'LLLLLLLL', 'M', 'N', 'MM', 'NN', 'MMM', 'NNN', 'MMMM', 'NNNN', 'MMMMM', 'NNNNN', 'MMMMMM', 'NNNNNN', 'MMMMMMM', 'NNNNNNN', 'MMMMMMMM', 'NNNNNNNN', 'GG', 'HH', 'GGG', 'HHHH', 'GGGGGG', 'I', 'II', 'L', 'KK', 'G', 'H', 'HHH', 'GGGG', 'IIIIIIII', 'LL', 'SSSSSSS']
['XX', 'WWW', 'XXX', 'WWWW', 'XXXX', 'XXXXXX', 'WWWWWWW', 'XXXXXXX', 'WWWWWWWW', 'YY', 'ZZ', 'YYY', 'ZZZ', 'ZZZZ', 'YYYYY', 'ZZZZZ', 'YYYYYY', 'YYYYYYY', 'ZZZZZZZZ', '1', '2', '11', '22', '111', '222', '2222', '11111', '22222', '111111', '1111111', '2222222', '11111111', '4', '33', '44', '333', '444', '3333', '4444', '33333', '44444', '333333', '3333333', '4444444', '33333333', '44444444', 'ttttttt', 'WWWWW', 'XXXXX', 'YYYY', '1111', '3', 'X', 'WWWWWW', 'ZZZZZZ', 'YYYYYYYY', 'XXXXXXXX', 'Y', 'Z', '222222']
['RRRRRRR', 'RRRRRRRR']
['iii', 'j', 'ii', 'jj', 'jjj', 'iiii', 'iiiii', 'iiiiii', 'jjjjjj', 'iiiiiii', 'jjjjjjj', 'jjjjjjjj', 'l', 'kk', 'll', 'kkk', 'lll', 'kkkk', 'llllll', 'kkkkkkk', 'lllllll', 'kkkkkkkk', 'm', 'n', 'mm', 'nn', 'mmm', 'mmmm', 'nnnn', 'mmmmm', 'nnnnn', 'mmmmmm', 'nnnnnnn', 'mmmmmmmm', 'nnnnnnnn', 'o', 'p', 'oo', 'pp', 'ppp', 'oooo', 'pppp', 'ooooo', 'pppppp', 'ooooooo', 'ppppppp', 'oooooooo', 'pppppppp', 'nnnnnn', 'i', 'iiiiiiii', 'k', 'llll', 'jjjj', 'kkkkk', 'lllll', 'LLLLL']
['6', '55', '66', '555', '666', '5555', '6666', '55555', '66666', '555555', '55555555', '7', '888', '7777', '77777', '88888', '777777', '888888', '7777777', '77777777', '88888888', '8', 'ee', 'eee', '666666', '5555555', '6666666', '88', '777', '8888', 'ffff', 'rrrrrrr', '5', '77', '8888888', 'qqq']
['kkkkkk', 'llllllll']
['mmmmmmm']
['vvvvvv', 'uu', 'vv']
['nnn']
['KKKKKKKK']
['HHHHHHH', 'JJJJJJJJ']
['444444']
['fff']
['hhhhhhh']
['W']
['xxx']
['ppppp', 'ooo', 'oooooo']
['qqqq', 'qqqqq', 'qqqqqq', 'rrrrrr', 'qqqqqqq', 'qqqqqqqq', 'rrrrrrrr', 's', 't', 'ss', 'tt', 'ttt', 'ssss', 'tttt', 'sssss', 'ttttt', 'ssssss', 'sssssss', 'ssssssss', 'tttttttt', 'u', 'uuu', 'vvv', 'uuuu', 'vvvv', 'uuuuu', 'vvvvv', 'uuuuuu', 'uuuuuuu', 'vvvvvvv', 'vvvvvvvv', 'w', 'ww', 'xx', 'www', 'wwww', 'wwwww', 'xxxxx', 'wwwwww', 'wwwwwww', 'xxxxxxx', 'wwwwwwww', 'y', 'z', 'zzz', 'yyyy', 'zzzz', 'yyyyy', 'rrrrr', 'xxxxxx', 'xxxxxxxx', 'rrrr', 'tttttt', 'v', 'sss', 'x', 'q', 'r', 'qq']
['aaaa']
['yyy', '22222222']
['66666666']
['KKK']
['PPPPPPPP']
['jjjjj']
['ZZZZZZZ']
['rr', 'rrr']
