['168', '0', '9', '10', '11', '13', '15', '16', '24', '34', '37', '32', '60', '63', '79', '103', '131']
['140', '141', '142', '160', '163', '164', '169', '173', '179', '195', '90', '204', '212', '240', '372', '374', '261']
['138', '120', '121', '139', '147', '150', '151', '154', '156', '157', '158', '186', '188', '198', '269', '206', '271']
['231', '39', '40', '41', '43', '44', '52', '53', '82', '136', '170', '86', '228', '190', '264', '302', '316']
['385', '203', '207', '208', '215', '216', '218', '225', '304', '306', '334', '392', '400', '418', '433', '438', '478']
['54', '117', '122', '126', '130', '133', '134', '162', '166', '181', '183', '221', '262', '289', '251', '313', '380']
['58', '78', '80', '84', '85', '88', '89', '92', '93', '115', '116', '129', '153', '175', '205', '214', '237']
['96', '6', '8', '74', '76', '95', '107', '110', '111', '114', '137', '70', '83', '159', '165', '194', '247']
['148', '193', '197', '199', '200', '219', '222', '223', '270', '281', '284', '285', '303', '310', '317', '331', '427']
['167', '318', '319', '320', '322', '324', '330', '346', '365', '406', '444', '12', '106', '108', '202', '309']
['244', '245', '246', '248', '250', '252', '258', '259', '260', '265', '278', '307', '332', '349', '370', '384', '435']
['266', '267', '268', '272', '273', '274', '276', '277', '282', '305', '336', '338', '358']
['335', '357', '373', '375', '386', '387', '388', '389', '390', '391', '407', '423', '460', '465', '469', '475', '481']
['73', '298', '299', '300', '301', '308', '312', '371', '376', '451', '490', '7', '38', '42', '51', '118', '124']
['119', '4', '17', '18', '20', '21', '22', '23', '26', '28', '29', '46', '49', '31', '55', '62', '77']
['339', '341', '342', '343', '345', '430', '474', '484', '75', '87', '104', '238', '417', '494']
['227', '409', '410', '411', '412', '413', '414', '415', '416', '432', '464', '25', '45', '47', '128', '171', '209']
['235', '2', '3', '97', '100', '101', '105', '112', '113', '149', '288', '295', '337', '383', '393', '440', '445']
['280', '297', '315', '356', '379', '381', '394', '404', '408', '329', '354', '447', '499', '30', '333', '72']
['286', '192', '241', '242', '279', '283', '287', '290', '327', '348', '350', '369', '377', '382', '422', '323', '458']
['340', '1', '56', '57', '64', '65', '66', '67', '69', '71', '81', '94', '109', '143', '144', '146', '161']
['378', '172', '174', '177', '182', '185', '187', '213', '217', '226', '233', '311', '314', '326', '344', '351', '353']
['429', '292', '293', '359', '360', '361', '362', '363', '366', '367', '368', '395', '396', '405', '455', '468', '486']
['461', '436', '443', '446', '448', '450', '453', '454', '456', '477', '498', '59', '61', '145', '155', '220']
['485', '397', '403', '424', '425', '426', '428', '431', '419', '420', '452', '480', '491', '27', '33', '152']
['489', '398', '466', '467', '470', '472', '473', '476', '479', '492', '493', '48', '98', '135', '211', '275']
['125', '399', '14', '19', '50', '91', '99', '123', '132', '184', '196', '257', '263', '294', '296', '5', '232']
['482', '483', '488', '495', '496', '178', '210', '243', '249', '176', '254', '364', '442', '449']
['325', '421', '487', '102', '441']
['328', '189', '191', '224', '229', '230', '234', '239', '291', '321', '347', '352', '256', '457', '471', '497']
['355']
['463', '401', '402', '434', '437', '439', '459', '462', '35', '36', '68', '127', '180', '201', '236', '253', '255']
