['96', '0', '1', '2', '3', '4', '5', '6', '7', '10', '11', '12', '13', '14', '15', '16', '17', '18', '19', '20', '21', '22', '23', '24', '25', '26', '27', '28', '89', '90']
['97', '29', '30', '31', '32', '34', '35', '36', '37', '38', '39', '40', '41', '42', '43', '44', '45', '46', '48', '49', '50', '51', '52', '53', '54', '55', '56', '57', '88', '47']
['391', '213', '239', '252', '290', '294', '295', '297', '298', '299', '300', '301', '302', '303', '304', '305', '307', '309', '310', '311', '312', '314', '315', '317', '231', '383', '386', '306', '308', '323']
['390', '214', '227', '240', '253', '291', '318', '319', '320', '321', '322', '324', '325', '326', '327', '328', '329', '330', '331', '332', '333', '334', '335', '336', '337', '338', '339', '340', '341', '348']
['95', '58', '59', '60', '61', '63', '64', '65', '66', '67', '69', '70', '71', '72', '73', '74', '75', '76', '77', '78', '79', '80', '81', '82', '83', '84', '85', '86', '91', '92']
['389', '215', '228', '241', '254', '292', '342', '343', '344', '345', '346', '349', '351', '352', '353', '354', '355', '356', '357', '358', '359', '360', '361', '363', '364', '365', '382', '350', '384', '392']
['94', '87', '108', '109', '110', '111', '112', '113', '114', '115', '116', '117', '118', '119', '120', '121', '122', '123', '124', '125', '126', '127', '131', '132', '133', '134', '135', '136', '137', '138']
['388', '216', '229', '242', '255', '293', '366', '367', '368', '369', '370', '371', '372', '373', '374', '375', '376', '377', '378', '379', '380', '381', '393', '394', '395', '396', '397', '398', '399', '400']
['93', '139', '140', '141', '142', '143', '144', '145', '146', '147', '148', '149', '150', '151', '152', '153', '154', '189', '184', '177', '178', '179']
['387', '217', '230', '243', '256', '411', '413', '414', '415', '416', '417', '418', '419', '420', '421', '422', '423', '424', '427', '460', '476', '478', '479', '480', '481', '482', '483', '484', '450', '362']
['155', '156', '181', '182', '183', '207', '185', '186', '187', '188', '200', '33', '62', '128', '129', '130', '192', '196', '68', '98', '99', '100', '101', '102', '103', '104', '105', '106', '107']
['218', '244', '257', '258', '259', '261', '262', '263', '264', '265', '266', '267', '268', '269', '270', '272', '274', '275', '276', '277', '278', '279', '280', '281', '282', '180']
['197', '198', '199', '201', '202', '203', '204', '205', '206', '208', '209', '211', '212', '248', '273', '425']
['385', '219', '232', '245', '283', '426', '428', '429', '430', '431', '432', '434', '435', '436', '437', '438', '439', '440', '441', '442', '443', '444', '445', '446', '447', '448', '449', '260', '451', '347']
['233', '246', '284', '8', '190', '191', '193', '194', '9', '157', '158', '159', '160', '161', '162', '163', '164', '165', '167', '168', '169', '170', '171', '173', '174', '175', '195', '172', '166', '176']
['221', '234', '247', '285', '455', '271']
['222', '235', '286', '226', '452', '485', '486', '487', '488', '489', '490', '296', '453', '454', '456', '457', '458', '459', '462', '463', '465', '473']
['223', '236', '249', '287', '477', '210', '224']
['237', '250', '288']
['225', '238', '251', '289', '220', '313', '401', '402', '403', '404', '405', '406', '407', '408', '409', '410', '433', '474', '475', '316', '412', '461', '464', '466', '467', '468', '469', '470', '471', '472']
