['1', '2', '3', '5', '6', '7', '9', '10', '11', '12', '13', '14', '15', '18', '19', '20', '21', '22', '23', '24', '25', '26', '27', '28', '29', '30', '31', '32', '33', '34', '35', '36', '37', '38', '39', '40', '43', '44', '45', '48', '50', '51', '53', '54', '55', '57', '58', '60', '61', '64', '65', '66', '67', '68', '69', '70', '71', '72', '74', '75', '76', '80', '81', '82', '83', '84', '85', '86', '88', '90', '91', '92', '93', '94', '96', '97', '99', '100', '103', '104', '105', '107', '108', '109', '110', '112', '114', '115', '118', '120', '121', '123', '124', '125', '126', '128', '129', '130', '131', '132', '134', '135', '136', '138', '139', '140', '144', '145', '146', '147', '152', '153', '156', '157', '160', '162', '163', '164', '165', '87', '98', '111', '141', '150', '158', '161', '166', '167', '169', '170', '171', '172', '173', '174', '175', '176', '177', '181', '182', '184', '185', '41', '46', '49', '59', '106', '155', '186', '52', '102', '113', '127', '159', '187', '188']
['0', '189', '190', '192', '193', '194', '195', '199', '201', '202', '205', '206', '207', '208', '209', '210', '212', '213', '214', '215', '216', '217', '218', '220', '222', '223', '224', '225', '227', '228', '229', '231', '232', '234', '235', '237', '238', '239', '241', '243', '246', '247', '251', '252', '253', '255', '256', '257', '262', '263', '264', '267', '269', '270', '271', '272', '274', '275', '276', '277', '278', '279', '280', '282', '283', '284', '285', '286', '287', '288', '290', '291', '292', '293', '294', '296', '297', '298', '300', '303', '304', '306', '307', '308', '309', '310', '311', '313', '191', '204', '230', '431', '432', '436', '437', '455', '456', '457', '458', '460', '461', '462', '463', '464', '467', '468', '469', '470', '471', '472', '483', '488', '490', '491', '494', '495', '496', '226', '242', '245', '249', '258', '301', '305', '331', '335', '430', '433', '435', '439', '465', '474', '475', '478', '479', '480', '481', '482', '484', '16', '196', '197', '203', '240', '250', '260', '265', '266', '338', '413', '438', '441', '473', '476', '497']
['329', '330', '332', '333', '334', '336', '337', '339', '340', '343', '344', '345', '346', '347', '348', '349', '350', '351', '354', '355', '356', '357', '358', '361', '362', '363', '364', '365', '366', '367', '369', '370', '371', '372', '373', '374', '375', '376', '378', '379', '380', '381', '382', '383', '385', '387', '388', '389', '390', '391', '393', '394', '395', '396', '399', '400', '401', '402', '403', '404', '405', '406', '408', '409', '410', '411', '412', '414', '415', '419', '420', '421', '422', '423', '424', '425', '426', '442', '443', '444', '445', '446', '447', '448', '449', '450', '451', '466', '477', '360', '486', '499', '4', '63', '73', '77', '78', '79', '89', '116', '117', '119', '133', '137', '142', '143', '148', '149', '178', '198', '248', '259', '268', '273', '281', '312', '314', '315', '316', '317', '318', '319', '320', '321', '322', '323', '324', '325', '326', '327', '328', '353', '368', '386', '392', '418', '440', '452', '453', '485', '487', '56', '151', '168', '179', '211', '219', '221', '261', '289', '302', '398', '428', '429', '489']
['492', '498', '299']
['17', '42', '8', '62', '295']
['254', '352', '384', '427', '342', '377', '397']
['417']
['236']
['154', '180', '200', '95', '101', '233', '454']
['493']
['183']
['359']
['244']
['434']
['407']
['47']
['459']
['122']
['341']
['416']
