['Suellen', 'Henriette', 'Melodie', 'Paulette', 'Imogen', 'Joycelin', 'Callie', 'Nerta', 'Jacquenette', 'Kania', 'Cayla', 'Myrilla', 'Madelin', 'Wilow', 'Gaynor', 'Siusan', 'Nora', 'Danell', 'Lyn']
['Elinor', 'Thomasina', 'Carlye', 'Reta', 'Jeannine', 'Ivie', 'Zita', 'Licha', 'Brigid', 'Gerianna', 'Anjanette', 'Idalina', 'Sara', 'Herminia', 'Blake', 'Maryl', 'Karlotta', 'Lillis', 'AnnaDiane']
['Laura', 'Jada', 'Valentine', 'Maddalena', 'Thalia', 'Lois', 'Deeann', 'Jess', 'Amabel', 'Neilla', 'Raine', 'Tybi', 'Brynna', 'Drucill', 'Jasmin', 'Heidie', 'Evangeline', 'Meggy', 'Nelia']
['Shayne', 'Shelia', 'Emilee', 'AnnaDiana', 'Lynnett', 'Megan', 'Zoe', 'Pia', 'Debbie', 'Pandora', 'Christabel', 'Marylou', 'Jenna', 'Andree', 'SheilaKathryn', 'Cate', 'Ardenia', 'Delila', 'Tova']
['Bonnee', 'Sheena', 'Gigi', 'Arliene', 'Goldina', 'Charis', 'Loria', 'Bibbie', 'Kinna', 'Lori', 'Veronike', 'Anya', 'Goldi', 'Dana', 'Misti', 'Maryjo', 'Eddi', 'Gabriell', 'Amitie']
['Fayth', 'Elisabet', 'Patti', 'Toni', 'Biddie', 'Mariejeanne', 'Moyra', 'Vi', 'Geri', 'Di', 'Emmy', 'Edi', 'Lorrin', 'Jaclyn', 'Shelby', 'Lona', 'Elayne', 'Erinna', 'Koressa']
['Devinne', 'Stepha', 'Serena', 'Hyacinth', 'Bria', 'Mareah', 'Giralda', 'Denyse', 'Bell', 'Starr', 'Jeannette', 'Ellie', 'Evvy', 'Jeniffer', 'Magdaia', 'Rasla', 'Kalindi', 'Philomena', 'Roseann']
['Rebbecca', 'Shay', 'Lia', 'Anthe', 'Christina', 'Inna', 'Lacey', 'Sharla', 'Jsandye', 'Aubrette', 'Annie', 'Rozanna', 'Johnette', 'Nomi', 'Constantia', 'Dulcie', 'Jeralee', 'Cinnamon', 'Gayle']
['Dianna', 'Ray', 'Vickie', 'Joly', 'Alvina', 'Minnnie', 'Freda', 'Robena', 'Fayina', 'Silva', 'Lina', 'Therine', 'Genna', 'Renae', 'Annalee', 'Mina', 'Renelle', 'Jessamyn', 'Kial']
['Vonny', 'Ardine', 'Lettie', 'Laverne', 'Uta', 'Joleen', 'Marla', 'Madelyn', 'Laraine', 'Marley', 'Chris', 'Dulcea', 'Ashli', 'Carline', 'Dayle', 'Verina', 'Paulina', 'Penny', 'Daisi']
['Tanhya', 'Saundra', 'Milena', 'Lita', 'Vilma', 'Lisabeth', 'Jolie', 'Emelina', 'Ginger', 'Cristina', 'Brandie', 'Susi', 'Sheree', 'Tiffani', 'Ethelind', 'Marcia', 'Darcee', 'Jessika', 'Nevsa']
['Kippy', 'Rosene', 'Coretta', 'Kacey', 'Carmelia', 'Kora', 'Claudina', 'Karol', 'Natala', 'Brynne', 'Corinna', 'Kettie', 'Joannes', 'Hatty', 'Kylen', 'Laureen', 'Liz', 'Linette', 'Matilda']
['Nicoli', 'Wendeline', 'Jobina', 'Cordy', 'Erma', 'Tamarra', 'Sallyanne', 'Clemmie', 'Vallie', 'Kellen', 'Midge', 'Courtnay', 'Tresa', 'Janey', 'Katalin', 'Kerstin', 'Hendrika', 'Deny', 'Gwenette']
['Nadine', 'Shayna', 'Eve', 'Kaylyn', 'Sue', 'Leora', 'Laverna', 'Neila', 'Mehetabel', 'Costanza', 'Winifred', 'Lorinda', 'Shelli', 'Constantina', 'Marice', 'Sephira', 'Merrielle', 'Henrietta', 'Willabella']
['Idell', 'Geralda', 'Kassia', 'Feliza', 'Billy', 'Sharron', 'Livia', 'Phedra', 'Betteanne', 'Fredelia', 'Tammy', 'Noelyn', 'Karisa', 'Yalonda', 'Mable', 'Rosalind', 'Raven', 'Camilla', 'Alyce']
['Clari', 'Genni', 'Jaime', 'Terra', 'Reggi', 'Patience', 'Kay', 'Frankie', 'Sherline', 'Gerrilee', 'Kristin', 'Jane', 'Cordie', 'Ula', 'Lanni', 'Tamarah', 'Heather', 'Harrie', 'Jennica']
['Una', 'Sofia', 'Corey', 'Susana', 'Dolores', 'Pippy', 'Barbaraanne', 'Sheeree', 'Rosina', 'Libbi', 'Riannon', 'Tatiana', 'Pavla', 'Gussy', 'Fawne', 'Randene', 'Tressa', 'Tessy', 'HelenElizabeth']
['Erna', 'Trude', 'Tilda', 'Marigold', 'Allsun', 'Essa', 'Corella', 'Toma', 'Esmaria', 'Cecelia', 'Lorna', 'Trista', 'Pierrette', 'Dulcia', 'Honey', 'Grazia', 'Pollyanna', 'Lindsy', 'Debby']
['Ealasaid', 'Catina', 'Keri', 'Cory', 'Harriett', 'Vanessa', 'Leona', 'Eula', 'Crystie', 'Phil', 'Phillis', 'Ashely', 'Sibylle', 'Natka', 'Bobbie', 'Gwendolen']
['Melva', 'Lilla', 'Wilone', 'Isabelle', 'Jodi', 'Shani', 'Laurice', 'Lavinia', 'Rosalinde', 'Flori', 'Natalina', 'Chelsea', 'Zorana', 'Andriette', 'Helenka']
['Edeline', 'Marlyn', 'Siobhan', 'Almeda', 'Arleyne', 'Vivia', 'Libby', 'Jorey', 'Bessy', 'Brenn', 'Mia', 'Ortensia', 'Katleen', 'Oliy', 'Janette', 'Mariette', 'Eadie', 'Madonna', 'Paula']
['Sophie', 'Nerissa', 'Shaina', 'Katha', 'Kathlin', 'Nolana', 'Kelcey', 'Sayre', 'Kata', 'Cynde', 'Rachel', 'Cammie', 'Giselle', 'Stefa', 'Barbe', 'Viva', 'Clemmy', 'Tanya', 'Caryn']
['Lisbeth', 'Raye', 'Miquela', 'Ashlen', 'Vin', 'Christin', 'Marjie', 'Emmalynne', 'Merline', 'Meris', 'Donella', 'Faith', 'Cherry', 'Martguerita', 'Tobi', 'Camille', 'Pansie', 'Lorena', 'Kiersten']
['Carree']
['Analise', 'Romonda', 'Chrystel', 'Sheilah', 'Lauretta', 'Madalena', 'Jeannie', 'Avivah', 'Ondrea', 'Brandise', 'Coral', 'Tersina', 'Lorraine', 'Reeva', 'Lila', 'Leilah', 'Garland', 'Valerie', 'Prudi']
