['326', '344', '192', '105', '348', '299', '275', '339', '335', '91', '93', '141', '139', '22', '29', '12', '16', '18', '328', '252', '351', '218', '224', '34', '396', '260', '324']
['79', '270', '134', '180', '55', '304', '221', '155', '56', '80']
['64', '38', '90', '379', '378', '129', '386', '167', '217', '173', '77', '312']
['272', '33', '190', '273', '241', '123']
['341', '32', '130', '200', '60', '220', '203']
['30', '342', '274', '204', '365', '169', '215', '21', '285']
['27', '37', '35', '338', '334', '337', '330', '333', '332', '6', '99', '98', '92', '95', '94', '97', '96', '239', '235', '236', '237', '230', '231', '232', '1', '146', '147', '144', '145', '142', '143', '148', '133', '132', '131', '137', '136', '135', '138', '25', '20', '23', '400', '371', '370', '373', '375', '374', '377', '376', '393', '89', '82', '81', '86', '87', '84', '85', '7', '245', '244', '246', '240', '243', '242', '249', '248', '179', '178', '177', '176', '175', '174', '172', '171', '170', '253', '182', '183', '181', '186', '187', '184', '185', '188', '189', '11', '10', '13', '17', '19', '62', '323', '320', '321', '327', '325', '329', '202', '208', '76', '72', '71', '70', '2', '8', '68', '120', '121', '122', '124', '125', '126', '127', '128', '319', '318', '313', '310', '315', '314', '3', '368', '366', '364', '362', '363', '360', '361', '382', '383', '384', '387', '61', '258', '66', '69', '251', '256', '255', '164', '165', '166', '160', '161', '163', '357', '356', '355', '353', '352', '350', '359', '358', '212', '210', '211', '219', '289', '288', '4', '281', '283', '284', '287', '263', '261', '266', '265', '264', '268', '59', '50', '53', '52', '63', '116', '111', '112', '119', '118', '308', '309', '300', '301', '302', '303', '305', '229', '228', '227', '226', '223', '222', '391', '151', '150', '153', '152', '157', '156', '159', '158', '398', '48', '49', '46', '44', '42', '43', '40', '41', '297', '290', '199', '191', '369', '117', '74', '389', '154', '234', '233']
['322', '296', '276', '291', '113', '115', '394', '205', '399']
['316', '294', '277', '347', '78', '259', '36', '149', '26', '267']
['295', '345', '194', '206', '381', '114', '298', '380']
['250', '292', '279', '397', '216', '162', '51']
['293', '108', '88', '39', '24', '201', '388', '257', '317', '385']
['225', '198', '109', '28', '372', '47', '57', '5']
['195', '102', '311', '214', '65', '262', '331', '286']
['343', '103', '83', '269', '346', '392', '395', '354']
['349', '197', '100', '14', '254', '278', '207', '9', '31']
['196', '101', '140', '247', '209', '390', '73']
['106', '340', '15', '213', '282', '54', '75', '306']
['107', '238', '367', '58', '271', '110']
['193', '104', '336', '67', '168', '280', '307', '45']
