['Vertex45', 'Vertex46', 'Vertex52', 'Vertex56', 'Vertex59', 'Vertex60', 'Vertex61', 'Vertex62', 'Vertex63', 'Vertex76', 'Vertex44', 'Vertex88', 'Vertex103', 'Vertex109', 'Vertex397', 'Vertex114', 'Vertex198', 'Vertex280', 'Vertex312', 'Vertex81']
['Vertex364', 'Vertex41', 'Vertex65', 'Vertex71', 'Vertex72', 'Vertex74', 'Vertex82', 'Vertex83', 'Vertex84', 'Vertex85', 'Vertex98', 'Vertex99', 'Vertex113', 'Vertex206', 'Vertex248', 'Vertex306', 'Vertex343', 'Vertex344', 'Vertex116', 'Vertex126']
['Vertex251', 'Vertex127', 'Vertex132', 'Vertex138', 'Vertex150', 'Vertex166', 'Vertex173', 'Vertex176', 'Vertex181', 'Vertex192', 'Vertex137', 'Vertex161', 'Vertex164', 'Vertex211', 'Vertex220', 'Vertex155', 'Vertex265', 'Vertex290', 'Vertex172', 'Vertex217']
['Vertex146', 'Vertex156', 'Vertex157', 'Vertex159', 'Vertex167', 'Vertex174', 'Vertex186', 'Vertex197', 'Vertex204', 'Vertex215', 'Vertex185', 'Vertex259', 'Vertex287', 'Vertex291', 'Vertex308', 'Vertex317', 'Vertex298', 'Vertex381', 'Vertex409', 'Vertex431']
['Vertex323', 'Vertex175', 'Vertex180', 'Vertex188', 'Vertex252', 'Vertex270', 'Vertex279', 'Vertex288', 'Vertex316', 'Vertex340', 'Vertex257', 'Vertex346', 'Vertex91', 'Vertex100', 'Vertex133', 'Vertex135', 'Vertex299', 'Vertex325', 'Vertex351', 'Vertex372']
['Vertex342', 'Vertex40', 'Vertex104', 'Vertex120', 'Vertex153', 'Vertex154', 'Vertex92', 'Vertex119', 'Vertex122', 'Vertex141', 'Vertex170', 'Vertex184', 'Vertex193', 'Vertex216', 'Vertex117', 'Vertex163', 'Vertex224', 'Vertex106', 'Vertex125', 'Vertex183']
['Vertex93', 'Vertex201', 'Vertex202', 'Vertex207', 'Vertex222', 'Vertex237', 'Vertex239', 'Vertex243', 'Vertex245', 'Vertex254', 'Vertex282', 'Vertex195', 'Vertex289', 'Vertex221', 'Vertex345', 'Vertex57', 'Vertex97', 'Vertex124', 'Vertex144', 'Vertex152']
['Vertex208', 'Vertex253', 'Vertex258', 'Vertex264', 'Vertex268', 'Vertex271', 'Vertex274', 'Vertex275', 'Vertex297', 'Vertex309', 'Vertex310', 'Vertex315', 'Vertex320', 'Vertex321', 'Vertex333', 'Vertex276', 'Vertex348', 'Vertex357', 'Vertex367', 'Vertex429']
['Vertex145', 'Vertex212', 'Vertex223', 'Vertex225', 'Vertex228', 'Vertex229', 'Vertex54', 'Vertex227', 'Vertex240', 'Vertex272', 'Vertex286', 'Vertex334', 'Vertex335', 'Vertex337', 'Vertex338', 'Vertex233', 'Vertex283', 'Vertex361', 'Vertex328']
['Vertex230', 'Vertex241', 'Vertex242', 'Vertex244', 'Vertex247', 'Vertex249', 'Vertex255', 'Vertex266', 'Vertex285', 'Vertex293', 'Vertex296', 'Vertex329', 'Vertex331', 'Vertex292', 'Vertex332', 'Vertex347', 'Vertex366', 'Vertex169', 'Vertex396', 'Vertex398']
['Vertex123']
['Vertex70', 'Vertex362', 'Vertex363', 'Vertex399', 'Vertex412', 'Vertex55', 'Vertex121', 'Vertex128', 'Vertex134', 'Vertex140', 'Vertex190', 'Vertex205', 'Vertex256', 'Vertex375', 'Vertex377', 'Vertex384', 'Vertex385', 'Vertex191', 'Vertex436', 'Vertex68']
['Vertex250', 'Vertex277', 'Vertex284', 'Vertex313', 'Vertex355', 'Vertex371', 'Vertex373', 'Vertex295', 'Vertex302', 'Vertex383', 'Vertex438', 'Vertex50', 'Vertex53', 'Vertex108', 'Vertex281', 'Vertex380', 'Vertex410', 'Vertex358', 'Vertex415']
['Vertex210', 'Vertex300', 'Vertex303', 'Vertex304', 'Vertex307', 'Vertex311', 'Vertex314', 'Vertex322', 'Vertex359', 'Vertex360', 'Vertex369', 'Vertex378', 'Vertex407', 'Vertex424', 'Vertex77', 'Vertex80', 'Vertex96', 'Vertex115', 'Vertex353']
['Vertex263', 'Vertex427', 'Vertex58', 'Vertex66', 'Vertex94', 'Vertex110', 'Vertex136', 'Vertex162', 'Vertex177', 'Vertex182', 'Vertex194', 'Vertex200', 'Vertex219', 'Vertex226', 'Vertex324', 'Vertex368', 'Vertex382', 'Vertex422', 'Vertex423', 'Vertex158']
['Vertex425', 'Vertex426', 'Vertex433', 'Vertex439', 'Vertex42', 'Vertex330', 'Vertex432', 'Vertex69', 'Vertex130', 'Vertex143', 'Vertex395', 'Vertex428', 'Vertex67', 'Vertex86', 'Vertex87', 'Vertex129', 'Vertex213', 'Vertex234', 'Vertex238', 'Vertex305']
['Vertex49']
['Vertex319']
['Vertex105']
['Vertex48']
['Vertex112']
['Vertex139']
['Vertex151', 'Vertex403', 'Vertex405', 'Vertex411', 'Vertex413', 'Vertex102', 'Vertex111', 'Vertex178', 'Vertex189', 'Vertex232', 'Vertex236', 'Vertex73', 'Vertex75', 'Vertex78', 'Vertex90', 'Vertex262', 'Vertex269', 'Vertex388', 'Vertex89']
['Vertex149']
['Vertex278']
['Vertex64', 'Vertex339', 'Vertex393', 'Vertex400', 'Vertex434', 'Vertex435', 'Vertex101']
['Vertex165', 'Vertex294', 'Vertex318', 'Vertex326', 'Vertex327', 'Vertex336', 'Vertex350', 'Vertex354', 'Vertex379', 'Vertex392', 'Vertex394', 'Vertex408', 'Vertex414', 'Vertex416', 'Vertex418', 'Vertex420', 'Vertex421', 'Vertex430', 'Vertex365', 'Vertex437']
['Vertex260', 'Vertex79', 'Vertex107', 'Vertex199', 'Vertex231', 'Vertex273', 'Vertex341', 'Vertex370', 'Vertex389', 'Vertex406', 'Vertex43', 'Vertex95', 'Vertex118', 'Vertex131', 'Vertex160', 'Vertex203', 'Vertex209', 'Vertex218', 'Vertex261', 'Vertex352']
['Vertex374']
['Vertex148']
['Vertex301']
['Vertex267']
['Vertex187', 'Vertex386', 'Vertex387', 'Vertex390', 'Vertex391', 'Vertex404', 'Vertex419', 'Vertex376', 'Vertex142', 'Vertex147', 'Vertex214', 'Vertex235', 'Vertex168', 'Vertex179', 'Vertex349', 'Vertex401', 'Vertex417']
['Vertex196']
['Vertex171']
['Vertex51']
['Vertex246']
['Vertex402']
['Vertex356']
['Vertex47']
