['Cliff', 'Ebony', 'Ahmad', 'Chang', 'Claud', 'Holly', 'Avery', 'Nikki', 'Hazel', 'Paige', 'Helga', 'Edwin', 'Renee', 'Joyce', 'Ilene', 'Buddy', 'Elias', 'Wilma', 'Chase', 'Danny', 'Amado', 'Erica', 'Fritz', 'Sammy', 'Billy', 'Shaun', 'Julio', 'Rufus', 'Timmy', 'Randy', 'Twila', 'Margo', 'Malik', 'Lauri', 'Josie', 'Bette', 'Nancy']
['Candy', 'Jared', 'Chong', 'Davis', 'Tessa', 'Brady', 'Jamel', 'Peter', 'Lorna', 'Erick', 'Brock', 'Roxie', 'Fidel', 'Kathy', 'Kirby', 'Katie', 'Teddy', 'Dwain', 'Rusty', 'Leila', 'Sybil', 'Willy', 'Becky', 'Flora', 'Jacob', 'Robin', 'Moshe', 'Karen', 'Merle', 'Alice', 'Brant', 'Della', 'Adele', 'Britt', 'Queen', 'Sandy', 'Sonja', 'Homer', 'Robyn', 'Maura', 'Leona', 'Staci', 'Gayle', 'Kevin', 'Linda', 'Naomi', 'Ellen', 'Steve', 'Carly', 'Bryce']
['Tanya', 'Julia', 'Ernie', 'Allan', 'Sadie', 'Janet', 'Doris', 'Vicky', 'Bryan', 'Josef', 'Tommy', 'Roger', 'Ervin', 'Felix', 'Trent', 'Lorie', 'Greta', 'Marcy', 'Kayla', 'Irvin', 'Viola', 'Wally', 'Casey', 'Marty', 'Alvin', 'Brent', 'Aaron', 'Rhoda', 'Maude', 'Mandy', 'Clyde', 'Dusty', 'Arlen', 'Annie', 'Mamie', 'Tonia', 'Daron', 'Elvia', 'Kelly', 'Percy', 'Sofia', 'Quinn', 'Bobbi', 'Myron', 'Dixie', 'Melba', 'Wendi', 'Cesar', 'Leroy', 'Brian']
['Clark', 'Mikel', 'Monty', 'Marci']
['Jonah', 'Bruno', 'Dario', 'Louis', 'Ronny', 'Aline', 'Tasha']
['Jayne', 'Zelma', 'Grant', 'Olive', 'Terri', 'Misty', 'Berta', 'Clint', 'Roman', 'April', 'Micah', 'Emily', 'Pearl', 'Eddie', 'Elvin', 'Tonya', 'Benny', 'Elmer', 'Nelda', 'Tracy', 'Lydia', 'Mitzi', 'Moses', 'Cindy', 'Donny', 'Laura', 'Basil', 'Perry', 'Bryon', 'Carla', 'Jamar', 'Vilma', 'Erika', 'Essie', 'Odell', 'Audra', 'Orval', 'Wyatt', 'Corey', 'Elena', 'Ruben', 'Mable', 'Maria', 'Patti', 'Verna']
['Rhett', 'Elsie']
['Emery', 'Garry', 'Nadia']
['David', 'Karin', 'James', 'Ariel', 'Shane']
['Terry', 'Adela', 'Effie', 'Major', 'Chris']
['Mitch']
['Alton']
['Lanny']
['Barry', 'Cyrus', 'Dante', 'Mason', 'Betsy', 'Sonny', 'Leann', 'Clara', 'Tyron', 'Mario', 'Janis', 'Joann', 'Tammi', 'Randi', 'Amber', 'Deann', 'Debra', 'Jason', 'Marla']
['Hyman', 'Pansy']
['Daisy', 'Devin', 'Issac']
['Darin', 'Ollie', 'Hilda', 'Sally']
['Sheri', 'Lucio', 'Jaime', 'Lyman', 'Freda', 'Lacey', 'Pedro', 'Donna']
['Craig']
['Wanda', 'Wendy']
