['93', '8', '16', '28', '29', '50']
['135', '20', '207', '79', '91']
['192', '3', '6', '17', '18', '149']
['223']
['30']
['23', '94', '139', '148', '173', '212']
['2', '69', '134', '174', '24', '74']
['78', '1', '26', '33', '34', '32']
['41', '72', '84', '199', '225', '27']
['162', '39', '67', '76']
['220', '58', '90', '100', '105', '112']
['80', '121', '122', '10', '85', '177']
['35', '49', '42', '52', '73', '101']
['54', '65', '70', '147', '190', '193']
['97', '63', '68', '95', '218']
['128', '129', '130', '131', '106', '140']
['88', '89', '154', '246', '170', '22']
['113', '114', '117', '56', '163', '66']
['120', '123', '159', '171', '183', '51']
['150', '151', '153', '161', '64', '202']
['47', '142', '194', '205', '217', '230']
['77', '132', '133', '127', '157', '21']
['108', '164', '195', '208', '11', '19']
['104', '125', '137', '144', '118', '206']
['138', '145', '229', '241', '7', '12']
['203', '160', '165', '166', '184', '189']
['37', '87', '110', '155', '175', '182']
['172', '176', '61', '224', '143']
['48']
['81', '215', '216', '211', '233', '228']
['96', '186', '213', '214', '44', '71']
['98', '185', '187', '240', '25', '197']
['209', '179', '247', '119']
['152', '180', '181', '60', '75', '126']
['167', '178', '201', '204', '36', '40']
['200', '221', '4', '15', '45', '124']
['226', '219', '227', '231', '243', '9']
['232']
['250', '5', '43', '116', '14']
['55', '234', '0', '46', '86']
['235', '115']
['111', '236', '238', '239', '107', '158']
['136', '82', '83', '210', '237']
['146', '59', '109', '191']
['242', '222', '92', '99', '53', '103']
['156', '141', '62']
['188', '245', '249', '38', '57', '102']
['13', '196', '198', '168', '169', '248']
['244']
['31']
