['Richard', 'William', 'Logan', 'Elijah', 'David', 'Dylan', 'Christian', 'Jonathan', 'Bennett', 'Emmett']
['Isaac', 'Connor', 'Nolan', 'Nicholas', 'Colton', 'Ian', 'Jaxson', 'Jason', 'Elliott', 'Peter']
['Killian', 'Julian', 'Adrian', 'Asher', 'Dominic', 'Elias', 'Jose', 'Hudson', 'Kevin', 'Ashton']
['Bryson', 'Cooper', 'Anthony', 'Ezekiel', 'Jameson', 'Zachary', 'Braxton', 'Maddox', 'Abel', 'Emmanuel']
['Wesley', 'Nathaniel', 'Declan', 'Luis', 'Calvin', 'Amir', 'Blake', 'Nathan', 'Silas', 'Carson']
['Aiden', 'Joseph', 'Jackson', 'Josiah']
['Enzo', 'Samuel', 'Jayden', 'John', 'Owen', 'Luke', 'Gabriel', 'Landon', 'Maverick', 'Tyler']
['Jack', 'Ryan', 'Jaxon', 'Isaiah', 'Thomas', 'Caleb', 'Ezra', 'Greyson', 'Lucas', 'Parker']
['Jayce', 'Bentley', 'Everett', 'Weston', 'Justin', 'Kai', 'Kaiden', 'Tristan', 'Jude', 'Bryce']
['Jesus', 'Miles', 'Damian', 'Ryder', 'Harrison', 'Kingston', 'Juan', 'Camden']
['Avery', 'Evan', 'Chase', 'Gavin', 'Roman', 'Axel', 'Cole', 'Maxwell', 'Charlie', 'Andres']
['Rhett', 'Beckett', 'Brady', 'Colin', 'Bradley', 'Dean', 'Cayden', 'Griffin', 'Felix', 'Jake']
['River', 'Ryker', 'Malachi', 'Victor', 'Hayden', 'Joel', 'Jesse', 'Stephen', 'Martin', 'Henry']
['Omar', 'Grayson', 'Levi', 'Christopher', 'Lincoln', 'Hunter', 'Eli', 'Jeremiah', 'Robert', 'Jordan']
['Chance', 'Graham', 'Matteo', 'August', 'Marcus', 'Zane', 'Nicolas', 'Kyle', 'Kyrie', 'Caden']
['Lorenzo', 'Remington', 'Clayton', 'Riley', 'Archer', 'Jax', 'Walter', 'Damien', 'Tanner', 'Amari']
['Zion', 'Alan', 'Xander', 'Abraham', 'Patrick', 'Grant', 'Finn', 'Kaleb', 'Jasper', 'Aidan']
['Paxton', 'Jorge', 'Derek', 'Holden', 'Legend', 'Manuel', 'Cody', 'Matias', 'Benjamin', 'Ethan']
['Knox', 'Diego', 'Luca', 'Carlos', 'Giovanni', 'Eric', 'Alex', 'Jonah', 'Emiliano', 'Karson']
['Gunner', 'Mark', 'Judah', 'Kaden', 'Bryan', 'Jaden', 'Barrett', 'Sean', 'Dallas', 'Paul']
['Santiago', 'Cash', 'Rylan', 'Theo', 'Eduardo', 'Daniel', 'Sebastian', 'Carter', 'Zander', 'Jacob']
['Leonardo', 'Max', 'Antonio', 'Waylon', 'Miguel', 'Gael', 'Oscar', 'Josue', 'Louis', 'Iker']
['Micah', 'James', 'Oliver', 'Joshua', 'Aaron', 'Leo', 'Theodore', 'Easton', 'Kayden', 'Ayden']
['George', 'Noah', 'Angel', 'Brayden', 'Austin', 'Charles', 'Adam', 'Xavier', 'Sawyer', 'Brandon']
['Beau', 'Alejandro', 'Kenneth', 'Lukas', 'Milo', 'Javier', 'Israel', 'Phoenix', 'Finley', 'Mateo']
['Elliot', 'Jeremy', 'Messiah', 'Maximus', 'Thiago', 'Brian', 'Myles', 'Arthur', 'Alexander', 'Jace']
['Erick', 'Emilio', 'Colt', 'Kameron', 'Tobias', 'Edward', 'Nash', 'Ace', 'am']
['Brantley', 'Rowan', 'King', 'Ivan', 'Tucker', 'Steven', 'Zayden', 'Preston', 'Dawson', 'Timothy']
['Emerson', 'Rafael', 'Karter', 'Adriel', 'Mason', 'Andrew', 'Cameron', 'Vincent', 'Brody', 'Beckham']
['Brooks', 'Leon', 'Corbin', 'Francisco', 'Simon', 'Andre', 'Reid', 'Michael', 'Matthew', 'Wyatt']
