['28', '108', '115', '134', '155', '158', '160', '164', '189', '269', '340', '389']
['135', '80', '82', '88', '112', '142', '146', '147', '162', '182', '12', '73']
['165', '148', '150', '153', '170', '208', '232', '245', '246', '274', '236']
['195', '21', '23', '31', '35', '38', '40', '43', '96', '105', '54', '116']
['63', '169', '177', '179', '161', '212', '223', '235', '254', '264', '317', '365']
['44', '49', '50', '90', '109', '139', '214', '282', '316', '345', '206', '258']
['382', '192', '194', '202', '203', '204', '207', '209', '239', '290', '330', '18']
['56', '128', '130', '133', '166', '157', '174', '176', '184', '229', '331', '247']
['45', '259', '270', '277', '292', '297', '375', '17', '143']
['110', '15', '25', '59', '61', '72', '76', '268', '278', '321', '377', '288']
['129', '41', '60', '74', '75', '84', '97', '102', '111', '132', '71', '243']
['140', '0', '5', '9', '13', '30', '53', '69', '185', '198', '262', '294']
['183', '275', '276', '281', '253', '298', '332', '333', '397', '52', '68']
['263', '94', '95', '98', '99', '131', '141', '145', '154', '196', '271', '323']
['291', '14', '55', '70', '87', '104', '121', '197', '257', '287', '234']
['242', '249', '255', '272', '311', '347', '355', '360', '384', '26', '314']
['79', '117', '119', '124', '210', '222', '225', '228', '230', '273', '308']
['2', '217', '233', '221', '299', '341', '342', '368', '383', '33', '244', '42']
['364', '370', '353', '83']
['123', '284', '46', '86', '89', '93', '171', '187', '237', '248', '283', '318']
['285', '320', '343', '156', '351', '367', '29', '106', '224']
['163', '137', '267', '296', '313', '356', '369', '92', '107', '39', '126']
['175', '191', '205', '302', '339', '366', '4', '127', '144', '349', '172']
['199', '309', '352', '357', '361', '11', '19', '65', '138', '380', '113', '226']
['125', '178', '181', '186', '218', '241', '261', '280', '103', '149', '213', '240']
['251', '252', '266', '338', '344', '363', '387', '152', '350', '78']
['390', '310', '400', '1', '64', '231', '279', '62', '324']
['6', '319', '334', '359', '20', '265']
['379', '392', '250', '36']
['312']
['348', '371', '372', '385', '386', '388', '391', '180', '22', '27', '118', '168']
['219', '394', '10', '32', '51', '67', '77', '167', '173', '188', '193', '227']
['260', '395', '48', '58', '211', '304', '307', '328', '378', '16', '3', '81']
['354', '396', '7', '47', '91', '100', '114', '120', '136', '201', '238']
['358', '289', '293', '295', '335', '200']
['381', '286', '300', '301', '305', '306', '376', '393', '8', '57', '66', '101']
['24', '315', '322', '325', '327', '329', '337', '346', '373', '374', '151', '122']
['37', '190', '215', '216', '220', '256', '303', '326', '336', '362', '159']
['398', '85']
['399', '34']
