['100', '193']
['0', '169']
['90', '195']
['117', '247', '305', '314', '166']
['23', '213', '338', '59']
['362']
['115', '215']
['158', '346']
['251', '84', '223']
['303', '51', '143']
['67', '184', '30', '162']
['324', '31', '177']
['14', '151', '160', '206', '29']
['50']
['71', '243', '270']
['109', '284']
['128', '316']
['154', '261', '292']
['174', '3', '222']
['353']
['1', '93', '217', '69', '124']
['5', '252', '267']
['82', '199']
['104', '310']
['185', '103', '356']
['203', '135', '266']
['347', '186', '302']
['245']
['255', '66', '226']
['280']
['281', '295', '56', '323']
['285', '126', '179', '209', '88']
['298']
['307']
['342']
['256']
['35']
['228']
['41']
['55', '345', '301']
['219']
['80']
['99', '152', '291']
['140']
['145']
['153']
['208']
['165', '181']
['183']
['188']
['189']
['198']
['214']
['237']
['239']
['240']
['259']
['288']
['296']
['62']
['311']
['313', '38', '112', '319']
['321', '134', '191']
['331']
['339']
['11']
['21']
['28', '326']
['95', '64']
['96', '332']
['108']
['211']
['127']
['137', '36']
['142']
['150']
['161']
['164']
['168']
['170']
['138']
['175', '102']
['176']
['221']
['238']
['26']
['269']
['289']
['299']
['320']
['337']
['341']
['6']
['9']
['18']
['33', '210']
['37']
['52', '340']
['70']
['76']
['85']
['89']
['106']
['130']
['132']
['148']
['149']
['318']
['182']
['212', '272']
['216']
['220', '53']
['230']
['233']
['242']
['246']
['253', '10']
['268']
['274']
['276']
['279']
['282']
['290']
['306']
['317']
['348']
['354']
['357']
['2']
['309']
['250']
['32']
['42']
['43']
['44']
['46']
['48']
['49']
['61']
['68']
['172']
['74']
['91']
['97']
['107']
['121']
['131']
['136']
['157']
['17']
['258']
['171']
['192']
['194']
['197']
['201']
['123']
['227']
['254']
['262']
['265', '204']
['173']
['271']
['283']
['328']
['330']
['343']
['4']
['16']
['20']
['34']
['83']
['94']
['101']
['116']
['120']
['125']
['163']
['167']
['180']
['196']
['200']
['207']
['244']
['224']
['229']
['231']
['236']
['40']
['263']
['352']
['287']
['312']
['12']
['336']
['350']
['15']
['25']
['119']
['73']
['78']
['110']
['122']
['129']
['139']
['146']
['147']
['159']
['178']
['315']
['304']
['234']
['79']
['257']
['260']
['278']
['293']
['322']
['325']
['327']
['329']
['355']
['27']
['47']
['54']
['57']
['58']
['63']
['13']
['65']
['72']
['77']
['86']
['92']
['98']
['113']
['118']
['133']
['141']
['144']
['187']
['190']
['218']
['225']
['248']
['249']
['273']
['277']
['286']
['297']
['308']
['335']
['344']
['349']
['351']
['202']
['358']
['361']
['7']
['24']
['360']
['60']
['75']
['81']
['87']
['105']
['111']
['114']
['155']
['156']
['205']
['232']
['235']
['241']
['264']
['275']
['294']
['300']
['333']
['334']
['359']
['8']
['19']
['22']
['39']
['45']
