['Dereck', 'Alayasia', 'Abaan', 'Rosalio', 'Aylana', 'Mykaylah', 'Navia', 'Adriene', 'Dainen', 'Emree', 'Tahir', 'Mikyla', 'Aleiyah', 'Litsy', 'Prakruti', 'Kimball', 'Hallei', 'Ally', 'Takia', 'Jandre', 'Lauralynn', 'Aibhilin', 'Anagha', 'Delisha', 'Khila', 'Rey']
['Tralyn', 'Quintavious', 'Tayyab', 'Katalina', 'Dyami', 'Kenzington', 'Jdan', 'Spartan', 'Yavian', 'Niemah', 'Donnelle', 'Ayahna', 'Leighann', 'Fox', 'Handsome', 'Jahlen', 'Venezia', 'Analiah', 'Matt', 'Kay', 'Malaja', 'Zykerria', 'Adaley', 'Amritha', 'Loni', 'Chanze', 'Demetreus', 'Tafari', 'Terriona', 'Desteni']
['Crystina', 'Lailani', 'Jaquis', 'Eleah', 'Azzareya', 'Antwane', 'Jaydah', 'Merissa', 'Joed', 'Jeru', 'Suri', 'Serenety', 'Soriya', 'Abriyana', 'Xaviel', 'Shannel', 'Julia', 'Jacob', 'Anwesha', 'Aayana', 'Rock', 'Abdoulaziz', 'Maude', 'Nakaya', 'Kaushik', 'Nalaya', 'Aanyah', 'Jarem', 'Kobe']
['Armita', 'Mariaelena', 'Brydan', 'Adanna', 'Evia', 'Basha', 'Carena', 'Shardae', 'Nakeya', 'Zinia', 'Ingrid', 'Montana', 'Hesham', 'Selena', 'Kvaughn']
['Sayd', 'Zyeir', 'Sihaam', 'Sydelle', 'Doyle', 'Yarisbel', 'Farah', 'Adaisha', 'Merlina', 'Jesalyn', 'Jersi', 'Khalee', 'Aman', 'Dusan', 'Juliano', 'Elysha', 'Tanyla', 'Jamiyla', 'Hashem', 'Antrone', 'Marrius', 'Noami', 'Stafford', 'Kaeleen', 'Apollonia', 'Arsalan', 'Artyom', 'Miley', 'Trystian', 'Ebany']
['Artie', 'Kitty', 'Anela', 'Zolin', 'Khloee', 'Jasiya', 'Ancel', 'Raymir', 'Kayliann', 'Byron', 'Ameerah', 'Iris', 'Larry', 'Griffon', 'Mircale', 'Carsten', 'Ori', 'Sashya', 'Stefanny', 'Marifer', 'Gyzelle', 'Tyannah']
['Ryleeann', 'Shakila', 'Quintasia', 'Shelbee', 'Jazir', 'Alieyah', 'Jekeria', 'Reynaldo', 'Kameryn', 'Mailen', 'Nishta', 'Tobechi', 'Benito', 'Emmely', 'Yarithza']
['Helaman', 'Kyston', 'Gor', 'Keyvin', 'Dajana', 'Srinath', 'Camill', 'Coraline', 'Isaak', 'Vedika', 'Osmin', 'Casondra', 'Avielle', 'Veena', 'Mezmariah', 'Braeley', 'Ilyn', 'Leilah', 'Azeriah', 'Monserath', 'Yajahira', 'Zuzanna', 'Deriyon', 'Jos', 'Vivica', 'Ishmel', 'Keion', 'Anouk', 'Quentyn']
['Oviya', 'Ron', 'Jerel', 'Kaymarie', 'Anastacio', 'Alyze']
['Timia', 'Ahnaya', 'Devaun', 'Tobias', 'Jatziry', 'Shanaiya', 'Salif', 'Natasia', 'Zackrey', 'Marik', 'Raeleigh', 'Kaira', 'Zamyah', 'Bailynn', 'Kaymi', 'Jalyiah', 'Tacori', 'Rohil', 'Shy', 'Kirrah', 'Mylez', 'Jax', 'Soniah', 'Cisco', 'Oluwatobi', 'Mikelle', 'Trinitey', 'Shalonda', 'Leib', 'Jirah']
['Abhinav', 'Zaahir', 'Lamariah', 'Alyiana', 'Donnovan', 'Nethra', 'Dominika', 'Danyca', 'Inaki', 'Sharlene', 'Guy', 'Jemiah', 'Leni', 'Cordai', 'Coi', 'Tralaya', 'Renyah', 'Jayme', 'Mylie', 'Caliegh', 'Samauri', 'Lazaria', 'Kamora', 'Atika', 'Masud', 'Amor', 'Hannelore', 'Merary']
['Guadalupe']
['Vyncent']
['Bailei', 'Jamonte', 'Nancy', 'Kenniyah', 'Gracia', 'Keni', 'Thaddius', 'Jezzelle', 'Taegan', 'Keemya', 'Mckaylin', 'Chidi', 'Mykenna', 'Treyson', 'Ramses', 'Tajuan', 'Nidhi', 'Vanesa', 'Detravion', 'Abdulraheem', 'Cyris', 'Dragon', 'Kensleigh', 'Haya', 'Ettel', 'Nakari', 'Citlally']
['Asha', 'Jasahn', 'Cliff', 'Dessie', 'Michai', 'Lada', 'Ganon', 'Zoiee', 'Dairon', 'Carine', 'Adysen', 'Gertrude', 'Yonason', 'Salmaan', 'Satomi', 'Jamaad', 'Kellon', 'Kalum', 'Sevren', 'Alainna', 'Hayven', 'Seleen', 'Saheim', 'Jabes', 'Sevastian']
['Kaleo']
['Shahid']
['Lukis', 'Zahriyah', 'Lynia', 'Jaleesa', 'Jalilah', 'Daxen', 'Amr', 'Fidel', 'Coulson', 'Nohely', 'Kinzie', 'Fe', 'Trenise', 'Cicily', 'Mikea', 'Kaeley', 'Meryl', 'Jaaziah', 'Olive', 'Larrissa', 'Avigail', 'Lilienne', 'Taye', 'Andriy', 'Vinnie', 'Sanae']
['Jarrell']
['Azavier', 'Marcellino', 'Jailon', 'Cynae', 'Britnee', 'Thien', 'Keili', 'Kirubel', 'Charlett', 'Lilyonna', 'Nitzia', 'Kapena', 'Janesha', 'Aysenur', 'Lealand', 'Bow', 'Raphael', 'Adeleine', 'Kemily', 'Seiry', 'Taigen', 'Sincere', 'Mumin', 'Cylah', 'Aarohi', 'Sussy', 'Akasha', 'Aley', 'Mylani', 'Eddieberto']
['Shamyia']
['Eliziah', 'Tam', 'Sheniyah', 'Aryeh', 'Sinia', 'Marialy', 'Ellarie', 'Jesus', 'Marwan']
['Tashvi', 'Ricky', 'Brenya', 'Keyin', 'Evangelyne', 'Jaeline']
['Markise', 'Aizik', 'Jamaine', 'Dorcas', 'Fabrizzio', 'Jophy', 'Bristol', 'Jovey', 'Jakelin', 'Gunther', 'Dhyan', 'Makyra', 'Jeremias', 'Jema', 'Dea', 'Laticia', 'Eeliyah', 'Janine', 'Deidre', 'Marck', 'Emmanuela', 'Michaell', 'Jahred', 'Ailene', 'Giannie', 'Anadalay', 'Kariana', 'Jaleena', 'Siena', 'Jerriah']
['Bright', 'Nayara', 'Colie', 'Brinleigh', 'Sabastion', 'Deedra', 'Jamear', 'Denize', 'Kenzo', 'Shamaiya', 'Harlem', 'Halo', 'Daxx', 'Jebediah', 'Giankarlo', 'Lizmari', 'Shanell', 'Zayquan', 'Derionna', 'Blaine', 'Rayne', 'Dell']
['Elisah', 'Milene', 'Yu', 'Liann', 'Rielly', 'Dhalia', 'Jomary', 'Gauge', 'Kenzlie', 'Endi', 'Lakiyah']
['Feven']
['Deliany']
['Chyna']
['Thadius']
['Khamil']
['Abdulrehman', 'Rexford', 'Davidjr', 'Amonti', 'Yaire', 'Alison', 'Tasi', 'Treyonna', 'Mikaelah', 'Farha', 'Charlize', 'Sagan', 'Margie']
['Tayseer']
['Jameisha', 'Estephanie', 'Alaija', 'Serra', 'Dashun', 'Marnae', 'Delara', 'Shamiyah', 'Gwendolynn', 'Johnavan', 'Hugo', 'Casandra', 'Liat', 'Katarina', 'Shiala', 'Kyo']
['Marcellius']
['Emilie']
['Sameeha']
['Jaquan']
['Hakop']
['Orren']
['Jaimarie']
['Noha']
['Elway']
['Antonin']
['Natsumi']
['Kairy']
['Asa']
