['0', '17', '21', '26', '27', '30', '32', '33', '34', '39', '44', '45', '50', '51', '53', '63', '65', '70', '77', '78', '79', '81', '82', '87', '89', '90', '96', '98', '102', '108', '109', '111', '121', '123', '126', '131', '132', '133', '136', '142', '144', '152', '158', '163', '166', '170', '175', '178', '188', '191', '194', '197', '204', '206', '207', '208', '214', '217', '225', '259', '270', '271', '276', '287', '294', '295', '300', '306', '308', '138', '313', '317', '330', '333', '337', '341', '355', '357', '362', '373', '379', '383', '386', '387', '392', '397', '398', '421', '425', '428', '429', '431', '435', '437', '453', '460', '463']
['353', '3', '5', '6', '59', '244', '293', '302', '314', '359', '384', '407', '496', '49', '52', '56', '61', '106', '179', '256', '258', '292', '304', '369', '410', '488', '493', '238', '245', '263', '368', '74']
['10', '12', '199', '202', '209', '210', '212', '216', '219', '222', '226', '228', '229', '230', '239', '241', '242', '249', '251', '253', '260', '261', '265', '268', '269', '272', '277', '297', '301', '307', '310', '311', '312', '318', '323', '329', '336', '338', '340', '46', '345', '350', '364', '365', '370', '374', '376', '377', '391', '395', '414', '432', '450', '461', '464', '480', '483', '490', '491', '492', '1', '18', '37', '55', '76', '84', '85', '91', '101', '104', '116', '127', '129', '130', '252', '303', '366', '378', '401', '439', '451', '454', '15', '137', '140', '148', '154', '159', '167', '189']
['319']
['9']
['11']
['14']
['16']
['23']
['25']
['28']
['40']
['43']
['47']
['48']
['283']
['182']
['54']
['315']
['227', '262', '363', '285']
['60']
['489']
['64']
['354']
['80']
['93']
['100']
['120']
['122']
['125']
['134']
['145']
['146']
['168']
['169']
['171']
['183']
['185']
['192']
['196']
['198']
['211']
['213']
['215']
['218']
['220']
['224']
['234']
['498']
['243']
['119']
['416']
['247']
['254']
['255']
['462']
['380']
['57']
['273']
['275']
['278']
['280']
['284']
['286']
['448']
['299']
['334']
['309']
['232']
['331']
['332']
['342']
['351']
['418']
['200']
['371']
['372']
['180']
['393']
['396']
['403']
['389']
['94']
['417']
['424']
['427']
['436']
['438']
['441']
['445']
['447']
['458']
['478']
['264']
['444']
['325']
['499']
['190', '139', '349', '422', '470', '172', '184', '186', '320', '343', '487', '399', '141', '339']
['434']
['22']
['31']
['58']
['72']
['103']
['105']
['110']
['115']
['117']
['118']
['114']
['156']
['155']
['157']
['160']
['161']
['326']
['173']
['174']
['440']
['288']
['201']
['203']
['233']
['235']
['246']
['257']
['282']
['289']
['291']
['298']
['356']
['322']
['324']
['205']
['143']
['361']
['367']
['474']
['408']
['13']
['426']
['442']
['443']
['455']
['466']
['469']
['335']
['7']
['477']
['135']
['415', '223', '385', '388', '405', '433', '495', '66', '164', '231', '162', '24']
['2']
['4']
['19']
['113']
['38']
['62']
['327', '468']
['67']
['68']
['69']
['75']
['83']
['107']
['124']
['128']
['150']
['406']
['279']
['177']
['181']
['187']
['221']
['147']
['305']
['236']
['237']
['266']
['267']
['296']
['316']
['344']
['346']
['347']
['348']
['381']
['382']
['475']
['97']
['390']
['404']
['449']
['409']
['413']
['419']
['423']
['328', '484']
['456']
['457']
['459']
['411']
['176', '352', '358', '360', '375', '394', '400', '402', '412', '420', '430', '446', '452', '465', '467', '471', '472', '473', '476', '479', '482', '485', '486', '494', '497', '41', '8', '42', '71', '92', '95', '149', '151', '153', '165', '195', '248', '250', '274', '281', '290', '321', '481']
['240']
['20']
['193']
['29']
['35']
['36']
['73']
['86']
['88']
['99']
['112']
