['AGD', 'AHN', 'AHQ', 'AHW', 'AJX', 'AMT', 'ANH', 'AQD', 'AQK', 'ATP', 'ABV', 'ACT', 'AFC']
['AFG', 'AFJ', 'AFT', 'AGV', 'AGW', 'AHB', 'ABY', 'AKR', 'ALW', 'AME', 'AOE', 'AOH', 'AMJ']
['ALK', 'AMQ', 'APO', 'APU', 'AQU', 'ASF', 'ATR', 'APN', 'ARC']
['AFN', 'AGC', 'AGE', 'AGN', 'AHA', 'AHI', 'AIQ', 'AJG', 'AKL', 'ALG', 'ALQ', 'ALS', 'ANK', 'APC', 'APF', 'AQH', 'AQO', 'ARP']
['AIK', 'AIM', 'AGI', 'AJM', 'AKM', 'AMW', 'ANL', 'ANW', 'AOA', 'AOR', 'APJ', 'AQI', 'ARK', 'ARY', 'ASJ', 'ASW', 'ATH', 'AAB']
['AFU', 'AAF', 'AAH', 'ABG', 'ABJ', 'ABS', 'ABN', 'ACO', 'AAU', 'ADP', 'AFL', 'AFQ', 'AHO', 'AIH', 'AJA', 'AJT', 'AJY', 'AKA']
['ACR', 'ACU', 'ADG', 'ADX', 'AFB', 'AFW', 'AJL', 'AJN', 'ANS', 'AOI', 'APM', 'AQP', 'AEJ', 'ACP', 'AGQ']
['AIY', 'AJP', 'AKI', 'ALX', 'ANB', 'AHJ', 'AKX', 'AMS', 'AAV', 'AHL']
['ANU', 'AMV', 'ARF', 'ASM', 'ASV', 'ATI', 'ABQ', 'ACX', 'AFF', 'AFO', 'AFS', 'AKY', 'AGJ', 'AGK', 'AIA']
['AAD', 'ABD', 'ABX', 'ACD', 'ACF', 'ACG', 'ACS', 'AEI', 'AEQ', 'AFA', 'AHM', 'AHX', 'AIN', 'APG', 'AAW', 'AGF', 'APT']
['AOB', 'AAA', 'AAI', 'AAM', 'AAX', 'ABB', 'ACM', 'ACY', 'AFH', 'AIL', 'AJJ', 'AOL', 'AQL', 'ATB', 'ATE', 'ATL', 'AHU', 'ALA']
['APA', 'APD', 'ACN', 'ADJ', 'AEH', 'AGA', 'AGS', 'AGT', 'AHP', 'AHY', 'AIP', 'AJE', 'ALN', 'AMF', 'AML', 'AOQ', 'AOS', 'ABP']
['AQM', 'ACL', 'ADC', 'AEN', 'AFV', 'AGR', 'AHF', 'AIC', 'AIG', 'AKH', 'ANX', 'AOG', 'ASK']
['ASL', 'ALF', 'AMB', 'AMI', 'ANI', 'ANM', 'API', 'APW', 'ARG', 'AER', 'AET', 'AND']
['AAK', 'ALH', 'ALB', 'AMC', 'ANA', 'ASQ', 'ASR', 'ASU', 'ASY', 'ATJ', 'AAE', 'AAN', 'ABE', 'ADU', 'ADY', 'AEP', 'AEY', 'AFI']
['AAL', 'AEO', 'AGB', 'AGU', 'AID', 'AIV', 'AJH', 'AJU', 'AKK', 'AKV', 'ANT', 'AOJ', 'AON', 'AOT', 'AOW', 'ARJ', 'ARU', 'ARX']
['AES', 'AFK', 'AHS', 'AIE', 'AAQ', 'AJF', 'AMG', 'AMH', 'APR', 'ATV', 'AAT', 'ACA', 'AGO']
['AAP', 'AMP', 'ANE', 'ANG', 'AOD', 'APV', 'AQY', 'ASO', 'ATD', 'AFR', 'ALU', 'AOV']
['ABF']
['APS', 'APY', 'ASI', 'ATX', 'AQF']
['ARM', 'ASE', 'ASN', 'ATT', 'ATY', 'ABI', 'ADH', 'AGH', 'AII', 'APQ']
['ACK', 'AQB', 'AQN', 'AQS', 'AQT', 'ASC', 'ABA', 'ABC', 'ACV', 'AEB', 'AKC', 'AKN', 'AHR']
['APH', 'AHH', 'AIB', 'AIU', 'AKD', 'AKG', 'ALR', 'ANV', 'AOY', 'ARE', 'ATW', 'ACB']
['ATU', 'ABM', 'ASP']
['ADD', 'ASA', 'ACH', 'ADI', 'AEK', 'AIR', 'AIW', 'AJD', 'AJO', 'AKJ', 'AKW', 'ALL', 'AMX', 'AOM', 'AQG', 'AQW', 'ARD', 'ARH']
['ADQ', 'ALV', 'AMO', 'ANQ', 'ANR', 'APP', 'AQQ', 'ARA', 'ABK', 'ABO', 'ADV', 'AEA']
['AOO', 'AOP', 'ATM', 'ATO', 'AAO', 'ADM', 'AEG', 'AIJ', 'AIX', 'AKS', 'ALP', 'AMM']
['ADT', 'AKF', 'AKQ', 'AKU', 'ALM', 'ANY', 'AOF', 'AQA', 'ATG', 'ATQ', 'ATS', 'AFP', 'AGX', 'ALY', 'AQR']
['ADW', 'AST', 'ATC', 'AAC', 'ABH', 'AEX', 'ASH']
['ABU', 'AJB', 'AJQ', 'ALD', 'AMK', 'AMR', 'APE', 'APK', 'ACE', 'ACJ', 'ADK', 'ADO']
['AEC', 'ACW', 'ADL', 'AIS', 'AMD', 'AMY', 'AOC', 'AOK', 'APL', 'AQC', 'ATN', 'AFX']
['AED', 'ABW', 'AIF', 'AIO', 'AJI', 'ALE', 'ALO', 'AMU', 'AOU', 'ARO', 'ARS', 'AHD']
['AEE', 'ADN', 'AGG', 'AGL', 'AHE', 'AJC', 'AJR', 'AKO', 'AKP', 'AKT', 'ALJ', 'ANJ', 'ANO', 'AQE', 'ARN', 'ARQ', 'ASX', 'AAR']
['ASS', 'ATF', 'AAJ', 'ADB', 'AEL', 'ATK']
['AEM', 'ACC', 'ACQ', 'ADA', 'AGY', 'AMA', 'AMN', 'APB', 'APX', 'ARV', 'ASB', 'ASD', 'ABR', 'AEF', 'AGM', 'ARR']
['AQJ', 'AQX', 'ARI', 'ARW', 'AAS', 'AOX', 'ADF']
['AEU', 'AAY', 'ABT', 'ACI', 'ADE', 'AFD', 'AJK', 'ALC', 'ALT', 'ANN', 'ARB', 'ATA', 'ADR']
['AEV', 'AEW', 'AFM', 'AHC', 'AHG', 'AHK', 'AHT', 'AKB', 'ANC', 'ANF', 'ASG', 'AAG', 'ANP']
['AKE', 'ARL', 'AHV']
['AFY', 'ADS', 'AFE', 'AGP', 'AIT', 'AJS', 'AJV', 'AJW', 'ALI', 'AQV', 'ART', 'ABL']
