['67', '68', '69', '70', '71', '72', '73', '75', '79', '80', '82', '83', '84', '85', '86', '87', '89', '90', '91', '92', '93', '96', '127', '51', '81', '88', '109', '103', '119', '130']
['94', '126', '131', '132', '133', '134', '135', '137', '138', '139', '140', '141', '142', '143', '144', '145', '146', '147', '148', '149', '150', '155', '77', '78', '136']
['95', '97', '98', '99', '100', '101', '102', '104', '105', '106', '107', '108', '110', '111', '112', '113', '114', '115', '116', '117', '118', '120', '121', '124', '125', '128', '122', '76', '123', '129']
['175', '158', '159', '160', '161', '163', '164', '165', '167', '168', '169', '171', '173', '174', '176', '178', '179', '181', '182', '183', '184', '186', '187', '188', '189', '190', '191', '151', '170', '177']
['192', '193', '194', '196', '197', '201', '203', '204', '205', '207', '208', '209', '210', '211', '213', '214', '215', '216', '217', '218', '219', '220', '224', '225', '172', '199', '153', '221', '152', '154']
['229', '230', '231', '232', '233', '234', '235', '236', '237', '238', '239', '240', '242', '243', '244', '245', '246', '247', '248', '249', '250', '251', '253', '254', '256', '257', '226', '259', '260', '255']
['258', '261', '262', '263', '264', '265', '267', '268', '269', '270', '271', '273', '274', '275', '278', '279', '280', '283', '285', '286', '227', '287', '308', '321', '322', '323', '324', '284', '290', '281']
['19', '1', '3', '4', '6', '7', '8', '10', '11', '12', '13', '14', '15', '16', '17', '18', '20', '21', '22', '23', '24', '25', '26', '27', '29', '30', '31', '9', '32', '33']
['327', '328', '329', '332', '333', '334', '335', '336', '339', '340', '341', '344', '353', '354', '241', '272', '331', '338', '342', '347', '350', '355', '364', '365', '368', '369', '228', '345', '346', '349']
['58', '34', '36', '37', '38', '39', '40', '42', '43', '45', '46', '47', '48', '49', '50', '53', '54', '55', '56', '57', '59', '61', '62', '63', '64', '52', '65', '35', '44', '66']
['288', '289', '291', '292', '293', '294', '295', '297', '298', '299', '300', '301', '302', '303', '304', '306', '307', '309', '310', '312', '313', '314', '315', '316', '276', '317', '318', '319', '320', '296']
['352', '357', '358', '360', '361', '363', '366', '367', '370', '371', '373', '326', '374', '375', '282', '305', '348', '351', '311', '330', '337', '343', '356', '359', '362', '372', '277']
['223', '202', '206', '222', '195', '198', '180', '185', '156', '157', '162', '166', '200']
['2', '60', '74', '438', '41']
['376', '410', '411', '412', '413', '414', '415', '416', '417', '419', '420', '421', '422', '423', '426', '427', '429', '430', '431', '432', '433', '434', '435', '378', '436', '437', '425', '439', '442', '443']
['379', '380', '381', '383', '384', '385', '386', '387', '388', '389', '390', '391', '392', '393', '394', '396', '397', '398', '399', '400', '401', '402', '403', '404', '405', '406', '407', '409', '377', '408']
['496']
['424', '395']
['440', '441', '444', '447', '448', '449', '450', '451', '455', '456', '458', '459', '460', '461', '462', '464', '465', '466', '467', '469', '470', '453', '457', '468', '428', '445', '446', '463', '471', '472']
['325']
['212']
['252', '266']
['473', '474', '475', '476', '478', '479', '480', '481', '482', '483', '484', '485', '486', '487', '488', '489', '490', '491', '492', '493', '494', '495', '497', '498', '499', '454', '500', '477', '452']
['418']
['5', '28', '382']
