['Kaitlyn', 'Karren', 'Pat', 'Alison', 'Nola', 'Angela', 'Jesse', 'Ann', 'Katherine', 'Martin', 'Paul', 'Michael', 'John', 'Gerald', 'Cathy', 'Miguel', 'Stanley', 'Anna', 'Catherine', 'Bobby', 'Marilyn', 'Mae', 'Joe', 'Marie', 'Bonnie', 'Dennis', 'Shannon', 'Pete', 'Ernest', 'Lane', 'David', 'Judith', 'Lena', 'Corey', 'Margaret', 'Brandon', 'Crystal', 'Joni', 'Jessica', 'Kathleen', 'George', 'Berta', 'Tracy', 'Ollie', 'Latisha', 'Bertha', 'Jennifer', 'Marlin', 'Alicia', 'Stephanie', 'Diana', 'Ernestine', 'Christian', 'Adam', 'Jo', 'Beverly', 'Cheryl', 'Leticia', 'Ruth', 'Lynne', 'Cindy', 'Olivia', 'Brenda', 'Moses', 'Emily', 'Annette', 'Leona', 'Ralph', 'Patrick', 'Betty', 'Lonnie', 'Michelle', 'Amos', 'Bethany', 'Kerri', 'Jose', 'Eleanor', 'Susan', 'Glen', 'Jeffrey', 'Tony', 'Kenneth', 'Wendy', 'Mable', 'Gregory', 'Mack', 'Jane', 'Eugenia']
['Gary']
['Charlotte']
['Sylvia', 'Melanie', 'Clyde', 'Derrick', 'Margarito', 'Heather', 'Gordon', 'Sharon', 'Juanita', 'Krysten', 'Linda', 'Freda', 'Raul', 'Reginald', 'Travis', 'April', 'Ursula', 'Lessie', 'Eura', 'Lillian', 'Justin', 'Darlene', 'Jesus', 'Stacy', 'Geraldine', 'Kevin', 'Guy', 'Lydia', 'Fredrick', 'Terry', 'Elsie', 'Inez', 'Reinaldo', 'Darrell', 'Roosevelt', 'Audrey', 'Therese', 'Dale', 'Beth', 'Andrew', 'Matt', 'Dorothea', 'Amy', 'Wesley', 'Curtis', 'Pamela', 'Nancy', 'Pablo', 'Emery', 'Peter', 'Derek', 'Quintin', 'Larry', 'Daniel', 'Nelson', 'Dana', 'Jodi', 'Jeff', 'Phillip', 'Irene', 'Tommy', 'Leigh', 'Tuan', 'Joanne', 'Peggy', 'Jimmy', 'Roger', 'Steve', 'Bruce', 'Don', 'Cesar', 'Cornelius', 'Andre', 'Jorge', 'Wilma', 'Carole', 'Willie', 'Jayme', 'Georgette', 'Wallace', 'Doris', 'Carlos', 'Angelica', 'Jacob', 'Andres', 'Alice', 'Gwen', 'Joshua', 'Domingo', 'Gloria', 'Cassandra', 'Ana', 'Mildred', 'Craig', 'Myriam', 'Dawna', 'Fred', 'Ouida', 'Wanda', 'Kisha', 'Anthony', 'Priscilla', 'Raeann', 'Natalie', 'Christina', 'Andrea', 'Carmelita', 'Frederick', 'Reggie', 'Rick', 'Clayton', 'Jacque', 'Alex', 'Gerardo', 'Louis', 'Deanna', 'Rosa', 'Gladys', 'Janet', 'Maureen', 'Marcelino', 'Willis', 'Blair', 'Deborah', 'Gilda']
['Kristin', 'Lucie', 'Ellis', 'Theodore', 'Winnifred', 'Danielle', 'Dorothy', 'Elia', 'Suzie', 'Gertrude', 'Wilson', 'Cassie', 'Harvey', 'Keri', 'Lucy', 'Nina', 'Alexander', 'Lyle', 'Bernard', 'Laura', 'Calvin', 'Alfred', 'Stacie', 'Marco', 'Erik', 'Ashley', 'Burl', 'Ricky', 'Timothy', 'Janene', 'Miles', 'Beulah', 'Susanna', 'Lulu', 'Grant', 'Marquerite', 'Lewis', 'Dean', 'Sheryl', 'Kimberly', 'Jonathan', 'Kerrie', 'Sofia', 'Seth', 'Viola', 'Stephany', 'Sally', 'Ward', 'Eugene', 'Norma', 'Danny', 'Clarissa', 'Selma', 'Kylie', 'Troy', 'Steven', 'Edwin', 'Robyn', 'Norman', 'Marlene', 'Booker', 'Loraine', 'James', 'Albert', 'Cory', 'Ronda', 'Alvin', 'Connie', 'Morgan', 'Ruby', 'Hugh', 'Teresa', 'Vella', 'Belinda', 'Harold', 'Mireya', 'Everett', 'Christopher', 'Antonio', 'Carl', 'Robin', 'Joann', 'Frank', 'Walter', 'Victor', 'Carmen', 'Sam', 'Garrett', 'Randolph', 'Matthew', 'Lori', 'Lawrence', 'Ryan', 'Nicole', 'Pauline', 'Michele', 'Roy', 'Thomas', 'Patricia', 'Martha', 'Ronald', 'Douglas', 'Evelyn', 'Rachel', 'Mark', 'Kelly', 'Myron', 'Mario', 'Charles', 'Mary', 'Dawn', 'Roberto', 'Christine', 'Helen', 'Lisha', 'Kristine', 'Arturo', 'Maryann', 'Juan', 'Rosie', 'Margert', 'Glennie', 'Rafael', 'Joseph', 'Debra']
['Stephen']
['Bradley']
['Philip']
['Marian']
['Melissa']
['Donald']
['William']
['Josephine']
['Herbert']
['Lana']
['Karen']
['Ida']
['Virginia']
['Fredda']
['Tamika']
['Sherri']
['Fernando']
['Marcella']
['Clarence']
['Tara']
['Pamella']
['Carol']
['Adele']
['Hedwig']
['Donna']
['Marjorie']
['Jean']
['Kim']
['Lilian']
['Molly']
['Tim']
['Kirk']
['Gail']
['Lucille']
['Francisco']
['Reuben']
['Veronica']
['Jeffery']
['Theresa']
['Samuel']
['Lorraine']
['Sylvester']
['Mabel']
['Rhonda']
['Cecilia']
['Jeanine']
['Ingeborg']
['Rebecca']
['Rolf']
['Toni']
['Glenna']
['Tanya']
['Raymond']
['Sarita']
['Rosalee']
['Jeremy']
['Polly']
['Edward']
['Bessie']
['Roberta']
['Laurence']
['Lloyd']
['Kellie']
['Paula']
['Monica']
['Kathryn']
['Lahoma']
['Caridad']
['Ray']
['Irving']
['Winifred']
['Constance']
['Elizabeth']
['Annalee']
['Judy']
['Thelma']
['Shirley']
['Del']
['Eva']
['Raphael']
['Emmie']
['Robert']
['Eric']
['Laurie']
['Morris']
['Brian']
['Wayne']
['Rosalyn']
['Marion']
['Barbara']
['Phyllis']
['Imogene']
['Warren']
['Maria']
['Chris']
['Will']
['Richard']
['Mike']
['Esther']
['Scot']
['Jason']
['Selina']
['Ivonne']
['Ellen']
['Cecile']
['Leanne']
