['196', '303', '357', '358', '368', '376', '386', '13', '20', '24', '45', '87', '155', '163', '199', '238', '262', '277', '285', '287']
['240', '11', '15', '28', '35', '53', '90', '104', '120', '132', '142', '146', '150', '164', '269', '308', '356', '32', '61', '188']
['375', '9', '36', '69', '74', '77', '78', '40', '52', '103', '124', '143', '157', '172', '176', '106', '213', '264', '286', '221']
['315', '3', '88', '99', '101', '105', '17', '128', '138', '171', '175', '204', '208', '210', '218', '65', '144', '158', '161', '201']
['360', '149', '168', '173', '203', '272', '278', '280', '309', '320', '322', '340', '342', '374', '391', '396', '63', '94', '110', '227']
['2', '83', '166', '169', '183', '251', '253', '296', '325', '331', '344', '353', '373', '389', '390', '85', '139', '47', '123', '154']
['108', '112', '116', '127', '6', '219', '229', '263', '293', '343', '345', '370', '26', '159', '237', '290', '369', '0', '351', '16']
['255', '182', '220', '222', '225', '192', '193', '217', '241', '260', '267', '302', '318', '319', '361', '5', '39', '249', '301', '366']
['282', '283', '284', '291', '298', '37', '288', '349', '354', '383', '258', '129', '54']
['274', '299', '300', '321', '324', '327', '330', '332', '294', '326', '392', '393', '399', '25', '41', '122', '137', '214', '394']
['75', '236', '245', '250', '265', '279', '289', '334', '381', '384', '223', '305', '317', '12', '84', '177', '224', '71', '156', '160']
['147', '4', '58', '64', '113', '115', '118', '174', '187', '194', '232', '239', '271', '314', '359', '378', '382', '14', '23', '89']
['346', '306']
['209', '153', '179', '180', '248', '254', '337', '91', '136', '145', '268', '67', '82', '333']
['152']
['140', '148', '151', '233', '243', '388']
['134', '51', '1', '270']
['367']
['273', '364', '372', '377']
['121']
['107', '98', '100', '125', '352', '371']
['307', '311', '316', '297', '228', '27', '162']
['292']
['211', '43', '49', '50', '56', '62', '70', '131', '197', '355', '38', '97', '216']
['46']
['242', '185']
['207']
['363']
['119']
['380', '170', '365']
['189', '202', '215', '18']
['8']
['21']
['73', '266', '323', '338', '339', '341', '348', '350', '397', '7', '29', '34', '93', '247', '81', '395', '295']
['200']
['55', '275']
['19']
['92']
['117']
['328']
['126']
['231']
['48']
['257', '68', '141', '252']
['379']
['385']
['60', '79', '80']
['57']
['86']
['114']
['135']
['312']
['205']
['212']
['195']
['234']
['246']
['230']
['259']
['261', '329']
['281']
['347']
['10']
['313']
['336']
['276']
['362']
['387']
['398']
['181']
['310']
['31']
['167']
['33']
['96']
['22']
['109']
['66', '256']
['59']
['198']
['76']
['335']
['102']
['111']
['130']
['133']
['226']
['42']
['304']
['165']
['178']
['184', '30', '72']
['186']
['190']
['191']
['206']
['235']
['244']
['95']
['44']
