['475', '282', '156', '204', '228', '207', '255', '289', '254', '358', '55', '263', '25', '121', '444', '88', '51', '109', '157', '327', '290', '424', '0', '280', '170', '338', '315', '409', '76', '412']
['49', '120', '341', '432', '355', '217', '354', '124', '54', '375', '397', '469', '18', '473', '256', '463', '339', '230', '70', '390', '80', '119', '153', '267', '48', '107', '374', '450', '405', '416']
['454']
['169', '381', '325', '478', '179', '173', '26', '108', '65', '113', '81', '130', '214', '448', '423', '71', '106', '386', '94', '382', '333', '239', '286', '155', '387', '37', '149', '208', '451', '79']
['193', '211', '22', '183', '84', '447', '244', '471', '326', '460', '453', '264', '116', '370', '441', '361', '393', '353', '284', '392', '145', '407', '402', '243', '291', '443', '175', '472', '383', '461']
['369', '134', '139', '236', '185', '437', '316', '105', '219', '258', '205', '147', '203', '446', '368', '356', '125', '322', '212', '152', '427', '425', '226', '377', '168', '13', '165', '190', '114', '411']
['4', '389', '360', '122', '372', '242', '133', '96', '89', '187', '118', '58', '35', '371', '413', '151', '272', '21', '330', '458', '317', '403', '324', '123', '63', '69', '474', '362', '275', '103']
['154', '182', '86', '296', '52', '100', '253', '215', '430', '148', '234', '158', '198', '43', '260', '477', '46', '298', '351', '379', '431', '101', '305', '16', '283', '50', '41', '295', '126', '440']
['191', '352', '300', '468', '398', '59', '347', '439', '28', '167', '278', '410', '202', '417', '319', '184', '415', '209', '384', '3', '66', '174', '213', '172', '240', '11', '112', '348', '335', '6']
['223', '17', '68', '27', '132', '262', '210', '285', '268', '98', '467', '128', '426', '404', '221', '82', '146', '279', '231', '349', '166', '159', '186', '200', '127', '400', '99', '224', '140', '241']
['111', '138', '67', '308', '150', '180', '238', '232', '194', '479', '266', '332', '10', '428', '177', '233', '104', '181', '399', '42', '75', '95', '53', '406', '2']
['83', '294', '329', '271', '452', '252', '135', '39', '365', '23', '38', '429', '73', '378', '323', '328', '33', '292', '314', '40', '465', '8', '64', '20', '276', '459', '56', '97', '201', '373']
['363', '476', '129', '93', '466', '15', '310', '189', '250', '442', '178', '90', '36', '32', '257', '297', '222', '357', '229', '259', '60', '420', '1', '270', '350', '342', '288', '434']
['91']
['337', '435', '5', '394', '115', '176', '422', '199', '265', '299', '29', '141', '248', '246', '391', '136', '9', '438', '45', '34', '321', '366', '72', '87', '396', '12', '421', '302', '331', '57']
['110']
['196', '470', '414', '143', '293', '301', '269', '345', '195', '235', '62', '31', '395', '7', '385', '464', '455', '367', '311', '197', '320', '462', '436', '30', '408', '261', '449', '304', '364', '380']
['163']
['171']
['401', '218', '418', '237', '216', '376', '281', '92', '78', '433', '346', '456', '102', '85', '131', '249', '227', '340', '77', '117', '188', '445', '419', '160', '19', '359', '142', '306', '206']
['307', '273', '220', '225', '309', '343', '336', '44', '318', '313', '277', '74', '388', '251', '247', '137', '287', '47', '14', '192', '274', '144', '334', '24', '344', '161', '164', '303', '162', '312']
['61']
['457']
['245']
