['17', '166', '40', '212', '210', '184', '233', '9', '51', '178']
['39', '191', '230', '204', '186', '6', '156', '68', '240', '84']
['86']
['246', '158', '147', '227', '214', '50', '59', '112', '146', '218']
['104', '93', '229', '183', '57', '168', '145', '128', '58', '3']
['189', '170', '164', '203', '193', '85', '195', '8', '197', '208']
['70', '46', '63', '225', '235', '137', '96', '201', '162', '27']
['2', '19', '5', '87', '26', '242', '209', '143', '36', '37']
['221', '134', '32', '10', '114', '75', '30', '160', '116', '73']
['177', '53', '74', '149', '65', '94', '13', '78', '199', '237']
['174', '135']
['100', '28', '48', '107', '220', '219', '121', '138', '211', '31']
['202', '181', '244', '90', '139', '92', '132', '247', '14', '122']
['124', '49', '136', '106', '151', '232', '0', '54', '215', '99']
['12', '82', '103', '109', '131', '153', '119', '154', '61', '113']
['165', '173', '241', '22', '110']
['41', '21', '115', '175', '117', '185', '171', '234', '42', '187']
['76', '60', '200', '216', '167', '81', '228', '69', '155', '62']
['123', '47', '157', '217', '77', '248', '239', '127', '130', '105']
['34', '15', '190', '249', '125', '133', '97', '56', '35']
['198', '111', '207', '213', '20', '141', '226', '72', '120', '188']
['150', '194', '196', '206', '176', '148', '43', '7', '24', '52']
['243', '126', '172', '71', '223', '108', '118', '89', '79', '152']
['95', '88', '236', '129', '169', '29', '25', '11', '66', '1']
['231', '245', '205', '98', '144', '38', '33', '102', '192', '83']
['140']
['179']
['159']
['238', '44', '18', '67', '45', '142', '161', '23', '4', '80']
['182', '163', '180', '101', '224', '64', '91', '16', '222', '55']
