['Horace', 'Kendall', 'Rachel', 'Alexa', 'Millicent', 'Felix', 'Cortney', 'Refugio', 'Whitney', 'Claudie', 'Marquitta', 'Madison', 'Dong', 'Carmon', 'Xuan', 'Inga', 'Clifton', 'Xavier', 'Gerardo', 'Marquis', 'Zoraida', 'Ok', 'Eustolia', 'Raleigh', 'Honey', 'Zena', 'Tracie', 'Marcella', 'Miranda', 'Tina']
['Arcelia', 'Eufemia', 'Enola', 'Cleotilde', 'Elvie', 'Sharla', 'Alexandra', 'Merrill', 'Kirstin', 'Hui', 'Naomi']
['Hillary', 'Debora', 'Oscar', 'Treena', 'Marlo', 'Jeffrey', 'Alane', 'Joelle', 'Leila', 'Glenda', 'Irena', 'Adah', 'Delmar', 'Glenna', 'Chas', 'Trena', 'Orval', 'Meagan', 'Alex', 'Charmaine', 'Jina']
['Eloisa', 'Lezlie', 'Annamarie', 'Aretha', 'Kim', 'Rosalee', 'Vivien', 'Theo', 'Rosalba', 'Grant', 'Travis', 'Ella', 'Wes', 'Bertha', 'Jami', 'German', 'Hassan', 'Nieves', 'Leilani', 'Alvin', 'Lauren', 'Logan', 'Verona', 'Porter', 'Chang', 'Hayden', 'Michaela', 'Marilynn', 'Riley', 'Clara']
['Lola', 'Griselda', 'Kelly', 'Kris', 'Jacque', 'Johnny', 'Lizabeth', 'Sharilyn', 'Renetta', 'Edmond', 'Oswaldo', 'Florencio', 'Hortense', 'Dagmar', 'Tameika', 'Clarissa', 'Annabel', 'Kristopher', 'Beverley', 'Lucas', 'Heide', 'Ryann', 'Toya', 'Gerard', 'Lashay', 'Imogene']
['Sheldon', 'Camelia', 'Chester', 'Marcie', 'Russell', 'Florinda', 'Audie', 'Jesus', 'Marion', 'Lyn', 'Freddie', 'Percy', 'Alfred', 'June', 'Vincenzo', 'Dora', 'Artie', 'Latoya', 'Fanny', 'Eve', 'Kareem', 'Stanley']
['Leontine', 'Osvaldo', 'Elenora', 'Loren', 'Chance', 'Joye', 'Louise', 'Darrel', 'Janetta', 'Clarinda', 'Nickolas', 'Isabel', 'Loria', 'Jama', 'Clarice', 'Harvey', 'Cristi', 'Terry', 'Jennie', 'Murray', 'Selma', 'Renea', 'Ron', 'Cassie', 'Vernon', 'Mariah', 'Frederic', 'Tanisha', 'Neida']
['Lyndon', 'Taneka', 'Antonette', 'Mariano', 'Dion', 'Spencer', 'Almeta', 'Trey', 'Antonina', 'Lisa', 'Junior', 'Jae', 'Deirdre', 'Tammi', 'Tyisha', 'Oma', 'Ambrose', 'Shavon', 'Danial', 'Angella', 'Clyde', 'Kyung', 'Brendon', 'Allena']
['Marvin', 'Hyun', 'Shaun', 'Marcos', 'Randall', 'Rita', 'Susan', 'Nohemi', 'Dorthea', 'Vada', 'Leonida', 'Herlinda', 'Jeanette', 'Milissa', 'Pa', 'Susannah', 'Juliet', 'Yevette', 'Byron', 'Sharlene', 'Carson', 'Piedad', 'Deana', 'Kristi', 'Alethia', 'Easter', 'Tarah', 'Lana', 'Sherwood', 'Anabel']
['Tamisha', 'Emmanuel']
['Helene']
['Tai']
['Elliott']
['Elena', 'Hiroko', 'Loura', 'Lamonica', 'Earnest', 'Oneida', 'Dusti', 'Danita', 'An', 'Kay', 'Joanne', 'Martin', 'Rima', 'Garret', 'Jeremy', 'Ema', 'Houston', 'Tressa', 'Angeline', 'Elvia', 'Tamala', 'Sharell']
['Vernia', 'Rodrigo', 'Flavia', 'Kasey']
['Hershel']
['Esperanza']
['Clinton']
['Stanford', 'Leonard']
['Kurtis', 'Chan', 'Nicole', 'Mariette', 'Dorene', 'Odell', 'Antoinette', 'Olevia']
['Marci', 'Jade', 'Lilly', 'Lue', 'Son', 'Laticia', 'Alton', 'Winford', 'Doyle', 'Caitlyn', 'Shonda', 'Reita', 'Gisela', 'Destiny', 'Phylis', 'Margart', 'Latia', 'Shelton', 'Aaron', 'Dewitt', 'Roxane', 'Kylie', 'Claretha', 'Laraine', 'Amada', 'Bonnie', 'Louella', 'Lasonya']
['Clarence', 'Lorelei', 'Darnell', 'Savanna', 'Hilario', 'Princess']
['Pearlie', 'Jay', 'Sharan', 'Nathalie', 'Nadia']
['Elfrieda', 'Jan', 'Lucia']
['Christiane']
['In']
['Saul']
['Tiffani']
['Pinkie', 'Randa', 'Retta', 'Kimbra', 'Irma', 'Rachael', 'Kitty', 'Chun', 'Ocie', 'Garland', 'Naida', 'Stephani', 'Carolee', 'Marvis', 'Raul', 'Valorie', 'Joan', 'Elicia', 'Robert', 'Alicia', 'Dewayne', 'Charisse', 'Alvera', 'Rolando', 'Jefferey', 'Altagracia', 'Eugene']
['Darwin']
