['0', '180', '182', '184', '185', '186', '188', '189', '191', '193', '195', '258', '385', '477', '274', '283', '375', '442', '409', '422', '92', '357']
['87', '1', '218', '219', '236', '243', '246', '247', '250', '252', '253', '254', '256', '259', '310', '372', '373', '421', '441', '79', '168', '174', '181', '223', '307']
['331', '336', '337', '360', '361', '363', '367', '368', '369', '374', '7', '490', '179']
['227', '60', '63', '67', '69', '72', '80', '82', '85', '86', '141', '160', '290', '293', '143', '278', '453', '17', '270', '288', '378', '71']
['280', '59', '413', '417', '420', '424', '427', '429', '430', '433', '435', '436', '66', '416']
['65', '93', '26', '49', '51', '325', '386', '395', '443', '55']
['68', '94', '313', '315', '316', '318', '327', '340', '341', '343', '344', '452', '78', '178', '233', '300', '323']
['73', '95', '70', '155', '175', '241', '244', '91', '470', '122', '183', '483']
['88', '198', '200', '201', '202', '203', '210', '211', '214', '215', '238', '239', '242', '286', '362', '99', '319']
['98', '471', '472', '473', '474', '475', '478', '479', '480', '481', '484', '485', '486', '199']
['476']
['123', '100', '150', '335', '13', '137']
['101', '383', '384', '387', '390', '391', '392', '393', '394', '397', '399', '402', '404', '406', '176', '398', '456', '37', '277']
['142', '103', '83', '345', '432', '434', '22', '61']
['164', '165', '169', '172', '173', '220', '221', '222', '224', '226', '228', '230', '231', '232', '234', '353', '366', '76', '303', '339']
['206', '262', '380', '382', '407', '408', '410', '437', '438', '440', '448', '449', '454', '431', '489', '81', '133', '265', '370', '439']
['213', '135', '261', '444', '158', '212']
['264', '14', '96', '225', '326', '350']
['6', '8', '9', '11', '15', '18', '19', '20', '23', '24', '29', '30', '31', '32', '33', '56', '229', '255']
['328', '461', '462', '463', '464', '466', '467', '468', '469', '493', '494', '498', '499', '77', '248', '271', '333', '426']
['342', '266', '139', '251', '269', '276', '320', '381', '415', '445', '108', '237', '460']
['403', '267', '216', '365', '125', '128', '389']
['268', '110', '411', '194', '311', '400', '84']
['412', '295', '321', '324', '298']
['111', '113', '114', '115', '118', '120', '121', '124', '127', '157', '159', '161', '166', '167', '207', '334', '482', '187', '257', '260']
['296', '240']
['450', '297', '12', '190', '364', '58']
['451', '177', '209', '16']
['272', '275', '279', '281', '282', '285', '287', '292', '294']
['455', '104', '106', '107', '129', '132', '134', '144', '148', '149', '153', '154', '196', '359', '97', '192']
['299', '330', '497', '112']
['2', '74', '109', '419', '457', '145', '322', '338']
['301', '371', '273']
['28', '27', '136', '217', '487', '358', '205', '492', '496', '354']
['38', '3', '4', '5', '34', '39', '40', '41', '42', '43', '45', '47', '48', '50', '52', '53', '54', '57', '314', '446', '152', '151']
['44', '302', '305', '306', '309', '312', '348', '351', '352', '355', '356', '495', '105', '130', '170', '263', '332']
['376', '425']
['64', '377', '36', '423', '428', '89', '46']
['75', '126', '235', '346', '396', '171']
['90', '379', '10', '35', '162', '197', '388', '414', '488']
['458', '204', '289']
['102', '459', '25', '245', '308', '401']
['304', '347', '447']
['117', '62', '208', '291', '349', '140']
['119', '329']
['131', '418', '465']
['138', '491']
['317']
['147', '21', '146', '163', '284']
['156', '116', '249', '405']
