['5', '6', '10', '12', '17', '24', '28', '39', '40', '55', '57', '22', '130', '143', '32', '38', '45', '97', '98', '120', '129', '155', '164', '182', '201', '209', '233', '239', '247', '255', '16', '53', '64', '77', '83', '113', '200', '221', '222', '78', '179', '320', '326', '327', '333', '335', '336', '350', '352', '355']
['62', '66', '67', '71', '72', '84', '87', '88', '89', '90', '91', '93', '94', '104', '105', '110', '112', '31', '135', '144', '150', '153', '70', '95', '158', '176', '114', '204', '252', '253', '257', '285', '305', '315', '331', '354', '378', '388', '399', '410', '438', '452', '157', '224', '228', '269', '322', '353', '377', '392']
['116', '125', '126', '136', '137', '138', '139', '140', '141', '146', '160', '168', '170', '171', '172', '35', '205', '206', '212', '243', '250', '251', '265', '272', '290', '300', '334', '338', '339', '194', '195', '203', '330', '347', '180', '190', '229', '241', '271', '311', '317', '356', '370', '376', '391', '175', '189', '202', '262', '407']
['178', '183', '187', '188', '191', '192', '193', '213', '214', '215', '223', '226', '232', '235', '236', '256', '280', '298', '340', '342', '363', '372', '382', '416', '424', '426', '427', '439', '456', '459', '145', '270', '332', '384', '415', '498', '56', '60', '82', '85', '103', '108', '123', '425']
['281', '282', '286', '288', '289', '292', '302', '303', '307', '312', '321', '323', '373', '385', '404', '418', '445', '497', '7', '471', '482', '488', '499', '23', '42', '43', '46', '81', '86', '109', '166', '319', '409', '458', '470', '487', '492', '115', '118', '121', '122', '131', '472']
['394', '395', '396', '397', '408', '412', '419', '421', '422', '423', '428', '430', '431', '432', '433', '434', '435', '436', '447', '448', '450', '454', '464', '469', '13', '14', '26', '34', '49', '181', '442', '443', '444', '446', '460', '462', '463', '0', '1', '11', '50', '63', '65', '411', '437', '441', '474', '478', '401', '480']
['440', '457', '461', '466', '475', '477', '483', '484', '21', '44', '47', '73', '74', '99', '100', '101', '494', '496', '30', '61', '80', '96', '111', '117', '128', '134', '152', '208', '210', '216', '218', '219', '225', '485', '489', '495', '119', '124', '156', '207', '211', '230', '246', '266', '267', '283', '287', '306']
['491', '174', '318', '358', '359', '403', '413', '37', '357', '68', '36', '360']
['163']
['41']
['406']
['344']
['185']
['361', '234', '291', '325', '449', '453', '468', '2', '27', '33', '133', '142', '147', '348', '364', '196', '254']
['365', '367', '371', '400', '15', '18', '48', '127', '148', '197', '329', '473', '476', '75']
['346', '162', '173', '238', '313', '314', '351', '405', '199']
['259']
['260', '8', '177', '261', '4', '102', '106', '154', '296', '297', '324', '369']
['184']
['29']
['19']
['337']
['107']
['299']
['417']
['186']
['304']
['343', '349', '375', '159', '198', '240', '242', '278', '279', '301', '386', '389', '390', '414', '486', '490', '25', '52', '76', '79', '277', '51']
['245']
['465']
['284']
['398']
['217']
['169']
['276']
['9']
['149']
['429']
['381']
['231', '237', '244', '248', '258', '264', '268', '273', '274', '275', '59', '294', '295', '309', '310', '316', '341', '366', '374', '387', '308', '328', '345', '362', '379', '380', '383', '249', '293', '393', '402', '420', '451', '455', '467', '479', '481', '493', '3', '20', '58', '69']
['92']
['263']
['220']
['368']
['54']
['227', '132']
['151']
['161']
['165']
['167']
