['2', '3', '6', '8', '9', '12', '13', '14', '1', '148', '7']
['10', '16', '17', '19', '22', '23', '24', '26', '27', '28', '11']
['20', '18', '29', '31', '32', '33', '34', '35', '36', '37', '38']
['30', '39', '41', '42', '43', '44', '45', '46', '47', '48', '49']
['40', '50', '54', '55', '58', '59', '466', '467', '460']
['51', '57', '62', '63', '64', '65', '52', '56', '84', '53']
['60', '66', '67', '69', '72', '73', '74', '75', '61', '215', '210']
['70', '77', '79', '83', '85', '86', '87', '71', '82', '76', '128']
['80', '88', '89', '91', '92', '93', '94', '95', '96', '97', '81']
['90', '68', '98', '99', '102', '103', '104', '105', '106', '107']
['100', '78', '108', '109', '112', '113', '114', '115', '116', '117', '101']
['110', '118', '119', '121', '122', '123', '124', '125', '126', '127', '111']
['120', '129', '131', '132', '133', '134', '135', '136', '137', '138', '139']
['130', '142', '259', '258', '250', '251']
['140', '141', '143', '145', '147', '149', '152', '153', '154', '155']
['150', '144', '157', '159', '162', '163', '164', '165', '166', '156', '151']
['160', '146', '167', '169', '172', '173', '175', '176', '177', '412', '161']
['170', '178', '179', '181', '182', '183', '184', '185', '186', '187', '171']
['180', '158', '188', '189', '192', '193', '194', '195', '196', '197']
['190', '168', '198', '199', '201', '202', '203', '204', '205', '206', '191']
['200', '208', '209', '211', '212', '213', '214', '218', '219', '217', '372']
['221', '222', '223', '224', '225', '226', '227', '228', '229']
['220', '232', '207']
['230', '231', '233', '235', '237', '239', '241', '242', '243', '244', '245']
['240', '234', '246', '247', '249', '252', '253', '254', '255', '256', '257']
['236', '262', '263', '264', '265', '266', '267', '268', '261', '269']
['260', '238', '272', '273', '274', '275', '276', '277']
['270', '248', '278', '279', '282', '283', '284', '285', '286', '287', '271']
['280', '288', '289', '292', '294', '295', '281', '293', '357']
['290', '298', '299', '302', '303', '304', '305', '306', '307', '291']
['300', '309', '312', '313', '314', '315', '316', '317', '301', '308']
['322', '174', '406', '400', '407']
['320', '321', '323', '325', '327', '329', '332', '333', '334', '335']
['330', '324', '336', '337', '339', '341', '342', '343', '344', '331', '345']
['340', '326', '347', '349', '352', '353', '354', '355', '356', '393', '390']
['350', '328', '358', '359', '362', '363', '364', '365', '366', '367']
['360', '338', '369', '371', '373', '374', '375', '376', '377', '361', '368']
['370', '348', '378', '379', '382', '383', '384', '385', '386', '387']
['380', '388', '389', '391', '392', '394', '395', '397', '398', '399', '381']
['401', '402', '403', '404', '405', '408', '409']
['296', '297']
['410', '411', '413', '415', '417', '419', '421', '422', '423', '424', '425']
['420', '414', '426', '427', '429', '431', '432', '433', '434', '435', '436']
['430', '416', '437', '439', '441', '442', '443', '444', '445', '446', '447']
['440', '418', '448', '449', '451', '452', '453', '454', '455', '456', '457']
['450', '428', '458', '459', '461', '462', '463', '464', '465', '351', '396']
['438', '471', '472', '473', '474', '475', '476', '477']
['470', '478', '479', '481', '482', '483', '484', '485', '486', '487', '488']
['480', '489', '491', '492', '493', '494', '495', '496', '497', '498', '499']
['490']
['0', '5', '4', '216']
['346']
['15']
['21', '469', '468']
['25', '319', '310', '311', '318']
