['3', '6', '10', '11', '15', '17', '20', '37', '54', '57', '63', '78', '112', '108', '115', '126', '154', '156', '187', '189', '205', '222', '223', '46', '182', '209']
['32', '34', '38', '39', '40', '44', '48', '53', '55', '65', '68', '84', '101', '105', '109', '122', '123', '125', '88', '94', '117', '150', '159', '186', '214', '253']
['61', '64', '71', '73', '74', '75', '76', '77', '80', '81', '118', '135', '162', '183', '188', '86', '111', '134', '83', '287', '319', '334', '368', '394', '400', '414']
['18', '420', '425', '427', '428', '433', '440', '442', '449', '454', '458', '465', '479', '486', '0', '27', '28', '59', '60', '66', '7', '67', '92', '97', '127', '152']
['82', '87', '90', '96', '98', '100', '104', '121', '131', '143', '145', '148', '166', '174', '175', '217', '237', '246', '261', '288', '312', '366', '437', '103', '405', '453']
['139', '140', '144', '146', '149', '151', '153', '155', '157', '164', '178', '184', '185', '195', '196', '216', '221', '240', '265', '276', '292', '250', '297', '301', '255', '293']
['445', '451', '452', '455', '459', '460', '462', '464', '469', '231', '475', '482', '491', '4', '5', '16', '41', '42', '45', '51', '89', '120', '19', '116']
['110', '113', '114', '119', '124', '130', '132', '133', '129', '136', '137', '142', '158', '172', '218', '267', '191', '208', '211', '235', '244', '138', '165', '179', '271', '302']
['163', '167', '168', '170', '176', '180', '181', '199', '224', '272', '290', '337', '348', '352', '359', '402', '408', '426', '435', '207', '227', '282', '294', '335', '478', '495']
['327', '213', '220', '228', '229', '230', '232', '234', '236', '226', '241', '260', '269', '277', '307', '291', '313', '314', '323', '345', '354', '306', '378', '385', '212', '243']
['268', '270', '273', '278', '279', '280', '281', '285', '286', '298', '309', '318', '324', '351', '372', '472', '49', '50', '62', '93', '99', '102', '340', '483']
['295', '296', '300', '303', '304', '308', '310', '311', '305', '342', '355', '357', '369', '375', '393', '406', '412', '333', '374', '392', '422', '431', '9', '43']
['190', '192', '193', '194', '197', '198', '200', '202', '203', '206', '225', '238', '247', '248', '256', '266', '275', '283', '321', '326', '341', '379', '387', '407', '47', '299']
['316', '322', '328', '329', '331', '332', '336', '339', '161', '358', '365', '395', '404', '421', '439', '450', '477', '25', '36', '415', '52', '325', '389']
['476', '481', '487', '488', '489', '490', '493', '494', '262', '461', '29', '30', '31', '79', '85', '91', '107', '169', '173', '177', '210', '233', '257']
['343', '349', '350', '356', '360', '361', '363', '364', '367', '353', '381', '382', '386', '396', '399', '401', '416', '434', '436', '441', '444', '446', '470', '471', '448', '484']
['242', '245', '249', '252', '254', '258', '259', '264', '21', '289', '317', '330', '347', '362', '263', '344', '391', '429', '13']
['370', '371', '373', '376', '377', '380', '383', '384', '388', '390', '398', '403', '409', '419', '424', '430', '438', '443', '492', '2', '56', '22', '23', '24', '33', '58']
['447', '496', '497', '498', '1', '35', '69', '95', '106', '128', '160', '171', '201', '204', '215', '219', '239', '251', '274', '284', '315', '320', '338', '346', '147', '72']
['397', '410', '411', '413', '417', '418', '141', '432', '466', '467', '468', '473', '474', '480', '485', '8', '14', '456', '457', '12', '26', '423', '70', '463', '499']
