['ADP', 'AEY', 'ACP', 'AOQ', 'ACD', 'APJ', 'AET', 'ADL', 'AQN', 'APK', 'ADW', 'AFH', 'ACV', 'ADK', 'AFC', 'APT', 'AEB', 'AQK', 'ACG']
['AOW', 'AQJ', 'AQA', 'APN', 'AAS', 'AOX', 'AAR', 'AQE', 'AAK', 'AQH', 'APD', 'APC', 'AAJ', 'APG', 'AQL', 'AOT', 'APW', 'AQI', 'APF']
['AAD', 'AOK', 'AKL', 'AOH', 'AJG', 'AMR', 'AMN', 'AKI', 'AMK', 'ALC', 'AME', 'AJR', 'ANU', 'AJU', 'AAN', 'ANL', 'AKD', 'AMI', 'AMO']
['ABH', 'ABM', 'AJL', 'ANY', 'ALW', 'AAE', 'ACC', 'AMT', 'AAW', 'ABT', 'ABS', 'ABO', 'ALP', 'ANK', 'ANH', 'ALA', 'AOM', 'ANI', 'ABB']
['AEU', 'ADN', 'AEC', 'AFD', 'AFB', 'AGO', 'AEF', 'AHX', 'AHN', 'AFU', 'AED', 'AEG', 'AGY', 'ADU', 'AFE', 'AIV', 'ADR', 'AIE', 'ADX']
['AQM', 'APQ', 'APX', 'AQC', 'AQG', 'APB', 'AKW', 'AMA', 'ANX', 'APA', 'AQD', 'APY', 'APH', 'AOY', 'AKR', 'AOP', 'AON', 'APP', 'APL']
['AMV', 'AMP', 'AMU', 'AJC', 'AJV', 'AKY', 'AKT', 'AKU', 'ALR', 'AEQ', 'ALV', 'ANN', 'AFL', 'AJH', 'AKQ', 'AKC', 'AKH', 'AEM', 'ALZ']
['AIU', 'AIM', 'AID', 'AHU', 'AIF', 'AIX', 'AAO', 'AHA', 'AHW', 'AGB', 'AHS', 'AFX', 'AIA', 'AGF', 'AHH', 'AIJ', 'AGJ', 'AGM', 'AGG']
['AAZ', 'ADE', 'ABP', 'AFA', 'ADY', 'AAB', 'ADF', 'ADG', 'AEH', 'ACK', 'ACR', 'ADV', 'ACM', 'ACI', 'ACS', 'ACN', 'ACU', 'AEL', 'ADI']
['ABA', 'AGT', 'AGH', 'AGQ', 'AAX', 'AAC', 'AAV', 'AHQ', 'ADJ', 'AIC', 'AIG', 'AIK', 'AIH', 'AAY', 'AHY', 'AIY', 'ACT', 'AHC', 'AII']
['AMY', 'AAH', 'AMW', 'AJX', 'AOB', 'AOL', 'AJF', 'ANP', 'AKO', 'ALF', 'ALX', 'ANA', 'ANJ', 'AMS', 'AIZ', 'AKZ', 'ANQ', 'ANE', 'AJM']
['AJJ', 'ACZ', 'ACJ', 'ANG', 'AJZ', 'AAM', 'ALI', 'AJK', 'AJO', 'AKJ', 'ADB', 'AKG', 'ADD', 'AAI', 'ADH', 'ACQ', 'AOG', 'AKA', 'AKS']
['ABL', 'ABQ', 'ABC', 'ABR', 'ABK', 'ABV', 'ABE', 'ABX', 'ABN', 'ABU', 'ABJ', 'ABF', 'ABI', 'ACB', 'ABG', 'ABW', 'ACA']
['AAU', 'AFF', 'AEI', 'AHP', 'AAA', 'AFZ', 'AMC', 'AHZ', 'ANB', 'ALN', 'AJI', 'ALJ', 'AAQ', 'AJP', 'AHG', 'AHE', 'AFT', 'AAT', 'AGU']
['AHT', 'AFG', 'AEN', 'AER', 'AGP', 'AFP', 'AFY', 'AGZ', 'AFQ', 'AGI', 'AHI', 'AGK', 'AEX', 'AEP', 'ADO', 'AHO', 'AHB', 'AIP', 'AIT']
['AMQ', 'ALL', 'ANM', 'AJD', 'AOE', 'ALD', 'AOF', 'AKF', 'AJA', 'AMZ', 'AJE', 'AOJ', 'AJB', 'AMD', 'ANV', 'ALU', 'ALS', 'ANR', 'AOI']
['AES', 'AEZ', 'AEA', 'APS', 'APO', 'AQO', 'AQF', 'AEK', 'AOZ', 'APV', 'APR', 'AEE', 'ADZ', 'ADS', 'AOV', 'AEW', 'AQB', 'APM', 'APE']
['AHF', 'AGD', 'AGL', 'ACE', 'AEJ', 'ACW', 'ADT', 'AGC', 'AIL', 'AHV', 'AFK', 'AGA', 'AIB', 'AHL', 'AFV', 'ACL', 'ACO', 'AHD', 'AIQ']
['ABY', 'AKX', 'ANS', 'AGW', 'AMX', 'AJW', 'AMF', 'ALY', 'ALE', 'ABZ', 'ANZ', 'AKP', 'AMJ', 'ANT', 'AJT']
['AJQ', 'ANW', 'AKN', 'AML', 'ALB', 'AKK', 'AOA', 'ADC', 'AKV', 'ACF', 'AOC', 'ALH', 'AJY', 'ANC', 'AKE', 'ALT', 'ALG', 'ALK', 'AJN']
['AGS', 'AOO', 'ADA', 'ACX', 'AFW', 'AGR', 'AFO', 'AOR', 'AHJ', 'AIO', 'ACH', 'AHR', 'AHM', 'ACY', 'AFR', 'AIW', 'AGX', 'AIR', 'AIS']
['ADM', 'AEO', 'AAF', 'ABD', 'AEV', 'AOU', 'AIN', 'AGV', 'AGE', 'AAG', 'AHK', 'AGN', 'AFS', 'API', 'AFJ', 'AFN', 'AFM', 'ADQ', 'AFI']
['ANF', 'AOS', 'AJS', 'AMG', 'AND', 'AAL', 'APZ', 'AKM', 'APU', 'AAP', 'AKB', 'ALM', 'AOD', 'ALQ', 'AMB', 'AMM', 'AMH', 'ANO', 'ALO']
