['53', '0', '21', '22', '23', '24']
['25', '39', '40', '41']
['204', '205', '2', '201']
['46', '211', '213', '167', '212']
['1', '4', '5', '6', '221', '169']
['47', '215', '216', '217', '218', '214']
['9', '48', '219', '7', '8', '10']
['26', '27', '29', '30', '31', '33']
['28', '42', '44', '45', '148']
['49', '199', '200', '67', '108', '109']
['51', '50', '52', '54', '55', '56']
['59', '57', '58', '61', '62', '63']
['64', '65', '68', '79', '80', '78']
['69', '94', '122']
['84', '75', '77', '83', '86', '87']
['101', '93', '102', '104', '105', '107']
['103', '114', '115', '117', '150']
['95', '111', '112', '113', '243']
['126', '96', '129', '130', '131']
['128', '97', '139', '140', '142', '143']
['132', '124', '220', '225', '135', '203']
['134', '125', '133', '136', '138', '127']
['151', '141', '154', '155', '156', '249']
['159', '144', '157', '158', '161', '162']
['176', '145', '179', '180', '181', '247']
['178', '146', '189', '190', '192', '193']
['184', '147', '183', '186', '187', '188']
['202', '206', '207', '209', '208', '210']
['149', '222', '70']
['226', '223', '230', '231', '232', '227']
['228', '168', '224', '239', '240', '242']
['43', '99']
['170', '237', '238', '241', '235', '234']
['35', '171', '244', '32', '34', '177']
['60', '172', '245']
['85', '88', '89', '90', '91', '92']
['110', '116', '119', '120', '229', '152']
['173', '246']
['160', '163', '164', '165', '166']
['174']
['71', '72', '73', '74', '185', '182']
['175', '248', '118', '14']
['191', '121', '137']
['236', '98', '123']
['194', '66']
['11', '12', '17', '18', '19', '20']
['13', '195', '76', '81', '82']
['196', '3', '15', '16']
['197', '106', '100', '233']
['198', '36', '37', '153', '38']
