['BHECC', 'OBCSZ', 'ZCMCP', 'EXERI', 'SDCRN', 'FLAIE', 'AEXQY', 'SURGB', 'WWCYP', 'FIIIX', 'RDCHE', 'SMDTK', 'HOCJP', 'DTPHQ', 'ROVKN', 'LFYYV', 'VISUM', 'DAPHY', 'YPRRC', 'QXETJ', 'EBQJA', 'NPJSC', 'FQYNK', 'FBZDZ', 'RMNKI']
['SCMKV', 'LMDUZ', 'DOYMU', 'JEHBC', 'HAPCQ', 'YHWVK', 'KXFFP', 'ABQJV', 'NNLIE', 'NRRFB', 'SEJRA', 'JWNLZ', 'CZQAC', 'AZDHE', 'XQYCU', 'TPIXY', 'TQUPW', 'UTYHJ', 'ZMWJB', 'JECON', 'SPROB', 'DWGDE', 'KEUTQ', 'CSGGY']
['XGCQB', 'FRHWO', 'PBEOM', 'YVMFJ', 'NHBOU', 'BHFJC', 'PRFNT', 'PAVOS', 'QUGAX', 'SHEUT', 'SIWEE', 'LBYAL', 'NLQWV', 'NSSHB', 'VZFUK', 'NZQKM', 'RZJZX', 'KRMMY', 'YTVYR', 'UPNVV', 'POXWS', 'MMHOG', 'DRVVY', 'IXEZM', 'SUNJN']
['FRVNO', 'XMJJP', 'AALPZ', 'SOVUQ', 'LVMLT', 'HUNXU', 'XIGOI', 'WNDOP', 'QVEIA', 'USRDK', 'TJFHX', 'MCXWP', 'TDICM', 'OZSQX', 'OXZCV', 'ZKMSA', 'NEQMO', 'NGBWQ', 'TJLUN', 'GXAOE', 'UXUZX', 'RSFHX', 'BEFRL', 'VUTIQ', 'AHXXM']
['PHXOS', 'FCFIW', 'CSILO', 'HGAWC', 'ZYEMW', 'VZNGS', 'PQEKQ', 'JLTJR', 'KFWQL', 'XZTVE', 'QFZCO', 'QYCKH', 'FKSNY', 'ZUYFN', 'VSARS', 'REVQE', 'VNIQM', 'BXGAG', 'YKOFS', 'CZNRV', 'LQJNK', 'WEDAM', 'CHCYT', 'BFHEV', 'WTMZW']
['YSBTR', 'KBDMG', 'OVNTP', 'UZTYA', 'GFWZF', 'VWLQP', 'LEYDX', 'FSIEJ', 'VQTXV', 'JDDRN', 'FHCPP', 'ZRLGV', 'SYRST', 'FYSSP', 'HIBFR', 'BREAU', 'OYLVF', 'WTAGZ', 'VLXZD', 'NMUXG', 'DQJYE', 'UDEWT', 'WGNBW', 'YVULZ', 'JFOPY']
['KGDBH', 'XTFTT', 'BBDFQ', 'PADSR', 'VGWZF', 'GPHCZ', 'XGXRC', 'VUZHE', 'XYVAU', 'LRCXZ', 'QZGLO', 'NKEPZ', 'EYYNC', 'GPAYG', 'WAZOJ', 'RFDDK', 'XVOGO', 'ASGXO', 'PQYKQ', 'SLHLJ', 'UHFXM', 'FYAYI', 'UHIOD', 'ZNTDR', 'PBAWW']
['MTXFY', 'NZAXS', 'GUJWH', 'GUJWW', 'EIREK', 'MSZXR', 'PUFAY', 'WLODL', 'GDZSX', 'ABAQL', 'TYYLF', 'TEYRZ', 'CYRFR', 'WNGHY', 'QBGLN', 'DPJHM', 'PPBBM', 'SSWHW', 'PEIBF', 'HAYKV', 'UDFVU', 'BCTKV', 'SUEUT', 'CXMEP', 'PKECO']
['VYUHL', 'GRIBM', 'KQZVU', 'QLDQR', 'TJTMV', 'QFSQF', 'OPZLD', 'GKOUL', 'NLQQX', 'SEUJM', 'HVAAR', 'GNDQJ', 'JXKSJ', 'OYGNB', 'MRNHH', 'RWOPE', 'GJCQK', 'ELBRQ', 'JGIMA', 'HXGTU', 'RRFYM', 'RQZDB', 'GZWND']
['VMRKJ', 'JAGAT', 'JCTBB', 'JMNIF', 'CTLHM', 'QBYJR', 'KCWNV', 'UYUIP', 'QACAX', 'TLKIE', 'XPMAC', 'AEHLI', 'TPIHD', 'ZSYGC', 'FFZNI', 'ZLMYN', 'UTQPU', 'HDFES', 'AXICB', 'OEEYW']
['MIMWO', 'QMBKL', 'YMAKV', 'ADKIG', 'DUQLN', 'WNBOI', 'ZXEUD', 'YTXXV', 'QNXTS', 'SACPU', 'JLETC', 'DJQYY', 'GKPPL', 'KDZDK', 'EFRTR', 'EPEAQ', 'OHEWR', 'RNMID', 'KCPYN', 'XADCG', 'EIALG', 'OMNEY', 'PUJOM', 'EWIJA', 'URMYA']
['ZMCMD', 'QQCGU', 'FXFHY', 'LCGFN', 'AUIRW', 'IHIWD', 'LYSRO', 'NCWPX', 'RCWOS', 'JFKWJ', 'QSIZR', 'XQUPB', 'WHBFR', 'VFWVV', 'RMHZI', 'QSAIM', 'CYVWU']
['NCCJD', 'GPKTZ', 'OJTYX', 'TLAOJ']
['TMCLZ', 'FESAS', 'DNOMK', 'YRTTG', 'UNSUE', 'JCAYK', 'CRKWH', 'LCYZY', 'IPLJJ', 'PDSZU', 'LGPGN', 'EGYBS', 'JJDHO', 'MLWLT', 'BNPMH', 'DREMQ', 'BSOUP', 'IUTYE', 'EXSFL', 'KSGPB', 'JCWPV', 'DYIYS', 'GJYBX', 'IOHXF']
['VFXSF', 'BWKXY', 'JPLIB', 'ENWEC', 'EHCWU', 'PDNXQ', 'EFPNV', 'VNNEP', 'CYMCE', 'SAOVB', 'QJUJE', 'JGGQM', 'DBXJE', 'RUSXV', 'ELRTK', 'XQQNM', 'RRDGL', 'NHZCJ', 'YYNPW', 'MQWLN', 'LYFLA', 'WEYKU', 'YQBLY', 'FWTXB', 'NCXIY']
['BMNGE', 'ZZKGQ', 'NKLCQ', 'NZQNY', 'RISKG', 'JGBOH', 'BOOKC', 'TIZZI', 'FPFHY', 'GUGKR', 'LQGAI', 'DFZLH', 'FKMPO', 'TKEWX', 'UQJJY', 'QMJUD', 'SSZXS', 'TWVAR', 'STZIM', 'ZRFKN', 'AIWJE', 'AXIHL', 'VUPAV', 'CWZDH', 'WFPUN']
['NTGQJ', 'VHWPC', 'CASYZ', 'PARXO', 'BKFQR', 'ZPWCF', 'CWKNX', 'METWY', 'IEEVC', 'LHFOM', 'PPAYR', 'GKLKQ', 'JRNKY', 'POYSB', 'BXGFY', 'VKHOX', 'HZGVK', 'EAHZI', 'WZJYQ', 'KDMQW', 'XOUQM', 'PCOTH', 'NLPHM', 'VCMUY', 'HKBNA']
['RSYQC', 'VLACB']
['DFNDO', 'PREHL', 'QJRDV', 'CCHLM', 'YIQHC', 'JTKTH', 'KEPXD', 'GRUYQ', 'IAASE', 'ENHUS', 'ILRGH', 'FWKYL', 'ZOVBE', 'SLYUO', 'XLWDU', 'RLKNU', 'DZGQX', 'UOYAH', 'CALHI', 'FIUZZ', 'DWCIC', 'XOUQG', 'IPMBX', 'KEDYT', 'GAUGX']
['OENOT', 'BVKPC', 'IDOHH', 'XBVDI', 'VKBEF', 'IBFSE', 'BCKDA', 'IYGUJ', 'JPWDA', 'VSEBO', 'KTXRI', 'XDBSH', 'LPRGT', 'PKUWP', 'UMQSO', 'ALNHK', 'FIBZD', 'LMZAF', 'FSYHN', 'VGTYI', 'SEVGN', 'YPSZJ']
['RAAAY', 'SWZLI', 'MCVPN', 'TARGC', 'HAKPT', 'AQEWE', 'PSMNV', 'AAEBS', 'RKMOC', 'IYMNE', 'FMMZU', 'LJQBN', 'ZNEQL', 'WMAOH', 'HKSDK', 'RVMXY', 'RWIWJ', 'LESUW', 'STJMV', 'DBPXU', 'BBIGY', 'GAQXI', 'SPSXT', 'REFDA', 'MQEVZ']
['PPGSA', 'NMWYK']
['DOXUP']
['GKYTD']
['KIEKF', 'MUUIL', 'VBXTL', 'IQLHD']
['UMQRP', 'KZBFF', 'FIPGX', 'DDGZR', 'GBEQY', 'XHKTV', 'CRSZF', 'GWEZA', 'XYABI', 'FMFZO', 'QHQUF', 'IVYZR', 'ERXLL', 'UEFBC', 'XMZUX', 'YTTKI', 'VQUBW', 'MBBZL']
['VVMSW', 'JMPSL', 'VXNNV']
['PUWYW', 'ZOHDS']
