['1', '5', '9', '13', '14', '15', '3', '12', '7', '10']
['4', '181', '183', '184', '185', '186', '188', '189', '11', '187']
['17', '182', '245', '20', '38', '47', '65', '74', '101']
['18', '22', '24', '26', '29', '21', '16', '19', '25', '27']
['96', '98', '100', '102', '103', '104', '105', '94', '106', '107']
['190', '192', '193', '194', '195', '196', '197', '198', '110', '23']
['108', '109', '111', '113', '115', '117', '164', '128', '218']
['191', '253', '255', '256', '257', '258', '259', '260', '92', '173']
['199', '201', '202', '204', '205', '206', '207', '213', '215', '203']
['33', '35', '40', '41', '42', '44', '39', '43', '31', '37']
['30', '254', '2', '34', '36', '28', '32']
['118', '120', '121', '122', '123', '124', '125', '126']
['45', '49', '50', '53', '54', '58', '48', '46', '52', '51']
['119', '208', '210', '211', '212', '214', '216']
['209', '261', '137']
['129', '131', '132', '133', '134', '135', '127', '130']
['220', '221', '222', '223', '224', '225', '217', '219']
['139', '141', '142', '143', '144', '145', '146', '147', '149', '136']
['55', '60', '62', '63', '68', '69', '71', '66', '70', '64']
['140', '262', '264', '265', '266', '267', '268', '270', '138', '269']
['61', '152', '154', '155', '158', '160', '162', '57', '156', '59']
['72', '76', '77', '78', '80', '83', '67']
['150', '226', '228', '229', '230', '231', '232', '233', '234', '148']
['159', '161', '163', '165', '166', '167', '168', '157', '169', '170']
['73', '227', '263', '79', '81', '114', '116', '200', '112', '75']
['172', '174', '175', '176', '177', '178', '179', '180']
['235', '237', '238', '239', '240', '241', '242', '243', '6', '8']
['87', '93', '95', '97', '99', '85', '91', '171', '89']
['84', '236', '88', '90', '153', '56', '82', '86', '151']
['244', '246', '247', '248', '249', '251', '252', '250']
