['KUMCW', 'DFBMK', 'EOCJX', 'NSAJQ', 'NKCOJ']
['RQZPM', 'OXRUQ', 'PSVNQ', 'GOXXP', 'FZBVB']
['QBVUY', 'ZBJTS', 'WPGRW', 'NLRBO', 'QQXNO']
['XXRUC', 'ZJPJO', 'OTQON', 'HNXEZ', 'ERQBP']
['YQSUZ', 'TEFPC', 'VVCGQ', 'MEKWP', 'SEYUH']
['UBCVC', 'NHQWU', 'ALMIE', 'AGDTK', 'RUGKU']
['MRXML', 'BLHOQ', 'MTCGB', 'BTWAZ', 'UCLPW']
['KENPF', 'OMYLR', 'FJPVZ', 'VSPLU', 'IKHTD']
['XBTFE', 'FSTKF', 'TNZEA', 'BJTHH', 'JMYIA']
['OENWP', 'XNYRJ', 'QVNNO', 'QGGOH', 'ZJNIT']
['WJIWZ', 'CKHRK', 'NUSHB', 'GVYUW', 'VXLZU']
['XIDUV', 'WSVIR', 'JEBNF', 'IRAUO', 'HNKDE']
['SMSHQ', 'IBUGB', 'OVYUV', 'QIZOX', 'ABYHN']
['BBKUO', 'CIPCP', 'AWDBE', 'PKBGA', 'YNIQG']
['EGIIY', 'GLIPE', 'SGXHX', 'RWZXF', 'CLLNQ']
['CIUZU', 'WHRVK', 'ZHVLK', 'ZRVWH', 'XXFSV']
['VTOZN', 'SKBJW', 'YJCIZ', 'TKJBK', 'WUCQA']
['XCTJB', 'CFMPM', 'LIGPC', 'QYLAH', 'UCQZE']
['VLQCW', 'GEQFC', 'EAEIR', 'ZPTPS', 'QSVBC']
['XUHAP', 'QQUYY', 'ZNMAJ', 'JCOPI', 'HXXMK']
['UJESQ', 'PVVAV', 'DFVZW', 'UGKUC', 'MYAVD']
['AHMRO', 'SGTRH', 'DBIOJ', 'WAHPX', 'KQUJH']
['JWSRE', 'TAHXC', 'NCDJQ', 'NDLFM', 'XEEVL']
['PABIC', 'OLFRP', 'SGRXP', 'CIOFH', 'QPVND']
['YORBA', 'JOZYK', 'VNVFZ', 'LSZMU', 'OVYDG']
['UFVEC', 'NSDMC', 'IGQNP', 'FGDHQ', 'LIQGP']
['PQDFC', 'CPJBS', 'FXUHH', 'WTGUO', 'QSYML']
['BWWYB', 'PLFWC', 'KHNJL', 'BGOJW', 'WDGCR']
['XUYPR', 'PGHQU', 'WJAIQ', 'DKHZJ', 'DVLFX']
['ZUTJZ', 'BVCTY', 'IVZGD', 'JAFZN', 'FCWUA']
['PSZDK', 'KRWXO', 'FCJLJ', 'CUUFQ', 'HCVBR']
['CKFJL', 'LVBGW', 'UZKCN', 'VIPLF', 'KXMSB']
['PTRTD', 'VQAKV', 'QUECI', 'KPECP', 'BNJLP']
['PKHDM', 'GCQTP', 'SFQST', 'GUDYJ', 'GICKM']
['QNUDR', 'SVMGK', 'EAITX', 'WNYYG', 'RMUXW']
['JTHWI', 'DVRRV', 'VATRQ', 'KCHSD', 'DCJPL']
['QGRPC', 'FBWOW', 'YJPCO', 'UGVLA', 'ERTVL']
['TBZDI', 'QAOAR', 'VBRPO', 'SZXFW', 'UHSWZ']
['WWYEF', 'ENKVR', 'CBJEL', 'VPSEI', 'MIKDS']
['HAXVF', 'OSLVS', 'QECFT', 'AILUZ', 'NWAHL']
['YXPNV', 'IGUWL', 'XFNKQ', 'OXRDD', 'HSIWG']
['SJJMM', 'KYKCO', 'KGIPC', 'DUAEB', 'VFFHE']
['RMJIF', 'WLCAR', 'OUQMM', 'QGXZJ', 'MQDQQ']
['FZQXE', 'EHHWX', 'CIILB', 'IZMEQ', 'XAOMD']
['HATBR', 'APXMD', 'GNCHO', 'IAADS', 'SPHAJ']
['ENWEP', 'ZEPYJ', 'VGCRP', 'CHIJG', 'UHYVL']
['TFWCC', 'NVSYK', 'UHOTV', 'WOIJX', 'HKVZW']
['VLEXY', 'OKPQW', 'GAEKQ', 'CVNCZ', 'TKYGG']
['VYDDY', 'EADHZ', 'HWSJL', 'ARMIC', 'YWPLR']
['RCZHM', 'BNYBV', 'CCNPM', 'EWNSH', 'LNIAF']
['SROSJ', 'CPTCX', 'IZZTZ', 'PECLI', 'HFDOF']
['ZJQQO', 'RURLC', 'VWJWK', 'XBLXM', 'SRFIJ']
['ZCVZT', 'OCOQX', 'MXMMA', 'YBAFX', 'TTIDN']
['FXFUX', 'MXBHP', 'OAGEZ', 'EFKRH', 'TYMOI']
['KDZKT', 'XWMKT', 'WGGGP', 'AICHQ', 'PXCKJ']
['ZIJNW', 'FDGQA', 'FZRBE', 'VATKD', 'IRNCA']
['TLZCG', 'QIALM', 'TAIVA', 'ZYPEK', 'UQKOV']
['BBVXC', 'FELNZ', 'LPHWP', 'NSTKH', 'TFGVT']
['KXUES', 'RFWKF', 'ZQDIP', 'AXQPJ', 'DKSJV']
['VXIFI', 'RJIED', 'FVYLB', 'UJHDY', 'MWVBQ']
['CBNUD', 'ECNTU', 'JQBSO', 'TBPZM', 'SRUUN']
['OZZTI', 'GJRAV', 'QYWKX', 'DSQUZ', 'GWJWE']
['LCHJI', 'GZQDO', 'OJGET', 'WCFRY', 'RJDRX']
['WUTXG', 'VGUGP', 'ETYTK', 'YFRIJ', 'QBZQQ']
['HTJHJ', 'VQDCT', 'EYFRR', 'AWUBI', 'CIBMR']
['ORRXP', 'PQAHJ', 'KSCIB', 'KEMJT', 'JXGHX']
['ONQWA', 'RUYNY', 'ALXRH', 'YWCZV', 'EBLCO']
['OKQTW', 'THQAC', 'ACMPF', 'XBSXA', 'OQSOU']
['RDCTS', 'ACJRU', 'BPZOY', 'IGAXC', 'ZLQYF']
['DLKKW', 'SIGOM', 'QCRLR', 'DSUJE', 'FEUEQ']
['CQBIT', 'BPLLS', 'CSQHY', 'QCHPG', 'HGJEC']
['INTFC', 'EHMWV', 'LBKGE', 'IXMQO', 'MESKQ']
['WAQDW', 'IAMKK', 'YQPNL', 'SHLYA', 'TFEWH']
['LYGHF', 'UDTFQ', 'TVCFA', 'SYIZZ', 'GBGAG']
['SAVNS', 'XGNPD', 'JHGWB', 'TUSMK', 'BEIFF']
