['Balling', 'Jason', 'Jori', 'Sigsmond', 'Melisa', 'Minier', 'Velda', 'Hillel', 'Winebaum', 'Hakim', 'Avril', 'Mauchi', 'Hadleigh', 'Monahan', 'Cavallaro', 'Farro', 'Moonier', 'Tarkany', 'Pinto', 'Celestyn', 'Elihu', 'Augustina', 'Berner', 'Danuloff', 'Ratcliffe', 'Marilou', 'Serafine', 'Davidde', 'Knute', 'Ginzburg', 'Eudocia', 'Ashman', 'Doroteya', 'Rodolphe', 'Moyers']
['Kronick', 'Tine', 'Bhayani', 'Padget', 'Lacy', 'Anuska', 'Latimer', 'Burkhart', 'Risteau', 'Zelma', 'Ardehs', 'Rhonda', 'Shanly', 'Lombardi', 'Yerxa', 'Hatch', 'McCoy', 'Everick', 'Smukler', 'Caines', 'Zobe', 'Delila', 'Mikol', 'Tavy', 'Sandeep', 'Cicely', 'Bui', 'Gillian', 'Joed', 'Cerracchio', 'Beebe', 'Kerianne', 'Selma', 'Firman', 'Yim']
['Formenti', 'Buxton', 'Merth', 'Lauree', 'Antonino', 'Faunia', 'Cardwell', 'Darsie', 'Marijn', 'Gombosi', 'Buckler', 'Robbin', 'Griswold', 'Jenkel', 'Acacia', 'Gerianne', 'Katzir', 'Chancellor', 'Chemush', 'Fruin', 'Earlene', 'Dumas', 'Maribel', 'Matthew', 'Ebneter', 'Melda', 'Ursi', 'Mansoor', 'Odin', 'Harriet', 'Ottinger', 'Roanna', 'Leanna', 'Ammadis', 'Evangeline']
['Genie', 'Swanhilda', 'Yarvis', 'Aviv', 'Udell', 'Hankins', 'Lawler', 'Saville', 'Tessy', 'Henrique', 'Benilda', 'Marina', 'McKinney', 'Harland', 'Franek', 'Woo', 'Zandt', 'Vonni', 'Won', 'Javler', 'Emmer', 'Maye', 'Barby', 'Eilis', 'Karlise', 'Janaya', 'Nanette', 'Pippo', 'Colly', 'Hardej', 'Gwenette', 'Grimona', 'Donn', 'Stephenson', 'Halstead']
['Dietrich', 'Tennes', 'Berneta', 'Kaufmann', 'Elburr', 'Sumer', 'Bevon', 'Safire', 'Bran', 'Hittel', 'Gowrie', 'Deni', 'Akeyla', 'Eleni', 'Salomi', 'Micheal', 'Mokas', 'Elberta', 'Beaver', 'Tillford', 'Corkhill', 'Dela', 'Flemming', 'Ashford', 'Lenhart', 'Girardo', 'Hannover', 'Vesta', 'Dotson', 'Letta', 'Jessalin', 'Nance', 'Barnett', 'Hamlin', 'Emelia']
['Tristam', 'Nath', 'Shea', 'Hako', 'Larry', 'Malo', 'Dett', 'Livingston', 'Girovard', 'Virginia', 'Rik', 'Fidelio', 'Utica', 'Ludovico', 'Mushro', 'Shelbi', 'Biggs', 'Yasu', 'Carter', 'Oakes', 'Lentha', 'Adolphus', 'Saylor', 'Oscar', 'Ultun', 'Glenn', 'Kudva', 'Balcer', 'Candyce', 'Janenna', 'Desi', 'Polish', 'Australia', 'Chaddie', 'Charin']
['Klute', 'Fabrice', 'Tay']
['Agosto', 'Feinstein']
['Baldridge', 'Fairfax', 'Toh', 'Dimitry', 'Renick', 'Les', 'Jestude', 'Grath', 'Puklich', 'Schnabel', 'Cristiona', 'Proudfoot', 'Rocray', 'Nessy', 'Winer', 'Coumas', 'Bernj', 'Ferro', 'Felise', 'Billy', 'Klapp', 'Nafis', 'Neille', 'Maude', 'Norean', 'Shepp', 'Hotze', 'Emelita', 'Lindell', 'Eno', 'Nannette', 'Mitchiner', 'Ber', 'Coh', 'Ubana']
['Summons', 'Sinnard', 'Cyd', 'Schreck', 'Dowlen', 'Holofernes', 'Watson', 'Sosanna', 'Bruns', 'Wistrup', 'Hillegass', 'Jenness', 'Gunn', 'Milore', 'Arianna', 'Manaker', 'Lou', 'Arel', 'Masterson', 'Fausta', 'Krystalle', 'Prebo', 'Clere', 'Wight', 'Balliett', 'Larson', 'Tuttle', 'Hanway', 'Eldwen', 'Tiphane', 'Birck', 'Ted', 'Hong', 'Carrillo', 'Fokos']
['Costin', 'Ruhnke', 'Vikky', 'Felicie', 'Weirick', 'Holton', 'Carlick', 'Cal', 'Ardys', 'Japeth', 'Binette', 'Hermon', 'Foulk', 'Ciapas', 'Ng', 'Jorgenson', 'Pryce', 'Atkins', 'Barsky', 'Questa', 'Higgs', 'Janerich', 'Harmony', 'Dearman', 'Dott', 'Damon', 'Nari', 'Grochow', 'Flo', 'Saxen', 'Bluhm', 'Volkan', 'Hudis', 'Groh', 'Ebba']
['Lon', 'Brittnee', 'Shannah', 'Ruyle', 'Haldane', 'Cristoforo', 'Placido', 'Ragland', 'Pappas', 'Jeniece', 'Ashling', 'Love', 'Debera', 'Noyes', 'Marijo', 'Elmira', 'Osrick', 'Crean', 'Reste', 'Hawger', 'Dole', 'Jobyna', 'Blondell', 'Sievert', 'Bello', 'Ursola', 'Catherin', 'Gloriana', 'Antonetta', 'Lamson', 'Favian', 'Kassi', 'Verras', 'Fredkin', 'Sachi']
['Hayyim']
['Jimmy', 'Cherry', 'Galligan', 'Clea', 'Nicolis', 'Lynnelle', 'Starinsky', 'Sheeran', 'Brazee', 'Merola', 'Perloff', 'Busey', 'Dedric', 'Jillana', 'Griffin', 'Hett', 'Cloots', 'Turrell', 'Scherman', 'Holey', 'Bounds', 'Basso', 'Stearns', 'Hook', 'Matthaeus', 'Halimeda', 'Lotus', 'Nestor', 'Rani', 'Delinda', 'Converse', 'Alf', 'Danna', 'McIntosh', 'Plantagenet']
['Neva', 'Saudra', 'Kile', 'Newton', 'Raynor', 'Neveda', 'Wunder', 'Meras', 'Towne', 'Ches', 'Edrick', 'Jehiel', 'Rue', 'Kimon', 'Lux', 'Lenes', 'Rombert', 'Lunetta', 'Wing', 'Dare', 'Fillender', 'Blasius', 'Minda', 'Lamb', 'Groos', 'Florentia', 'Quitt', 'Danais', 'Karie', 'Till', 'Alvinia', 'Lyle', 'Sandstrom', 'Utas', 'Fadiman']
['Flieger']
['Myrvyn', 'Chae']
['Midian', 'Fifine', 'Ferullo', 'Melburn', 'Kerwon', 'Derril', 'Demetria', 'Ainslee', 'Koetke', 'Kylah', 'Durante', 'Kanya', 'Gibun', 'Uzzia', 'Dulcea', 'Pontius', 'Danita', 'Freddy', 'Astto', 'Leiser', 'Paulita', 'Wendye', 'Worlock', 'Fast', 'McClimans', 'Margeaux', 'Behlau', 'Adriane', 'Raul', 'Thorman', 'Kinzer', 'Nisse', 'Cataldo', 'Uta', 'Cutty']
['Karon', 'Clovah', 'Tutankhamen', 'Enid', 'Uchida', 'Montagna', 'Clymer', 'Morville', 'Willis', 'Fitz', 'Derinna', 'Erlewine', 'Shelby', 'Druce', 'Holms', 'Vaish', 'Cheria', 'Darrow', 'Epstein', 'McCullough', 'Vevay', 'Willetta', 'Mathur', 'Meingolda', 'Tonya', 'Ace', 'Auroora', 'Woodhead', 'Leod', 'Prince', 'Lynett', 'Crompton', 'Lorilyn', 'Mackenzie', 'Rooke']
['Adaurd']
