['189', '313', '291', '293', '49', '319', '342', '25', '320', '171', '371', '80', '399', '260', '5', '191', '172', '178', '58', '133', '140', '12', '232', '323', '0']
['176', '53', '146', '341', '132', '265', '299', '114', '345', '310', '358', '241', '350', '312', '153', '203', '57', '271', '361', '86', '365', '366']
['187', '173', '288', '302', '28', '362', '309', '324', '321', '380', '23', '206', '190', '104', '397', '207', '122', '213', '256', '160', '364', '249', '155', '52', '26']
['272', '202', '252', '208', '47', '74', '204', '222', '93', '387', '311', '373', '115', '162', '136', '27', '91', '352', '73', '217', '11', '54', '13', '50', '63']
['367', '126', '357', '18', '339', '322', '46', '278', '301', '304', '251', '120', '128', '325', '250', '125', '77', '106', '289', '159', '316', '262', '379', '180', '31']
['261', '199', '67', '280', '19', '227', '395', '219', '2', '346', '119', '281', '328', '40', '1', '107', '8', '318', '244', '314', '315', '188', '248', '287', '88']
['21', '332', '89', '169', '216', '209', '45', '264', '95', '147', '81', '139', '17', '99', '226', '354', '275', '215', '22', '124', '327', '94', '48', '266', '186']
['148', '279', '246', '376', '372', '56', '386', '391', '44', '344', '82', '294', '105', '306', '161', '292', '6', '183', '245', '347', '96', '392', '351', '290', '383']
['35', '274', '113', '129', '359']
['212', '59', '156', '97', '218', '66', '72', '258', '231', '236', '174', '384', '257', '177', '398', '130', '36', '369', '348', '259', '78', '103', '38', '238', '340']
['92', '349', '286', '282', '109', '41', '225', '150', '194', '166', '193', '297', '385', '277', '390', '42', '230', '235', '185', '223', '112', '84', '108', '270', '43']
['285', '181', '138', '182', '201', '98', '228', '389', '116', '62', '168', '334', '381', '121', '32', '305', '240', '157', '388', '254', '60']
['123', '356', '307', '214', '330', '211', '65', '55', '20', '33', '71', '90', '164', '237', '7', '14', '276', '143', '205', '234', '39', '69', '375', '117', '210']
['284', '64', '243', '184', '110', '144', '221', '16', '300', '61', '30', '298', '317', '393', '335', '131', '163', '396', '370', '135', '154', '37']
['75', '255', '149', '263', '111', '239', '100', '3', '233', '158', '355', '68', '87', '377', '296', '220', '51', '269', '192', '200', '242', '175', '360', '101', '15']
['76', '79', '224', '9', '338', '127', '4', '374', '196', '141', '145', '353', '85', '118', '170', '195', '283', '343', '295', '197', '29']
['24']
['102', '152', '363', '10', '333', '378', '34']
['394']
['137', '326', '368', '165', '253', '268', '273', '331', '337', '267', '336', '142', '247', '229', '329', '308', '179', '382', '151', '167', '303', '83', '198', '70', '134']
