['20', '903', '435', '298', '740', '121', '955', '215', '907', '220', '251', '683', '265', '869', '312', '850', '712', '476', '555', '962', '990', '203', '840', '858', '727', '957', '291', '395', '336', '892', '492']
['579', '165', '252', '133', '202', '302', '309', '270', '166', '319', '332', '353', '825', '617', '457', '558', '27', '450', '271', '724', '845', '143', '546', '191', '551', '945', '102', '877', '498', '581', '981']
['256', '997', '161', '856', '880', '984', '108', '917', '808', '213', '117', '596', '422', '873', '99', '325', '786', '853', '764', '407', '109', '350', '716', '737', '505', '77', '307', '426', '329', '638', '848']
['183', '197', '730', '812', '908', '854', '889', '357', '573', '800', '822', '647', '155', '516', '503', '480', '607', '53', '438', '85', '95', '793', '930', '501', '592', '618', '950', '338', '643', '128', '783']
['691', '900', '123', '649', '115', '538', '834', '14', '167', '708', '774', '713', '314', '751', '944', '821', '835', '289', '208', '925', '391', '156', '998', '704', '909', '833', '734', '57', '975', '423', '870']
['218', '160', '632', '255', '637', '963', '544', '279', '260', '224', '19', '479', '61', '802', '801', '949', '4', '736', '861', '441', '7', '286', '631', '294', '15', '106', '710', '943', '876', '959', '430']
['38', '772', '931', '864', '582', '402', '475', '471', '807', '927', '239', '525', '50', '290', '6', '344', '520', '494', '890', '126', '970', '667', '285', '25', '867', '355', '987', '259', '465', '820', '354']
['566', '744', '523', '216', '379', '478', '116', '622', '586', '5', '791', '293', '898', '690', '199', '232', '682', '456', '343', '91', '674', '915', '185', '929', '872', '483', '552', '212', '762', '689', '190']
['43', '339', '228', '41', '794', '565', '206', '939', '913', '360', '692', '595', '463', '449', '424', '443', '837', '961', '739', '778', '668', '611', '994', '993', '964', '604', '458', '948', '529', '893', '299']
['8', '694', '124', '623', '76', '564', '472', '88', '42', '609', '661', '364', '250', '547', '633', '721', '815', '98', '906', '488', '992', '768', '490', '261', '827', '140', '49', '969', '487', '45', '731']
['447', '114', '696', '142', '989', '370', '698', '73', '838', '240', '658', '473', '536', '598', '323', '468', '735', '168', '92', '428', '846', '268', '728', '904', '706', '509', '977', '733', '2', '580', '417']
['432', '790', '125', '272', '236', '798', '749', '550', '409', '101', '656', '653', '356', '673', '980', '192', '600', '209', '127', '763', '650', '806', '3', '158', '333', '803', '89', '818', '244', '485']
['400', '952', '921', '69', '951', '72', '891', '82', '591', '413', '571', '145', '775', '780', '532', '28', '151', '761', '59', '810', '714', '502', '230', '495', '597', '967', '922', '669', '195', '662', '362']
['686', '983', '238', '627', '32', '986', '599', '537', '635', '300', '63', '875', '559', '460', '52', '942', '819', '626', '349', '553', '884', '500', '832', '16', '625', '267', '545', '606', '163']
['182', '976', '601', '330', '365', '527', '54', '376', '718', '702', '310', '911', '292', '412', '112', '938', '652', '769', '755', '296', '411', '363', '512', '348', '178', '933', '229', '782', '621', '74', '741']
['590', '180', '830', '358', '369', '540', '841', '377', '862', '519', '242', '308', '839', '13', '345', '17', '135', '262', '415', '995', '620', '283', '196', '534', '777', '67', '985', '562', '513', '474', '866']
['418', '868', '771', '499', '670', '641', '122', '254', '200', '346', '717', '243', '144', '966', '70', '585', '170', '636', '561', '60', '278', '576', '918', '996', '644', '557', '946', '396', '723', '322', '437']
['497', '659', '172', '425', '79', '759', '130', '809', '711', '960', '688', '427', '253', '871', '466', '320', '175', '35', '972', '568', '189', '305', '152', '469', '792', '103', '454', '646', '752', '9', '767']
['138', '245', '640', '1', '187', '148', '663', '935', '578', '542', '193', '324', '676', '589', '287', '570', '406', '549', '51', '575', '482', '703', '71', '563', '522', '266', '421', '645', '624']
['507', '857', '105', '657', '506', '94', '392', '264', '849', '66', '448', '226', '207', '274', '539', '137', '619', '941', '225', '445', '902', '188', '0', '788', '974', '883', '748', '956', '382', '22', '375']
['680', '431', '373', '36', '159', '477', '237', '414', '90', '219', '988', '874', '616', '701', '416', '795', '725', '295', '385', '743', '347', '836', '738', '926', '639', '517', '493']
['888', '886', '851', '210', '58', '351', '655', '572', '318', '695', '83', '824', '297', '131', '603', '169', '742', '383', '420', '991', '887', '107', '524', '444', '842', '277', '269', '584', '574', '384', '852']
['30', '387', '747', '491', '389', '366', '97', '937', '982', '284', '33', '231', '442', '453', '750', '315', '535', '612', '327', '48', '118', '40', '518', '630', '629', '204', '301', '153', '496', '541', '687']
['171', '100', '235', '141', '11', '556', '381', '78', '885', '198', '241', '928', '467', '96', '489', '147', '217', '481', '246', '593', '511', '317', '863', '828', '504', '754', '371', '531', '205', '882', '615']
['770', '693', '530', '380', '765', '404', '651', '901', '528', '281', '393', '923', '221', '968', '288', '134', '847', '508', '440', '64', '934', '726', '684', '932', '306', '337', '773', '678', '514', '29', '62']
['486', '746', '905', '697', '397', '920', '916', '331', '273', '865', '150', '567', '398', '139', '37', '779', '533', '855', '110', '26', '766', '149', '709', '745']
['157', '895', '843', '12', '654', '936', '588', '162', '978', '410', '304', '179', '313', '247', '804', '878', '403', '831', '222', '660', '372', '361', '129', '258', '756', '954', '280', '68', '405', '55', '34']
['947', '664', '470', '367', '326', '813', '789', '334', '910', '628', '227', '973', '81', '146', '965', '87', '263', '583', '797', '455', '401', '781', '433', '184', '340', '194', '526', '18', '817']
['665', '164', '594', '648', '879', '408', '84', '521', '602', '446', '464', '352', '439', '605', '881', '80', '675', '554', '399', '760', '577', '914', '211', '560', '971', '46', '359', '715', '56', '707', '31']
['685', '24', '275', '753', '912', '894', '805', '374', '543', '672', '136', '823', '394', '378', '368', '39', '23', '223', '776', '608', '699', '613', '177', '419', '814', '816', '958']
['186', '316', '214', '758', '796', '924', '979', '787', '799', '120', '429', '461', '720', '666', '897', '510', '386', '896', '757', '303', '154', '341', '311', '614', '173', '642', '700', '174', '321', '451', '462']
['21', '860', '899', '119', '732', '677', '47', '249', '248', '484', '729', '610', '679', '859', '104', '234', '342', '634', '86', '671', '459', '919', '328', '722', '10', '282', '75', '436', '44', '276', '844']
['784', '705', '548', '201', '829', '176', '811', '434', '111', '953', '257', '335', '233', '940', '569', '132', '65', '515', '388', '181', '113', '452', '390', '785', '681', '826', '719', '93', '587']
