['503', '784', '571', '356', '551', '893', '786', '665', '795', '451', '275', '156', '311', '620', '861', '440', '118', '900', '162', '545', '906', '757', '194', '581', '525', '117', '277', '259', '458', '552', '23', '317', '627', '713', '139', '449', '761', '297', '824', '536']
['989', '195', '469', '821', '771', '100', '341', '609', '392', '454', '98', '670', '180', '669', '316', '161', '113', '680', '285', '430', '282', '684', '410', '20', '516', '660', '107', '992', '819', '881', '241', '61', '797', '175', '993', '780', '178', '492', '505', '828']
['16', '409', '92', '306', '59', '956', '5', '336', '198', '494', '838', '502', '802', '712', '245', '134', '368', '963', '722', '418', '629', '185', '638', '773', '401', '596', '495', '130', '269', '468', '666', '588', '967', '851', '250', '267', '564', '387', '946', '732']
['309', '36', '999', '590', '340', '192', '820', '413', '604', '562', '977', '176', '600', '13', '646', '976', '37', '348', '324', '485', '649', '110', '869', '490', '870', '510', '873', '580', '918', '522', '558', '770', '159', '321', '350', '745', '433', '817', '232', '964']
['226', '756', '133', '695', '265', '858', '470', '406', '154', '450', '60', '254', '209', '753', '775', '9', '816', '421', '716', '19', '866', '240', '768', '386', '54', '46', '653', '642', '762', '986', '483', '518', '891', '122', '962', '932', '385', '530', '523', '283']
['685', '714', '772', '305', '493', '836', '884', '287', '643', '613', '219', '625', '763', '672', '141', '850', '548', '998', '354', '829', '538', '704', '183', '567', '376', '710', '815', '755', '707', '740', '4', '980', '408', '333', '939', '504', '123', '115', '78', '872']
['818', '767', '926', '155', '426', '204', '32', '914', '808', '379', '949', '196', '380', '511', '246', '810', '708', '112', '593', '364', '928', '83', '140', '894', '371', '605', '463', '420', '124', '938', '841', '782', '95', '25', '315', '81', '785', '270', '764', '337']
['512', '222', '832', '958', '659', '87', '179', '587', '751', '127', '791', '619', '193', '827', '835', '577', '853', '215', '919', '97', '299', '407', '889', '148', '360', '147', '136', '402', '611', '876', '676', '339', '983', '664', '844', '310', '488', '313', '239', '769']
['626', '328', '925', '349', '509', '273', '700', '628', '101', '44', '431', '365', '150', '335', '214', '681', '79', '121', '736', '694', '153', '521', '89', '70', '527', '319', '733', '103', '168', '211', '473', '686', '448', '28', '734', '910', '45', '249', '586', '24']
['940', '812', '201', '515', '974', '610', '48', '244', '637', '476', '811', '575', '216', '111', '323', '796', '621', '911', '472', '475', '82', '252', '988', '719', '288', '361', '845', '242', '532', '934', '238', '776', '565', '803', '327', '138', '446', '843', '854', '738']
['531', '206', '31', '1', '813', '640', '359', '602', '506', '135', '99', '720', '975', '675', '639', '709', '730', '877', '228', '687', '937', '106', '539', '754', '477', '622', '202', '743', '800', '535', '652', '633', '868', '699', '662', '487', '484', '42', '404', '367']
['862', '230', '557', '301', '614', '346', '860', '459', '439', '856', '679', '690', '308', '342', '566', '790', '739', '848', '658', '705', '501', '256', '357', '995', '428', '460', '14', '984', '329', '978', '126', '295', '105', '931', '207', '474', '942', '555', '789', '38']
['125', '727', '286', '529', '631', '534', '885', '678', '33', '892', '108', '591', '266', '466', '17', '71', '691', '864', '278', '896', '389', '442', '471', '302', '394', '200', '322', '595', '388', '445', '51', '594', '945', '7', '742', '517', '623', '898', '765', '76']
['930', '563', '794', '41', '258', '119', '879', '53', '405', '235', '996', '3', '804', '597', '737', '279', '578', '248', '344', '499', '871', '456', '91', '559', '326', '671', '726', '467', '75', '347', '443', '298', '651', '774', '941', '372', '166', '801', '537', '57']
['657', '351', '759', '479', '982', '985', '447', '830', '603', '331', '34', '173', '711', '692', '304', '303', '397', '64', '330', '174', '744', '748', '165', '393', '556', '210', '390', '583', '486', '915', '865', '697', '582', '568', '212', '579', '508', '908', '271', '143']
['272', '436', '424', '334', '667', '569', '823', '290', '72', '599', '213', '21', '49', '954', '93', '916', '798', '895', '338', '792', '778', '598', '67', '169', '396', '293', '641', '425', '398', '104', '343', '291', '822', '766', '852', '129', '369', '411', '353', '312']
['880', '682', '109', '12', '395', '644', '382', '979', '137', '276', '144', '186', '924', '399', '274', '929', '542', '846', '237', '814', '419', '500', '528', '66', '345', '374', '863', '696', '648', '325', '834', '544', '22', '263', '220', '227', '131', '878', '146', '636']
['888', '831', '251', '414', '366', '519', '933', '904', '585', '632', '570', '991', '950', '231', '221', '847', '961', '661', '422', '560', '907', '10', '30', '205', '167', '461', '261', '612', '114', '715', '903', '952', '721', '617', '547', '416', '553', '68', '320', '634']
['434', '375', '541', '80', '381', '217', '788', '574', '47', '728', '358', '255', '197', '966', '172', '332', '15', '225', '520', '857', '444', '6', '647', '970', '543', '592', '882', '2', '478', '160', '936', '177', '128', '157', '199', '883', '616', '948', '981', '74']
['314', '826', '352', '55', '229', '43', '132', '423', '412', '806', '403', '513', '706', '994', '370', '656', '85', '781', '415', '718', '618', '84', '296', '972', '514', '465', '799', '489', '435', '318', '787', '294', '378', '307', '149', '693', '973', '987', '432', '363']
['747', '701', '546', '968', '703', '951', '257', '391', '729', '253', '953', '805', '607', '615', '40', '427', '384', '875', '630', '779', '26', '181', '142', '86', '29', '540', '905', '922', '965', '741', '674', '170', '842', '437', '300', '453', '654', '400', '224', '855']
['526', '760', '947', '960', '859', '482', '0', '69', '96', '163', '496', '725', '77', '268', '52', '717', '355', '750', '429', '561', '292', '497', '39', '455', '188', '417', '920', '56', '498', '839', '462', '27', '184', '90', '281', '50', '601', '777', '655', '187']
['507', '724', '191', '635', '441', '377', '645', '208', '897', '18', '190', '921', '735', '94', '182', '689', '576', '943', '746', '683', '673', '749', '890', '997', '373', '480', '849', '886', '867', '913', '584', '758', '589', '164', '917', '236', '151', '62', '944', '573']
['990', '887', '723', '116', '840', '145', '88', '264', '702', '550', '677', '901', '35', '688', '383', '73', '491', '223', '63', '8', '289', '171', '243', '698', '120', '935', '957', '102', '752', '650', '533', '247', '833', '668', '203', '809', '65', '234', '959', '837']
['158', '481', '955']
['457', '663', '58', '11', '608', '927', '909', '284', '218']
['452', '807', '572', '554']
['152', '793', '549', '524', '783', '260']
['874', '825']
['899', '262', '438', '912', '606', '969', '902']
['233']
['280']
['971']
['731', '362', '464', '923', '624']
['189']
