['572', '196', '277', '88', '497', '493', '80', '162', '301', '450', '294', '28', '513', '609', '607', '430', '547', '229', '235', '12', '528', '195', '548', '400', '138', '165', '76', '615', '490', '514', '215']
['509', '282', '456', '291', '281', '217', '21', '183', '406', '82', '343', '415', '473', '248', '629', '452', '153', '302', '504', '588', '247', '637', '139', '369', '108', '578', '38', '517', '74', '310', '234', '67', '642', '41', '481', '635', '321', '390', '541', '339', '571', '70', '641', '103', '410', '396', '99', '325', '377', '461']
['340', '419', '259', '598', '437', '63', '58', '394', '252', '407', '26', '508', '359', '421', '304', '534', '510', '72', '42', '146', '329', '137', '236', '594', '434', '577', '505', '392', '441', '0', '129', '34', '64', '189', '149', '198', '404', '417', '53', '385', '242', '401', '495', '382', '397', '616', '391', '603', '380', '617']
['395', '255', '125', '337', '316', '156', '276', '134', '522', '638', '30', '20', '232', '22', '602', '267', '118', '175', '429', '83', '554', '344', '262', '559', '428', '644', '327', '300', '166', '526', '275', '289', '221', '100', '126', '95', '633', '11', '440', '112', '346', '111', '568', '160', '530', '550', '611', '13', '584', '295']
['631', '458', '92', '47', '29', '107', '356', '320', '618', '311', '284', '280', '249', '233', '573', '226', '462', '586', '150', '443', '386', '24', '258', '210', '170', '315', '305', '177', '299', '27', '492', '173', '362', '516', '599', '585', '180', '612', '482', '560', '632', '17', '350', '535', '413', '442', '366', '360', '243', '222']
['14', '484', '408', '498', '7', '349', '43', '59', '51', '341', '487', '54', '261', '194', '122', '536', '297', '231', '418', '159', '91', '623', '561', '237', '608', '94', '474', '40', '9', '399', '552', '218', '627', '309', '68', '187', '621', '424', '2', '335', '98', '393', '332', '610', '540', '287', '114', '480', '378', '463']
['306', '606', '61', '55', '62', '219', '457', '376', '57', '476', '447', '290', '286', '8', '93', '292', '115', '358', '384', '619', '208', '145', '496', '334', '200', '190', '288', '319', '643', '211', '580', '567', '423', '519', '579', '597', '32', '439', '511', '184', '271', '352', '549', '199', '167', '268', '523', '564', '127', '106']
['144', '575', '645', '44', '35', '143', '15', '140', '414', '624', '538', '251', '581', '296', '174', '84', '527', '203', '172', '639', '622', '470', '49', '503', '178', '354', '152', '374', '388', '426', '6', '161', '272', '85', '435', '60', '625', '330', '121', '318', '336', '520', '245', '46', '515', '499', '188', '533', '326', '636']
['212', '363', '33', '110', '370', '427', '225', '263', '436', '455', '69', '614', '164', '37', '66', '383', '154', '224', '620', '525', '293', '36', '501', '518', '256', '445', '52', '157', '566', '500', '475', '469', '351', '86', '465', '204', '539', '246', '402', '75', '557', '634', '185', '89', '333', '213', '230', '79', '355', '468']
['466', '425', '367', '202', '342', '130', '345', '368', '531', '283', '158', '420', '87', '48', '16', '307', '207', '512', '494', '328', '593', '101', '446', '485', '147', '551', '454', '574', '19', '128', '81', '409', '244', '193', '205', '168', '453', '260', '45', '102', '278', '331', '274', '214', '478', '109', '471', '387', '117', '604']
['266', '97', '141', '135', '25', '432', '569', '216', '411', '389', '605', '405', '595', '565', '583', '132', '459', '364', '600', '591', '558', '105', '596', '544', '546', '357', '613', '467', '589', '151', '486', '488', '379', '542', '628', '483', '270', '431', '201', '206', '176', '592', '78', '186', '223', '250', '322', '317', '240', '171']
['553', '562', '626', '4', '460', '116', '254', '570', '563', '142', '601', '537', '191', '257', '373', '489', '298', '50', '416', '163', '353', '371', '372', '273', '375', '120', '576', '314', '279', '587', '630', '506', '348', '119', '104', '269', '477', '381', '308', '502', '133', '73', '422', '136', '323', '338', '412', '71', '524', '96']
['39', '303', '479', '56', '403', '192', '521', '264', '448', '90', '31', '444', '640', '361', '179', '18', '23', '507', '347', '241', '3', '582', '556', '590', '131', '65', '181', '5', '555', '228', '312', '451', '491', '238', '433', '285', '543', '324', '182', '1', '365', '265', '532', '197', '398', '155', '464', '77', '545', '220']
['209']
['313']
['253']
['227']
['124']
['239', '529']
['123', '10', '169']
['113']
['472']
['438']
['449']
['148']
