['589', '960', '356', '678', '856', '989', '241', '891', '956', '743', '13', '254', '451', '411', '107', '115', '165', '579', '208', '212', '920', '835', '865', '210', '176', '185', '727', '321', '552', '414', '864', '408', '723', '554', '77', '8', '776', '113', '994', '353']
['57', '880', '652', '725', '96', '454', '868', '545', '40', '910', '779', '292', '795', '707', '764', '694', '973', '374', '857', '361', '264', '471', '120', '243', '273', '796', '367', '663', '633', '737', '541', '436', '33', '938', '377', '125', '709', '978', '382', '904']
['53', '282', '767', '37', '297', '464', '112', '242', '363', '849', '550', '628', '81', '445', '875', '585', '259', '137', '406', '42', '223', '192', '909', '538', '655', '512', '501', '669', '359', '903', '5', '731', '346', '823', '416', '15', '732', '556', '565', '991']
['482', '888', '724', '341', '132', '154', '167', '441', '547', '288', '274', '947', '153', '728', '588', '867', '253', '160', '56', '959', '717', '355', '917', '269', '912', '384', '582', '150', '336', '430', '584', '948', '236', '385', '51', '189', '283', '543', '695', '605']
['894', '327', '434', '180', '683', '573', '530', '490', '136', '345', '174', '992', '395', '623', '32', '844', '741', '450', '672', '711', '963', '765', '458', '990', '313', '600', '773', '122', '936', '549', '812', '211', '296', '429', '188', '881', '784', '489']
['151', '870', '163', '199', '289', '715', '422', '360', '640', '238', '209', '398', '966', '827', '540', '843', '656', '766', '330', '676', '495', '338', '428', '109', '771', '319', '310', '935', '351', '799', '821', '343', '671', '559', '819', '930', '905', '399', '449', '261']
['571', '691', '506', '114', '982', '116', '884', '710', '985', '808', '618', '334', '644', '505', '996', '902', '396', '467', '52', '144', '74', '756', '750', '846', '638', '390', '998', '980', '272', '742', '595', '654', '66', '643', '999', '362', '452', '498', '194', '958']
['675', '521', '347', '908', '598', '0', '266', '781', '680', '797', '583', '509', '721', '203', '578', '576', '818', '300', '872', '510', '92', '609', '794', '703', '685', '836', '922', '293', '832', '719', '804', '527', '811', '877', '983', '734', '925', '106', '178', '102']
['133', '20', '840', '461', '481', '220', '889', '822', '988', '381', '604', '841', '943', '962', '279', '566', '184', '200', '87', '515', '488', '387', '25', '303', '770', '16', '275', '757', '782', '934', '801', '224', '36']
['412', '693', '986', '6', '415', '24', '140', '43', '230', '435', '75', '143', '469', '271', '466', '67', '232', '834', '204', '41', '172', '945', '923', '594', '179', '921', '201', '882', '244', '786', '729', '60', '29', '926', '440', '722', '228', '72', '258']
['76', '170', '564', '555', '84', '110', '793', '474', '708', '1', '171', '459', '68', '758', '689', '778', '687', '12', '317', '699', '631', '749', '516', '815', '783', '146', '842', '94', '696', '568', '858', '586', '413', '863', '124', '333']
['572', '772', '419', '44', '972', '314', '424', '82', '964', '548', '3', '247', '329', '350', '802', '944', '425', '142', '494', '761', '690', '352', '95', '339', '616', '747', '152', '301', '575', '845', '235', '479', '349', '127', '249', '615', '788', '551', '476', '720']
['927']
['639', '829', '686', '455', '825', '673', '318', '681', '47', '524', '123', '928', '439', '907', '621', '263', '627', '240', '69', '432', '667', '961', '759', '438']
['2', '284', '71', '299', '806', '148', '852', '800', '601', '101', '49', '309', '664', '280', '19', '666', '246', '128', '518', '979', '302', '493', '216', '853', '641', '754', '816', '955', '792', '587', '182', '145', '873', '206', '596', '536', '730', '93', '45', '886']
['331', '744', '946', '205', '472', '941', '661', '389', '26', '407', '975', '657', '809', '141', '838', '701', '86', '504', '523', '826', '368', '848', '79', '169', '937', '803', '326', '649', '403', '569', '149', '831', '63', '738', '158', '485', '698', '23']
['561', '344', '270', '139', '684', '61', '850', '371', '307', '39', '769', '98', '658', '677', '574', '50', '688', '874', '528', '883', '456', '763', '111', '358', '746', '859', '787', '967', '478', '892', '519', '885']
['762', '854', '229', '805', '790', '311', '813', '21', '255', '705', '665', '335', '473', '939', '277', '298', '380', '513', '442', '592', '164', '610', '418', '290', '777', '376', '560', '625', '502', '486', '278', '950', '323', '215', '401', '54', '496', '85', '191', '726']
['197', '444', '324', '365', '405', '752', '470', '409', '404', '745', '370', '924', '954', '593', '4', '55', '295', '619', '281', '968', '636', '186', '869', '394', '668', '957', '378', '308', '646', '291', '28', '662', '953', '11', '570', '90', '817', '933', '31', '453']
['906', '393', '83', '650', '304', '735', '99', '268', '97', '898', '716', '248', '126', '183', '38', '135', '828', '847', '369', '580', '147', '198', '91', '443', '105', '913', '602', '177', '612', '622', '965', '971', '706', '316', '305', '34', '718', '340', '900', '262']
['739', '118', '591', '670', '157', '237', '860', '704', '871', '517', '526', '129', '219', '546', '837', '245', '348', '974', '531', '70', '265', '533', '507', '899', '914', '465', '537', '810', '484', '911', '976', '337', '234', '251', '918', '614', '993', '820']
['984', '328', '774', '862', '427', '14', '250', '919', '27', '713', '563', '626', '562', '477', '460', '700', '916', '632', '648', '175', '807', '645', '895', '7', '876', '492', '386', '503', '611', '58', '952', '276', '995', '532', '599', '833', '468']
['388']
['567']
['520']
['878', '190', '156', '682', '780', '879', '647', '315', '89', '736', '130', '446', '221', '897', '168', '629', '9', '342', '608', '100', '931', '59', '557', '932', '861', '227', '674', '391', '462', '630', '173', '697', '660', '751', '366', '162', '753', '635', '312', '357']
['402', '159', '642', '103', '202', '457', '791', '890', '514', '10', '62', '18', '433', '712', '181', '213', '117', '839', '855', '491', '239', '431', '222', '525', '421', '620', '397', '30', '814', '286', '755', '131', '851', '798', '22', '542', '217', '373', '617', '322']
['193']
['119', '748', '400', '161', '651', '267', '544', '166', '80', '64', '740', '702', '534', '285', '332', '256', '325', '951', '214', '226', '231', '483', '887', '372', '257', '659', '830', '901', '218', '379', '866', '260', '17', '364', '969', '35', '508', '252', '679', '634']
['893', '597', '108', '233', '637', '997', '981', '558', '733', '539', '420', '785', '88', '603', '423', '417', '896', '760', '607', '207', '196', '500', '134', '577', '929', '354', '375', '426', '195', '553', '942', '392', '306', '987', '225', '824', '487', '48', '775', '73']
['499', '613', '581', '287', '447', '970', '949', '977', '768', '940', '463', '590', '692', '121', '294', '480', '522', '497', '104', '789', '383', '155', '915', '78', '535', '653', '138', '187', '320', '437', '624', '410', '606', '65', '46', '511', '448', '475', '714', '529']
