['266', '418', '263', '416', '345', '955', '822', '734', '9', '51']
['186', '592', '285', '68', '850', '754', '293', '246', '167']
['745', '447', '717', '247', '975', '481', '583', '537', '212', '950']
['11', '504', '367', '217', '502', '276', '741', '616', '304', '256']
['805', '657', '320', '107', '128', '794', '729', '356', '787', '180']
['89', '586', '184', '866', '169', '694', '497', '30', '307', '494']
['553', '8', '896', '229', '549', '831', '976', '991', '698', '487']
['372', '563', '579', '226', '316', '280', '847', '70', '883', '168']
['203', '767', '450', '177', '978', '507', '655', '67', '954', '157']
['704', '656', '188', '606', '611', '733', '417', '290', '639', '540']
['252', '730', '789', '816', '706', '558', '503', '862', '438', '462']
['543', '806', '752', '195', '931', '818', '870', '258', '635', '63']
['781', '595', '766', '632', '286', '274', '228', '776', '851']
['273', '653', '968', '29', '895', '574', '604', '544', '108', '47']
['829', '98', '967', '961', '429', '395', '384', '281', '795', '898']
['253', '102', '658', '919', '170', '679', '261', '800', '453', '299']
['676', '712', '725', '289', '924', '470', '446', '591']
['48', '763', '198', '43', '79', '892', '221', '545', '793', '995']
['200', '596', '248', '378', '136', '317', '245', '541', '359', '985']
['406', '44', '478', '500', '997', '491', '740', '572', '901', '34']
['909', '328', '306', '392', '401', '284', '78', '938', '602']
['759', '542', '309', '528', '18', '677', '869', '984', '19', '181']
['610', '696', '561', '60', '265', '344', '990', '115', '23', '810']
['690', '981', '350', '660', '477', '57', '987', '457', '509', '275']
['24', '110', '865', '714', '319', '836', '899', '580', '974', '283']
['512', '691', '825', '101', '644', '797', '693', '838', '322', '174']
['279', '315', '821', '529', '621', '665', '486', '857']
['962', '121', '479', '26', '884', '756', '419', '719', '458', '222']
['242', '907', '117', '534', '382', '66', '129', '577', '146']
['536', '607', '95', '422', '951', '715', '956', '915', '251', '864']
['988', '863', '303', '52', '842', '54', '334', '957', '423', '227']
['321', '440', '475', '352', '12', '386', '782', '568', '828', '172']
['391', '977', '650', '867', '472', '506', '761', '936', '225', '482']
['921', '305', '845', '841', '311', '389', '629', '682']
['643', '196', '483', '179', '83', '622', '148', '627', '103', '929']
['524', '407', '366', '786', '354', '216', '99', '112', '721', '547']
['495', '27', '638', '685', '82', '716', '496', '125', '813', '360']
['197', '772', '492', '292', '415', '933', '85']
['937', '49', '87', '749', '932', '33', '104']
['840', '411', '672', '832', '705', '120', '255', '833', '159']
['456', '106', '357', '575', '134', '808', '420', '122', '953']
['720', '270', '843', '398', '835', '853', '784', '768', '790', '858']
['3', '880', '532', '400', '601', '525', '373']
['452', '684', '652', '710', '13', '666', '671', '667', '375', '207']
['183', '363', '162', '750', '799', '449', '576', '927', '21']
['582', '651', '6', '966', '605', '700', '77', '860', '341', '692']
['349', '151', '224', '152', '871', '726', '571', '92', '140', '124']
['634', '559', '339', '659', '138', '623', '139', '645', '288']
['709', '480', '732', '849', '301', '473', '527', '664', '708', '613']
['165', '40', '72', '952', '944', '38', '241', '405', '514', '218']
['920', '132', '891', '0', '158', '785', '259', '928', '939', '403']
['826', '925', '713', '760', '235', '628', '888', '45', '56', '916']
['355', '90', '277', '154', '32', '451', '296', '587', '878', '499']
['199', '312', '131', '113', '380', '856', '819', '926', '948', '963']
['209', '459', '489', '986', '467', '390']
['220', '240', '567', '271', '238', '817', '881', '758', '465', '50']
['116', '484', '408', '598', '269', '178', '105', '814', '471', '941']
['755', '746', '875', '983', '455', '133', '287', '28', '775', '147']
['374']
['268', '697', '201', '302', '64', '76', '10']
['885', '969', '830', '555', '918', '65', '202', '291', '425', '383']
['603', '557', '94', '351', '801', '964']
['137', '874', '972', '385', '837', '585']
['150', '488', '946', '923', '998']
['1', '633', '552', '464']
['773', '637', '619', '823', '960', '751', '53', '326', '16', '59']
['362', '912', '310', '377', '260', '513', '608', '204', '436']
['982', '126', '191', '469', '949', '804', '91']
['893', '564']
['505', '648', '379', '678', '908', '4', '215', '578', '699', '827']
['175', '852', '443', '523', '562', '906', '338', '39', '22']
['686', '765', '811', '992', '882', '340', '518', '332']
['381', '886', '642', '662', '421', '753', '649']
['617', '560', '426', '854', '402', '902', '348', '593', '370', '803']
['264']
['308', '397', '533', '647', '917', '779', '530', '905', '468', '164']
['36', '965', '526', '890', '600', '239', '646', '42', '69', '796']
['399', '330', '100', '437', '86', '980', '970', '123', '669']
['434', '327', '236', '615']
['722', '163', '144', '17', '788', '791', '748']
['257', '727', '738', '688', '298', '192']
['329', '413', '75', '570', '214']
['701', '668', '232', '590', '546', '620', '735', '663', '993', '815']
['777']
['757', '681', '295', '325', '185', '474', '844', '190']
['531', '839', '35', '20', '934', '173', '205', '300', '410', '942']
['211', '771', '764', '135', '409', '508', '731', '96', '323', '807']
['2', '654', '565', '904', '432', '427', '61', '223', '935', '538']
['887', '145', '7', '161', '58', '62']
['742', '780', '516', '336', '641', '551', '444', '119', '118', '683']
['930', '996', '728', '182', '809', '723', '747', '711', '846', '335']
['448', '149', '14', '365', '71', '461', '5', '872', '861', '193']
['584']
['889', '707', '958', '739', '573', '879', '834', '364', '31', '189']
['428']
['187', '769', '971', '454', '244', '233', '848', '143', '609']
['176', '347', '97', '903', '680', '868', '876', '802', '267', '84']
['114', '911', '873', '387', '624', '695', '278', '511', '703', '249']
['25', '588', '877', '230']
['548', '346', '442']
['519', '343', '770', '213', '490', '674', '594', '55', '393', '156']
['15', '493', '631']
['441', '460', '376', '466', '333', '778', '626', '463', '74', '219']
['820', '404', '520', '736', '342', '231', '141', '812', '234', '630']
['37', '670', '262', '774', '913', '424', '371', '702', '272', '171']
['476', '210', '127', '358', '445', '353', '566', '945']
['910']
['612', '498', '743', '943', '160', '394', '208', '550', '554', '959']
['618', '414', '521', '636']
['599', '718', '897', '855', '153', '388', '93', '243', '724', '412']
['324', '111', '510', '337', '88', '206', '430', '737', '439', '80']
['294', '783', '522', '155', '130', '589', '894', '369']
['431', '979', '614', '762', '282', '435', '940', '250', '81', '597']
['556', '515', '999', '673', '900', '331', '859', '254']
['501']
['640', '166', '517', '994', '581']
['73']
['661', '539', '798']
['744']
['569', '361', '314', '433', '41', '947']
['689']
['914', '989', '792', '625']
['535', '675', '687', '973', '485', '237', '297', '318', '368', '396']
['46', '922', '142', '313', '109', '194']
['824']
