['847', '909', '689', '622', '333', '438', '453', '447', '223', '542', '400', '386', '399', '592', '274', '202', '520', '791', '472', '218', '254', '684', '834', '843', '823', '611', '306', '393', '206', '381', '232', '234', '153', '52', '706', '222', '63', '27', '802', '803', '497', '824', '168', '340', '782', '426', '8', '770', '777', '143', '829', '507', '610', '270', '866', '564', '395', '348', '113', '672', '573', '90', '398', '370', '928', '294', '595', '368', '504', '661', '299', '156', '194', '710', '926', '731', '515', '43', '735', '75', '301', '690', '755', '89', '585', '316', '387', '322', '166', '670', '77', '852', '163', '475', '154', '686', '24', '338', '493', '521', '61', '673', '297', '771', '532', '385', '624', '582', '897', '924', '855', '467', '831', '608', '111', '46', '627', '17', '525', '632', '240', '437', '429', '531', '709', '907', '746', '669', '630', '91', '190', '873', '908', '196', '853', '422', '568', '676', '512', '621', '148', '182', '910', '660', '639', '411', '787', '917', '312', '769', '581', '376', '896', '780', '657', '593', '450', '309', '789', '389', '92', '330', '245', '929', '379', '606', '134', '203', '922', '571', '289', '754', '31', '838', '405', '857', '87', '671', '235', '367', '546', '563', '147', '101', '848', '158', '818', '587', '365', '524', '362', '691', '778', '282', '80', '850', '185', '428', '50', '862', '454', '738', '883', '372', '444', '724', '519', '404', '549', '334', '136', '84', '339', '112', '711', '137', '716', '534', '479', '899', '95', '253', '797', '122', '189', '417', '64', '85', '481', '359', '894', '307', '236', '527', '578', '505', '200', '793', '30', '905', '785', '244', '885', '499', '76', '733', '3', '612', '59', '653', '664', '553', '4', '403', '151', '747', '580', '598', '251', '72', '246', '37', '249', '586', '740', '599', '603', '677', '167', '19', '104', '875', '761', '315', '29', '665', '419', '649', '311', '846', '912', '868', '543', '570', '800', '526', '792', '144', '708', '541', '221', '925', '114', '607', '123', '214', '102', '131', '125', '278', '656', '674', '863', '693', '159', '696', '165', '215', '32', '366', '471', '728', '820', '480', '88', '726', '605', '263', '511', '337', '354', '643', '313', '325', '703', '55', '463', '21', '349', '675', '230', '35', '840', '23', '494', '300', '629', '867', '864', '604', '533', '36', '828', '272', '266', '498', '783', '198', '174', '602', '97', '648', '513', '71', '22', '727', '343', '517', '271', '879', '719', '554', '810', '247', '841', '217', '536', '652', '261', '547', '812', '858', '298', '887', '225', '618', '500', '483', '243', '210', '329', '658', '130', '413', '796', '685', '226', '736', '296', '238', '651', '328', '637', '767', '45', '361', '109', '613', '383', '436', '737', '600', '18', '895', '150', '757', '717', '279', '94', '305', '342', '65', '790', '779', '699', '888', '140', '681', '357', '264', '718', '155', '584', '2', '615', '486', '765', '410', '695', '373', '548', '375', '394', '631', '171', '292', '371', '903', '176', '560', '775', '1', '844', '845', '683', '529', '448', '920', '501', '10', '440', '336', '220', '408', '421', '502', '729', '227', '540', '99', '762', '900', '528', '469', '492', '67', '287', '157', '402', '468', '25', '451', '233', '290', '892', '332', '231', '784', '889', '741', '358', '197', '180', '211', '62', '466', '327', '822', '545', '906', '465', '277', '380', '484', '544', '476', '801', '893', '921', '663', '48', '430', '184', '108', '44', '811', '257', '464', '119', '295', '82', '535', '281', '388', '42', '83', '255', '352', '33', '431', '821', '66', '369', '106', '641', '869', '655', '41', '199', '382', '74', '262', '798', '878', '293', '288', '73', '208', '609', '331', '760', '701', '495', '204', '742', '644', '919', '344', '826', '416', '192', '302', '435', '265', '668', '808', '5', '851', '478', '314', '805', '825', '856', '219', '53', '666', '455', '141', '842', '861', '722', '813', '457', '242', '318', '596', '275', '193', '458', '187', '781', '51', '310', '572', '523', '124', '169', '15', '213', '487', '248', '40', '667', '81', '751', '625', '103', '93', '129', '424', '688', '126', '891', '116', '758', '160', '702', '425', '753', '870', '730', '772', '34', '539', '407', '16', '378', '721', '508', '886', '575', '806', '353', '138', '882', '827', '712', '323', '705', '0', '819', '120', '488', '620', '188', '837', '614', '485', '854', '427', '273', '601', '799', '880', '490', '927', '732', '694', '514', '276', '212', '164', '816', '911', '291', '268', '341', '229', '849', '79', '78', '890', '446', '830', '319', '100', '115', '38', '132', '49', '482', '638', '7', '12', '186', '172', '551', '39', '173', '809', '628', '884', '752', '401', '776', '462', '916', '320', '640', '555', '836', '326', '506', '377', '914', '509', '786', '489', '591', '432', '308', '58', '175', '60', '396', '183', '583', '904', '11', '86', '647', '659', '707', '13', '258', '704', '149', '415', '743', '118', '561', '267', '412', '794', '69', '345', '259', '239', '577', '127', '397', '833', '283', '518', '876', '650', '205', '918', '460', '759', '491', '817', '859', '923', '617', '452', '633', '700', '256', '626', '588', '646', '473', '335', '207', '28', '871', '133', '423', '619', '284', '562', '589', '456', '355', '915', '662', '795', '902', '616', '224', '406', '698', '280', '634', '364', '14', '201', '363', '443', '6', '642', '804', '26', '679', '881', '567', '720', '774', '623', '162', '597', '177', '579', '374', '557', '552', '913', '635', '566', '558', '228', '360', '121', '70', '390', '350', '418', '574', '107', '434', '744', '692', '682', '510', '636', '142', '139', '734', '260', '713', '766', '135', '317', '96', '351', '409', '356', '181', '237', '179', '474', '645', '773', '459', '146', '654', '56', '20', '537', '872', '461', '324', '433', '191', '442', '739', '496', '764', '241', '98', '449', '569', '321', '152', '303', '756', '590', '285', '556', '697', '161', '530', '439', '445', '687', '723', '392', '347', '815', '47', '209', '128', '522', '110', '250', '538', '441', '54', '860']
['477', '749']
['68']
['835']
['550']
['594']
['559']
['725', '503', '391', '565', '145']
['384']
['178', '678', '680']
['901']
['788']
['714', '420', '9']
['252']
['195', '346', '470', '414']
['516', '768']
['832']
['715']
['216']
['763']
['750', '57']
['877', '814', '874']
['865']
['286']
['576']
['105']
['304']
['170']
['748']
['807']
['898', '839', '745', '117']
['269']
