['436', '720', '477', '642', '496', '842', '195', '174', '298', '563', '148', '484', '405', '623', '261', '672', '539', '476', '363', '794', '472', '249', '741', '772', '39', '370', '471', '549', '788', '428', '236']
['357', '817', '106', '63', '157', '585', '29', '777', '552', '647', '402', '176', '547', '559', '273', '345', '324', '833', '453', '827', '425', '845', '468', '570', '645', '305', '594', '626', '128', '466', '61', '710', '773', '458', '359']
['464', '183', '417', '669', '347', '548', '348', '240', '512', '785', '451', '513', '393', '369', '321', '750', '771', '462', '220', '528', '256', '387', '560', '28', '20', '68', '811', '716', '746', '829', '47', '546', '392', '613', '245']
['222', '107', '262', '420', '489', '70', '214', '604', '422', '57', '715', '655', '444', '399', '310', '761', '114', '454', '327', '421', '723', '721', '400', '301', '221', '776', '795', '87', '443', '800', '527', '185', '430', '843', '277']
['630', '125', '556', '782', '835', '807', '293', '541', '688', '81', '808', '765', '575', '582', '104', '607', '65', '7', '180', '361', '523', '416', '48', '748', '435', '473', '374', '439', '432', '665', '456', '708', '134', '383', '284']
['360', '711', '397', '770', '617', '149', '349', '442', '75', '351', '337', '377', '818', '355', '163', '127', '441', '69', '743', '694', '182', '388', '80', '535', '831', '85', '580', '9', '615', '780', '639', '299', '23', '296']
['434', '533', '339', '143', '606', '19', '313', '82', '813', '763', '179', '852', '738', '15', '150', '175', '101', '53', '850', '566', '111', '460', '409', '758', '84', '605', '706', '170', '344', '268', '525', '595', '503', '855', '686']
['224', '229', '677', '816', '25', '172', '227', '309', '832', '177', '505', '540', '390', '145', '661', '205', '171', '287', '478', '86', '519', '117', '701', '67', '364', '664', '386', '532', '316', '162', '589', '803', '643', '511', '331']
['307', '692', '246', '488', '276', '208', '775', '696', '328', '340', '574', '735', '695', '543', '354', '294', '126', '332', '105', '847', '267', '463', '712', '140', '756', '378', '479', '608', '732', '124', '129', '102', '318', '564', '751']
['778', '282', '368', '295', '578', '555', '699', '71', '338', '11', '46', '601', '697', '631', '320', '653', '181', '141', '260', '844', '554', '153', '269', '209', '376', '573', '516', '609', '465', '670', '733', '731', '561', '469', '753']
['113', '495', '230', '592', '815', '740', '593', '251', '203', '231', '714', '448', '234', '226', '169', '303', '530', '804', '112', '685', '557', '446', '637', '341', '118', '644', '367', '281', '198', '342', '792', '501', '94', '333', '784']
['629', '698', '44', '33', '702', '116', '481', '211', '730', '291', '404', '598', '155', '510', '538', '353', '614', '654', '633', '52', '713', '486', '199', '437', '189', '225', '379', '146', '752', '250', '572', '384', '636', '524', '42']
['26', '531', '201', '253', '270', '668', '660', '414', '779', '825', '797', '4', '381', '786', '330', '790', '493', '280', '2', '651', '322', '558', '819', '725', '158', '483', '178', '461', '161', '3', '373', '747', '311', '142', '579']
['802', '755', '676', '576', '839', '254', '164', '749', '408', '64', '544', '136', '634', '449', '144', '215', '467', '100', '223', '415', '325', '263', '306', '515', '801', '470', '700', '846', '22', '346', '616', '308']
['429', '599', '200', '500', '705', '534', '371', '518', '806', '684', '526', '395', '204', '812', '51', '567', '542', '135', '255', '809', '335', '98', '504', '830', '219', '264', '8', '766', '216', '99', '789', '624', '290', '194', '584']
['13', '74', '58', '103', '156', '640', '841', '657', '838', '627', '93', '667', '545', '289', '583', '122', '536', '31', '652', '73', '553', '602', '1', '418', '433', '238', '382', '83', '50', '278', '569', '621', '506', '724']
['480', '787', '586', '108', '109', '689', '742', '799', '78', '760', '690', '632', '244', '447', '508', '412', '12', '426', '793', '286', '139', '398', '235', '587', '828', '32', '487', '152', '66', '814', '283', '40', '659', '612', '343']
['596', '190', '147', '302', '683', '35', '92', '499', '618', '228', '745', '537', '24', '774', '314', '680', '191', '317', '312', '358', '474', '641', '365', '96', '494', '423', '597', '232', '840', '79', '45', '297', '622', '184', '160']
['173', '121', '734', '389', '130', '820', '754', '10', '391', '413', '854', '292', '581', '726', '37', '62', '258', '826', '482', '210', '718', '233', '431', '722', '410', '619', '577', '497', '192', '217', '620', '334', '438']
['502', '372', '131', '336', '490', '241', '329', '77', '679', '242', '257', '315', '0', '781', '603', '691', '739', '14', '678', '635', '611', '132', '662', '507', '571', '151', '521', '796', '288', '729', '762', '90', '791', '849', '649']
['648', '628', '703', '411', '252', '207', '600', '837', '717', '247', '165', '805', '352', '300', '822', '687', '834', '682', '243', '97', '55', '54', '663', '401', '769', '728', '445', '110', '406', '17', '167', '821', '60', '759', '89']
['674', '848', '21', '529', '704', '656', '202', '646', '366', '836', '213', '514', '197', '675', '403', '285', '120', '407', '279', '737', '259', '154', '218', '824', '419', '43', '396', '362', '34', '375', '638', '27', '492']
['610', '323', '452', '119', '326', '727', '517', '440', '591', '851', '427', '38', '707', '565', '768', '767', '764', '798', '385', '30', '274', '248', '59', '88', '193', '709', '272', '76', '588', '666', '188']
['380', '166', '551', '239', '138', '520', '810', '550', '485', '133', '590', '319', '196', '823', '91', '237', '186', '568', '212', '271', '744', '394', '115', '304', '36', '562', '650', '16', '457', '450', '757', '72', '424', '673', '95']
['658', '693', '681', '265', '736', '719', '522', '56', '498', '625', '853', '350', '5', '491', '18', '266', '168', '187', '475', '275', '137', '509', '41', '123', '159', '49', '783', '356', '459', '455', '206', '6', '671']
