['228']
['364', '140', '281', '227', '419', '207', '193', '824', '842', '550', '947', '651', '926', '563', '483', '618', '897', '201', '39', '87', '695', '403']
['264', '762', '693', '602', '332', '120', '664', '520', '807', '604', '141', '847', '592', '659', '125', '583', '702', '253', '630', '206', '542', '560', '849', '787', '72']
['132', '892', '426', '654', '212', '83', '32', '704', '998', '246', '780', '290', '764', '183', '889', '735', '470', '640', '376', '367', '322', '893', '718', '730', '928']
['305', '905', '625', '205', '211', '832', '491', '811', '76', '288', '330', '505', '405', '561', '534', '27', '783', '556', '863', '965', '677', '568', '578', '90']
['696', '528', '591', '751', '439', '649', '969', '747', '98', '822', '523', '170', '945', '175', '67', '70', '631', '428', '858', '501', '894', '112', '337']
['650', '412', '89', '28', '579', '997', '187', '848', '30', '291', '809', '633', '634', '906', '754', '360', '565', '912', '174', '761', '240', '987', '121', '357', '903']
['10', '117', '760', '835', '152', '304', '673', '445', '660', '308', '573']
['538', '977', '937', '444', '667', '321', '126', '508', '862', '53', '713', '675', '86', '137', '47', '21', '671', '7', '92', '243', '790', '541', '688', '172', '459']
['594', '406', '131', '904', '216', '836', '872', '637', '806', '356', '522', '14', '276', '129', '985', '830', '509', '582', '301', '202', '964', '101', '404', '543', '245']
['247', '697', '638', '448', '996', '980', '344', '335', '329', '655', '914', '991', '510', '418', '273', '736', '40', '816', '552', '531', '31', '65']
['485']
['236', '709', '674', '880', '208', '382', '669', '938', '440', '884', '963', '931', '733', '476', '853', '576', '268', '692', '939', '37', '192']
['462', '312', '795', '8', '238', '826', '681', '311', '584', '739', '622', '136', '802', '481', '841', '734', '488', '151', '349', '189', '85', '323', '658', '672', '469']
['287', '9', '203', '959', '555', '940', '355', '465', '770', '128', '413', '951', '309', '252', '856']
['43', '484', '59', '109', '967', '708', '621', '586', '738', '257', '864', '51', '619', '182', '338', '873', '798', '261', '934', '191', '972', '978']
['114', '295', '857', '512', '0', '455', '409', '981', '700', '519', '110', '293', '722', '766', '932', '113', '163', '968', '737', '226', '169', '186', '138', '44', '831']
['749', '990', '124', '155', '397', '919', '497', '680', '799', '359', '494', '254', '607', '94', '580', '75', '399', '313', '320', '956', '319', '606', '394', '279', '346']
['135', '879', '775', '703', '471', '641', '927', '676', '58', '791', '869', '289', '537', '410', '267', '890', '24', '383', '942', '774', '598', '286', '450', '284', '721']
['159', '953', '184', '99', '698', '74', '496', '93', '265', '881', '777', '874', '838', '343', '813', '744', '381', '699', '389']
['467', '572', '941', '748', '859', '814', '527', '957', '720', '388', '176', '948', '850', '63', '789', '871', '326', '477', '258', '414', '567', '380', '143', '156', '741']
['868', '976', '888', '668', '292', '6', '390', '690', '127', '999', '82', '930', '566', '391', '310', '468', '547', '451', '653', '647', '215', '782', '495', '168', '457']
['97', '421', '954', '35', '366', '130', '498', '620', '234', '79', '950', '644', '551', '473', '490', '269', '214', '474', '662', '433', '511', '146', '866', '424', '165']
['970', '966', '134', '296', '177', '597', '282', '907', '111', '716', '374', '446', '224', '757', '188', '449', '689', '45', '609', '975', '639']
['23', '241', '882', '911', '962', '387', '119', '429', '600', '285', '549', '480', '935', '18', '778', '535', '401', '49', '123', '820', '717', '298', '80', '386', '154']
['752', '588', '242', '817', '13', '776', '385', '656', '994']
['139', '815', '362']
['513', '916', '540', '266', '171', '162', '147', '544', '571', '315', '623', '489', '431', '825', '753', '294', '786', '627', '371', '663', '526', '52', '393', '232', '250']
['351', '334', '585', '961', '839', '197', '195', '230', '514', '624', '324', '706', '992', '73', '610', '16', '161', '157', '923', '384', '988', '725', '712', '632', '408']
['691', '726', '829', '743', '989', '855', '198', '745', '877', '502', '361', '11', '601', '4', '613', '810', '204', '255', '665', '808', '886', '365', '910', '461']
['25', '68', '507', '750', '78', '64', '823', '771', '504', '331', '686', '20', '500', '432', '900', '546', '423', '358', '369', '164', '1', '297']
['100', '179', '503', '800', '929', '819', '870', '636', '106', '452', '160', '536', '705', '274', '925', '153', '190', '185', '596', '772', '804', '377', '223', '559']
['316']
['740', '107', '756', '557', '396', '921', '62', '133', '22', '525', '803', '69', '685', '646', '38', '306', '642', '605', '833', '729']
['678', '42', '71', '375', '46', '595', '225', '759', '237', '325', '851', '875', '370', '944', '570', '3', '379', '95', '453', '982']
['960', '715', '150', '615', '920', '180', '532', '33', '553', '256', '612', '221', '805', '768', '81', '564', '979', '166', '475', '562', '524', '788', '711', '26', '898']
['731']
['683', '952', '104', '328', '436', '943', '145', '283', '529', '587', '231', '590', '575', '635', '307', '558', '178', '896', '569', '251', '844', '443', '891', '2', '854']
['353', '763', '213', '435', '840', '773', '395', '867', '333', '629', '442', '416', '785', '834', '913', '91', '341', '533', '767', '411', '845', '742', '434', '115', '5']
['263', '277', '317', '958', '758', '719', '993', '865', '339', '899', '354', '827', '611', '545', '995', '554', '57', '235', '684']
['173', '262', '352', '648', '516', '779', '302', '148', '812', '746', '200', '666', '54', '142', '846', '270', '88', '924', '437', '199', '458', '249']
['425', '608', '984', '796', '983', '299', '670', '220', '530', '755', '454', '158', '902', '345', '420', '707', '19', '303', '724', '84', '885']
['244']
['616', '144', '518', '96', '275', '209', '482', '765', '974', '318', '933', '922', '60', '34', '402', '219', '108', '400', '883', '340', '843', '456', '259', '821', '441']
['861', '860', '15', '479', '363', '784', '122', '493', '792', '463', '515', '61', '272', '895', '506', '781', '626', '118', '372', '769', '973', '661', '878']
['946', '50', '701', '392', '599', '793', '350', '196', '710', '327', '657', '797', '581', '472', '517', '986', '48', '447', '56', '210', '29', '460', '300', '248', '336']
['378', '466', '727', '521', '218', '732', '342', '901', '280', '645', '548', '643', '539', '422', '589', '679', '398', '801', '348', '217', '194', '574', '373', '17', '66']
['714', '167', '260', '617', '347', '918', '723', '909', '486', '492', '368', '694', '828', '876', '487', '271', '971', '682', '36']
['577', '407', '837', '852', '915', '949', '464', '278', '908', '222', '687', '12', '77', '887', '314', '955', '415', '55', '478', '233']
['116', '427', '438', '652', '417', '103', '102', '917', '105', '181', '603', '728', '229', '936', '593', '430', '628', '149', '794', '818', '239', '614', '41', '499']
