['88', '627', '435', '130', '561', '913', '295', '529', '286', '653', '937', '127', '689', '848', '246', '636', '471', '135', '338', '188', '465', '728', '362', '619', '868', '174', '482', '265', '126', '398', '721', '781', '160', '316', '259', '325', '234', '874', '395', '527', '479', '704', '481', '808', '79', '257', '5', '928', '197', '557', '380', '389', '120', '336', '236', '546', '340', '173', '71', '846', '953']
['83', '599', '641', '510', '559', '514', '747', '401', '373', '906', '506', '139', '202', '568', '751', '288', '738', '201', '811', '867', '453', '806', '162', '796', '768', '736', '148', '72', '185', '684', '400', '351', '67', '38', '519', '231', '670', '274', '215', '456', '410', '794', '225', '790', '436', '656', '626', '35', '86', '901', '618', '841', '358', '880', '16', '198', '952', '280', '699', '769', '957']
['690', '116', '252', '461', '894', '180', '430', '788', '377', '593', '604', '39', '939', '326', '390', '770', '371', '324', '328', '631', '29', '108', '664', '308', '363', '582', '24', '278', '654', '522', '289', '959', '585', '492', '154', '142', '276', '494', '857', '870', '818', '954', '513', '27', '709', '241', '490', '719', '378', '620', '294', '420', '333', '112', '817', '947', '431', '733', '399', '956']
['23', '525', '379', '701', '150', '524', '149', '158', '8', '793', '22', '196', '489', '614', '447', '643', '926', '364', '275', '1', '735', '345', '849', '329', '588', '26', '526', '839', '299', '239', '944', '845', '129', '592', '331', '650', '660', '554', '743', '254', '799', '600', '417', '921', '809', '438', '396', '392', '861', '348', '153', '516', '697', '94', '313', '955', '758', '365', '586', '161', '761']
['310', '617', '423', '247', '910', '702', '935', '562', '53', '427', '52', '720', '318', '851', '589', '551', '951', '564', '137', '948', '908', '639', '285', '533', '418', '591', '820', '649', '803', '904', '571', '842', '795', '762', '825', '685', '755', '567', '695', '249', '54', '737', '207', '147', '569', '608', '115', '42', '545', '757', '745', '754', '255', '764', '596', '193', '381', '544', '828', '662', '640']
['468', '642', '284', '836', '208', '606', '56', '922', '584', '730', '715', '644', '433', '646', '705', '321', '366', '335', '536', '918', '62', '897', '802', '838', '309', '102', '508', '548', '226', '491', '204', '872', '305', '281', '291', '821', '807', '511', '227', '856', '864', '708', '397', '168', '776', '657', '763', '192', '813', '919', '221', '726', '422', '393', '824', '552', '190', '759', '99', '48', '270']
['692', '32', '902', '216', '659', '407', '76', '688', '767', '440', '92', '686', '464', '542', '541', '860', '238', '332', '408', '217', '151', '271', '517', '128', '487', '113', '752', '355', '555', '272', '277', '633', '473', '80', '121', '341', '77', '938', '775', '111', '164', '382', '45']
['475']
['940', '444', '672', '413', '334', '70', '889', '450', '172', '320', '484', '317', '442', '106', '293', '439', '493', '538', '327', '140', '261', '17', '934', '100', '575', '409', '36', '907', '170', '725', '710', '356', '565', '101', '10', '87', '507', '49', '122', '535', '875', '712', '740', '343', '124', '463', '681', '245', '590', '352', '387', '833', '437', '523', '133', '184', '594', '167', '458']
['696', '144', '927', '771', '946', '765', '539', '753', '879', '543', '865', '411', '577', '200', '576', '886', '319', '878', '182', '349', '520', '854', '629', '766', '502', '369', '360', '920', '47', '114', '279', '359', '560', '665', '547', '155', '384', '691', '203', '19', '103', '667', '361', '844', '28', '915', '756', '177', '199', '925', '898', '428', '714', '251', '783', '60', '298', '707', '462', '273', '40']
['518', '595', '55', '496', '354', '504', '789', '830', '404', '677', '214', '342', '425', '223', '186', '537', '75', '558', '829', '368', '739', '195', '228', '671', '816', '804', '637', '858', '300', '90', '834', '131', '105', '742', '157', '446', '219', '372', '432', '553', '949', '741', '658', '869', '663', '187', '57', '750', '37', '661', '717', '229', '15', '452', '885']
['480', '530', '253', '98', '262', '421', '386', '936', '315', '64', '232', '224', '269', '911', '65', '958', '673', '449', '634', '12', '240', '638', '104', '14', '713', '235', '847', '302', '815', '107', '314', '893', '777', '827', '570', '628', '497', '454', '785', '805', '81', '800', '183', '780', '724', '528', '220', '675', '357', '950', '370', '635', '402', '744', '242', '258', '682', '700', '887', '779', '383']
['11', '892', '117', '648', '814', '21', '622', '175', '624', '916', '837', '25', '797', '572', '822', '943', '205', '499', '773', '749', '890', '483', '734', '500', '178', '13', '746', '406', '44', '9', '292', '156', '426', '350', '621', '282', '212', '843', '515', '896', '912', '176', '718', '651', '66', '652', '655', '73', '632', '610', '322', '118', '243', '376', '923', '266', '0', '932', '647', '835', '602']
['895', '43', '385', '466', '748', '488', '477', '941', '563', '46', '210', '873', '723', '778', '306', '683', '414', '716', '346', '900', '905', '706', '213', '899', '69', '91', '7', '283', '476', '61', '668', '478', '441', '206', '727', '798', '859', '774', '823', '374', '248', '581', '782', '51', '914', '603', '96', '467', '549', '703', '853', '303', '143', '786', '698', '866', '810', '625', '163', '403', '330']
['929', '772', '3', '888', '609', '263', '353', '419', '611', '166', '531', '630', '930', '4', '509', '732', '412', '301', '512', '110', '470', '287', '942', '434', '222', '179', '840', '41', '230', '264', '674', '134', '812', '598', '146', '233', '33', '296', '20', '909', '931', '250', '645', '871', '367', '18', '85', '244', '760', '505', '583', '615', '876', '312', '50', '607', '388', '503', '501', '679']
['826', '89', '469', '415', '290', '945', '680', '532', '78', '268', '521', '613', '881', '573', '181', '917', '819', '486', '495', '311', '566', '34', '159', '267', '97', '960', '30', '125', '74', '601', '550', '669', '138', '405', '855', '339', '307', '63', '863', '787', '84', '394', '711', '237', '676', '429', '877', '304', '580', '792', '68', '485', '791', '218', '141', '169', '416', '347', '694', '556', '451']
['587']
['132']
['579']
['59']
['31']
['323']
['597']
['337']
['852']
['391']
['612']
['574']
['666']
['256']
['58', '578', '2', '460', '605', '455', '832', '884', '297', '119', '109', '375', '6', '883', '801', '93', '882', '123', '194', '211', '498', '534', '82', '191', '903', '209', '344', '443', '862', '95', '924', '693', '678', '731', '171', '891', '623', '474', '165', '448', '616', '136', '459', '145', '424', '729', '189', '260', '831', '687', '933', '445', '784', '472', '152', '722', '457', '850', '540']
