['860', '129', '542', '376', '478', '345', '354', '766', '193', '305', '800', '391', '944', '562', '181']
['762', '946', '525', '52', '491', '397', '433', '642', '607', '225', '746', '625', '167', '566', '464']
['939', '998', '979', '414', '759', '605', '320', '289', '716', '534', '366', '788', '3', '568', '166']
['207', '745', '297', '988', '752', '950', '174', '448', '343', '531', '43', '205', '984', '138', '910']
['40', '843', '604', '353', '829', '755', '968', '133', '898', '859', '9', '611']
['726', '370', '263', '954', '680', '130', '665', '913', '866', '896', '937', '696', '194', '339', '613']
['660', '640', '582', '703', '127', '472', '237', '909', '146', '563', '126', '432', '5', '202', '6']
['589', '42', '161', '462', '352', '460', '925', '404', '980', '822', '772', '782', '638', '646', '173']
['119', '383', '865', '636', '511', '670', '86', '178', '894', '873', '239']
['836', '340', '981', '697', '943', '853', '330', '850', '229', '930', '558', '136', '577', '4']
['753', '455', '757', '953', '218', '409', '768', '893', '247', '710', '7', '428', '58', '686', '367']
['269', '368', '828', '0', '671', '698', '741', '21', '197', '595', '251', '401', '851', '764', '17']
['267', '230', '316', '277', '236', '56', '104', '325', '742', '657', '98', '569', '864', '91', '306']
['132', '36', '667', '685', '956', '959', '633', '648', '324', '46', '972', '257', '378', '711', '79']
['452', '487', '102', '88', '382', '92', '389', '475', '639', '814', '266', '27', '425', '737', '915']
['244', '805', '24', '854', '355', '214', '524', '450', '465', '536', '101', '627', '363', '436']
['186', '897', '845', '299', '426', '286', '176', '707', '457', '120', '546', '573', '926', '105', '811']
['351', '691', '144', '756', '384', '466', '576', '1', '258', '992', '381', '783', '488', '420', '254']
['527', '869', '747', '715', '356', '175', '626', '474', '948', '333', '221', '272', '587', '276', '717']
['702', '386', '31', '191', '468', '861', '608', '767', '634', '192', '728', '271', '684', '190']
['188', '347', '945', '786', '885', '67', '510', '150', '991', '473', '848', '417', '431', '662', '643']
['390', '827', '583', '557', '538', '147', '307', '284', '82', '714', '439', '916', '50', '924', '955']
['598', '480', '969', '19', '556', '312', '588', '34', '718', '456', '971', '889', '268', '964', '996']
['628', '393', '274', '725', '459', '681', '446', '327', '438', '443', '995', '94', '421', '618', '30']
['398', '721', '41', '540', '653', '920', '544', '479', '118', '934', '318', '975', '693']
['590', '265', '977', '245', '131', '300', '304', '496', '113', '483', '357', '505', '537', '216']
['387', '499', '458', '157', '47', '982', '309', '372', '571', '802', '33', '647', '395']
['609', '374', '940', '535', '440', '449', '402', '210', '170', '486', '600', '71', '677']
['689', '519', '361', '559', '584', '637', '761', '380']
['152', '281', '520', '581', '65', '255', '852', '184', '288', '123', '931', '751', '290', '602', '586']
['550', '294', '70', '411', '922', '619', '388', '712', '151', '883', '895', '754', '688', '441', '629']
['492', '543', '801', '617', '816', '858', '359', '701', '59', '198', '554', '881', '666', '993', '243']
['935', '706', '960', '142', '744', '951', '999', '493', '615', '302', '498', '947', '771', '399', '515']
['89', '222', '832', '987', '182', '679', '461', '338', '872', '594', '403', '477', '561']
['453', '217', '778', '810', '177', '106', '809', '160', '341', '672', '179', '849', '565', '570']
['886', '100', '574', '724', '497', '699', '709', '560', '661', '226', '890', '49', '430', '838']
['371', '323', '868', '77', '385', '763', '2', '796']
['55', '201', '919', '994', '11', '108', '189', '655', '585', '700', '818', '238', '282', '808', '90']
['635', '601', '760', '83', '654', '134', '240', '248', '779', '54', '489', '87', '904']
['80', '914', '526', '548', '435', '279', '870', '813', '228', '532', '891', '424', '731', '833']
['427', '72', '137', '748', '974', '329', '14', '798', '736', '482', '143', '322', '879', '824', '631']
['234', '53', '447', '641', '668', '16', '183', '830', '109', '820', '35', '283', '280', '967', '694']
['369', '360', '616', '504', '966', '219', '63', '195', '877', '523', '727', '545', '25', '451']
['528', '503', '907', '423', '687', '673', '812', '578', '792', '901', '834', '12', '495']
['773', '722', '124', '723', '729', '81', '117', '295', '96', '874', '797', '165', '99', '917', '606']
['416', '804', '141', '26', '185', '793', '358', '413', '880', '564', '156', '336']
['678', '264', '319', '69', '867', '704', '241', '541', '396', '841', '171', '22', '652', '259']
['911', '978', '888', '659', '927', '973', '311']
['837', '932', '337', '85', '769', '111', '140', '75', '533', '434', '658', '227', '62', '163', '663']
['442', '806', '739', '8', '172', '732', '148', '823', '328', '855', '350', '965', '826', '522']
['408', '776', '454', '168', '107', '624', '664', '95', '200', '209', '957', '122', '780', '844', '321']
['57', '162', '825', '128', '862', '921', '180', '508', '224', '847']
['164', '270', '708', '579', '575', '154', '261']
['630', '500', '882', '840', '494', '649', '941', '936', '676', '765', '933', '23', '208', '418', '961']
['187', '220', '986', '84', '308', '467', '344', '348', '310', '942', '231', '275', '61', '469']
['149']
['37']
['803', '518', '552', '777', '484', '114', '990', '789', '650', '521', '831', '900', '514', '346', '807']
['923', '199', '415', '78']
['253', '908']
['692', '256', '215', '233', '212', '64', '60', '517']
['444']
['918']
['204', '785', '158', '196', '93', '28', '929', '331', '364', '884', '551', '422', '857', '612', '20']
['781', '738', '682', '983', '314', '273', '429', '651', '592']
['976']
['375', '211', '958', '539', '285']
['18', '362', '342', '206', '591', '97', '392', '603', '38', '73', '373', '817', '875', '112', '610']
['839', '406', '507', '250', '962', '262', '287', '445']
['555', '45', '674', '758', '313', '669']
['949', '506', '787']
['775', '377', '278', '878', '938', '871', '572', '39', '490', '903', '326', '928', '296']
['905', '298', '863', '593', '291', '892', '400', '68', '471', '770', '740', '567', '815', '733']
['743', '332', '846']
['952', '985', '997', '529', '876', '242', '115', '116', '502', '412', '232', '734', '750', '690', '159']
['66']
['249', '29', '989']
['252', '317', '10', '315', '970', '912', '887', '153', '394', '335', '213', '463', '774']
['719', '476', '235', '485', '614', '963', '334', '516', '303']
['784', '145', '842', '720', '203', '621']
['622']
['906', '48', '644', '749', '795', '103', '437', '76', '623', '139', '835', '791', '512', '13', '899']
['794', '656', '407', '683']
['530']
['553']
['645']
['121', '705', '15', '74', '513', '44', '135', '223', '501', '365', '675', '155', '549']
['293']
['410', '509', '821', '301']
['110']
['713', '481', '260', '405', '695', '51']
['246']
['790']
['819']
['470']
['32']
['169']
['349']
['379']
['632', '599', '730', '856', '902', '597', '292', '580', '125', '419', '620', '596', '799', '547', '735']
