['503', '376', '830', '991', '674', '134', '505', '776', '957', '479', '792', '176', '877', '939', '306', '633', '447', '989', '909', '586', '891', '337', '700', '311', '718', '741', '994', '723', '736', '356', '225', '883', '304', '118', '260', '540', '165', '988', '93', '765', '482', '158', '256', '788', '358', '618', '309', '851', '827', '997', '606', '40', '752', '768', '182', '740', '494', '62', '854', '51', '815', '383', '910', '85', '27', '252', '801', '103', '220', '572', '886', '213', '6', '139', '439', '576', '687', '947', '847', '282', '543', '379', '769', '303', '429', '773', '624', '474', '437', '878', '719', '778', '156', '965', '183', '449', '532', '89', '694', '977', '43', '107', '251', '547', '539', '375', '343', '179', '987', '321', '129', '154', '113', '826', '961', '259', '982', '339', '97', '353', '519', '167', '948', '754', '558', '7', '404', '426', '299', '579', '701', '98', '568', '807', '766', '419', '641', '906', '971', '427', '871', '935', '414', '59', '349', '541', '805', '895', '964', '435', '145', '478', '196', '300', '467', '917', '169', '856', '393', '931', '560', '536', '985', '350', '857', '920', '312', '492', '771', '13', '527', '285', '453', '254', '106', '371', '567', '34', '631', '111', '809', '530', '840', '592', '313', '46', '323', '940', '185', '164', '279', '638', '354', '385', '526', '556', '868', '922', '411', '744', '647', '284', '588', '589', '171', '294', '205', '819', '730', '424', '159', '650', '485', '258', '843', '898', '838', '706', '996', '52', '908', '187', '122', '802', '141', '232', '841', '545', '797', '115', '520', '296', '673', '759', '137', '724', '445', '725', '491', '662', '611', '369', '835', '655', '146', '442', '413', '440', '462', '918', '120', '978', '862', '711', '4', '683', '372', '291', '261', '763', '573', '789', '760', '642', '750', '658', '884', '484', '227', '833', '268', '121', '408', '230', '735', '348', '595', '201', '75', '384', '648', '270', '110', '472', '487', '500', '794', '265', '81', '946', '431', '720', '554', '657', '620', '968', '192', '457', '812', '681', '172', '849', '130', '779', '63', '221', '848', '318', '233', '864', '660', '471', '564', '903', '74', '626', '692', '417', '705', '194', '902', '290', '709', '287', '960', '64', '664', '796', '175', '278', '963', '846', '392', '722', '746', '237', '90', '757', '570', '117', '374', '614', '327', '136', '818', '184', '930', '731', '869', '274', '418', '132', '140', '56', '269', '314', '86', '416', '889', '636', '307', '770', '613', '166', '549', '433', '36', '986', '362', '155', '189', '832', '680', '874', '951', '972', '583', '315', '44', '514', '566', '504', '702', '995', '157', '937', '587', '593', '150', '288', '617', '99', '396', '790', '623', '756', '363', '839', '689', '872', '253', '553', '928', '668', '621', '748', '94', '432', '574', '359', '101', '870', '366', '378', '615', '717', '3', '267', '320', '324', '670', '35', '317', '510', '42', '25', '548', '388', '831', '329', '923', '438', '605', '876', '466', '231', '628', '214', '229', '395', '823', '609', '463', '511', '486', '125', '481', '594', '480', '80', '210', '637', '174', '450', '370', '640', '257', '87', '578', '952', '454', '423', '112', '468', '283', '950', '37', '144', '695', '346', '402', '616', '506', '160', '649', '422', '344', '625', '998', '238', '882', '161', '738', '200', '727', '990', '585', '67', '938', '69', '88', '813', '33', '399', '534', '943', '800', '557', '245', '926', '531', '507', '428', '533', '639', '517', '9', '208', '499', '451', '116', '82', '916', '703', '911', '142', '502', '222', '555', '858', '461', '477', '15', '893', '340', '644', '516', '387', '581', '817', '255', '852', '828', '697', '821', '345', '728', '803', '455', '820', '131', '305', '983', '0', '128', '458', '241', '240', '412', '804', '753', '83', '330', '22', '23', '890', '493', '100', '866', '501', '39', '153', '661', '460', '630', '434', '50', '105', '77', '53', '762', '48', '824', '198', '32', '853', '292', '464', '590', '845', '550', '958', '580', '342', '663', '217', '707', '944', '875', '173', '837', '552', '262', '400', '635', '197', '328', '973', '177', '361', '410', '109', '508', '645', '808', '61', '834', '415', '10', '331', '992', '899', '551', '469', '49', '708', '699', '599', '743', '604', '168', '900', '325', '518', '488', '941', '216', '601', '368', '242', '975', '476', '247', '780', '787', '598', '993', '322', '643', '380', '239', '443', '162', '786', '774', '92', '377', '887', '14', '896', '391', '679', '170', '336', '496', '888', '452', '582', '610', '528', '219', '203', '513', '226', '881', '351', '308', '21', '710', '397', '784', '465', '799', '60', '914', '406', '365', '127', '525', '224', '470', '945']
['688', '712', '758', '180', '28', '135', '901', '678', '684', '686', '571', '732', '921', '515', '904', '276', '733', '228', '76', '41', '561', '151', '676', '430', '749', '714', '425', '108', '976', '448', '133', '382', '407', '263', '659', '204', '529', '721', '57', '912', '333', '405', '178', '234', '860', '966', '666', '980', '822', '602', '677', '537', '729', '806', '600', '147', '473', '195', '68', '524', '444', '634', '791', '301', '569', '71', '775', '243', '459', '785', '280', '565', '223', '597', '696', '96', '20', '622', '334', '401', '138', '54', '316', '654', '544', '273', '421', '235', '546', '885', '441', '199', '698', '271', '24', '669', '19', '381', '685', '104', '5', '126', '352', '250', '202', '143', '810', '981', '577', '795']
['38', '275', '207', '212', '114', '713', '979', '737', '829', '2', '152', '742', '102', '603', '984', '148', '188', '949', '967', '767', '390', '905', '394', '341', '277', '690', '612', '193', '31', '777', '47', '497', '403']
['959', '956']
['646', '894', '65', '627', '211', '691', '373', '319', '420', '816']
['489', '360', '272', '236']
['954']
['632', '498', '367', '747', '629', '355']
['842', '575', '892', '970']
['671']
['386', '863', '58', '919', '281', '26', '286', '596', '310', '191', '562', '72', '244', '755', '55', '584', '302', '456', '751', '398', '667']
['186']
['17', '879', '859', '897', '264', '867', '522', '844']
['409']
['865']
['672']
['181']
['29', '933', '607', '907', '389', '761', '653', '248', '70', '782', '73', '297', '347', '783', '716', '1', '924', '563', '490', '335', '591', '934', '781', '535', '811', '542', '293', '682', '693', '656', '18', '969']
['825']
['739', '932', '999', '78']
['814']
['608', '651', '95', '793', '206', '927', '962', '512', '209']
['91']
['163']
['8']
['942']
['861']
['764']
['704']
['873', '974', '119']
['66', '936']
['12']
['772']
['289', '436', '338', '955', '30', '559', '675', '16', '298', '850', '326', '79', '619', '726', '357', '521', '880', '190', '509', '925', '266', '953', '149', '124', '929', '475', '538', '836', '665', '855', '218', '45', '249', '295', '715', '11', '745', '734', '446', '332', '523', '84', '364', '798', '246']
['652']
['483']
['915', '495']
['215']
['123']
['913']
