['799', '927', '631', '517', '879', '945', '770', '910', '230', '168', '167', '481', '408', '279', '856', '468', '69', '686', '738', '27', '906', '937']
['779', '321', '610', '914', '700', '331', '306', '911', '396', '377', '833', '717', '622', '126', '72', '53', '756', '43', '178', '413']
['638', '729', '155', '404', '632', '314', '734', '766', '824', '74', '296', '817', '495', '103', '425', '124', '558', '322', '102', '639', '387', '600']
['379', '329', '714', '421', '343', '349', '777', '459', '826', '234', '342', '90', '994', '203', '460', '958', '338', '165', '439', '398', '798']
['969', '71', '550', '177', '604', '176', '9', '220', '706', '392', '308', '108', '461', '360', '283', '298', '409', '84', '36', '941', '774', '704']
['974', '192', '455', '231', '601', '940', '608', '585', '286', '606', '381', '39']
['23', '248', '139', '909', '292', '538', '419', '235', '105', '573', '570', '643', '284', '271', '993', '138', '307', '362', '841']
['499', '17', '672', '487', '951', '888', '429', '980', '971', '136', '371', '716', '855', '417', '691', '725', '599', '896', '939', '261', '983', '356']
['25', '831', '364', '198', '792', '776', '391', '976', '128', '900', '85', '652', '881', '466', '285', '428', '137', '919', '26', '984']
['546', '867', '562', '925', '295', '426', '703', '793', '581', '436', '68', '24', '473', '534', '920', '723', '847', '918', '350', '848', '255', '269']
['245', '118', '657', '871', '422', '443', '357', '678']
['796', '800', '818', '1', '492', '170', '378', '908', '259', '52', '11', '666', '578', '649', '365', '676', '327', '389', '193', '677', '998']
['551', '618', '574', '6', '846', '961', '301', '665', '254', '844', '319', '898', '438', '851', '547', '431', '274', '164', '588', '637', '516', '647']
['121', '215', '912', '82', '948', '963', '351', '472', '858', '405', '713', '884', '758', '832', '866', '195', '834', '645', '375', '205', '384']
['212', '806', '651', '999', '65', '367', '876', '471', '22', '446', '148', '56', '201', '737', '32', '311', '293', '803', '720', '486', '489']
['548', '415', '383', '115', '402', '543', '962', '621', '681', '745', '680', '106', '87', '664', '181', '93', '835', '825', '988', '759', '959']
['240', '568', '403', '612', '529', '444', '186', '763', '432', '875', '144', '989', '226', '525', '14', '804', '374', '519']
['150', '807', '433', '454']
['50', '223', '721', '276', '316', '607', '368', '434', '111', '225', '854', '300', '400', '926', '345', '813', '839', '663', '484', '302', '765', '711']
['624', '985', '727', '736', '933', '333', '31', '972', '12', '312', '127', '659', '557', '579', '258', '214', '54', '771', '437', '358', '16', '247']
['430', '563', '266', '930', '250', '89', '870', '482', '510', '160', '251', '567', '810', '267', '812', '843', '291', '61', '952', '114', '221']
['180', '158', '208', '341', '596', '708', '730', '370', '410', '116', '674', '386', '197', '328', '76', '174', '658', '905', '566', '277']
['521', '748', '424', '336', '117', '500', '512', '264', '369', '710', '348', '199', '317', '206', '584', '726', '964', '752', '816', '597', '996', '241']
['134', '938', '536', '967', '965', '305', '480', '882', '287', '970', '236', '862', '741', '916', '503', '790', '467', '147', '857', '530', '522', '915']
['960', '696', '222']
['508', '705', '13', '243', '791', '627', '537', '119', '418', '488', '373', '808', '294', '660', '149', '172', '252', '45', '490', '123', '809', '501']
['746', '107', '57', '819', '966', '411', '946', '498', '40', '821', '997', '929', '153', '2', '475', '953', '718', '190', '393', '100']
['450', '238', '885', '679', '722', '77', '750', '73', '166', '504', '441', '483', '318', '113', '209', '735', '239', '783', '462', '894', '590', '270']
['788', '950', '780', '51', '709', '79', '532', '485', '755', '297', '874', '540', '797', '97', '853', '772', '860', '554', '491', '202', '5', '449']
['29', '982', '671', '210', '244', '3', '253', '692', '204', '923', '794', '326', '80', '949', '268', '505', '37', '282', '154', '694', '129', '233']
['506', '35', '120', '146', '690', '304', '376', '196']
['463', '289', '560', '641', '273', '773', '895', '224', '299', '515', '662', '661', '133', '684', '768', '288', '733', '162', '653', '249', '968', '28']
['42', '899', '893', '815', '580', '81', '786', '406', '668', '211', '330', '15', '842', '278', '140', '217', '731', '416', '533', '494', '872']
['4', '667', '650', '464', '625', '973', '509', '354', '497', '561', '814', '880', '724', '575', '157', '778', '184', '609', '474', '784', '397']
['586', '688', '171', '987', '593', '145', '986', '303', '897', '715', '187', '242', '44', '66', '827', '761', '689', '67', '216', '603', '78', '928']
['407', '152', '218', '907', '395', '582', '353', '476', '523', '687', '760', '232', '513', '141', '553', '59', '559', '753', '469', '412', '782']
['465', '635', '63', '33', '675', '744', '544', '275', '92', '545', '836', '707', '313', '837', '175', '363', '935', '902', '414', '156', '75']
['62', '630', '541', '749', '332', '518', '957', '88', '324', '922', '838', '990', '228', '83', '94', '619', '712', '112', '452', '655']
['901', '698', '587', '526', '886', '229', '30', '435', '859']
['556', '477', '947', '200', '977', '781', '194', '767', '549', '189', '502', '623', '337', '644', '913', '828', '527', '390', '388', '805', '310', '795']
['775', '592', '64', '507', '320', '802', '564', '740', '576', '0', '955', '539', '7', '8', '458', '743', '344', '262', '380', '188', '613', '931']
['493', '769', '636', '978', '70', '747', '159', '849', '309', '399', '256', '555', '46', '830', '642', '427', '943', '981', '878', '514']
['457', '852', '589', '616', '58', '104', '903', '143', '583', '932', '101', '49', '315', '361', '340', '742', '95', '823', '829', '41', '151']
['873', '448', '237', '535', '904', '697', '594', '281', '626', '91', '921', '789', '339', '889', '633', '99', '263', '511', '863', '440', '60', '173']
['845', '352', '401', '956', '924', '355', '801', '125', '359', '110', '55', '695', '991', '382', '280', '811', '864', '257', '169']
['648', '840', '347', '227', '38', '478', '598', '182', '936', '850', '577', '531', '48', '892', '34', '420', '569', '605', '787']
['334', '323', '219', '47', '571', '620', '785', '479', '161', '385', '728', '975', '132', '887', '346', '130', '995', '20', '451', '719', '423', '528']
['122', '683', '883', '10', '265', '453', '646', '131', '868', '942', '751', '456', '394', '917', '179', '702', '602', '628', '634', '685']
['213', '372', '591', '754', '163', '757', '979', '520', '445', '142', '614', '260', '611', '656', '944', '820', '617', '669', '891', '542', '890', '699']
['18', '732', '496', '183', '96', '442', '207', '670', '185', '673', '290']
['470', '565', '629', '615', '992', '191']
['934', '552', '640', '246', '822', '869', '21', '524', '447', '572', '865', '764', '19', '135', '739', '366', '693', '98', '861', '335']
['682', '109', '272', '954', '701', '654', '325', '86', '595', '762', '877']
