['851', '409', '104', '141', '866', '807', '817', '160', '90', '537', '945', '313', '16', '108', '298', '782', '328', '246', '755', '297', '636', '588', '319', '416', '63', '407', '2', '24', '688', '798', '158', '237', '581', '608', '55', '598', '192', '993', '812', '964', '106', '870', '921', '1', '211', '774', '268', '852', '257', '595', '984', '33', '386', '615', '255', '171', '151', '623', '399', '47', '180', '841', '617', '585', '450', '708', '629', '417', '326', '372', '302', '398', '81', '413', '464', '557', '36', '994', '538', '951']
['307', '768', '861', '941', '349', '846', '661', '280', '472', '631', '53', '446', '856', '756', '675', '283', '898', '570', '190', '50', '619', '664', '494', '411', '281', '423', '712', '10', '551', '214', '476', '626', '449', '659', '20', '873', '971', '323', '155', '968', '434', '49', '373', '954', '226', '973', '505', '232', '300', '405', '205', '901', '86', '301', '911', '140', '419', '797', '157', '721', '365', '876', '122', '274', '131', '980', '507', '376', '819', '704', '276', '552', '858', '282', '402', '972', '415', '714', '764', '166', '758', '361', '397', '801', '576', '716', '74', '546', '331', '456', '288', '88', '60', '752', '652', '65', '224', '890', '156', '461', '244', '242', '869', '35', '830', '230', '854', '221', '770', '401', '776', '530', '725', '853', '743', '112', '818', '414', '571', '511', '389', '170', '781', '737', '627', '908', '286', '970', '802', '29', '657', '648', '238', '293', '836', '385', '395', '22', '903', '109', '228', '829', '340', '811', '928', '175', '956', '893', '593', '186', '823', '969', '426', '550', '438', '182', '40', '266', '96', '543', '358', '995', '62', '287', '620', '289', '746', '216', '5', '525', '305', '772', '38', '606', '387', '938', '695', '635', '102', '278', '483', '643', '152', '868', '682', '121', '4', '491', '318', '204', '654', '267', '628', '891', '195', '198', '375', '285', '334', '295', '814', '516', '953', '421', '915', '767', '677', '392', '673', '611', '943', '34', '744', '881', '187', '201', '57', '441', '25', '519', '429', '566', '947', '329', '867', '432', '859', '698', '463', '61', '962', '229', '310', '103', '567', '17', '59', '539', '367', '671', '554', '689', '78', '252', '937', '959', '931', '173', '272', '668', '544', '662', '325', '950', '437', '979', '616', '600', '508', '362', '736', '503', '592', '497', '352', '930', '345', '541', '355', '967', '640', '742', '253', '83', '343', '369', '545', '209', '260', '831', '311', '149', '523', '169', '314', '164', '97', '843', '794', '899', '424', '683', '412', '458', '9', '471', '610', '787', '381', '324', '378', '139', '572', '420', '882', '840', '510', '912', '133', '501', '275', '775', '117', '655', '248', '749', '816', '720', '897', '315', '584', '404', '860', '231', '839', '14', '622', '3', '914', '107', '790', '568', '439', '709', '796', '489', '435', '87', '72', '393', '217', '723', '760', '37', '118', '422', '515', '799', '990', '346', '634', '380', '129', '366', '492', '535', '338', '251', '991', '56', '69', '526', '125', '101', '174', '208', '686', '299', '594', '586', '753', '215', '473', '23', '832', '353', '935', '726', '681', '569', '887', '332', '857', '235', '863', '147', '227', '95', '996', '738', '341', '203', '965', '514', '320', '536', '900', '889', '666', '308', '734', '347', '512', '691', '618', '542', '357', '805', '934', '729', '527', '939', '44', '452', '825', '916', '290', '162', '684', '918', '455', '165', '277', '754', '370', '824', '54', '847', '583', '977', '406', '561', '670', '751', '179', '354', '650', '433', '52', '665', '119', '28', '379', '656', '633', '337', '443', '589', '985', '132', '800', '384', '408', '73', '917', '765', '236', '981', '185', '804', '872', '502', '64', '51', '578', '520', '757', '707', '234', '12', '955', '815', '810', '850', '667', '871', '745', '312', '176', '207', '942', '265', '821', '540', '181', '517', '430', '548', '442', '975', '727', '309', '791', '222', '601', '779', '604', '644', '997', '436', '68', '197', '885', '451', '105', '978', '638', '26', '923', '191', '932', '91', '641', '685', '499', '146', '739', '880', '795']
['19', '701']
['163', '784']
['93']
['321']
['833']
['680']
['560']
['167']
['327']
['425']
['865', '521', '822', '333', '495', '254', '690', '75', '559', '15', '786', '292', '76', '735', '607', '440', '788', '356', '988', '400', '987', '120', '403', '710', '339', '0', '761', '925', '145', '496', '944', '196', '240', '632', '245', '322', '653', '905', '80', '724', '223', '444', '250', '490']
['563']
['927']
['976']
['702']
['624']
['374']
['603']
['256']
['625']
['42']
['58']
['582']
['219']
['371']
['762']
['883']
['687']
['532']
['477', '8']
['706', '77']
['699']
['877']
['676']
['70']
['261']
['963', '382']
['128']
['609', '646']
['468']
['428', '396']
['485']
['13']
['46']
['855']
['848']
['844']
['579']
['777']
['498', '713', '474']
['454']
['271', '364']
['719', '193']
['573']
['6']
['92', '306']
['469']
['368']
['212']
['484']
['936']
['479']
['243']
['783']
['218']
['639']
['249']
['457', '828']
['763']
['470']
['447', '239', '504']
['294']
['383']
['27']
['948']
['177']
['992']
['645']
['144', '82']
['67']
['949']
['587']
['467']
['348']
['741']
['178']
['335']
['71']
['835']
['895']
['263']
['448']
['116']
['189']
['547']
['718']
['462']
['48']
['826', '220']
['896']
['279']
['488']
['961']
['747']
['115']
['678']
['700']
['344']
['558']
['793']
['481']
['159', '202']
['697']
['528']
['674']
['363']
['168']
['660']
['845']
['780']
['172']
['513']
['114']
['466']
['241']
['486']
['562']
['291']
['188']
['924']
['651']
['506']
['549']
['565']
['630']
['555']
['575']
['806']
['150']
['740']
['522']
['296']
['778']
['127']
['18']
['259']
['808']
['862']
['143']
['500', '837']
['148']
['642']
['838']
['30']
['21']
['952']
['613']
['98']
['553']
['480']
['717', '529']
['913']
['692']
['730']
['974']
['809']
['342']
['465']
['892']
['605']
['733']
['875']
['247']
['41', '410']
['711']
['359']
['933']
['99']
['694']
['946']
['827']
['533', '649']
['270']
['360']
['904']
['884']
['879']
['672']
['614']
['94']
['909']
['534']
['100']
['834']
['418']
['350']
['154', '262']
['351']
['602']
['789']
['316']
['849']
['138']
['599']
['597']
['878']
['110']
['728']
['142']
['842']
['394']
['792']
['427']
['531']
['693']
['123']
['986']
['759']
['813']
['919']
['304']
['612']
['111']
['317']
['135']
['647']
['7']
['920']
['732']
['910']
['431']
['199']
['487']
['888']
['982']
['894']
['11']
['960']
['750']
['886']
['493']
['213', '926']
['459']
['137']
['89']
['596', '475']
['874']
['703']
['705']
['590']
['580']
['388']
['124']
['200']
['679']
['478']
['864']
['989', '785']
['79']
['32']
['130']
['906']
['771']
['966']
['84']
['524']
['210']
['663']
['803']
['303']
['330']
['983']
['766']
['183']
['669']
['577']
['769']
['715']
['940']
['509']
['957']
['85']
['43']
['556']
['773']
['45']
['658']
['264']
['336']
['621']
['194']
['66']
['722']
['184']
['482']
['391']
['113']
['453']
['269']
['153']
['460']
['820']
['136']
['958']
['225']
['696']
['161']
['258']
['31']
['134']
['206']
['574']
['377']
['233']
['591']
['902']
['445']
['731']
['637']
['922']
['518']
['390']
['907']
['126']
['273']
['284']
['929']
['39']
['748']
['564']
