['261', '344', '151', '431', '654', '67', '684', '808', '725', '511', '466', '19', '245', '802', '237', '206', '448', '39', '706', '934', '735', '126', '811', '580', '527', '277', '390', '424', '257']
['162', '394', '399', '291', '189', '142', '320', '153', '374', '297', '847', '928', '407', '673', '235', '956', '263', '474', '978', '517', '694', '628', '301', '266', '732', '549', '674', '566', '135']
['492', '46', '400', '169', '780', '671', '691', '31', '957', '703', '155', '50', '688', '783', '893', '236', '863', '36', '219', '529', '958', '364', '757', '723', '623', '756', '84', '627', '560']
['141', '221', '562', '47', '721', '479', '608', '428', '496', '714', '589', '495', '269', '753', '763', '647', '672', '456', '54', '175', '804', '643', '306', '129', '582', '234', '161', '174', '667']
['648', '150', '372', '12', '11', '704', '224', '699', '951', '48', '816', '760', '196', '253', '822', '926', '25', '719', '478', '594', '413', '568', '661', '395', '386', '889', '886', '231', '254']
['409', '659', '222', '486', '801', '729', '442', '178', '607', '470', '925', '379', '702', '77', '523', '212', '1', '967', '619', '138', '168', '124', '268', '669', '90', '405', '22', '88', '592']
['21', '839', '792', '242', '935', '351', '838', '902', '722', '136', '315', '626', '112', '572', '26', '662', '784', '745', '876', '528', '909']
['538', '794', '727', '795', '285', '365', '292', '51', '576', '965', '710', '59', '896', '892', '29', '820', '782', '873', '199', '585', '954', '444', '778', '300', '250', '666', '897', '232', '79']
['451', '588', '651', '432', '288', '167', '120', '194', '360', '543', '195', '579', '441', '471', '15', '558', '313', '716', '906', '128', '878', '103', '977', '215', '904', '132', '899', '578', '299']
['243', '227', '52', '587', '188', '357', '955', '274', '7', '92', '192', '325', '786', '832', '139', '605', '335', '410', '828', '915', '547', '610', '488', '117', '370', '164', '115', '803', '862']
['418', '420', '383', '249', '166', '736', '929', '454', '2', '747', '427', '294', '530', '181', '600', '130', '907', '118', '631', '276', '226', '453', '402', '818', '973', '634', '127', '337', '419']
['262', '304', '102', '322', '464', '429', '110', '251', '581', '95', '198', '513', '615', '61', '45', '596', '512', '298', '591', '389', '108', '921', '726', '10', '855', '355']
['210', '267', '553', '663', '959', '246', '931', '849', '833', '963', '962', '98', '573', '96', '834', '910', '805', '38', '789', '630', '966', '100', '184', '60', '583']
['728', '305', '74', '749', '480', '646', '755', '697', '836', '960', '223', '17', '972', '76', '748', '457', '111', '361', '901', '752', '773', '93', '347', '526', '827', '160', '720', '733', '923']
['498', '310', '230', '342', '779', '69', '821', '844', '302', '58', '183', '462', '270', '980', '220', '713', '843', '193', '645', '73', '635', '459', '214', '881', '640', '465', '880', '421', '280']
['483', '200', '91', '525', '447', '895', '781', '879', '746', '988', '348', '316', '860', '652', '53', '911', '312', '577', '63', '382', '190', '341', '554', '774', '601', '78', '932', '244', '295']
['35', '368', '380', '790', '884', '939', '700', '228', '817', '685', '296', '793', '515', '891', '109', '423', '953', '908', '556', '819', '708', '23', '68', '927', '905', '241', '328', '369']
['656', '326', '41', '775', '308', '366', '742', '8', '835', '524', '264', '213', '252', '985', '853', '693', '868', '49', '815', '122', '336', '275', '287', '65', '377', '683']
['942', '56', '398', '489', '620', '865', '272', '624', '311', '653', '482', '414', '692', '289', '319', '284', '681', '968', '707', '467', '18', '810', '290', '887', '331', '147', '741', '265', '477']
['724', '913', '521', '260', '283', '392', '104', '516', '800', '493', '563', '992', '565', '282', '914', '75', '969', '327', '508', '520', '404', '485', '974', '180', '403', '202', '303', '332', '679']
['159', '867', '831', '586', '238', '639', '917', '458', '286', '603', '796', '6', '504', '559', '57', '598', '20', '644', '548', '609', '271', '535', '385', '70', '505', '738', '618', '40', '510']
['982', '435', '613', '152', '764', '346', '854', '218', '217', '449', '675', '531', '216', '179', '362', '689', '89', '617', '532', '329', '171', '154', '509', '324', '740', '754', '534']
['570', '463', '437', '94', '797', '158', '338', '590', '490', '809', '349', '936', '134', '278', '123', '352', '71', '388', '593', '148', '314', '343', '621', '0', '434', '143', '279', '506']
['845', '163', '861', '381', '744', '146', '373', '293', '114', '989', '758', '186', '145', '450', '676', '812', '622', '85', '55', '971', '772', '709', '406', '970', '417', '650', '33', '890', '14']
['824', '443', '461', '712', '730', '664', '356', '32', '203', '149', '837', '715', '660', '34', '677', '798', '540', '604', '323', '72', '378', '140', '408', '455', '770', '433', '943', '705', '27']
['687', '43', '387', '340', '42', '983', '173', '680', '633', '233', '678', '829', '87', '814', '101', '339', '121', '82', '318', '185', '658', '636', '37', '359', '239', '536', '209', '80']
['401', '247', '941', '393', '176', '452', '172', '874', '487', '767', '544', '83', '396', '273', '28', '376', '204', '416', '952', '825', '649', '157', '949', '187', '574', '668', '97', '850', '476']
['848', '637', '107', '858', '345', '717', '919', '771', '497', '984', '133', '191', '665', '353', '695', '350', '358', '841', '552', '363', '144', '499', '545', '900', '182', '333', '24', '945', '430']
['66', '912', '375', '690', '473', '119', '225', '569', '766', '86', '156', '641', '864', '571', '602', '696', '584', '933', '629', '307', '491', '872', '866', '550', '938', '937', '229', '564']
['940']
['468', '259', '948', '439', '877', '330', '776', '208', '460', '533', '846', '256', '170', '599', '903', '718', '397', '258', '751', '950', '131', '501', '606', '4', '99', '830', '518', '888', '611']
['371', '438', '354', '557', '64', '638', '924', '105', '625', '539', '561', '857', '739', '883', '281', '612', '541', '975', '768', '321', '5']
['616', '137', '415', '916', '737', '445', '542', '885', '981']
['769', '502', '869', '961', '567', '391', '686', '856', '475', '875', '426', '469', '240', '125', '537', '922', '446', '309', '411', '44', '920', '436', '898', '806', '177', '484', '894', '165', '472']
['871', '788', '3', '642', '551', '546', '255', '503', '9', '367', '859', '575', '979', '440', '987', '944', '870', '964', '698', '799', '500', '422', '201', '211', '882', '519', '597', '384', '670']
['30']
['743', '918', '514', '813', '106', '412', '976', '761', '13', '481', '785']
['851', '731', '711', '807', '317', '632', '826', '205', '791', '614', '946', '787']
['947']
['507']
['990']
['207']
['823']
['930', '986', '16', '334', '595', '759', '116', '682', '81', '657', '113', '494', '852', '522', '991', '197', '248', '750', '777', '840', '555', '701', '655', '62', '842', '762', '734', '425', '765']
