['458', '42', '277', '492', '406', '586', '200', '530', '502', '398', '270', '9', '133', '7', '257', '405', '245', '103', '519', '289', '91', '581', '307', '152', '233', '461', '362', '442', '481', '465', '305', '291', '487', '386', '14', '454', '265', '547', '336', '127', '572', '264', '84', '382', '473', '284', '559', '81', '169', '523', '68', '436', '479', '110', '556', '267', '501', '455', '73', '285', '23', '485', '34', '544', '71', '86', '218', '576', '364', '102', '579', '57', '329', '463', '83', '87', '460', '89', '56', '403', '184', '88', '107', '562', '430', '263', '52', '389', '156', '332', '131', '472', '178', '98', '368', '94', '326', '225', '392', '174']
['511', '105', '546', '33', '290', '217', '90', '44', '440', '301', '117', '474', '4', '268', '29', '438', '466', '444', '161', '509', '379', '396', '11', '529', '429', '452', '471', '588', '551', '72', '420', '155', '334', '359', '190', '543', '597', '221', '372', '573', '298', '180', '36', '470', '21', '319', '202', '599', '67', '374', '199', '580', '515', '369', '558', '113', '486', '339', '401', '395', '205', '427', '457', '230', '28', '195', '13', '520', '496', '147', '24', '426', '271', '596', '434', '480', '2', '145', '534', '193', '274', '341', '251', '293', '377', '350', '275', '41', '278', '20', '387', '122', '120', '112', '109', '526', '589', '554', '500']
['115', '325', '114', '40', '279', '50', '343', '196', '349', '346', '503', '557', '355', '462', '165', '237', '138', '342', '447', '292', '567', '295', '58', '288', '126', '240', '324', '236', '582', '130', '574', '443', '294', '224', '393', '85', '64', '411', '280', '560', '593', '348', '453', '140', '135', '132', '483', '391', '12', '521', '316', '555', '162', '311', '475', '528', '507', '419', '505', '177', '439', '371', '504', '222', '96', '541', '128', '532', '304', '229', '524', '446', '408', '209', '99', '286', '564', '383', '244', '418', '30', '433', '540', '210', '17', '46', '464', '506', '310', '491', '146', '553', '168', '8', '361', '468', '214', '167', '330', '416']
['592']
['323']
['216']
['536']
['337']
['159']
['367', '477', '340', '303', '302', '248', '552', '106', '95', '548', '25', '48', '232', '37', '435', '478', '262', '39', '287', '549', '31', '306', '282', '390', '513', '571', '226', '365', '352', '192', '35', '598', '449', '136', '124', '129', '456', '181', '370', '238', '249', '3', '276', '281', '60', '583', '203', '134', '517', '489', '141', '139', '261', '575', '207', '490', '497', '148', '512', '116', '508', '308', '92', '43', '149', '219', '27', '100', '450', '153', '182', '568', '243', '296', '394', '432', '591', '118', '402', '535', '55', '469', '194', '409', '206', '345', '510', '255', '53', '312', '360', '366', '151', '66', '375', '584', '357', '338', '300', '101']
['273']
['82']
['404']
['242']
['77']
['38']
['437']
['378']
['587']
['26']
['59']
['76']
['498']
['211']
['69']
['399']
['150']
['22']
['299']
['531']
['78']
['241']
['448', '358', '63']
['231']
['327']
['320']
['331']
['561']
['6']
['0']
['144']
['143']
['309']
['542']
['32']
['385']
['388']
['539']
['10']
['227']
['160']
['179']
['166']
['235']
['441']
['595']
['317']
['260']
['363']
['74']
['208']
['75']
['51']
['413']
['335']
['410']
['104']
['412']
['563']
['111']
['171']
['252']
['228']
['204']
['421']
['314']
['380']
['223']
['201']
['431']
['585']
['488']
['476']
['170']
['119']
['538']
['516']
['142']
['467']
['451']
['253']
['65']
['256']
['254']
['175']
['157']
['417']
['347']
['423']
['424']
['246']
['1']
['173']
['321']
['297']
['18']
['266']
['47']
['220']
['322']
['353']
['272']
['415']
['61']
['328']
['425']
['525']
['188']
['189']
['344']
['93']
['315']
['269']
['333']
['198']
['422']
['550']
['283']
['45']
['566']
['5']
['259']
['376']
['397']
['578']
['187']
['354']
['445']
['15']
['186']
['19']
['351']
['577']
['494']
['533']
['185']
['356']
['258']
['407']
['518']
['234']
['570']
['384']
['400']
['428']
['537']
['158']
['482']
['164', '414', '137', '163']
['154']
['514']
['459']
['250']
['54']
['121']
['183']
['197']
['108']
['545']
['499']
['495']
['522']
['176']
['373']
['70']
['123']
['215']
['527']
['313']
['381']
['125']
['191']
['97']
['247']
['212']
['484']
['565']
['213']
['594']
['493']
['318']
['79']
['172']
['62']
['16']
['80']
['239']
['49']
['569']
['590']
