['138', '709', '747', '221', '582', '701', '218', '255', '725', '157', '196', '899', '735', '663', '170', '875']
['11', '810', '85', '983', '96', '533', '292', '790', '733', '823', '420', '834', '115', '698', '75', '921', '558', '820', '552']
['641', '28', '127', '619', '217', '974', '913', '676', '274', '405', '207', '851', '287', '488', '780', '315', '636', '743', '997']
['626', '216', '393', '711', '855', '423', '656', '612', '57']
['406', '444', '904', '713', '858', '640', '180', '13', '601', '938', '524', '598', '868', '572', '132', '971', '206', '130', '238', '202']
['607']
['717', '283', '478', '949', '841', '989', '347', '975', '592', '163']
['281', '542', '82', '873', '986', '320', '924', '396', '593', '611']
['587', '739', '90', '609', '948', '839', '479', '638', '881', '429', '64']
['25', '362', '477', '489', '865', '208', '771', '418', '91', '545', '354', '45', '695', '722']
['621', '956', '298', '842', '154']
['867']
['786', '668', '118', '101', '318', '368', '12', '537', '882', '436', '729', '2', '177', '960']
['718', '832', '575', '310', '66', '840', '389', '838', '296']
['800', '821', '681', '133', '301']
['686']
['456', '919', '655', '525', '112', '187', '254', '330']
['144']
['135', '251', '290', '726', '189', '338', '371', '570', '449', '475', '833', '145', '457', '920', '952', '472', '792']
['580', '3', '826', '23', '411']
['373']
['775', '730', '958', '370', '128', '237', '992', '943', '121', '506', '615', '87', '116', '562', '471']
['36']
['381', '968', '517', '814', '988', '150', '937', '395', '134', '375', '67', '926', '319', '514', '111', '446', '503', '947', '34', '81']
['857', '703', '149', '262', '869']
['158', '340', '74', '383', '673', '377', '299', '942', '52', '84', '280', '763', '529', '209', '765', '957', '257']
['571', '335', '341', '165', '16', '421', '169', '193', '662', '93', '878', '199', '398', '56', '264', '699']
['794', '813', '345', '978', '171', '185', '803', '782', '521', '376', '453', '236', '772']
['228', '856', '266', '804', '136', '331', '631', '829', '328', '484', '289', '589', '643', '490', '965', '252', '837', '990', '941']
['614', '783', '538', '870', '129', '620', '243']
['637', '176', '624', '928']
['934']
['959', '568', '427', '573', '852']
['850']
['219']
['769', '317', '932', '890', '214', '487', '450', '151', '861', '212', '30', '309', '460', '103', '492']
['734', '286', '650', '210', '379', '944', '268', '239', '233', '92', '104', '241', '463', '234', '119', '97', '7', '435', '586']
['628', '885', '391']
['605', '329', '498', '466']
['493']
['602', '925', '911', '581', '78', '360', '249', '554', '696', '600', '26', '566', '682', '59', '687', '46', '915', '50']
['658', '591', '139', '846', '452']
['654', '223', '964', '467', '561', '200', '768', '830', '500', '930', '526', '359']
['63', '895', '220', '261', '991', '473', '933', '18', '677', '939', '706', '404']
['282', '675', '303', '664', '504', '796']
['737', '532', '22', '363', '68', '501', '844']
['39', '372', '5', '188', '342', '712', '459', '88', '302', '148', '583', '367']
['271', '246', '152', '922', '967', '744', '559', '827', '862', '114', '294', '766', '909', '27', '809']
['445', '755']
['523', '485', '438', '245', '321', '33', '416', '970', '424', '422', '822']
['603', '551', '137', '0']
['260']
['69']
['263', '888', '808', '270', '227', '795', '853']
['357', '102', '15', '410', '721', '179', '697', '617', '19', '49', '649', '877']
['105']
['178', '131', '955', '394', '927', '332', '896', '441', '29', '194', '98', '156', '269', '326', '980', '742']
['160']
['731', '670', '41', '397', '344']
['288', '382', '608', '584', '305', '901', '361', '995', '126', '439', '113', '431', '627', '277', '793', '182', '916', '936', '741', '889']
['222', '767', '672', '549', '407', '807', '140', '597', '972', '996', '71', '122', '684', '204', '40', '146', '923']
['6', '402']
['520', '256', '83', '749', '633', '31', '828']
['776']
['590']
['166', '413', '195', '455', '213', '912', '4', '661', '665', '141', '412', '512', '622', '403', '300', '816']
['754']
['513', '415', '352', '674', '211', '380', '660', '48', '276', '891', '190', '267', '616', '540']
['142', '784']
['642', '197']
['872']
['836']
['175', '409', '946', '21', '588', '659']
['993']
['47']
['333']
['535']
['468', '355', '906', '764', '51', '297', '710', '356', '871']
['316', '109', '720']
['8']
['110', '108', '54', '369', '910', '594']
['44', '897', '671', '727', '595', '349', '77', '702', '24']
['400']
['125']
['966']
['353', '950', '954', '770']
['667', '785', '76', '683', '789', '630']
['390']
['364']
['748', '224', '312', '690', '508', '680', '232', '908', '215', '516', '366', '788', '53', '536', '685', '80', '819', '879', '433']
['774', '518', '929', '864', '886', '496', '351', '876', '336', '499']
['550', '863', '507', '172', '556', '186', '72', '494', '753']
['894', '824']
['339']
['817', '903']
['183', '728']
['9']
['811']
['940', '694', '285', '311', '153', '646', '760']
['907']
['327', '143']
['618', '534', '847', '787', '818']
['651']
['483', '313', '893', '585', '272', '859', '94']
['278']
['447', '348', '644', '505', '480']
['962']
['464', '117']
['657']
['173', '917', '979', '259', '343', '866', '801', '205', '247', '324']
['874']
['567', '732']
['984', '295', '419', '235']
['314']
['625', '346', '225', '167', '799']
['17', '752', '192']
['168']
['648']
['417', '61']
['931', '798', '553', '854', '998', '779']
['201']
['746']
['465']
['564', '198', '95', '569', '509', '705', '724', '843', '887', '437', '884', '454', '777', '849']
['226', '945']
['414']
['408']
['10', '693']
['161']
['147', '392', '757', '231', '905', '265', '510', '442', '515', '43', '692']
['120', '458', '20', '900']
['623']
['451']
['761', '388', '100']
['401']
['700', '284', '604']
['469', '613', '653', '522']
['756']
['969', '883', '723', '430', '384', '691', '203', '486', '797', '751', '244', '632', '806', '55', '563']
['935']
['547', '123', '273']
['902']
['434', '527', '242', '845', '898', '610', '577', '714', '293', '560', '387', '481', '86']
['791']
['599', '65', '645', '985', '715', '596', '248', '432', '62', '953', '337']
['279']
['462', '399', '750', '365', '982', '426']
['476', '805', '386', '987', '519', '815', '762', '89', '736', '773', '358', '745']
['79']
['181']
['666']
['291']
['548']
['482']
['860']
['541']
['647']
['322']
['42']
['994']
['32']
['162']
['308']
['951', '155', '530', '124']
['669']
['495']
['848']
['689']
['981']
['679', '1', '250', '491', '716', '73', '14']
['350', '58', '918', '738', '880', '576', '70', '812']
['385']
['557']
['688', '240', '802']
['35', '191', '565', '184', '229', '579']
['497']
['555']
['635']
['543']
['606', '325', '107', '963', '164', '977', '106', '758']
['740', '428', '639', '914']
['174', '37', '825', '511', '999']
['652']
['831']
['704']
['258']
['629', '461']
['474', '778', '378', '781', '60', '634']
['892', '707', '159', '961', '835', '443', '334', '528', '574', '304', '578']
['719']
['502', '440']
['275']
['708']
['678', '99', '544']
['323']
['253', '448', '306']
['38', '973']
['976', '759', '230', '307']
['539', '531', '546', '425']
['374', '470']
