['175', '290', '560', '270', '281', '252', '250', '498', '262', '203', '158', '36', '139', '331', '181', '39', '567', '92', '390', '29', '245', '73', '388', '401', '7', '595', '319', '125', '439', '66']
['362', '412', '308', '548', '30', '109', '466', '503', '394', '549', '321', '119', '418', '441', '14', '241', '247', '406', '517', '345', '395', '285', '185', '314', '251', '19', '98', '186', '178', '572']
['359', '222', '235', '392', '161', '176', '21', '499', '516', '420', '302', '593', '90', '409', '145', '488', '64', '546', '4', '450', '307', '305', '367', '62', '539', '476', '299', '208', '379', '569']
['529', '103', '239', '346', '230', '551', '132', '167', '258', '431', '541', '378', '25', '524', '24', '35', '422', '142', '34', '205', '3', '15', '417', '350', '590', '182', '453', '200', '194', '480']
['294', '61', '112', '135', '154', '60', '586', '59', '227', '257', '20', '17', '99', '47', '471', '463', '224', '291', '494', '447', '303', '8', '169', '484', '489', '197']
['389', '128', '226', '501', '220', '376', '526', '446', '523', '405', '75', '354', '408', '426', '542', '9', '289', '531', '357', '544', '159', '510', '525', '515', '375', '150', '138', '355', '206']
['520', '111', '146', '117', '129', '421', '233', '366', '1', '568', '63', '467', '255', '512', '295', '495', '273', '207', '101', '493', '545', '57', '23', '134', '468', '479', '261', '481', '341', '53']
['353', '513', '411', '320', '310', '187', '356', '286', '192', '380', '33', '315', '54', '201', '67', '160', '327', '486', '179', '323', '316', '249', '210', '582', '577', '198', '384', '297', '202', '70']
['107', '386', '225', '340', '487', '454', '214', '95', '470', '56', '566', '37', '122', '213', '78', '72', '267', '469', '518', '427', '116', '149', '578', '74', '115', '504', '130', '293', '296', '591']
['183', '452', '333', '105', '6', '157', '242', '588', '126', '581', '561', '351', '332', '275', '373', '309', '575', '554', '580', '502', '199', '76', '326', '344', '383', '442', '44', '31', '360']
['462', '475', '477', '335', '585', '557', '46', '328', '42', '589', '136', '387', '266', '445', '180', '27', '339', '403', '143', '371', '164', '195', '77', '280', '547', '55', '248', '88']
['555', '535', '407', '16', '113', '79', '271', '382', '491', '457', '374', '2', '550', '231', '218', '358', '84']
['318', '543', '538', '89', '490', '428', '461', '221', '236', '337', '460', '456', '48', '527', '91', '459', '26', '144', '155', '260', '94', '86', '65', '478', '279', '528', '215', '127']
['162', '324', '423', '274', '268', '174', '325', '100', '519', '313', '338', '451', '229', '256', '43', '204', '153', '120', '455', '40', '533', '246', '32', '277']
['437', '482', '106', '83', '574', '483', '211', '562', '96', '170', '171', '131', '507', '413', '287', '12', '49', '472', '416', '284', '414']
['400', '336', '93', '579', '391', '141', '522', '228', '448', '365', '415', '505', '80', '396', '168', '212', '433', '474', '534', '537', '104', '334', '123', '114', '234', '410']
['465', '349', '69', '348', '276', '41', '102', '196', '597', '563', '397', '404', '38', '342', '165', '58', '393', '259', '497', '193', '292', '540', '243']
['82', '485', '45', '444', '521', '156', '564', '381', '352', '301', '443', '330', '398', '599', '369', '424', '363', '244', '217', '152', '438', '496', '263', '587', '13']
['10', '264', '584', '85', '436', '306', '473', '594', '552', '151', '18', '492', '283', '240', '110', '147', '87', '592', '137', '583', '300', '458', '372', '368', '432']
['81', '508', '511', '558', '282', '254', '28', '343', '559', '556', '573', '576', '188', '536', '0', '464']
['361', '598', '51']
['377', '506', '312', '237', '265', '50', '364', '190', '269', '509', '166', '514', '553', '219', '52', '108', '238', '532', '124', '253', '429', '322', '11', '419', '530']
['329', '177', '317', '435', '68', '133', '430', '189', '298', '596', '163', '191', '399', '311', '209', '232', '565', '370', '184', '440', '223', '385', '570', '304', '148', '216', '172']
['140', '272', '347', '71', '118', '22', '402', '5', '434']
['173', '449', '288', '571', '97', '425', '278', '500', '121']
