['976', '619', '657', '98', '237', '92', '149', '209', '656', '180', '169', '362', '695', '95', '921', '284', '383', '485']
['598', '349', '922', '138', '39', '18', '87', '682', '303', '426', '140', '950', '715', '359', '855', '756', '489', '84']
['886', '398', '847', '562', '346', '444', '676', '810', '283', '154', '107', '171', '719', '331', '634', '947', '182', '269']
['262', '76', '738', '254', '897', '612', '411', '575', '174', '943', '310', '662', '440', '319', '377', '153', '146', '51']
['177', '52', '966', '136', '903', '428', '838', '578', '908', '129', '677', '151', '290', '179', '898', '998', '340', '746']
['66', '974', '270', '962', '831', '790', '975', '973', '442', '474', '565', '964', '524', '521', '823', '846', '437', '142']
['195', '408', '939', '625', '982', '991', '927', '406', '854', '809', '653', '57', '232', '16', '712', '851', '481', '421']
['459', '958', '135', '233', '652', '164', '369', '25', '979', '561', '705', '127', '643', '471', '282', '34', '804', '10']
['852', '376', '453', '203', '647', '685', '828', '439', '204', '449', '591', '522', '178', '170', '210', '985', '513', '754']
['274', '728', '326', '289', '760', '251', '627', '558', '512', '224', '518', '385', '454', '2', '79', '924', '645', '569']
['687', '706', '293', '220', '791', '883', '544', '872', '678', '427', '887', '945', '239', '818', '216', '935', '70', '721']
['456', '710', '223', '65', '336', '730', '821', '198', '378', '779', '234', '844', '235', '572', '335', '48', '769', '3']
['936', '874', '963', '7', '581', '185', '116', '425', '642', '360', '328', '217', '306', '969', '434', '347', '350', '357']
['617', '196', '35', '670', '875', '205', '483', '988', '384', '523', '759', '28', '450', '807', '601', '901', '173', '734']
['515', '607', '866', '432', '876', '727', '345', '592', '387', '37', '334', '221', '414', '292', '36', '857', '691', '520']
['423', '409', '248', '161', '608', '995', '312', '559', '90', '361', '390', '666', '206', '593', '493', '494', '665', '265']
['672', '805', '768', '468', '914', '58', '285', '324', '566', '160', '255', '365', '49', '917', '704', '228', '892', '370']
['8', '600', '498', '320', '511', '392', '433', '247', '905', '893', '573', '222', '531', '374', '272', '986', '856', '396']
['560', '253', '266', '38', '646', '267', '597', '551', '295', '736', '448', '596', '110', '777', '606', '920', '422', '288']
['784', '952', '891', '971', '280', '959', '131', '124', '167', '696', '826', '661', '130', '944', '355', '822', '117', '539']
['145', '644', '5', '618', '675', '994', '585', '109', '23', '933', '14', '829', '525', '776', '75', '680', '72', '412']
['47', '514', '332', '125', '740', '354', '188', '0', '528', '567', '64', '225', '106', '972', '904', '613', '89', '554']
['21', '380', '869', '574', '158', '610', '342', '337', '24', '860', '674', '529', '367', '71', '684', '815', '102', '669']
['739', '435', '351', '731', '722', '594', '840', '542', '835', '589', '261', '33', '714', '338', '81', '764', '113', '778']
['341', '172', '641', '755', '82', '397', '492', '794', '168', '780', '774', '166', '416', '200', '211', '175', '510', '538']
['276', '692', '62', '256', '630', '458', '789', '590', '27', '238', '353', '667', '885', '302', '30', '100', '842', '245']
['889', '967', '580', '358', '9', '639', '111', '863', '787', '488', '108', '366', '537', '689', '304', '214', '479', '771']
['599']
['405', '219', '633', '227', '732', '910', '240', '476', '41', '99', '93', '473', '725', '636', '707', '742', '951', '997']
['508', '752', '557', '11', '141', '236', '491', '67', '159', '961', '112', '118', '226', '741', '500', '527', '834', '775']
['655', '536', '230', '42', '909', '20', '929', '726', '701', '637', '729', '616', '814', '105', '716', '356', '12', '833']
['937', '321', '152', '410', '673', '862', '737', '69', '530', '552', '541', '602', '382', '930', '724']
['693', '486', '218', '504', '372', '301', '501', '415', '928', '323', '391', '720', '938', '550', '194', '703']
['475', '157', '201', '484', '579', '344', '709', '970', '582', '443', '379', '983', '526', '624', '912', '63', '447', '786']
['595', '407', '850', '827', '949', '996', '249', '115', '635', '757', '957', '984', '26', '294', '611', '429', '307', '864']
['577', '333', '895']
['884', '694', '767', '980', '605', '451', '882', '277', '977', '32', '830', '208', '965', '556', '250', '499', '120', '44']
['19', '300', '989', '386', '576', '477', '466', '615', '1', '80', '981', '150', '509', '389', '770', '549', '534', '155']
['663', '308', '999', '795', '482', '853', '992', '420', '668', '318', '503', '968', '690', '40', '799', '785', '315']
['363', '568', '207', '899', '570', '868', '143', '496', '139', '638', '956', '244', '839', '700', '622', '436', '339', '279']
['753', '626', '788', '417', '400', '879', '463', '817', '197', '431', '751', '660', '532', '654', '744', '144', '640', '78']
['571', '54', '583', '419', '263', '808', '60', '297', '761', '88', '402', '683', '861', '623', '213', '798', '305', '502']
['252', '749', '873', '679', '121', '848', '946', '470', '900', '547', '123', '441', '881', '902', '457', '806', '820', '540']
['990', '487', '825', '133', '15', '45', '96', '68', '919', '783', '103', '373', '978', '29', '632', '702', '271', '445']
['708', '782', '772', '212', '745', '941', '460', '911', '717', '699', '4', '533', '546', '894', '870', '495', '813', '931']
['711', '793', '348', '327', '418', '743', '631', '190', '299', '126', '564', '287', '94', '148', '176', '311', '264', '393']
['259', '73', '548', '438', '313', '698', '147', '193']
['758']
['156', '609', '620', '424', '954', '74', '878', '260', '403', '50', '718', '800', '55', '907', '545', '56', '915', '83']
['811']
['801', '275', '837', '242', '497', '896', '812', '388', '773', '926', '934', '659', '13', '181', '796', '309', '286', '723']
['215']
['858']
['563', '469', '137', '960', '955', '114', '134', '747', '461', '343', '816', '877', '399', '519', '832', '584', '733', '371']
['867', '472', '865', '543', '91', '604', '165', '940', '890', '296', '77', '163', '85', '648', '781', '465', '122', '713']
['480']
['192']
['686', '735', '650', '186', '628', '462', '46', '803', '688', '586', '191', '97', '925', '762', '401', '932', '467', '86']
['104']
['368']
['843']
['588']
['61', '243', '658', '916', '258', '452', '614', '317', '765', '913', '22', '953', '888', '229', '802', '649', '325', '430']
['314']
['797']
['651']
['375']
['273', '43', '128', '506', '535', '184', '187', '281', '101', '291', '871', '505', '621', '918', '330', '364', '455', '31']
['268']
['587']
['202']
['824']
['394', '322', '132', '629', '671', '298', '241', '381', '6', '231', '404', '906', '246', '517', '859', '278', '17', '507']
['162']
['59']
['942']
['841']
['993']
['849']
['748']
['880']
['316']
['553']
['478']
['923']
['697']
['948']
['987']
['845']
['681']
['446']
['603']
['329']
['413']
['183']
['766']
['664']
['119', '395', '352', '555', '257', '464', '199', '189', '836', '792', '490', '750', '763', '516', '53', '819']
