['432', '417', '70', '378', '5', '59']
['312', '95', '57', '98', '319', '454']
['31', '111', '69', '79', '468', '361']
['386', '349', '2', '419', '336', '374']
['60', '139', '41', '498', '486', '497']
['196', '397', '155', '484', '212', '224']
['19', '148', '463', '389', '24', '277']
['470', '307', '11', '27', '204', '32']
['289', '71', '169', '149', '227']
['171', '187', '75', '290', '294']
['132', '18', '237', '311', '268']
['46', '91', '314', '437', '428']
['377', '301', '355', '494', '449', '110']
['344', '476', '89', '202']
['62', '100', '275', '162', '88', '113']
['14', '134', '219', '240', '469', '324']
['266', '412', '160', '490', '392', '105']
['114', '337', '299', '211', '300']
['120', '131', '164', '329', '136', '499']
['267', '189', '351', '174', '492']
['483', '39', '123', '235']
['458', '440', '231', '218']
['446', '214', '363', '92', '354', '244']
['297', '16', '493', '197', '117', '424']
['291', '245', '94', '206', '72', '259']
['387', '101', '104', '192', '488', '256']
['257', '10', '340', '415', '472']
['77', '161', '216']
['481', '209', '43', '34', '443', '444']
['53', '439']
['482', '177', '460', '375', '276', '382']
['448', '118', '278', '370', '121', '407']
['425', '168', '281', '270', '342', '327']
['221', '359', '143', '86', '475', '269']
['193', '163', '339', '356', '353', '254']
['195', '394', '3', '416', '248']
['362', '93', '223', '335', '369']
['452', '411', '145', '176', '107', '366']
['115', '438', '322', '487', '13']
['99', '242', '371', '280']
['228', '29', '442', '213', '48', '461']
['365', '66', '146', '368', '20', '167']
['433', '495', '330', '431']
['233', '241', '451', '421', '310', '253']
['170', '103', '261', '474', '332', '49']
['17', '459', '258', '396', '405', '434']
['264', '234', '154', '147', '273', '124']
['380', '408', '288', '379', '457', '200']
['144', '184', '422', '282']
['436', '165', '178', '305', '201', '272']
['381', '217', '205', '376', '284', '74']
['210', '108', '383', '54', '466', '47']
['302', '347', '384', '357', '133', '279']
['44', '194', '303', '208', '67']
['326', '430', '246', '409', '293', '180']
['51', '413', '15', '423', '157', '50']
['346', '456', '33', '265', '352']
['152', '198', '199', '36', '119', '393']
['441', '222', '285', '489', '166', '249']
['399', '52', '243', '183', '367', '295']
['391', '190', '7', '151', '323', '45']
['73', '21', '226', '471']
['81', '464', '239', '403', '102', '26']
['455', '232', '8', '328', '426', '286']
['87', '491', '485', '255', '0']
['480', '316', '158', '55', '215']
['84', '116', '56', '465']
['252', '78', '182']
['345', '150', '138', '260', '406', '306']
['126', '263', '230']
['129', '191', '334', '127', '6', '274']
['321', '12', '320', '61']
['35', '186']
['296', '496', '435', '410', '125', '142']
['478', '141', '37', '388', '317', '64']
['309', '1', '106', '304', '156']
['85', '173', '122', '175', '109', '373']
['348', '238', '477', '250']
['63', '360', '112', '283', '22', '331']
['414', '400', '427', '40', '140', '97']
['179', '395', '401', '80']
['30', '313', '402', '372', '453', '229']
['343', '462', '130', '298', '318', '467']
['445', '76', '364', '325', '450', '308']
['188']
['350']
['58', '358', '271', '185', '172', '28']
['479', '247']
['404', '23', '262', '236']
['25']
['225', '90', '203', '333']
['220', '38', '207']
['96', '315', '292', '68']
['420', '341']
['137', '418', '159', '398', '447', '429']
['83', '338']
['251', '82', '181', '42']
['4', '65', '128']
['390']
['473', '287', '385', '9', '153', '135']
