['691', '658']
['566', '120', '506', '302', '705', '253', '370']
['98', '500', '733', '721', '231']
['84', '173', '90', '211', '636']
['754', '613', '266', '579']
['239', '317', '322', '219', '456', '460']
['734', '640', '226']
['432', '416', '269', '738', '650', '367', '225']
['393', '664', '438']
['136', '568', '15', '344', '788', '741', '242']
['125', '35', '708', '177', '755']
['111', '720', '565', '646', '97', '118', '86']
['575', '250', '272', '46', '717', '75']
['697', '789', '138', '286', '400', '470', '399']
['630', '597', '546', '528', '167', '347']
['119', '330', '184', '114', '228', '338', '83']
['670', '383', '779', '179', '197', '297']
['59', '60', '335', '529', '117', '106']
['726', '207', '488', '790', '55']
['337', '781', '307', '151', '24', '247']
['325', '473', '543', '715']
['122', '189', '299', '422', '731', '667', '144']
['699']
['656', '174', '483', '669', '430', '363']
['362']
['377', '342', '137', '599', '206', '262']
['496']
['205', '446', '142', '660', '69', '628', '303']
['326']
['331', '455', '494', '632', '53', '462', '749']
['476']
['150', '74', '96', '116', '594']
['319', '663', '193', '765', '535', '759', '633']
['729', '135', '542', '252', '391', '20', '429']
['265', '465', '278']
['654', '605', '622']
['218']
['730', '445', '78', '18', '130', '420']
['475']
['510', '311', '714', '294', '666', '70']
['686']
['644', '358', '756', '698', '459', '735']
['458']
['259', '54', '684', '649', '441', '214', '40']
['484']
['596', '312', '556', '77', '375', '129', '707']
['791']
['26', '437', '444', '772', '780', '727', '588']
['148']
['17', '57', '19', '63', '774', '315']
['95']
['334', '554', '143', '709', '101', '659']
['201', '100', '421', '160', '424']
['758', '276', '625', '682', '524', '794', '558']
['27']
['374', '571', '368', '163']
['578']
['795', '217', '79', '778', '42', '389']
['44']
['212', '403', '509', '397', '41', '757', '501']
['498', '449', '549', '592']
['676', '158', '607', '5', '285', '631', '514']
['156', '492', '183', '638', '544']
['573', '21', '489', '43', '154', '324', '742']
['320']
['8', '503', '629', '390', '263', '280']
['581']
['787', '586', '604', '7', '540', '722']
['191']
['427', '38', '642', '146', '185', '576']
['4']
['91', '369', '504', '279', '234', '770', '748']
['477']
['497', '443', '531', '783', '515', '62', '180']
['327']
['764', '13', '410', '739', '530', '423', '406']
['474']
['72', '614', '419', '113', '482', '569', '481']
['589']
['461', '355', '45', '695', '131', '161', '611']
['175']
['321', '746', '268', '677', '195', '782', '601']
['304']
['522', '149', '689', '281', '412', '49']
['539']
['776', '51', '433', '33', '199', '395', '92']
['493']
['22', '162', '155']
['65', '308', '567', '428']
['202', '329', '48', '386', '551', '0']
['229']
['121', '243', '490', '710', '140', '706']
['227']
['182', '208', '617', '762', '580', '102', '210']
['793']
['425', '671', '359', '525', '39', '450', '176']
['414']
['590', '261', '728', '743', '652', '767']
['73']
['190', '382', '396', '495']
['753']
['52', '608', '152', '798', '198', '548', '545']
['559']
['618', '246', '107', '466', '373', '82', '115']
['203']
['192', '244', '585']
['67']
['237', '439', '376', '316', '200', '233']
['196']
['318', '702', '609', '777']
['502', '32', '349', '157']
['333', '385', '254', '479', '352', '620', '256']
['516']
['350', '679', '398', '364']
['560', '499', '345', '29']
['178', '582', '587', '1']
['47']
['487', '784', '300']
['463', '215', '744', '584', '402']
['133', '336', '354', '293', '574']
['532']
['64', '23', '593', '132', '769', '637']
['600']
['641', '457', '166', '168', '452']
['238']
['405', '674', '712', '665', '56', '675', '387']
['108']
['25', '85', '245', '442', '105', '404']
['453']
['716', '378', '703', '595', '685', '313', '258']
['87']
['153', '747', '693', '480', '30', '271', '643']
['249']
['283', '222', '550', '251', '570', '657', '58']
['763']
['413', '681', '467', '751', '284', '687', '471']
['110']
['517', '485', '464', '270', '230', '417', '647']
['328']
['339', '314', '491', '169', '165', '761', '426']
['536']
['564', '372', '434', '274', '724']
['736']
['2', '606', '547', '124', '36', '186', '309']
['93']
['145', '451', '94', '696', '88']
['541']
['508', '68', '3', '164', '241', '771']
['80']
['616', '563', '273', '332', '635', '409', '505']
['10', '454', '66', '357']
['187', '104', '672', '194', '447']
['448']
['346', '248', '534', '732', '81', '768', '109']
['360', '639', '12', '341', '411', '648', '472']
['340', '6', '557', '521', '103', '610', '775']
['147']
['37', '436', '750', '662', '624', '213', '260']
['513']
['773', '797', '407', '356', '392']
['112']
['615', '538', '598', '766']
['468', '123', '267', '61']
['296', '14', '323', '725', '255', '365', '418']
['737']
['235', '519', '171', '678', '159', '277']
['526']
['275', '553', '31', '799', '306', '134']
['264']
['384', '692', '298']
['634']
['170', '379', '619', '76', '591', '388', '408']
['688', '128', '28', '9']
['380', '431', '394', '240', '99', '653', '785']
['220']
['683', '401', '561', '760', '310', '511', '343']
['512']
['752', '701', '440', '126', '366', '555']
['655']
['740', '257', '223', '690', '796', '287', '713']
['719']
['577', '583', '572', '612']
['700']
['353', '188', '16', '602', '518']
['645']
['694', '621', '348', '533', '381', '745', '216']
['507']
['552', '127', '486', '236', '668', '435', '673']
['415']
['71', '172', '282', '204', '305', '224', '301']
['289']
['537', '527', '626', '603', '232']
['562', '50', '786', '34']
['718', '661', '292', '295', '11', '680']
['651']
['209', '361', '623', '723', '89', '181', '469']
['141']
['523', '627', '221', '478', '291', '139']
['371', '351', '711', '704', '792', '288', '290']
['520']
