['825', '193', '609', '490', '656', '285', '772', '261', '573', '651', '373', '792', '567', '225', '727', '692', '598', '550', '590', '761', '517', '315', '867', '728', '365', '364', '414', '961', '21', '861', '910', '104', '788', '679', '155', '632']
['283', '928', '397', '89', '18', '199', '571', '734', '382', '92', '36', '487', '955', '262', '951', '253', '541', '486', '905', '641', '211', '195', '536', '660', '865', '460', '358', '901', '241', '427', '621', '435', '444', '12', '182', '614']
['790', '818', '558', '607', '941', '94', '343', '250', '252', '563', '213', '698', '834', '880', '222', '694', '281', '736', '290', '359', '398', '767', '160']
['184', '559', '471', '295', '412', '407', '923', '786', '782', '675', '449', '20', '769', '806', '516', '271', '292', '973', '319', '105', '791', '451', '952', '302', '643', '282', '808', '904', '619', '320', '926', '134', '66', '415', '706', '576']
['347', '465', '929', '829', '72', '566', '715', '569', '760', '510', '982', '140', '42', '879', '711', '43', '251', '340', '826', '113', '275', '601', '456', '461', '802', '157', '150', '263', '216', '301', '476', '995', '743', '796', '629', '866']
['583', '121', '969', '833', '673', '496', '351', '888', '86', '109', '39', '931', '212', '78', '198', '200', '745', '442', '247', '259', '120', '0', '389', '317', '668', '624', '489', '538', '60', '732', '847', '215', '842', '581', '984', '75']
['611', '125', '752', '587', '647', '136', '430', '448', '186', '464', '274', '693', '978', '682', '799', '764', '849', '739', '751', '223', '580', '916', '434', '164', '753', '79', '237', '633', '840', '948', '582', '61', '80', '696', '612', '523']
['413', '589', '595', '101', '77', '848', '276', '137', '323', '667', '53', '657', '602', '543', '535', '914', '286', '974', '677', '858', '737', '993', '762', '713', '132', '930', '525', '703', '73', '850', '333', '116', '520', '495', '401', '197']
['245', '436', '146', '644', '972', '521', '819', '470', '14', '353', '379', '864', '488', '871', '655', '704', '226', '873', '325', '93', '462', '820', '11', '783', '188', '980', '970', '25', '568', '244', '74', '31', '467', '859', '234', '236']
['165', '217', '684', '712', '968', '781', '498', '214', '823', '639', '642', '620', '887', '899', '232', '336', '124', '395', '731', '108', '37', '400', '203', '676', '265', '814', '82', '59', '22', '957', '110', '493', '81', '374', '874', '399']
['458', '912', '564', '313', '528', '708', '303', '915', '897', '822', '784', '23', '360', '717', '824', '454', '773', '85', '308', '662', '615', '953', '44', '403', '2', '803', '531', '702', '977', '355', '634', '610', '149', '636', '475', '239']
['670', '57', '875', '129', '153', '971', '618', '574', '45', '446', '221', '827', '646', '297', '90', '828', '145', '594', '304', '664', '459', '131', '877', '28', '794', '64', '441', '35', '417', '257', '477', '33', '55', '279', '625', '793']
['49', '408', '267', '616', '653', '954', '628', '269', '491', '943', '249', '922', '272', '185', '248', '288', '554', '533', '505', '474', '107', '839', '747', '812', '173', '354', '938', '230', '484', '163', '911', '481', '135', '148', '13', '280']
['927', '837', '604', '560', '900', '168', '529', '99', '600', '466', '100', '406', '95', '497', '158', '813', '763', '98', '26', '709', '584', '770', '920', '630', '287', '592', '218', '83', '726', '151', '705', '452', '565', '947', '65', '161']
['746', '152', '777', '816', '482', '671', '852', '921', '724', '87', '870', '191', '30', '854', '502', '575', '785', '209', '15', '903', '626', '309', '84', '219', '133', '846', '411', '811', '988', '352', '613', '504', '479', '141', '933', '341']
['178', '174', '102', '934', '623', '169', '838', '192', '817', '130', '388', '695', '730', '937', '935', '103', '902', '8', '17', '908', '891', '383', '689', '331', '112', '126', '586', '965', '396', '964', '503', '233', '370', '844', '534']
['856', '278', '765', '294', '774', '147', '640', '699', '985', '572', '7', '963', '71', '440', '299', '29', '878', '196', '966', '246', '924', '882', '771', '183', '300', '51', '310', '652', '386', '242', '872', '428', '797', '893', '289', '349']
['46', '514', '32', '881', '485', '443', '540', '939', '645', '118', '831', '27', '494', '478', '127', '512', '741', '740', '725', '329', '506', '648', '511', '841', '328', '256', '597', '229', '886', '801', '332', '976', '366', '338', '372', '266']
['526', '691', '143', '19', '56', '544', '754', '561', '749', '987', '857', '312', '68', '719', '447', '258', '843', '327', '551', '986', '851', '469', '437', '681', '757', '115', '513', '321', '425', '723', '119', '949', '314', '38', '480', '34']
['650', '750', '545', '909', '433', '172', '519', '371', '410', '190', '97', '627', '204', '432', '714', '170', '202', '50', '339', '40', '335', '96', '508', '515', '608', '260', '787', '227', '363', '542', '532', '665', '367', '868', '6', '950']
['766', '606', '991', '208', '507', '305', '778', '10', '546', '345', '189', '800', '500', '138', '577', '240', '207', '306', '685', '179', '855', '729', '686', '537', '659', '455', '678', '362', '381', '457', '562', '307', '593', '617', '180', '423']
['690', '556', '809', '832', '768', '499', '206', '176', '122', '907', '588', '175', '392', '553', '735', '162', '756', '755', '992', '638', '622', '697', '913', '959', '324', '748', '570', '960', '270', '70', '807', '492', '293', '326', '994', '860']
['779']
['128', '539', '635', '918', '637', '945', '775', '154', '376', '48', '350', '463', '795', '700', '552', '990', '578', '661', '863', '344', '348', '342', '316', '718', '291', '418', '473', '296', '810', '958', '356', '869', '557', '898', '721', '658']
['404']
['776', '599', '896', '942', '883', '680', '16', '194', '669', '254', '187', '654', '243', '123', '688', '334', '989', '892', '380', '337', '419', '956', '975', '468', '672', '171', '284', '758', '114', '555', '416', '438', '999', '979', '759']
['3', '940', '603', '62', '472', '439', '156', '733', '390', '742', '780', '375', '377', '429', '422', '830', '368', '277', '674', '205', '224', '744', '88', '424', '387', '845', '605', '385', '738', '585', '231', '509', '421', '862', '264', '54']
['384', '106', '876', '453', '228', '273', '919', '311', '707', '518', '394', '835', '997', '687', '967', '268', '527', '596', '426', '4', '649', '501', '210', '391', '591', '962', '139', '710', '530', '167', '91', '346', '76', '720', '815', '117']
['821']
['405']
['361']
['798']
['895']
['24', '805', '836', '69', '298', '701', '996', '144', '932', '1', '357', '917', '47', '330', '722', '378', '318', '946', '885', '201', '981', '420', '853', '142', '663', '181', '894', '522', '906', '393', '716', '322', '524', '63', '548', '804']
['238']
['789']
['631']
['369']
['9', '445', '884', '579', '890', '549', '67', '983', '666', '944', '41', '177', '409', '998', '166', '220', '255', '235', '683', '450', '5', '431', '402', '889', '52', '925', '936', '547', '159', '58', '111']
['483']
