['28', '455', '842', '30', '679', '729', '401', '839', '238', '742', '892', '610', '392', '751', '718', '649', '301', '87', '530', '697', '55', '225', '714', '896', '851', '528', '522', '693', '907', '336', '305', '22', '678', '583', '288', '605', '983', '36', '827', '772']
['491', '302', '53', '875', '760', '825', '880', '132', '420', '600', '247', '611', '884', '950', '380', '928', '383', '242', '254', '14', '188', '667', '149', '947', '159', '435', '354', '657', '237', '960', '544', '356', '959', '372', '504', '186', '651', '47', '561', '943']
['795', '952', '738', '405', '739', '514', '49', '408', '900', '119', '226', '153', '850', '145', '217', '858', '903', '307', '844', '847', '797', '23', '676', '552', '581', '579', '258', '618', '749', '272', '339', '911', '790', '253', '179']
['345', '609', '832', '666', '33', '191', '113', '134', '511', '115', '917', '161', '76', '261', '385', '493', '710', '978', '942', '883', '690', '557', '467', '653', '84', '982', '369', '265', '986', '322', '20', '80', '412', '889', '299', '60', '109', '296', '315']
['121', '922', '872', '400', '52', '415', '437', '888', '840', '864', '120', '187', '464', '340', '956', '338', '869', '639', '440', '91', '958', '606', '748', '734', '824', '769', '310', '507', '0', '399', '536', '250', '102', '829', '510', '335', '993', '202', '384', '882']
['638', '602', '347', '519', '35', '171', '327', '496', '196', '809', '807', '297', '820', '144', '329', '668', '785', '688', '442', '671', '362', '25', '497', '325', '914', '363', '973', '713', '780', '207', '981', '894', '711', '189', '874', '549', '571', '246', '268', '766']
['13', '555', '141', '709', '319', '658', '568', '173', '24', '337', '912', '169', '626', '808', '396', '994', '745', '208', '515', '323', '673', '792', '652', '46', '203', '801', '601', '181', '681', '845', '783', '139', '987', '417', '444', '992', '264', '407', '902']
['758', '655', '229', '551', '271', '303', '160', '361', '174', '88', '136', '634', '447', '358', '548', '929', '554', '787', '168', '594', '932', '320', '534', '454', '669', '686', '933', '31', '311', '222', '287', '390', '761', '158', '183', '220', '413', '524', '244', '211']
['701', '631', '501', '867', '101', '262', '985', '753', '469', '394', '741', '418', '71', '128', '86', '184', '436', '106', '707', '452', '854', '860', '895', '727', '151', '736', '2', '198', '624', '988', '865', '539', '899', '332', '27', '7']
['50', '162', '925', '427', '194', '180', '940', '853', '476', '472', '78', '453', '21', '699', '1', '582', '381', '304', '333', '393', '794', '521', '974', '213', '509', '836', '776', '352', '949', '876', '38', '210', '252', '512', '64', '259', '482', '784', '443', '83']
['404', '379', '535', '812', '462', '891', '204', '70', '423', '804', '762', '94', '644', '643', '391', '68', '775', '100', '995', '249', '698', '538', '431', '588', '89', '587', '398', '92', '878', '811', '529', '632', '430', '289', '771', '470', '107', '197', '286', '532']
['65', '604', '138', '328', '167', '150', '767', '116', '957', '608', '585', '616', '517', '779', '826', '862', '665', '479', '927', '781', '934', '498', '621', '16', '806', '19', '353', '156', '41', '330', '909', '526', '306', '946', '859', '822', '873', '367', '373']
['434', '777', '108', '541', '706', '677', '926', '977', '428', '788', '357', '95', '195', '365', '726', '724', '613', '317', '266', '648', '719', '239', '599', '636', '131', '316', '281', '791', '803', '577', '334', '578', '886', '641', '763', '793', '642', '344']
['34', '670', '148', '343', '885', '342', '691', '466', '499', '901', '518', '516', '705', '595', '97', '830', '921', '257', '146', '360', '645', '955', '746', '56', '66', '821', '185', '747', '725', '755', '890', '721', '967', '941', '856', '863', '708', '500', '209', '233']
['924', '285', '930', '732', '291', '835', '309', '620', '503', '717', '506', '163', '961', '177', '260', '206', '90', '397', '292', '277', '295', '953', '810', '359', '654', '382', '572', '44', '4', '395', '564', '483', '756', '312', '433', '664', '656', '805', '910', '991']
['42', '819', '931', '77', '619', '445', '409', '728', '984', '972', '897', '112', '674', '282', '98', '182', '166', '743', '48', '923', '11', '438', '231', '870', '176', '684', '963', '661', '293', '662', '432', '124', '553', '513', '868', '773', '374', '768', '123', '505']
['543', '650', '480', '687', '274', '8', '731', '702', '125', '615', '913', '866', '212', '82', '473', '593', '492', '919', '103', '376', '944', '104', '74', '612', '370', '5', '954', '567', '508', '720', '214', '937', '703', '142', '147', '802']
['251', '660', '598', '269', '833', '416', '243', '474', '527', '704', '43', '110', '672', '682', '248', '744', '659', '278', '575', '537', '733', '798', '93', '569', '450', '117', '990', '126', '230', '696', '9', '823', '586', '99', '871', '715', '573', '485', '313', '488']
['255', '487', '15', '111', '439', '558', '584', '765', '137', '406', '490', '57', '816', '580', '740', '419', '680', '475', '945', '389', '525', '414', '425', '135', '300', '565', '465', '951', '51', '815', '10', '32', '818', '630', '140', '837', '484', '814', '205', '969']
['79', '637', '67', '770', '155', '218', '695', '939', '45', '789', '730', '219', '590', '73', '576', '429', '12', '200', '976', '461', '129', '635', '828', '459', '154', '234', '457', '276', '308', '861', '403', '831', '935', '81', '29', '471', '17', '712', '735', '240']
['841', '69', '39', '72', '298', '607', '216', '633', '589', '550', '623', '368', '936', '533', '170', '232', '520', '893', '477', '970', '105', '190', '221', '478', '757', '273', '948', '938', '782', '796', '275', '546', '346', '723', '843']
['341', '962', '965', '881', '574', '846', '906', '178', '481', '971', '596', '18', '366', '778', '570', '3', '640', '371', '61', '201', '96', '235', '375', '157', '737', '918', '750', '386', '351', '692', '486', '625', '560', '224', '975', '193', '597', '460', '540', '294']
['133', '849', '489', '256', '228', '463', '813', '646', '964', '689', '236', '458', '63', '152', '855', '223', '468', '848', '349', '879', '916', '40', '700', '545', '267', '920', '314', '324', '279', '852', '175', '675', '800', '441', '75', '838', '774', '502', '542', '663']
['759', '495', '192', '37', '908', '887', '280', '603', '449', '752', '617', '857', '284', '283', '647', '318', '114', '377', '378', '904', '556', '456', '426', '118', '172', '716', '451', '85', '448', '290', '566', '629', '547', '227', '614', '685', '877', '786', '834', '531']
['627', '915', '263', '6', '410', '422', '388', '563', '364', '321', '402', '979', '989', '966', '968', '59', '348', '592', '980', '245', '143', '355', '799', '562', '421', '764', '754', '817', '122', '722', '62', '26', '683', '694', '58']
['164', '622', '127', '591', '165', '905', '628', '424', '130', '898', '54', '387', '523']
['199']
['350', '446', '331', '270', '559', '215', '326', '241']
['494']
['411']
