['62', '18', '315', '216', '78', '118', '494', '410', '276', '584', '620', '622', '42', '115', '383', '669', '295', '177', '335', '595', '96', '46', '48', '549', '314', '653', '597', '49', '269', '39']
['563', '485', '664', '144', '215', '555', '114', '213', '636', '377', '491', '463', '507', '522', '193', '305', '275', '24', '572', '333', '300', '556', '612', '93', '297', '591', '401', '633', '608', '640']
['254', '692', '38', '356', '464', '672', '530', '44', '81', '675', '86', '502', '432', '218', '659', '158', '245', '34', '65', '154', '611', '462', '249', '77', '36', '117', '431', '363', '294', '167']
['621', '641', '399', '76', '671', '451', '519', '165', '319', '437', '629', '282', '455', '470', '528', '683', '250', '243', '577', '655', '348', '588', '587', '257', '110', '643', '2', '346', '677', '526']
['559', '512', '488', '228', '285', '515', '152', '496', '290', '473', '426', '209', '232', '120', '412', '586', '372', '568', '342', '604', '296', '540', '246', '265', '506', '70', '63', '107', '394', '224']
['206', '176', '61', '668', '166', '155', '106', '404', '576', '179', '388', '259', '660', '192', '373', '635', '421', '134', '55', '1', '407', '617', '238', '334', '4', '422', '697', '307', '157', '513']
['359', '574', '97', '14', '387', '459', '330', '649', '693', '380', '625', '440', '100', '667', '654', '585', '644', '331', '138', '159', '592', '279', '403', '537', '30', '150', '606', '658', '340']
['13', '142', '684', '125', '699', '371', '132', '326', '631', '696', '268', '191', '131', '234', '298', '468', '418', '79', '487', '113', '521', '27', '593', '447', '449', '311', '375', '68', '441']
['20', '679', '327', '205', '516', '287', '381', '111', '98', '477', '478', '409', '442', '646', '299', '291', '662', '223', '94', '446', '483', '419', '543', '550', '678', '539', '481']
['325', '413', '43', '304', '235', '312', '508', '545', '10', '204', '354', '366', '427', '553', '60', '452', '486', '274', '17', '523', '392', '535', '390', '221', '691', '670', '29', '195', '82', '436']
['376', '602', '184', '230', '211', '565', '242', '161', '594', '517', '116', '163', '454', '573', '420', '16', '45', '651', '128', '56', '147', '123', '88', '90', '479', '596']
['322', '509', '542', '396', '505', '628', '23', '695', '552', '272', '324', '385', '471', '501', '694', '663', '229', '560', '121', '614', '162', '84', '281', '424', '583', '283']
['353', '558', '414', '361', '15', '292', '201', '41', '665', '109', '681', '443', '386', '248', '3', '347', '313', '129', '173', '495', '613', '175', '80', '244', '136', '634', '256']
['498', '571', '626', '510', '423', '323', '288', '435', '122', '357', '379', '520', '533', '52', '344', '231', '676', '398', '59', '180', '367', '484', '137', '674', '31', '578']
['352', '237', '405', '293', '202', '262', '349', '536', '6', '267', '247', '605', '688', '32', '408', '648', '156', '589', '541', '603', '130', '227', '609', '207', '400', '524', '133', '365', '222', '575']
['480', '599', '429', '475', '33', '71', '673', '141', '160', '661', '690', '217', '25', '384', '189']
['266', '197', '554', '650', '698', '457', '11', '149', '345', '428', '194', '239', '277', '37', '219', '336', '489', '210', '689', '198', '637']
['551', '148', '341', '527', '337', '497', '358', '474', '140', '472', '57', '135', '280', '310', '226', '682', '417', '456', '642', '316', '145', '124', '164', '461', '91', '240', '103', '185', '5', '566']
['196', '453', '393', '255', '685', '623', '666', '199', '284', '74', '638', '466', '178', '619', '151', '615', '434', '73', '686', '531', '630']
['411', '632', '171', '146', '389', '562', '21', '382', '467', '64', '174', '369', '656', '339', '557', '652', '85', '546', '233', '493', '258', '598', '360', '582', '600']
['9', '564', '139', '261', '482', '570', '350', '610', '92', '308', '525', '169', '514', '445', '430', '343', '26', '105', '439', '618', '19', '72', '569', '187', '320', '579', '51', '87', '170', '28']
['99', '200', '309', '532', '127', '69', '511', '58', '581', '397', '270', '318', '286', '504', '351', '680', '264', '35', '54', '252', '220', '329', '448', '465', '321', '251', '126', '306', '181', '607']
['143', '601', '317', '687', '182', '416', '415', '212', '476', '374', '236']
['214', '647']
['225', '188', '548', '101', '503', '406', '657', '95', '580', '0', '241', '289', '391', '362', '190', '492', '302', '40', '355', '66', '639', '89', '538']
['624', '438', '500', '168', '75', '547', '402', '469', '83', '50']
['102', '499', '271']
['332', '544', '119', '108', '433', '460', '203', '328', '616', '153', '301', '8']
['53', '172', '7', '518', '278', '253', '444', '104', '529', '370', '561', '368', '534', '338', '378', '590', '112', '425', '364', '567', '303', '260', '273', '183', '458', '22', '627']
['395', '263', '645', '12', '67', '47', '490', '208', '186', '450']
